<html>
<head>
<title>TestNG:  Test</title>
<link href="../testng.css" rel="stylesheet" type="text/css" />
<link href="../my-testng.css" rel="stylesheet" type="text/css" />

<style type="text/css">
.log { display: none;} 
.stack-trace { display: none;} 
</style>
<script type="text/javascript">
<!--
function flip(e) {
  current = e.style.display;
  if (current == 'block') {
    e.style.display = 'none';
    return 0;
  }
  else {
    e.style.display = 'block';
    return 1;
  }
}

function toggleBox(szDivId, elem, msg1, msg2)
{
  var res = -1;  if (document.getElementById) {
    res = flip(document.getElementById(szDivId));
  }
  else if (document.all) {
    // this is the way old msie versions work
    res = flip(document.all[szDivId]);
  }
  if(elem) {
    if(res == 0) elem.innerHTML = msg1; else elem.innerHTML = msg2;
  }

}

function toggleAllBoxes() {
  if (document.getElementsByTagName) {
    d = document.getElementsByTagName('div');
    for (i = 0; i < d.length; i++) {
      if (d[i].className == 'log') {
        flip(d[i]);
      }
    }
  }
}

// -->
</script>

</head>
<body>
<h2 align='center'>Test</h2><table border='1' align="center">
<tr>
<td>Tests passed/Failed/Skipped:</td><td>0/0/16</td>
</tr><tr>
<td>Started on:</td><td>Tue Nov 05 16:30:38 IST 2019</td>
</tr>
<tr><td>Total time:</td><td>8 seconds (8884 ms)</td>
</tr><tr>
<td>Included groups:</td><td></td>
</tr><tr>
<td>Excluded groups:</td><td></td>
</tr>
</table><p/>
<small><i>(Hover the method name to see the test class name)</i></small><p/>
<table width='100%' border='1' class='invocation-failed'>
<tr><td colspan='4' align='center'><b>FAILED CONFIGURATIONS</b></td></tr>
<tr><td><b>Test method</b></td>
<td width="30%"><b>Exception</b></td>
<td width="10%"><b>Time (seconds)</b></td>
<td><b>Instance</b></td>
</tr>
<tr>
<td title='com.qaTest.Logintestcases.GmailTestCase.setUp()'><b>setUp</b><br>Test class: com.qaTest.Logintestcases.GmailTestCase</td>
<td><div><pre>org.openqa.selenium.SessionNotCreatedException: session not created
from tab crashed
  (Session info: chrome=78.0.3904.70)
Build info: version: &apos;3.141.59&apos;, revision: &apos;e82be7d358&apos;, time: &apos;2018-11-14T08:17:03&apos;
System info: host: &apos;NIT-LPT-R117&apos;, ip: &apos;192.168.137.1&apos;, os.name: &apos;Windows 10&apos;, os.arch: &apos;amd64&apos;, os.version: &apos;10.0&apos;, java.version: &apos;1.8.0_172&apos;
Driver info: driver.version: ChromeDriver
remote stacktrace: Backtrace:
	Ordinal0 [0x00AEEB13+1501971]
	Ordinal0 [0x00A6F6D1+980689]
	Ordinal0 [0x009F7508+488712]
	Ordinal0 [0x009F031A+459546]
	Ordinal0 [0x009EFEA4+458404]
	Ordinal0 [0x009EFA1D+457245]
	Ordinal0 [0x009EF21D+455197]
	Ordinal0 [0x009EEDE4+454116]
	Ordinal0 [0x009EEDA5+454053]
	Ordinal0 [0x009F6525+484645]
	Ordinal0 [0x009EED5C+453980]
	Ordinal0 [0x009EF6D1+456401]
	Ordinal0 [0x009EF21D+455197]
	Ordinal0 [0x009EEDE4+454116]
	Ordinal0 [0x009EEDA5+454053]
	Ordinal0 [0x009F4ECE+478926]
	Ordinal0 [0x009EED5C+453980]
	Ordinal0 [0x009EF6D1+456401]
	Ordinal0 [0x009EF21D+455197]
	Ordinal0 [0x009EEDE4+454116]
	Ordinal0 [0x009EEDA5+454053]
	Ordinal0 [0x009F365B+472667]
	Ordinal0 [0x009EED5C+453980]
	Ordinal0 [0x009EF6D1+456401]
	Ordinal0 [0x009EF21D+455197]
	Ordinal0 [0x009EEDE4+454116]
	Ordinal0 [0x009EEDA5+454053]
	Ordinal0 [0x009F2C67+470119]
	Ordinal0 [0x009EED5C+453980]
	Ordinal0 [0x009EF6D1+456401]
	Ordinal0 [0x009EF21D+455197]
	Ordinal0 [0x009EEDE4+454116]
	Ordinal0 [0x009EEDA5+454053]
	Ordinal0 [0x009EBA0C+440844]
	Ordinal0 [0x009EED5C+453980]
	Ordinal0 [0x009EEC44+453700]
	Ordinal0 [0x009F8330+492336]
	Ordinal0 [0x009AA108+172296]
	Ordinal0 [0x009A942D+169005]
	Ordinal0 [0x009A78EB+162027]
	Ordinal0 [0x00990AC7+68295]
	Ordinal0 [0x00991B40+72512]
	Ordinal0 [0x00991AD9+72409]
	Ordinal0 [0x00A88F37+1085239]
	GetHandleVerifier [0x00B8D7ED+503293]
	GetHandleVerifier [0x00B8D580+502672]
	GetHandleVerifier [0x00B946AC+531644]
	GetHandleVerifier [0x00B8DFFA+505354]
	Ordinal0 [0x00A80606+1050118]
	Ordinal0 [0x00A8047F+1049727]
	Ordinal0 [0x00A8AF9B+1093531]
	Ordinal0 [0x00A8B103+1093891]
	Ordinal0 [0x00A8A095+1089685]
	BaseThreadInitThunk [0x76206359+25]
	RtlGetAppContainerNamedObjectPath [0x76F77B74+228]
	RtlGetAppContainerNamedObjectPath [0x76F77B44+180]

	at org.openqa.selenium.remote.W3CHandshakeResponse.lambda$errorHandler$0(W3CHandshakeResponse.java:62)
	at org.openqa.selenium.remote.HandshakeResponse.lambda$getResponseFunction$0(HandshakeResponse.java:30)
	at org.openqa.selenium.remote.ProtocolHandshake.lambda$createSession$0(ProtocolHandshake.java:126)
	at java.util.stream.ReferencePipeline$3$1.accept(ReferencePipeline.java:193)
	at java.util.Spliterators$ArraySpliterator.tryAdvance(Spliterators.java:958)
	at java.util.stream.ReferencePipeline.forEachWithCancel(ReferencePipeline.java:126)
	at java.util.stream.AbstractPipeline.copyIntoWithCancel(AbstractPipeline.java:498)
	at java.util.stream.AbstractPipeline.copyInto(AbstractPipeline.java:485)
	at java.util.stream.AbstractPipeline.wrapAndCopyInto(AbstractPipeline.java:471)
	at java.util.stream.FindOps$FindOp.evaluateSequential(FindOps.java:152)
	at java.util.stream.AbstractPipeline.evaluate(AbstractPipeline.java:234)
	at java.util.stream.ReferencePipeline.findFirst(ReferencePipeline.java:464)
	at org.openqa.selenium.remote.ProtocolHandshake.createSession(ProtocolHandshake.java:128)
	at org.openqa.selenium.remote.ProtocolHandshake.createSession(ProtocolHandshake.java:74)
	at org.openqa.selenium.remote.HttpCommandExecutor.execute(HttpCommandExecutor.java:136)
	at org.openqa.selenium.remote.service.DriverCommandExecutor.execute(DriverCommandExecutor.java:83)
	at org.openqa.selenium.remote.RemoteWebDriver.execute(RemoteWebDriver.java:552)
	at org.openqa.selenium.remote.RemoteWebDriver.startSession(RemoteWebDriver.java:213)
	at org.openqa.selenium.remote.RemoteWebDriver.&lt;init&gt;(RemoteWebDriver.java:131)
	at org.openqa.selenium.chrome.ChromeDriver.&lt;init&gt;(ChromeDriver.java:181)
	at org.openqa.selenium.chrome.ChromeDriver.&lt;init&gt;(ChromeDriver.java:168)
	at org.openqa.selenium.chrome.ChromeDriver.&lt;init&gt;(ChromeDriver.java:123)
	at com.qaTest.gmailapp.TestBase.initalization(TestBase.java:47)
	at com.qaTest.Logintestcases.GmailTestCase.setUp(GmailTestCase.java:32)
... Removed 28 stack frames</pre></div><a href='#' onClick='toggleBox("stack-trace1387380406", this, "Click to show all stack frames", "Click to hide stack frames")'>Click to show all stack frames</a>
<div class='stack-trace' id='stack-trace1387380406'><pre>org.openqa.selenium.SessionNotCreatedException: session not created
from tab crashed
  (Session info: chrome=78.0.3904.70)
Build info: version: &apos;3.141.59&apos;, revision: &apos;e82be7d358&apos;, time: &apos;2018-11-14T08:17:03&apos;
System info: host: &apos;NIT-LPT-R117&apos;, ip: &apos;192.168.137.1&apos;, os.name: &apos;Windows 10&apos;, os.arch: &apos;amd64&apos;, os.version: &apos;10.0&apos;, java.version: &apos;1.8.0_172&apos;
Driver info: driver.version: ChromeDriver
remote stacktrace: Backtrace:
	Ordinal0 [0x00AEEB13+1501971]
	Ordinal0 [0x00A6F6D1+980689]
	Ordinal0 [0x009F7508+488712]
	Ordinal0 [0x009F031A+459546]
	Ordinal0 [0x009EFEA4+458404]
	Ordinal0 [0x009EFA1D+457245]
	Ordinal0 [0x009EF21D+455197]
	Ordinal0 [0x009EEDE4+454116]
	Ordinal0 [0x009EEDA5+454053]
	Ordinal0 [0x009F6525+484645]
	Ordinal0 [0x009EED5C+453980]
	Ordinal0 [0x009EF6D1+456401]
	Ordinal0 [0x009EF21D+455197]
	Ordinal0 [0x009EEDE4+454116]
	Ordinal0 [0x009EEDA5+454053]
	Ordinal0 [0x009F4ECE+478926]
	Ordinal0 [0x009EED5C+453980]
	Ordinal0 [0x009EF6D1+456401]
	Ordinal0 [0x009EF21D+455197]
	Ordinal0 [0x009EEDE4+454116]
	Ordinal0 [0x009EEDA5+454053]
	Ordinal0 [0x009F365B+472667]
	Ordinal0 [0x009EED5C+453980]
	Ordinal0 [0x009EF6D1+456401]
	Ordinal0 [0x009EF21D+455197]
	Ordinal0 [0x009EEDE4+454116]
	Ordinal0 [0x009EEDA5+454053]
	Ordinal0 [0x009F2C67+470119]
	Ordinal0 [0x009EED5C+453980]
	Ordinal0 [0x009EF6D1+456401]
	Ordinal0 [0x009EF21D+455197]
	Ordinal0 [0x009EEDE4+454116]
	Ordinal0 [0x009EEDA5+454053]
	Ordinal0 [0x009EBA0C+440844]
	Ordinal0 [0x009EED5C+453980]
	Ordinal0 [0x009EEC44+453700]
	Ordinal0 [0x009F8330+492336]
	Ordinal0 [0x009AA108+172296]
	Ordinal0 [0x009A942D+169005]
	Ordinal0 [0x009A78EB+162027]
	Ordinal0 [0x00990AC7+68295]
	Ordinal0 [0x00991B40+72512]
	Ordinal0 [0x00991AD9+72409]
	Ordinal0 [0x00A88F37+1085239]
	GetHandleVerifier [0x00B8D7ED+503293]
	GetHandleVerifier [0x00B8D580+502672]
	GetHandleVerifier [0x00B946AC+531644]
	GetHandleVerifier [0x00B8DFFA+505354]
	Ordinal0 [0x00A80606+1050118]
	Ordinal0 [0x00A8047F+1049727]
	Ordinal0 [0x00A8AF9B+1093531]
	Ordinal0 [0x00A8B103+1093891]
	Ordinal0 [0x00A8A095+1089685]
	BaseThreadInitThunk [0x76206359+25]
	RtlGetAppContainerNamedObjectPath [0x76F77B74+228]
	RtlGetAppContainerNamedObjectPath [0x76F77B44+180]

	at sun.reflect.NativeConstructorAccessorImpl.newInstance0(Native Method)
	at sun.reflect.NativeConstructorAccessorImpl.newInstance(NativeConstructorAccessorImpl.java:62)
	at sun.reflect.DelegatingConstructorAccessorImpl.newInstance(DelegatingConstructorAccessorImpl.java:45)
	at java.lang.reflect.Constructor.newInstance(Constructor.java:423)
	at org.openqa.selenium.remote.W3CHandshakeResponse.lambda$errorHandler$0(W3CHandshakeResponse.java:62)
	at org.openqa.selenium.remote.HandshakeResponse.lambda$getResponseFunction$0(HandshakeResponse.java:30)
	at org.openqa.selenium.remote.ProtocolHandshake.lambda$createSession$0(ProtocolHandshake.java:126)
	at java.util.stream.ReferencePipeline$3$1.accept(ReferencePipeline.java:193)
	at java.util.Spliterators$ArraySpliterator.tryAdvance(Spliterators.java:958)
	at java.util.stream.ReferencePipeline.forEachWithCancel(ReferencePipeline.java:126)
	at java.util.stream.AbstractPipeline.copyIntoWithCancel(AbstractPipeline.java:498)
	at java.util.stream.AbstractPipeline.copyInto(AbstractPipeline.java:485)
	at java.util.stream.AbstractPipeline.wrapAndCopyInto(AbstractPipeline.java:471)
	at java.util.stream.FindOps$FindOp.evaluateSequential(FindOps.java:152)
	at java.util.stream.AbstractPipeline.evaluate(AbstractPipeline.java:234)
	at java.util.stream.ReferencePipeline.findFirst(ReferencePipeline.java:464)
	at org.openqa.selenium.remote.ProtocolHandshake.createSession(ProtocolHandshake.java:128)
	at org.openqa.selenium.remote.ProtocolHandshake.createSession(ProtocolHandshake.java:74)
	at org.openqa.selenium.remote.HttpCommandExecutor.execute(HttpCommandExecutor.java:136)
	at org.openqa.selenium.remote.service.DriverCommandExecutor.execute(DriverCommandExecutor.java:83)
	at org.openqa.selenium.remote.RemoteWebDriver.execute(RemoteWebDriver.java:552)
	at org.openqa.selenium.remote.RemoteWebDriver.startSession(RemoteWebDriver.java:213)
	at org.openqa.selenium.remote.RemoteWebDriver.&lt;init&gt;(RemoteWebDriver.java:131)
	at org.openqa.selenium.chrome.ChromeDriver.&lt;init&gt;(ChromeDriver.java:181)
	at org.openqa.selenium.chrome.ChromeDriver.&lt;init&gt;(ChromeDriver.java:168)
	at org.openqa.selenium.chrome.ChromeDriver.&lt;init&gt;(ChromeDriver.java:123)
	at com.qaTest.gmailapp.TestBase.initalization(TestBase.java:47)
	at com.qaTest.Logintestcases.GmailTestCase.setUp(GmailTestCase.java:32)
	at sun.reflect.NativeMethodAccessorImpl.invoke0(Native Method)
	at sun.reflect.NativeMethodAccessorImpl.invoke(NativeMethodAccessorImpl.java:62)
	at sun.reflect.DelegatingMethodAccessorImpl.invoke(DelegatingMethodAccessorImpl.java:43)
	at java.lang.reflect.Method.invoke(Method.java:498)
	at org.testng.internal.MethodInvocationHelper.invokeMethod(MethodInvocationHelper.java:124)
	at org.testng.internal.MethodInvocationHelper.invokeMethodConsideringTimeout(MethodInvocationHelper.java:59)
	at org.testng.internal.Invoker.invokeConfigurationMethod(Invoker.java:458)
	at org.testng.internal.Invoker.invokeConfigurations(Invoker.java:222)
	at org.testng.internal.Invoker.invokeConfigurations(Invoker.java:142)
	at org.testng.TestRunner.beforeRun(TestRunner.java:529)
	at org.testng.TestRunner.run(TestRunner.java:497)
	at org.testng.SuiteRunner.runTest(SuiteRunner.java:455)
	at org.testng.SuiteRunner.runSequentially(SuiteRunner.java:450)
	at org.testng.SuiteRunner.privateRun(SuiteRunner.java:415)
	at org.testng.SuiteRunner.run(SuiteRunner.java:364)
	at org.testng.SuiteRunnerWorker.runSuite(SuiteRunnerWorker.java:52)
	at org.testng.SuiteRunnerWorker.run(SuiteRunnerWorker.java:84)
	at org.testng.TestNG.runSuitesSequentially(TestNG.java:1208)
	at org.testng.TestNG.runSuitesLocally(TestNG.java:1137)
	at org.testng.TestNG.runSuites(TestNG.java:1049)
	at org.testng.TestNG.run(TestNG.java:1017)
	at org.testng.remote.AbstractRemoteTestNG.run(AbstractRemoteTestNG.java:132)
	at org.testng.remote.RemoteTestNG.initAndRun(RemoteTestNG.java:230)
	at org.testng.remote.RemoteTestNG.main(RemoteTestNG.java:76)
</pre></div></td>
<td>8</td>
<td>com.qaTest.Logintestcases.GmailTestCase@5c3bd550</td></tr>
</table><p>
<table width='100%' border='1' class='invocation-skipped'>
<tr><td colspan='4' align='center'><b>SKIPPED CONFIGURATIONS</b></td></tr>
<tr><td><b>Test method</b></td>
<td width="30%"><b>Exception</b></td>
<td width="10%"><b>Time (seconds)</b></td>
<td><b>Instance</b></td>
</tr>
<tr>
<td title='com.qaTest.Logintestcases.GmailTestCase.tearDown()'><b>tearDown</b><br>Test class: com.qaTest.Logintestcases.GmailTestCase</td>
<td></td>
<td>0</td>
<td>com.qaTest.Logintestcases.GmailTestCase@5c3bd550</td></tr>
</table><p>
<table width='100%' border='1' class='invocation-skipped'>
<tr><td colspan='4' align='center'><b>SKIPPED TESTS</b></td></tr>
<tr><td><b>Test method</b></td>
<td width="30%"><b>Exception</b></td>
<td width="10%"><b>Time (seconds)</b></td>
<td><b>Instance</b></td>
</tr>
<tr>
<td title='com.qaTest.Logintestcases.GmailTestCase.ClickOnCompose()'><b>ClickOnCompose</b><br>Test class: com.qaTest.Logintestcases.GmailTestCase</td>
<td><div><pre>org.openqa.selenium.SessionNotCreatedException: session not created
from tab crashed
  (Session info: chrome=78.0.3904.70)
Build info: version: &apos;3.141.59&apos;, revision: &apos;e82be7d358&apos;, time: &apos;2018-11-14T08:17:03&apos;
System info: host: &apos;NIT-LPT-R117&apos;, ip: &apos;192.168.137.1&apos;, os.name: &apos;Windows 10&apos;, os.arch: &apos;amd64&apos;, os.version: &apos;10.0&apos;, java.version: &apos;1.8.0_172&apos;
Driver info: driver.version: ChromeDriver
remote stacktrace: Backtrace:
	Ordinal0 [0x00AEEB13+1501971]
	Ordinal0 [0x00A6F6D1+980689]
	Ordinal0 [0x009F7508+488712]
	Ordinal0 [0x009F031A+459546]
	Ordinal0 [0x009EFEA4+458404]
	Ordinal0 [0x009EFA1D+457245]
	Ordinal0 [0x009EF21D+455197]
	Ordinal0 [0x009EEDE4+454116]
	Ordinal0 [0x009EEDA5+454053]
	Ordinal0 [0x009F6525+484645]
	Ordinal0 [0x009EED5C+453980]
	Ordinal0 [0x009EF6D1+456401]
	Ordinal0 [0x009EF21D+455197]
	Ordinal0 [0x009EEDE4+454116]
	Ordinal0 [0x009EEDA5+454053]
	Ordinal0 [0x009F4ECE+478926]
	Ordinal0 [0x009EED5C+453980]
	Ordinal0 [0x009EF6D1+456401]
	Ordinal0 [0x009EF21D+455197]
	Ordinal0 [0x009EEDE4+454116]
	Ordinal0 [0x009EEDA5+454053]
	Ordinal0 [0x009F365B+472667]
	Ordinal0 [0x009EED5C+453980]
	Ordinal0 [0x009EF6D1+456401]
	Ordinal0 [0x009EF21D+455197]
	Ordinal0 [0x009EEDE4+454116]
	Ordinal0 [0x009EEDA5+454053]
	Ordinal0 [0x009F2C67+470119]
	Ordinal0 [0x009EED5C+453980]
	Ordinal0 [0x009EF6D1+456401]
	Ordinal0 [0x009EF21D+455197]
	Ordinal0 [0x009EEDE4+454116]
	Ordinal0 [0x009EEDA5+454053]
	Ordinal0 [0x009EBA0C+440844]
	Ordinal0 [0x009EED5C+453980]
	Ordinal0 [0x009EEC44+453700]
	Ordinal0 [0x009F8330+492336]
	Ordinal0 [0x009AA108+172296]
	Ordinal0 [0x009A942D+169005]
	Ordinal0 [0x009A78EB+162027]
	Ordinal0 [0x00990AC7+68295]
	Ordinal0 [0x00991B40+72512]
	Ordinal0 [0x00991AD9+72409]
	Ordinal0 [0x00A88F37+1085239]
	GetHandleVerifier [0x00B8D7ED+503293]
	GetHandleVerifier [0x00B8D580+502672]
	GetHandleVerifier [0x00B946AC+531644]
	GetHandleVerifier [0x00B8DFFA+505354]
	Ordinal0 [0x00A80606+1050118]
	Ordinal0 [0x00A8047F+1049727]
	Ordinal0 [0x00A8AF9B+1093531]
	Ordinal0 [0x00A8B103+1093891]
	Ordinal0 [0x00A8A095+1089685]
	BaseThreadInitThunk [0x76206359+25]
	RtlGetAppContainerNamedObjectPath [0x76F77B74+228]
	RtlGetAppContainerNamedObjectPath [0x76F77B44+180]

	at org.openqa.selenium.remote.W3CHandshakeResponse.lambda$errorHandler$0(W3CHandshakeResponse.java:62)
	at org.openqa.selenium.remote.HandshakeResponse.lambda$getResponseFunction$0(HandshakeResponse.java:30)
	at org.openqa.selenium.remote.ProtocolHandshake.lambda$createSession$0(ProtocolHandshake.java:126)
	at java.util.stream.ReferencePipeline$3$1.accept(ReferencePipeline.java:193)
	at java.util.Spliterators$ArraySpliterator.tryAdvance(Spliterators.java:958)
	at java.util.stream.ReferencePipeline.forEachWithCancel(ReferencePipeline.java:126)
	at java.util.stream.AbstractPipeline.copyIntoWithCancel(AbstractPipeline.java:498)
	at java.util.stream.AbstractPipeline.copyInto(AbstractPipeline.java:485)
	at java.util.stream.AbstractPipeline.wrapAndCopyInto(AbstractPipeline.java:471)
	at java.util.stream.FindOps$FindOp.evaluateSequential(FindOps.java:152)
	at java.util.stream.AbstractPipeline.evaluate(AbstractPipeline.java:234)
	at java.util.stream.ReferencePipeline.findFirst(ReferencePipeline.java:464)
	at org.openqa.selenium.remote.ProtocolHandshake.createSession(ProtocolHandshake.java:128)
	at org.openqa.selenium.remote.ProtocolHandshake.createSession(ProtocolHandshake.java:74)
	at org.openqa.selenium.remote.HttpCommandExecutor.execute(HttpCommandExecutor.java:136)
	at org.openqa.selenium.remote.service.DriverCommandExecutor.execute(DriverCommandExecutor.java:83)
	at org.openqa.selenium.remote.RemoteWebDriver.execute(RemoteWebDriver.java:552)
	at org.openqa.selenium.remote.RemoteWebDriver.startSession(RemoteWebDriver.java:213)
	at org.openqa.selenium.remote.RemoteWebDriver.&lt;init&gt;(RemoteWebDriver.java:131)
	at org.openqa.selenium.chrome.ChromeDriver.&lt;init&gt;(ChromeDriver.java:181)
	at org.openqa.selenium.chrome.ChromeDriver.&lt;init&gt;(ChromeDriver.java:168)
	at org.openqa.selenium.chrome.ChromeDriver.&lt;init&gt;(ChromeDriver.java:123)
	at com.qaTest.gmailapp.TestBase.initalization(TestBase.java:47)
	at com.qaTest.Logintestcases.GmailTestCase.setUp(GmailTestCase.java:32)
... Removed 28 stack frames</pre></div><a href='#' onClick='toggleBox("stack-trace1754444726", this, "Click to show all stack frames", "Click to hide stack frames")'>Click to show all stack frames</a>
<div class='stack-trace' id='stack-trace1754444726'><pre>org.openqa.selenium.SessionNotCreatedException: session not created
from tab crashed
  (Session info: chrome=78.0.3904.70)
Build info: version: &apos;3.141.59&apos;, revision: &apos;e82be7d358&apos;, time: &apos;2018-11-14T08:17:03&apos;
System info: host: &apos;NIT-LPT-R117&apos;, ip: &apos;192.168.137.1&apos;, os.name: &apos;Windows 10&apos;, os.arch: &apos;amd64&apos;, os.version: &apos;10.0&apos;, java.version: &apos;1.8.0_172&apos;
Driver info: driver.version: ChromeDriver
remote stacktrace: Backtrace:
	Ordinal0 [0x00AEEB13+1501971]
	Ordinal0 [0x00A6F6D1+980689]
	Ordinal0 [0x009F7508+488712]
	Ordinal0 [0x009F031A+459546]
	Ordinal0 [0x009EFEA4+458404]
	Ordinal0 [0x009EFA1D+457245]
	Ordinal0 [0x009EF21D+455197]
	Ordinal0 [0x009EEDE4+454116]
	Ordinal0 [0x009EEDA5+454053]
	Ordinal0 [0x009F6525+484645]
	Ordinal0 [0x009EED5C+453980]
	Ordinal0 [0x009EF6D1+456401]
	Ordinal0 [0x009EF21D+455197]
	Ordinal0 [0x009EEDE4+454116]
	Ordinal0 [0x009EEDA5+454053]
	Ordinal0 [0x009F4ECE+478926]
	Ordinal0 [0x009EED5C+453980]
	Ordinal0 [0x009EF6D1+456401]
	Ordinal0 [0x009EF21D+455197]
	Ordinal0 [0x009EEDE4+454116]
	Ordinal0 [0x009EEDA5+454053]
	Ordinal0 [0x009F365B+472667]
	Ordinal0 [0x009EED5C+453980]
	Ordinal0 [0x009EF6D1+456401]
	Ordinal0 [0x009EF21D+455197]
	Ordinal0 [0x009EEDE4+454116]
	Ordinal0 [0x009EEDA5+454053]
	Ordinal0 [0x009F2C67+470119]
	Ordinal0 [0x009EED5C+453980]
	Ordinal0 [0x009EF6D1+456401]
	Ordinal0 [0x009EF21D+455197]
	Ordinal0 [0x009EEDE4+454116]
	Ordinal0 [0x009EEDA5+454053]
	Ordinal0 [0x009EBA0C+440844]
	Ordinal0 [0x009EED5C+453980]
	Ordinal0 [0x009EEC44+453700]
	Ordinal0 [0x009F8330+492336]
	Ordinal0 [0x009AA108+172296]
	Ordinal0 [0x009A942D+169005]
	Ordinal0 [0x009A78EB+162027]
	Ordinal0 [0x00990AC7+68295]
	Ordinal0 [0x00991B40+72512]
	Ordinal0 [0x00991AD9+72409]
	Ordinal0 [0x00A88F37+1085239]
	GetHandleVerifier [0x00B8D7ED+503293]
	GetHandleVerifier [0x00B8D580+502672]
	GetHandleVerifier [0x00B946AC+531644]
	GetHandleVerifier [0x00B8DFFA+505354]
	Ordinal0 [0x00A80606+1050118]
	Ordinal0 [0x00A8047F+1049727]
	Ordinal0 [0x00A8AF9B+1093531]
	Ordinal0 [0x00A8B103+1093891]
	Ordinal0 [0x00A8A095+1089685]
	BaseThreadInitThunk [0x76206359+25]
	RtlGetAppContainerNamedObjectPath [0x76F77B74+228]
	RtlGetAppContainerNamedObjectPath [0x76F77B44+180]

	at sun.reflect.NativeConstructorAccessorImpl.newInstance0(Native Method)
	at sun.reflect.NativeConstructorAccessorImpl.newInstance(NativeConstructorAccessorImpl.java:62)
	at sun.reflect.DelegatingConstructorAccessorImpl.newInstance(DelegatingConstructorAccessorImpl.java:45)
	at java.lang.reflect.Constructor.newInstance(Constructor.java:423)
	at org.openqa.selenium.remote.W3CHandshakeResponse.lambda$errorHandler$0(W3CHandshakeResponse.java:62)
	at org.openqa.selenium.remote.HandshakeResponse.lambda$getResponseFunction$0(HandshakeResponse.java:30)
	at org.openqa.selenium.remote.ProtocolHandshake.lambda$createSession$0(ProtocolHandshake.java:126)
	at java.util.stream.ReferencePipeline$3$1.accept(ReferencePipeline.java:193)
	at java.util.Spliterators$ArraySpliterator.tryAdvance(Spliterators.java:958)
	at java.util.stream.ReferencePipeline.forEachWithCancel(ReferencePipeline.java:126)
	at java.util.stream.AbstractPipeline.copyIntoWithCancel(AbstractPipeline.java:498)
	at java.util.stream.AbstractPipeline.copyInto(AbstractPipeline.java:485)
	at java.util.stream.AbstractPipeline.wrapAndCopyInto(AbstractPipeline.java:471)
	at java.util.stream.FindOps$FindOp.evaluateSequential(FindOps.java:152)
	at java.util.stream.AbstractPipeline.evaluate(AbstractPipeline.java:234)
	at java.util.stream.ReferencePipeline.findFirst(ReferencePipeline.java:464)
	at org.openqa.selenium.remote.ProtocolHandshake.createSession(ProtocolHandshake.java:128)
	at org.openqa.selenium.remote.ProtocolHandshake.createSession(ProtocolHandshake.java:74)
	at org.openqa.selenium.remote.HttpCommandExecutor.execute(HttpCommandExecutor.java:136)
	at org.openqa.selenium.remote.service.DriverCommandExecutor.execute(DriverCommandExecutor.java:83)
	at org.openqa.selenium.remote.RemoteWebDriver.execute(RemoteWebDriver.java:552)
	at org.openqa.selenium.remote.RemoteWebDriver.startSession(RemoteWebDriver.java:213)
	at org.openqa.selenium.remote.RemoteWebDriver.&lt;init&gt;(RemoteWebDriver.java:131)
	at org.openqa.selenium.chrome.ChromeDriver.&lt;init&gt;(ChromeDriver.java:181)
	at org.openqa.selenium.chrome.ChromeDriver.&lt;init&gt;(ChromeDriver.java:168)
	at org.openqa.selenium.chrome.ChromeDriver.&lt;init&gt;(ChromeDriver.java:123)
	at com.qaTest.gmailapp.TestBase.initalization(TestBase.java:47)
	at com.qaTest.Logintestcases.GmailTestCase.setUp(GmailTestCase.java:32)
	at sun.reflect.NativeMethodAccessorImpl.invoke0(Native Method)
	at sun.reflect.NativeMethodAccessorImpl.invoke(NativeMethodAccessorImpl.java:62)
	at sun.reflect.DelegatingMethodAccessorImpl.invoke(DelegatingMethodAccessorImpl.java:43)
	at java.lang.reflect.Method.invoke(Method.java:498)
	at org.testng.internal.MethodInvocationHelper.invokeMethod(MethodInvocationHelper.java:124)
	at org.testng.internal.MethodInvocationHelper.invokeMethodConsideringTimeout(MethodInvocationHelper.java:59)
	at org.testng.internal.Invoker.invokeConfigurationMethod(Invoker.java:458)
	at org.testng.internal.Invoker.invokeConfigurations(Invoker.java:222)
	at org.testng.internal.Invoker.invokeConfigurations(Invoker.java:142)
	at org.testng.TestRunner.beforeRun(TestRunner.java:529)
	at org.testng.TestRunner.run(TestRunner.java:497)
	at org.testng.SuiteRunner.runTest(SuiteRunner.java:455)
	at org.testng.SuiteRunner.runSequentially(SuiteRunner.java:450)
	at org.testng.SuiteRunner.privateRun(SuiteRunner.java:415)
	at org.testng.SuiteRunner.run(SuiteRunner.java:364)
	at org.testng.SuiteRunnerWorker.runSuite(SuiteRunnerWorker.java:52)
	at org.testng.SuiteRunnerWorker.run(SuiteRunnerWorker.java:84)
	at org.testng.TestNG.runSuitesSequentially(TestNG.java:1208)
	at org.testng.TestNG.runSuitesLocally(TestNG.java:1137)
	at org.testng.TestNG.runSuites(TestNG.java:1049)
	at org.testng.TestNG.run(TestNG.java:1017)
	at org.testng.remote.AbstractRemoteTestNG.run(AbstractRemoteTestNG.java:132)
	at org.testng.remote.RemoteTestNG.initAndRun(RemoteTestNG.java:230)
	at org.testng.remote.RemoteTestNG.main(RemoteTestNG.java:76)
</pre></div></td>
<td>0</td>
<td>com.qaTest.Logintestcases.GmailTestCase@5c3bd550</td></tr>
<tr>
<td title='com.qaTest.Logintestcases.GmailTestCase.MarkEmailStar()'><b>MarkEmailStar</b><br>Test class: com.qaTest.Logintestcases.GmailTestCase</td>
<td><div><pre>org.openqa.selenium.SessionNotCreatedException: session not created
from tab crashed
  (Session info: chrome=78.0.3904.70)
Build info: version: &apos;3.141.59&apos;, revision: &apos;e82be7d358&apos;, time: &apos;2018-11-14T08:17:03&apos;
System info: host: &apos;NIT-LPT-R117&apos;, ip: &apos;192.168.137.1&apos;, os.name: &apos;Windows 10&apos;, os.arch: &apos;amd64&apos;, os.version: &apos;10.0&apos;, java.version: &apos;1.8.0_172&apos;
Driver info: driver.version: ChromeDriver
remote stacktrace: Backtrace:
	Ordinal0 [0x00AEEB13+1501971]
	Ordinal0 [0x00A6F6D1+980689]
	Ordinal0 [0x009F7508+488712]
	Ordinal0 [0x009F031A+459546]
	Ordinal0 [0x009EFEA4+458404]
	Ordinal0 [0x009EFA1D+457245]
	Ordinal0 [0x009EF21D+455197]
	Ordinal0 [0x009EEDE4+454116]
	Ordinal0 [0x009EEDA5+454053]
	Ordinal0 [0x009F6525+484645]
	Ordinal0 [0x009EED5C+453980]
	Ordinal0 [0x009EF6D1+456401]
	Ordinal0 [0x009EF21D+455197]
	Ordinal0 [0x009EEDE4+454116]
	Ordinal0 [0x009EEDA5+454053]
	Ordinal0 [0x009F4ECE+478926]
	Ordinal0 [0x009EED5C+453980]
	Ordinal0 [0x009EF6D1+456401]
	Ordinal0 [0x009EF21D+455197]
	Ordinal0 [0x009EEDE4+454116]
	Ordinal0 [0x009EEDA5+454053]
	Ordinal0 [0x009F365B+472667]
	Ordinal0 [0x009EED5C+453980]
	Ordinal0 [0x009EF6D1+456401]
	Ordinal0 [0x009EF21D+455197]
	Ordinal0 [0x009EEDE4+454116]
	Ordinal0 [0x009EEDA5+454053]
	Ordinal0 [0x009F2C67+470119]
	Ordinal0 [0x009EED5C+453980]
	Ordinal0 [0x009EF6D1+456401]
	Ordinal0 [0x009EF21D+455197]
	Ordinal0 [0x009EEDE4+454116]
	Ordinal0 [0x009EEDA5+454053]
	Ordinal0 [0x009EBA0C+440844]
	Ordinal0 [0x009EED5C+453980]
	Ordinal0 [0x009EEC44+453700]
	Ordinal0 [0x009F8330+492336]
	Ordinal0 [0x009AA108+172296]
	Ordinal0 [0x009A942D+169005]
	Ordinal0 [0x009A78EB+162027]
	Ordinal0 [0x00990AC7+68295]
	Ordinal0 [0x00991B40+72512]
	Ordinal0 [0x00991AD9+72409]
	Ordinal0 [0x00A88F37+1085239]
	GetHandleVerifier [0x00B8D7ED+503293]
	GetHandleVerifier [0x00B8D580+502672]
	GetHandleVerifier [0x00B946AC+531644]
	GetHandleVerifier [0x00B8DFFA+505354]
	Ordinal0 [0x00A80606+1050118]
	Ordinal0 [0x00A8047F+1049727]
	Ordinal0 [0x00A8AF9B+1093531]
	Ordinal0 [0x00A8B103+1093891]
	Ordinal0 [0x00A8A095+1089685]
	BaseThreadInitThunk [0x76206359+25]
	RtlGetAppContainerNamedObjectPath [0x76F77B74+228]
	RtlGetAppContainerNamedObjectPath [0x76F77B44+180]

	at org.openqa.selenium.remote.W3CHandshakeResponse.lambda$errorHandler$0(W3CHandshakeResponse.java:62)
	at org.openqa.selenium.remote.HandshakeResponse.lambda$getResponseFunction$0(HandshakeResponse.java:30)
	at org.openqa.selenium.remote.ProtocolHandshake.lambda$createSession$0(ProtocolHandshake.java:126)
	at java.util.stream.ReferencePipeline$3$1.accept(ReferencePipeline.java:193)
	at java.util.Spliterators$ArraySpliterator.tryAdvance(Spliterators.java:958)
	at java.util.stream.ReferencePipeline.forEachWithCancel(ReferencePipeline.java:126)
	at java.util.stream.AbstractPipeline.copyIntoWithCancel(AbstractPipeline.java:498)
	at java.util.stream.AbstractPipeline.copyInto(AbstractPipeline.java:485)
	at java.util.stream.AbstractPipeline.wrapAndCopyInto(AbstractPipeline.java:471)
	at java.util.stream.FindOps$FindOp.evaluateSequential(FindOps.java:152)
	at java.util.stream.AbstractPipeline.evaluate(AbstractPipeline.java:234)
	at java.util.stream.ReferencePipeline.findFirst(ReferencePipeline.java:464)
	at org.openqa.selenium.remote.ProtocolHandshake.createSession(ProtocolHandshake.java:128)
	at org.openqa.selenium.remote.ProtocolHandshake.createSession(ProtocolHandshake.java:74)
	at org.openqa.selenium.remote.HttpCommandExecutor.execute(HttpCommandExecutor.java:136)
	at org.openqa.selenium.remote.service.DriverCommandExecutor.execute(DriverCommandExecutor.java:83)
	at org.openqa.selenium.remote.RemoteWebDriver.execute(RemoteWebDriver.java:552)
	at org.openqa.selenium.remote.RemoteWebDriver.startSession(RemoteWebDriver.java:213)
	at org.openqa.selenium.remote.RemoteWebDriver.&lt;init&gt;(RemoteWebDriver.java:131)
	at org.openqa.selenium.chrome.ChromeDriver.&lt;init&gt;(ChromeDriver.java:181)
	at org.openqa.selenium.chrome.ChromeDriver.&lt;init&gt;(ChromeDriver.java:168)
	at org.openqa.selenium.chrome.ChromeDriver.&lt;init&gt;(ChromeDriver.java:123)
	at com.qaTest.gmailapp.TestBase.initalization(TestBase.java:47)
	at com.qaTest.Logintestcases.GmailTestCase.setUp(GmailTestCase.java:32)
... Removed 28 stack frames</pre></div><a href='#' onClick='toggleBox("stack-trace1855026648", this, "Click to show all stack frames", "Click to hide stack frames")'>Click to show all stack frames</a>
<div class='stack-trace' id='stack-trace1855026648'><pre>org.openqa.selenium.SessionNotCreatedException: session not created
from tab crashed
  (Session info: chrome=78.0.3904.70)
Build info: version: &apos;3.141.59&apos;, revision: &apos;e82be7d358&apos;, time: &apos;2018-11-14T08:17:03&apos;
System info: host: &apos;NIT-LPT-R117&apos;, ip: &apos;192.168.137.1&apos;, os.name: &apos;Windows 10&apos;, os.arch: &apos;amd64&apos;, os.version: &apos;10.0&apos;, java.version: &apos;1.8.0_172&apos;
Driver info: driver.version: ChromeDriver
remote stacktrace: Backtrace:
	Ordinal0 [0x00AEEB13+1501971]
	Ordinal0 [0x00A6F6D1+980689]
	Ordinal0 [0x009F7508+488712]
	Ordinal0 [0x009F031A+459546]
	Ordinal0 [0x009EFEA4+458404]
	Ordinal0 [0x009EFA1D+457245]
	Ordinal0 [0x009EF21D+455197]
	Ordinal0 [0x009EEDE4+454116]
	Ordinal0 [0x009EEDA5+454053]
	Ordinal0 [0x009F6525+484645]
	Ordinal0 [0x009EED5C+453980]
	Ordinal0 [0x009EF6D1+456401]
	Ordinal0 [0x009EF21D+455197]
	Ordinal0 [0x009EEDE4+454116]
	Ordinal0 [0x009EEDA5+454053]
	Ordinal0 [0x009F4ECE+478926]
	Ordinal0 [0x009EED5C+453980]
	Ordinal0 [0x009EF6D1+456401]
	Ordinal0 [0x009EF21D+455197]
	Ordinal0 [0x009EEDE4+454116]
	Ordinal0 [0x009EEDA5+454053]
	Ordinal0 [0x009F365B+472667]
	Ordinal0 [0x009EED5C+453980]
	Ordinal0 [0x009EF6D1+456401]
	Ordinal0 [0x009EF21D+455197]
	Ordinal0 [0x009EEDE4+454116]
	Ordinal0 [0x009EEDA5+454053]
	Ordinal0 [0x009F2C67+470119]
	Ordinal0 [0x009EED5C+453980]
	Ordinal0 [0x009EF6D1+456401]
	Ordinal0 [0x009EF21D+455197]
	Ordinal0 [0x009EEDE4+454116]
	Ordinal0 [0x009EEDA5+454053]
	Ordinal0 [0x009EBA0C+440844]
	Ordinal0 [0x009EED5C+453980]
	Ordinal0 [0x009EEC44+453700]
	Ordinal0 [0x009F8330+492336]
	Ordinal0 [0x009AA108+172296]
	Ordinal0 [0x009A942D+169005]
	Ordinal0 [0x009A78EB+162027]
	Ordinal0 [0x00990AC7+68295]
	Ordinal0 [0x00991B40+72512]
	Ordinal0 [0x00991AD9+72409]
	Ordinal0 [0x00A88F37+1085239]
	GetHandleVerifier [0x00B8D7ED+503293]
	GetHandleVerifier [0x00B8D580+502672]
	GetHandleVerifier [0x00B946AC+531644]
	GetHandleVerifier [0x00B8DFFA+505354]
	Ordinal0 [0x00A80606+1050118]
	Ordinal0 [0x00A8047F+1049727]
	Ordinal0 [0x00A8AF9B+1093531]
	Ordinal0 [0x00A8B103+1093891]
	Ordinal0 [0x00A8A095+1089685]
	BaseThreadInitThunk [0x76206359+25]
	RtlGetAppContainerNamedObjectPath [0x76F77B74+228]
	RtlGetAppContainerNamedObjectPath [0x76F77B44+180]

	at sun.reflect.NativeConstructorAccessorImpl.newInstance0(Native Method)
	at sun.reflect.NativeConstructorAccessorImpl.newInstance(NativeConstructorAccessorImpl.java:62)
	at sun.reflect.DelegatingConstructorAccessorImpl.newInstance(DelegatingConstructorAccessorImpl.java:45)
	at java.lang.reflect.Constructor.newInstance(Constructor.java:423)
	at org.openqa.selenium.remote.W3CHandshakeResponse.lambda$errorHandler$0(W3CHandshakeResponse.java:62)
	at org.openqa.selenium.remote.HandshakeResponse.lambda$getResponseFunction$0(HandshakeResponse.java:30)
	at org.openqa.selenium.remote.ProtocolHandshake.lambda$createSession$0(ProtocolHandshake.java:126)
	at java.util.stream.ReferencePipeline$3$1.accept(ReferencePipeline.java:193)
	at java.util.Spliterators$ArraySpliterator.tryAdvance(Spliterators.java:958)
	at java.util.stream.ReferencePipeline.forEachWithCancel(ReferencePipeline.java:126)
	at java.util.stream.AbstractPipeline.copyIntoWithCancel(AbstractPipeline.java:498)
	at java.util.stream.AbstractPipeline.copyInto(AbstractPipeline.java:485)
	at java.util.stream.AbstractPipeline.wrapAndCopyInto(AbstractPipeline.java:471)
	at java.util.stream.FindOps$FindOp.evaluateSequential(FindOps.java:152)
	at java.util.stream.AbstractPipeline.evaluate(AbstractPipeline.java:234)
	at java.util.stream.ReferencePipeline.findFirst(ReferencePipeline.java:464)
	at org.openqa.selenium.remote.ProtocolHandshake.createSession(ProtocolHandshake.java:128)
	at org.openqa.selenium.remote.ProtocolHandshake.createSession(ProtocolHandshake.java:74)
	at org.openqa.selenium.remote.HttpCommandExecutor.execute(HttpCommandExecutor.java:136)
	at org.openqa.selenium.remote.service.DriverCommandExecutor.execute(DriverCommandExecutor.java:83)
	at org.openqa.selenium.remote.RemoteWebDriver.execute(RemoteWebDriver.java:552)
	at org.openqa.selenium.remote.RemoteWebDriver.startSession(RemoteWebDriver.java:213)
	at org.openqa.selenium.remote.RemoteWebDriver.&lt;init&gt;(RemoteWebDriver.java:131)
	at org.openqa.selenium.chrome.ChromeDriver.&lt;init&gt;(ChromeDriver.java:181)
	at org.openqa.selenium.chrome.ChromeDriver.&lt;init&gt;(ChromeDriver.java:168)
	at org.openqa.selenium.chrome.ChromeDriver.&lt;init&gt;(ChromeDriver.java:123)
	at com.qaTest.gmailapp.TestBase.initalization(TestBase.java:47)
	at com.qaTest.Logintestcases.GmailTestCase.setUp(GmailTestCase.java:32)
	at sun.reflect.NativeMethodAccessorImpl.invoke0(Native Method)
	at sun.reflect.NativeMethodAccessorImpl.invoke(NativeMethodAccessorImpl.java:62)
	at sun.reflect.DelegatingMethodAccessorImpl.invoke(DelegatingMethodAccessorImpl.java:43)
	at java.lang.reflect.Method.invoke(Method.java:498)
	at org.testng.internal.MethodInvocationHelper.invokeMethod(MethodInvocationHelper.java:124)
	at org.testng.internal.MethodInvocationHelper.invokeMethodConsideringTimeout(MethodInvocationHelper.java:59)
	at org.testng.internal.Invoker.invokeConfigurationMethod(Invoker.java:458)
	at org.testng.internal.Invoker.invokeConfigurations(Invoker.java:222)
	at org.testng.internal.Invoker.invokeConfigurations(Invoker.java:142)
	at org.testng.TestRunner.beforeRun(TestRunner.java:529)
	at org.testng.TestRunner.run(TestRunner.java:497)
	at org.testng.SuiteRunner.runTest(SuiteRunner.java:455)
	at org.testng.SuiteRunner.runSequentially(SuiteRunner.java:450)
	at org.testng.SuiteRunner.privateRun(SuiteRunner.java:415)
	at org.testng.SuiteRunner.run(SuiteRunner.java:364)
	at org.testng.SuiteRunnerWorker.runSuite(SuiteRunnerWorker.java:52)
	at org.testng.SuiteRunnerWorker.run(SuiteRunnerWorker.java:84)
	at org.testng.TestNG.runSuitesSequentially(TestNG.java:1208)
	at org.testng.TestNG.runSuitesLocally(TestNG.java:1137)
	at org.testng.TestNG.runSuites(TestNG.java:1049)
	at org.testng.TestNG.run(TestNG.java:1017)
	at org.testng.remote.AbstractRemoteTestNG.run(AbstractRemoteTestNG.java:132)
	at org.testng.remote.RemoteTestNG.initAndRun(RemoteTestNG.java:230)
	at org.testng.remote.RemoteTestNG.main(RemoteTestNG.java:76)
</pre></div></td>
<td>0</td>
<td>com.qaTest.Logintestcases.GmailTestCase@5c3bd550</td></tr>
<tr>
<td title='com.qaTest.Logintestcases.GmailTestCase.VerifyClickSendBtn()'><b>VerifyClickSendBtn</b><br>Test class: com.qaTest.Logintestcases.GmailTestCase</td>
<td><div><pre>org.openqa.selenium.SessionNotCreatedException: session not created
from tab crashed
  (Session info: chrome=78.0.3904.70)
Build info: version: &apos;3.141.59&apos;, revision: &apos;e82be7d358&apos;, time: &apos;2018-11-14T08:17:03&apos;
System info: host: &apos;NIT-LPT-R117&apos;, ip: &apos;192.168.137.1&apos;, os.name: &apos;Windows 10&apos;, os.arch: &apos;amd64&apos;, os.version: &apos;10.0&apos;, java.version: &apos;1.8.0_172&apos;
Driver info: driver.version: ChromeDriver
remote stacktrace: Backtrace:
	Ordinal0 [0x00AEEB13+1501971]
	Ordinal0 [0x00A6F6D1+980689]
	Ordinal0 [0x009F7508+488712]
	Ordinal0 [0x009F031A+459546]
	Ordinal0 [0x009EFEA4+458404]
	Ordinal0 [0x009EFA1D+457245]
	Ordinal0 [0x009EF21D+455197]
	Ordinal0 [0x009EEDE4+454116]
	Ordinal0 [0x009EEDA5+454053]
	Ordinal0 [0x009F6525+484645]
	Ordinal0 [0x009EED5C+453980]
	Ordinal0 [0x009EF6D1+456401]
	Ordinal0 [0x009EF21D+455197]
	Ordinal0 [0x009EEDE4+454116]
	Ordinal0 [0x009EEDA5+454053]
	Ordinal0 [0x009F4ECE+478926]
	Ordinal0 [0x009EED5C+453980]
	Ordinal0 [0x009EF6D1+456401]
	Ordinal0 [0x009EF21D+455197]
	Ordinal0 [0x009EEDE4+454116]
	Ordinal0 [0x009EEDA5+454053]
	Ordinal0 [0x009F365B+472667]
	Ordinal0 [0x009EED5C+453980]
	Ordinal0 [0x009EF6D1+456401]
	Ordinal0 [0x009EF21D+455197]
	Ordinal0 [0x009EEDE4+454116]
	Ordinal0 [0x009EEDA5+454053]
	Ordinal0 [0x009F2C67+470119]
	Ordinal0 [0x009EED5C+453980]
	Ordinal0 [0x009EF6D1+456401]
	Ordinal0 [0x009EF21D+455197]
	Ordinal0 [0x009EEDE4+454116]
	Ordinal0 [0x009EEDA5+454053]
	Ordinal0 [0x009EBA0C+440844]
	Ordinal0 [0x009EED5C+453980]
	Ordinal0 [0x009EEC44+453700]
	Ordinal0 [0x009F8330+492336]
	Ordinal0 [0x009AA108+172296]
	Ordinal0 [0x009A942D+169005]
	Ordinal0 [0x009A78EB+162027]
	Ordinal0 [0x00990AC7+68295]
	Ordinal0 [0x00991B40+72512]
	Ordinal0 [0x00991AD9+72409]
	Ordinal0 [0x00A88F37+1085239]
	GetHandleVerifier [0x00B8D7ED+503293]
	GetHandleVerifier [0x00B8D580+502672]
	GetHandleVerifier [0x00B946AC+531644]
	GetHandleVerifier [0x00B8DFFA+505354]
	Ordinal0 [0x00A80606+1050118]
	Ordinal0 [0x00A8047F+1049727]
	Ordinal0 [0x00A8AF9B+1093531]
	Ordinal0 [0x00A8B103+1093891]
	Ordinal0 [0x00A8A095+1089685]
	BaseThreadInitThunk [0x76206359+25]
	RtlGetAppContainerNamedObjectPath [0x76F77B74+228]
	RtlGetAppContainerNamedObjectPath [0x76F77B44+180]

	at org.openqa.selenium.remote.W3CHandshakeResponse.lambda$errorHandler$0(W3CHandshakeResponse.java:62)
	at org.openqa.selenium.remote.HandshakeResponse.lambda$getResponseFunction$0(HandshakeResponse.java:30)
	at org.openqa.selenium.remote.ProtocolHandshake.lambda$createSession$0(ProtocolHandshake.java:126)
	at java.util.stream.ReferencePipeline$3$1.accept(ReferencePipeline.java:193)
	at java.util.Spliterators$ArraySpliterator.tryAdvance(Spliterators.java:958)
	at java.util.stream.ReferencePipeline.forEachWithCancel(ReferencePipeline.java:126)
	at java.util.stream.AbstractPipeline.copyIntoWithCancel(AbstractPipeline.java:498)
	at java.util.stream.AbstractPipeline.copyInto(AbstractPipeline.java:485)
	at java.util.stream.AbstractPipeline.wrapAndCopyInto(AbstractPipeline.java:471)
	at java.util.stream.FindOps$FindOp.evaluateSequential(FindOps.java:152)
	at java.util.stream.AbstractPipeline.evaluate(AbstractPipeline.java:234)
	at java.util.stream.ReferencePipeline.findFirst(ReferencePipeline.java:464)
	at org.openqa.selenium.remote.ProtocolHandshake.createSession(ProtocolHandshake.java:128)
	at org.openqa.selenium.remote.ProtocolHandshake.createSession(ProtocolHandshake.java:74)
	at org.openqa.selenium.remote.HttpCommandExecutor.execute(HttpCommandExecutor.java:136)
	at org.openqa.selenium.remote.service.DriverCommandExecutor.execute(DriverCommandExecutor.java:83)
	at org.openqa.selenium.remote.RemoteWebDriver.execute(RemoteWebDriver.java:552)
	at org.openqa.selenium.remote.RemoteWebDriver.startSession(RemoteWebDriver.java:213)
	at org.openqa.selenium.remote.RemoteWebDriver.&lt;init&gt;(RemoteWebDriver.java:131)
	at org.openqa.selenium.chrome.ChromeDriver.&lt;init&gt;(ChromeDriver.java:181)
	at org.openqa.selenium.chrome.ChromeDriver.&lt;init&gt;(ChromeDriver.java:168)
	at org.openqa.selenium.chrome.ChromeDriver.&lt;init&gt;(ChromeDriver.java:123)
	at com.qaTest.gmailapp.TestBase.initalization(TestBase.java:47)
	at com.qaTest.Logintestcases.GmailTestCase.setUp(GmailTestCase.java:32)
... Removed 28 stack frames</pre></div><a href='#' onClick='toggleBox("stack-trace355518265", this, "Click to show all stack frames", "Click to hide stack frames")'>Click to show all stack frames</a>
<div class='stack-trace' id='stack-trace355518265'><pre>org.openqa.selenium.SessionNotCreatedException: session not created
from tab crashed
  (Session info: chrome=78.0.3904.70)
Build info: version: &apos;3.141.59&apos;, revision: &apos;e82be7d358&apos;, time: &apos;2018-11-14T08:17:03&apos;
System info: host: &apos;NIT-LPT-R117&apos;, ip: &apos;192.168.137.1&apos;, os.name: &apos;Windows 10&apos;, os.arch: &apos;amd64&apos;, os.version: &apos;10.0&apos;, java.version: &apos;1.8.0_172&apos;
Driver info: driver.version: ChromeDriver
remote stacktrace: Backtrace:
	Ordinal0 [0x00AEEB13+1501971]
	Ordinal0 [0x00A6F6D1+980689]
	Ordinal0 [0x009F7508+488712]
	Ordinal0 [0x009F031A+459546]
	Ordinal0 [0x009EFEA4+458404]
	Ordinal0 [0x009EFA1D+457245]
	Ordinal0 [0x009EF21D+455197]
	Ordinal0 [0x009EEDE4+454116]
	Ordinal0 [0x009EEDA5+454053]
	Ordinal0 [0x009F6525+484645]
	Ordinal0 [0x009EED5C+453980]
	Ordinal0 [0x009EF6D1+456401]
	Ordinal0 [0x009EF21D+455197]
	Ordinal0 [0x009EEDE4+454116]
	Ordinal0 [0x009EEDA5+454053]
	Ordinal0 [0x009F4ECE+478926]
	Ordinal0 [0x009EED5C+453980]
	Ordinal0 [0x009EF6D1+456401]
	Ordinal0 [0x009EF21D+455197]
	Ordinal0 [0x009EEDE4+454116]
	Ordinal0 [0x009EEDA5+454053]
	Ordinal0 [0x009F365B+472667]
	Ordinal0 [0x009EED5C+453980]
	Ordinal0 [0x009EF6D1+456401]
	Ordinal0 [0x009EF21D+455197]
	Ordinal0 [0x009EEDE4+454116]
	Ordinal0 [0x009EEDA5+454053]
	Ordinal0 [0x009F2C67+470119]
	Ordinal0 [0x009EED5C+453980]
	Ordinal0 [0x009EF6D1+456401]
	Ordinal0 [0x009EF21D+455197]
	Ordinal0 [0x009EEDE4+454116]
	Ordinal0 [0x009EEDA5+454053]
	Ordinal0 [0x009EBA0C+440844]
	Ordinal0 [0x009EED5C+453980]
	Ordinal0 [0x009EEC44+453700]
	Ordinal0 [0x009F8330+492336]
	Ordinal0 [0x009AA108+172296]
	Ordinal0 [0x009A942D+169005]
	Ordinal0 [0x009A78EB+162027]
	Ordinal0 [0x00990AC7+68295]
	Ordinal0 [0x00991B40+72512]
	Ordinal0 [0x00991AD9+72409]
	Ordinal0 [0x00A88F37+1085239]
	GetHandleVerifier [0x00B8D7ED+503293]
	GetHandleVerifier [0x00B8D580+502672]
	GetHandleVerifier [0x00B946AC+531644]
	GetHandleVerifier [0x00B8DFFA+505354]
	Ordinal0 [0x00A80606+1050118]
	Ordinal0 [0x00A8047F+1049727]
	Ordinal0 [0x00A8AF9B+1093531]
	Ordinal0 [0x00A8B103+1093891]
	Ordinal0 [0x00A8A095+1089685]
	BaseThreadInitThunk [0x76206359+25]
	RtlGetAppContainerNamedObjectPath [0x76F77B74+228]
	RtlGetAppContainerNamedObjectPath [0x76F77B44+180]

	at sun.reflect.NativeConstructorAccessorImpl.newInstance0(Native Method)
	at sun.reflect.NativeConstructorAccessorImpl.newInstance(NativeConstructorAccessorImpl.java:62)
	at sun.reflect.DelegatingConstructorAccessorImpl.newInstance(DelegatingConstructorAccessorImpl.java:45)
	at java.lang.reflect.Constructor.newInstance(Constructor.java:423)
	at org.openqa.selenium.remote.W3CHandshakeResponse.lambda$errorHandler$0(W3CHandshakeResponse.java:62)
	at org.openqa.selenium.remote.HandshakeResponse.lambda$getResponseFunction$0(HandshakeResponse.java:30)
	at org.openqa.selenium.remote.ProtocolHandshake.lambda$createSession$0(ProtocolHandshake.java:126)
	at java.util.stream.ReferencePipeline$3$1.accept(ReferencePipeline.java:193)
	at java.util.Spliterators$ArraySpliterator.tryAdvance(Spliterators.java:958)
	at java.util.stream.ReferencePipeline.forEachWithCancel(ReferencePipeline.java:126)
	at java.util.stream.AbstractPipeline.copyIntoWithCancel(AbstractPipeline.java:498)
	at java.util.stream.AbstractPipeline.copyInto(AbstractPipeline.java:485)
	at java.util.stream.AbstractPipeline.wrapAndCopyInto(AbstractPipeline.java:471)
	at java.util.stream.FindOps$FindOp.evaluateSequential(FindOps.java:152)
	at java.util.stream.AbstractPipeline.evaluate(AbstractPipeline.java:234)
	at java.util.stream.ReferencePipeline.findFirst(ReferencePipeline.java:464)
	at org.openqa.selenium.remote.ProtocolHandshake.createSession(ProtocolHandshake.java:128)
	at org.openqa.selenium.remote.ProtocolHandshake.createSession(ProtocolHandshake.java:74)
	at org.openqa.selenium.remote.HttpCommandExecutor.execute(HttpCommandExecutor.java:136)
	at org.openqa.selenium.remote.service.DriverCommandExecutor.execute(DriverCommandExecutor.java:83)
	at org.openqa.selenium.remote.RemoteWebDriver.execute(RemoteWebDriver.java:552)
	at org.openqa.selenium.remote.RemoteWebDriver.startSession(RemoteWebDriver.java:213)
	at org.openqa.selenium.remote.RemoteWebDriver.&lt;init&gt;(RemoteWebDriver.java:131)
	at org.openqa.selenium.chrome.ChromeDriver.&lt;init&gt;(ChromeDriver.java:181)
	at org.openqa.selenium.chrome.ChromeDriver.&lt;init&gt;(ChromeDriver.java:168)
	at org.openqa.selenium.chrome.ChromeDriver.&lt;init&gt;(ChromeDriver.java:123)
	at com.qaTest.gmailapp.TestBase.initalization(TestBase.java:47)
	at com.qaTest.Logintestcases.GmailTestCase.setUp(GmailTestCase.java:32)
	at sun.reflect.NativeMethodAccessorImpl.invoke0(Native Method)
	at sun.reflect.NativeMethodAccessorImpl.invoke(NativeMethodAccessorImpl.java:62)
	at sun.reflect.DelegatingMethodAccessorImpl.invoke(DelegatingMethodAccessorImpl.java:43)
	at java.lang.reflect.Method.invoke(Method.java:498)
	at org.testng.internal.MethodInvocationHelper.invokeMethod(MethodInvocationHelper.java:124)
	at org.testng.internal.MethodInvocationHelper.invokeMethodConsideringTimeout(MethodInvocationHelper.java:59)
	at org.testng.internal.Invoker.invokeConfigurationMethod(Invoker.java:458)
	at org.testng.internal.Invoker.invokeConfigurations(Invoker.java:222)
	at org.testng.internal.Invoker.invokeConfigurations(Invoker.java:142)
	at org.testng.TestRunner.beforeRun(TestRunner.java:529)
	at org.testng.TestRunner.run(TestRunner.java:497)
	at org.testng.SuiteRunner.runTest(SuiteRunner.java:455)
	at org.testng.SuiteRunner.runSequentially(SuiteRunner.java:450)
	at org.testng.SuiteRunner.privateRun(SuiteRunner.java:415)
	at org.testng.SuiteRunner.run(SuiteRunner.java:364)
	at org.testng.SuiteRunnerWorker.runSuite(SuiteRunnerWorker.java:52)
	at org.testng.SuiteRunnerWorker.run(SuiteRunnerWorker.java:84)
	at org.testng.TestNG.runSuitesSequentially(TestNG.java:1208)
	at org.testng.TestNG.runSuitesLocally(TestNG.java:1137)
	at org.testng.TestNG.runSuites(TestNG.java:1049)
	at org.testng.TestNG.run(TestNG.java:1017)
	at org.testng.remote.AbstractRemoteTestNG.run(AbstractRemoteTestNG.java:132)
	at org.testng.remote.RemoteTestNG.initAndRun(RemoteTestNG.java:230)
	at org.testng.remote.RemoteTestNG.main(RemoteTestNG.java:76)
</pre></div></td>
<td>0</td>
<td>com.qaTest.Logintestcases.GmailTestCase@5c3bd550</td></tr>
<tr>
<td title='com.qaTest.Logintestcases.GmailTestCase.VerifyDiscp()'><b>VerifyDiscp</b><br>Test class: com.qaTest.Logintestcases.GmailTestCase</td>
<td><div><pre>org.openqa.selenium.SessionNotCreatedException: session not created
from tab crashed
  (Session info: chrome=78.0.3904.70)
Build info: version: &apos;3.141.59&apos;, revision: &apos;e82be7d358&apos;, time: &apos;2018-11-14T08:17:03&apos;
System info: host: &apos;NIT-LPT-R117&apos;, ip: &apos;192.168.137.1&apos;, os.name: &apos;Windows 10&apos;, os.arch: &apos;amd64&apos;, os.version: &apos;10.0&apos;, java.version: &apos;1.8.0_172&apos;
Driver info: driver.version: ChromeDriver
remote stacktrace: Backtrace:
	Ordinal0 [0x00AEEB13+1501971]
	Ordinal0 [0x00A6F6D1+980689]
	Ordinal0 [0x009F7508+488712]
	Ordinal0 [0x009F031A+459546]
	Ordinal0 [0x009EFEA4+458404]
	Ordinal0 [0x009EFA1D+457245]
	Ordinal0 [0x009EF21D+455197]
	Ordinal0 [0x009EEDE4+454116]
	Ordinal0 [0x009EEDA5+454053]
	Ordinal0 [0x009F6525+484645]
	Ordinal0 [0x009EED5C+453980]
	Ordinal0 [0x009EF6D1+456401]
	Ordinal0 [0x009EF21D+455197]
	Ordinal0 [0x009EEDE4+454116]
	Ordinal0 [0x009EEDA5+454053]
	Ordinal0 [0x009F4ECE+478926]
	Ordinal0 [0x009EED5C+453980]
	Ordinal0 [0x009EF6D1+456401]
	Ordinal0 [0x009EF21D+455197]
	Ordinal0 [0x009EEDE4+454116]
	Ordinal0 [0x009EEDA5+454053]
	Ordinal0 [0x009F365B+472667]
	Ordinal0 [0x009EED5C+453980]
	Ordinal0 [0x009EF6D1+456401]
	Ordinal0 [0x009EF21D+455197]
	Ordinal0 [0x009EEDE4+454116]
	Ordinal0 [0x009EEDA5+454053]
	Ordinal0 [0x009F2C67+470119]
	Ordinal0 [0x009EED5C+453980]
	Ordinal0 [0x009EF6D1+456401]
	Ordinal0 [0x009EF21D+455197]
	Ordinal0 [0x009EEDE4+454116]
	Ordinal0 [0x009EEDA5+454053]
	Ordinal0 [0x009EBA0C+440844]
	Ordinal0 [0x009EED5C+453980]
	Ordinal0 [0x009EEC44+453700]
	Ordinal0 [0x009F8330+492336]
	Ordinal0 [0x009AA108+172296]
	Ordinal0 [0x009A942D+169005]
	Ordinal0 [0x009A78EB+162027]
	Ordinal0 [0x00990AC7+68295]
	Ordinal0 [0x00991B40+72512]
	Ordinal0 [0x00991AD9+72409]
	Ordinal0 [0x00A88F37+1085239]
	GetHandleVerifier [0x00B8D7ED+503293]
	GetHandleVerifier [0x00B8D580+502672]
	GetHandleVerifier [0x00B946AC+531644]
	GetHandleVerifier [0x00B8DFFA+505354]
	Ordinal0 [0x00A80606+1050118]
	Ordinal0 [0x00A8047F+1049727]
	Ordinal0 [0x00A8AF9B+1093531]
	Ordinal0 [0x00A8B103+1093891]
	Ordinal0 [0x00A8A095+1089685]
	BaseThreadInitThunk [0x76206359+25]
	RtlGetAppContainerNamedObjectPath [0x76F77B74+228]
	RtlGetAppContainerNamedObjectPath [0x76F77B44+180]

	at org.openqa.selenium.remote.W3CHandshakeResponse.lambda$errorHandler$0(W3CHandshakeResponse.java:62)
	at org.openqa.selenium.remote.HandshakeResponse.lambda$getResponseFunction$0(HandshakeResponse.java:30)
	at org.openqa.selenium.remote.ProtocolHandshake.lambda$createSession$0(ProtocolHandshake.java:126)
	at java.util.stream.ReferencePipeline$3$1.accept(ReferencePipeline.java:193)
	at java.util.Spliterators$ArraySpliterator.tryAdvance(Spliterators.java:958)
	at java.util.stream.ReferencePipeline.forEachWithCancel(ReferencePipeline.java:126)
	at java.util.stream.AbstractPipeline.copyIntoWithCancel(AbstractPipeline.java:498)
	at java.util.stream.AbstractPipeline.copyInto(AbstractPipeline.java:485)
	at java.util.stream.AbstractPipeline.wrapAndCopyInto(AbstractPipeline.java:471)
	at java.util.stream.FindOps$FindOp.evaluateSequential(FindOps.java:152)
	at java.util.stream.AbstractPipeline.evaluate(AbstractPipeline.java:234)
	at java.util.stream.ReferencePipeline.findFirst(ReferencePipeline.java:464)
	at org.openqa.selenium.remote.ProtocolHandshake.createSession(ProtocolHandshake.java:128)
	at org.openqa.selenium.remote.ProtocolHandshake.createSession(ProtocolHandshake.java:74)
	at org.openqa.selenium.remote.HttpCommandExecutor.execute(HttpCommandExecutor.java:136)
	at org.openqa.selenium.remote.service.DriverCommandExecutor.execute(DriverCommandExecutor.java:83)
	at org.openqa.selenium.remote.RemoteWebDriver.execute(RemoteWebDriver.java:552)
	at org.openqa.selenium.remote.RemoteWebDriver.startSession(RemoteWebDriver.java:213)
	at org.openqa.selenium.remote.RemoteWebDriver.&lt;init&gt;(RemoteWebDriver.java:131)
	at org.openqa.selenium.chrome.ChromeDriver.&lt;init&gt;(ChromeDriver.java:181)
	at org.openqa.selenium.chrome.ChromeDriver.&lt;init&gt;(ChromeDriver.java:168)
	at org.openqa.selenium.chrome.ChromeDriver.&lt;init&gt;(ChromeDriver.java:123)
	at com.qaTest.gmailapp.TestBase.initalization(TestBase.java:47)
	at com.qaTest.Logintestcases.GmailTestCase.setUp(GmailTestCase.java:32)
... Removed 28 stack frames</pre></div><a href='#' onClick='toggleBox("stack-trace1150963491", this, "Click to show all stack frames", "Click to hide stack frames")'>Click to show all stack frames</a>
<div class='stack-trace' id='stack-trace1150963491'><pre>org.openqa.selenium.SessionNotCreatedException: session not created
from tab crashed
  (Session info: chrome=78.0.3904.70)
Build info: version: &apos;3.141.59&apos;, revision: &apos;e82be7d358&apos;, time: &apos;2018-11-14T08:17:03&apos;
System info: host: &apos;NIT-LPT-R117&apos;, ip: &apos;192.168.137.1&apos;, os.name: &apos;Windows 10&apos;, os.arch: &apos;amd64&apos;, os.version: &apos;10.0&apos;, java.version: &apos;1.8.0_172&apos;
Driver info: driver.version: ChromeDriver
remote stacktrace: Backtrace:
	Ordinal0 [0x00AEEB13+1501971]
	Ordinal0 [0x00A6F6D1+980689]
	Ordinal0 [0x009F7508+488712]
	Ordinal0 [0x009F031A+459546]
	Ordinal0 [0x009EFEA4+458404]
	Ordinal0 [0x009EFA1D+457245]
	Ordinal0 [0x009EF21D+455197]
	Ordinal0 [0x009EEDE4+454116]
	Ordinal0 [0x009EEDA5+454053]
	Ordinal0 [0x009F6525+484645]
	Ordinal0 [0x009EED5C+453980]
	Ordinal0 [0x009EF6D1+456401]
	Ordinal0 [0x009EF21D+455197]
	Ordinal0 [0x009EEDE4+454116]
	Ordinal0 [0x009EEDA5+454053]
	Ordinal0 [0x009F4ECE+478926]
	Ordinal0 [0x009EED5C+453980]
	Ordinal0 [0x009EF6D1+456401]
	Ordinal0 [0x009EF21D+455197]
	Ordinal0 [0x009EEDE4+454116]
	Ordinal0 [0x009EEDA5+454053]
	Ordinal0 [0x009F365B+472667]
	Ordinal0 [0x009EED5C+453980]
	Ordinal0 [0x009EF6D1+456401]
	Ordinal0 [0x009EF21D+455197]
	Ordinal0 [0x009EEDE4+454116]
	Ordinal0 [0x009EEDA5+454053]
	Ordinal0 [0x009F2C67+470119]
	Ordinal0 [0x009EED5C+453980]
	Ordinal0 [0x009EF6D1+456401]
	Ordinal0 [0x009EF21D+455197]
	Ordinal0 [0x009EEDE4+454116]
	Ordinal0 [0x009EEDA5+454053]
	Ordinal0 [0x009EBA0C+440844]
	Ordinal0 [0x009EED5C+453980]
	Ordinal0 [0x009EEC44+453700]
	Ordinal0 [0x009F8330+492336]
	Ordinal0 [0x009AA108+172296]
	Ordinal0 [0x009A942D+169005]
	Ordinal0 [0x009A78EB+162027]
	Ordinal0 [0x00990AC7+68295]
	Ordinal0 [0x00991B40+72512]
	Ordinal0 [0x00991AD9+72409]
	Ordinal0 [0x00A88F37+1085239]
	GetHandleVerifier [0x00B8D7ED+503293]
	GetHandleVerifier [0x00B8D580+502672]
	GetHandleVerifier [0x00B946AC+531644]
	GetHandleVerifier [0x00B8DFFA+505354]
	Ordinal0 [0x00A80606+1050118]
	Ordinal0 [0x00A8047F+1049727]
	Ordinal0 [0x00A8AF9B+1093531]
	Ordinal0 [0x00A8B103+1093891]
	Ordinal0 [0x00A8A095+1089685]
	BaseThreadInitThunk [0x76206359+25]
	RtlGetAppContainerNamedObjectPath [0x76F77B74+228]
	RtlGetAppContainerNamedObjectPath [0x76F77B44+180]

	at sun.reflect.NativeConstructorAccessorImpl.newInstance0(Native Method)
	at sun.reflect.NativeConstructorAccessorImpl.newInstance(NativeConstructorAccessorImpl.java:62)
	at sun.reflect.DelegatingConstructorAccessorImpl.newInstance(DelegatingConstructorAccessorImpl.java:45)
	at java.lang.reflect.Constructor.newInstance(Constructor.java:423)
	at org.openqa.selenium.remote.W3CHandshakeResponse.lambda$errorHandler$0(W3CHandshakeResponse.java:62)
	at org.openqa.selenium.remote.HandshakeResponse.lambda$getResponseFunction$0(HandshakeResponse.java:30)
	at org.openqa.selenium.remote.ProtocolHandshake.lambda$createSession$0(ProtocolHandshake.java:126)
	at java.util.stream.ReferencePipeline$3$1.accept(ReferencePipeline.java:193)
	at java.util.Spliterators$ArraySpliterator.tryAdvance(Spliterators.java:958)
	at java.util.stream.ReferencePipeline.forEachWithCancel(ReferencePipeline.java:126)
	at java.util.stream.AbstractPipeline.copyIntoWithCancel(AbstractPipeline.java:498)
	at java.util.stream.AbstractPipeline.copyInto(AbstractPipeline.java:485)
	at java.util.stream.AbstractPipeline.wrapAndCopyInto(AbstractPipeline.java:471)
	at java.util.stream.FindOps$FindOp.evaluateSequential(FindOps.java:152)
	at java.util.stream.AbstractPipeline.evaluate(AbstractPipeline.java:234)
	at java.util.stream.ReferencePipeline.findFirst(ReferencePipeline.java:464)
	at org.openqa.selenium.remote.ProtocolHandshake.createSession(ProtocolHandshake.java:128)
	at org.openqa.selenium.remote.ProtocolHandshake.createSession(ProtocolHandshake.java:74)
	at org.openqa.selenium.remote.HttpCommandExecutor.execute(HttpCommandExecutor.java:136)
	at org.openqa.selenium.remote.service.DriverCommandExecutor.execute(DriverCommandExecutor.java:83)
	at org.openqa.selenium.remote.RemoteWebDriver.execute(RemoteWebDriver.java:552)
	at org.openqa.selenium.remote.RemoteWebDriver.startSession(RemoteWebDriver.java:213)
	at org.openqa.selenium.remote.RemoteWebDriver.&lt;init&gt;(RemoteWebDriver.java:131)
	at org.openqa.selenium.chrome.ChromeDriver.&lt;init&gt;(ChromeDriver.java:181)
	at org.openqa.selenium.chrome.ChromeDriver.&lt;init&gt;(ChromeDriver.java:168)
	at org.openqa.selenium.chrome.ChromeDriver.&lt;init&gt;(ChromeDriver.java:123)
	at com.qaTest.gmailapp.TestBase.initalization(TestBase.java:47)
	at com.qaTest.Logintestcases.GmailTestCase.setUp(GmailTestCase.java:32)
	at sun.reflect.NativeMethodAccessorImpl.invoke0(Native Method)
	at sun.reflect.NativeMethodAccessorImpl.invoke(NativeMethodAccessorImpl.java:62)
	at sun.reflect.DelegatingMethodAccessorImpl.invoke(DelegatingMethodAccessorImpl.java:43)
	at java.lang.reflect.Method.invoke(Method.java:498)
	at org.testng.internal.MethodInvocationHelper.invokeMethod(MethodInvocationHelper.java:124)
	at org.testng.internal.MethodInvocationHelper.invokeMethodConsideringTimeout(MethodInvocationHelper.java:59)
	at org.testng.internal.Invoker.invokeConfigurationMethod(Invoker.java:458)
	at org.testng.internal.Invoker.invokeConfigurations(Invoker.java:222)
	at org.testng.internal.Invoker.invokeConfigurations(Invoker.java:142)
	at org.testng.TestRunner.beforeRun(TestRunner.java:529)
	at org.testng.TestRunner.run(TestRunner.java:497)
	at org.testng.SuiteRunner.runTest(SuiteRunner.java:455)
	at org.testng.SuiteRunner.runSequentially(SuiteRunner.java:450)
	at org.testng.SuiteRunner.privateRun(SuiteRunner.java:415)
	at org.testng.SuiteRunner.run(SuiteRunner.java:364)
	at org.testng.SuiteRunnerWorker.runSuite(SuiteRunnerWorker.java:52)
	at org.testng.SuiteRunnerWorker.run(SuiteRunnerWorker.java:84)
	at org.testng.TestNG.runSuitesSequentially(TestNG.java:1208)
	at org.testng.TestNG.runSuitesLocally(TestNG.java:1137)
	at org.testng.TestNG.runSuites(TestNG.java:1049)
	at org.testng.TestNG.run(TestNG.java:1017)
	at org.testng.remote.AbstractRemoteTestNG.run(AbstractRemoteTestNG.java:132)
	at org.testng.remote.RemoteTestNG.initAndRun(RemoteTestNG.java:230)
	at org.testng.remote.RemoteTestNG.main(RemoteTestNG.java:76)
</pre></div></td>
<td>0</td>
<td>com.qaTest.Logintestcases.GmailTestCase@5c3bd550</td></tr>
<tr>
<td title='com.qaTest.Logintestcases.GmailTestCase.VerifyEmail()'><b>VerifyEmail</b><br>Test class: com.qaTest.Logintestcases.GmailTestCase</td>
<td><div><pre>org.openqa.selenium.SessionNotCreatedException: session not created
from tab crashed
  (Session info: chrome=78.0.3904.70)
Build info: version: &apos;3.141.59&apos;, revision: &apos;e82be7d358&apos;, time: &apos;2018-11-14T08:17:03&apos;
System info: host: &apos;NIT-LPT-R117&apos;, ip: &apos;192.168.137.1&apos;, os.name: &apos;Windows 10&apos;, os.arch: &apos;amd64&apos;, os.version: &apos;10.0&apos;, java.version: &apos;1.8.0_172&apos;
Driver info: driver.version: ChromeDriver
remote stacktrace: Backtrace:
	Ordinal0 [0x00AEEB13+1501971]
	Ordinal0 [0x00A6F6D1+980689]
	Ordinal0 [0x009F7508+488712]
	Ordinal0 [0x009F031A+459546]
	Ordinal0 [0x009EFEA4+458404]
	Ordinal0 [0x009EFA1D+457245]
	Ordinal0 [0x009EF21D+455197]
	Ordinal0 [0x009EEDE4+454116]
	Ordinal0 [0x009EEDA5+454053]
	Ordinal0 [0x009F6525+484645]
	Ordinal0 [0x009EED5C+453980]
	Ordinal0 [0x009EF6D1+456401]
	Ordinal0 [0x009EF21D+455197]
	Ordinal0 [0x009EEDE4+454116]
	Ordinal0 [0x009EEDA5+454053]
	Ordinal0 [0x009F4ECE+478926]
	Ordinal0 [0x009EED5C+453980]
	Ordinal0 [0x009EF6D1+456401]
	Ordinal0 [0x009EF21D+455197]
	Ordinal0 [0x009EEDE4+454116]
	Ordinal0 [0x009EEDA5+454053]
	Ordinal0 [0x009F365B+472667]
	Ordinal0 [0x009EED5C+453980]
	Ordinal0 [0x009EF6D1+456401]
	Ordinal0 [0x009EF21D+455197]
	Ordinal0 [0x009EEDE4+454116]
	Ordinal0 [0x009EEDA5+454053]
	Ordinal0 [0x009F2C67+470119]
	Ordinal0 [0x009EED5C+453980]
	Ordinal0 [0x009EF6D1+456401]
	Ordinal0 [0x009EF21D+455197]
	Ordinal0 [0x009EEDE4+454116]
	Ordinal0 [0x009EEDA5+454053]
	Ordinal0 [0x009EBA0C+440844]
	Ordinal0 [0x009EED5C+453980]
	Ordinal0 [0x009EEC44+453700]
	Ordinal0 [0x009F8330+492336]
	Ordinal0 [0x009AA108+172296]
	Ordinal0 [0x009A942D+169005]
	Ordinal0 [0x009A78EB+162027]
	Ordinal0 [0x00990AC7+68295]
	Ordinal0 [0x00991B40+72512]
	Ordinal0 [0x00991AD9+72409]
	Ordinal0 [0x00A88F37+1085239]
	GetHandleVerifier [0x00B8D7ED+503293]
	GetHandleVerifier [0x00B8D580+502672]
	GetHandleVerifier [0x00B946AC+531644]
	GetHandleVerifier [0x00B8DFFA+505354]
	Ordinal0 [0x00A80606+1050118]
	Ordinal0 [0x00A8047F+1049727]
	Ordinal0 [0x00A8AF9B+1093531]
	Ordinal0 [0x00A8B103+1093891]
	Ordinal0 [0x00A8A095+1089685]
	BaseThreadInitThunk [0x76206359+25]
	RtlGetAppContainerNamedObjectPath [0x76F77B74+228]
	RtlGetAppContainerNamedObjectPath [0x76F77B44+180]

	at org.openqa.selenium.remote.W3CHandshakeResponse.lambda$errorHandler$0(W3CHandshakeResponse.java:62)
	at org.openqa.selenium.remote.HandshakeResponse.lambda$getResponseFunction$0(HandshakeResponse.java:30)
	at org.openqa.selenium.remote.ProtocolHandshake.lambda$createSession$0(ProtocolHandshake.java:126)
	at java.util.stream.ReferencePipeline$3$1.accept(ReferencePipeline.java:193)
	at java.util.Spliterators$ArraySpliterator.tryAdvance(Spliterators.java:958)
	at java.util.stream.ReferencePipeline.forEachWithCancel(ReferencePipeline.java:126)
	at java.util.stream.AbstractPipeline.copyIntoWithCancel(AbstractPipeline.java:498)
	at java.util.stream.AbstractPipeline.copyInto(AbstractPipeline.java:485)
	at java.util.stream.AbstractPipeline.wrapAndCopyInto(AbstractPipeline.java:471)
	at java.util.stream.FindOps$FindOp.evaluateSequential(FindOps.java:152)
	at java.util.stream.AbstractPipeline.evaluate(AbstractPipeline.java:234)
	at java.util.stream.ReferencePipeline.findFirst(ReferencePipeline.java:464)
	at org.openqa.selenium.remote.ProtocolHandshake.createSession(ProtocolHandshake.java:128)
	at org.openqa.selenium.remote.ProtocolHandshake.createSession(ProtocolHandshake.java:74)
	at org.openqa.selenium.remote.HttpCommandExecutor.execute(HttpCommandExecutor.java:136)
	at org.openqa.selenium.remote.service.DriverCommandExecutor.execute(DriverCommandExecutor.java:83)
	at org.openqa.selenium.remote.RemoteWebDriver.execute(RemoteWebDriver.java:552)
	at org.openqa.selenium.remote.RemoteWebDriver.startSession(RemoteWebDriver.java:213)
	at org.openqa.selenium.remote.RemoteWebDriver.&lt;init&gt;(RemoteWebDriver.java:131)
	at org.openqa.selenium.chrome.ChromeDriver.&lt;init&gt;(ChromeDriver.java:181)
	at org.openqa.selenium.chrome.ChromeDriver.&lt;init&gt;(ChromeDriver.java:168)
	at org.openqa.selenium.chrome.ChromeDriver.&lt;init&gt;(ChromeDriver.java:123)
	at com.qaTest.gmailapp.TestBase.initalization(TestBase.java:47)
	at com.qaTest.Logintestcases.GmailTestCase.setUp(GmailTestCase.java:32)
... Removed 28 stack frames</pre></div><a href='#' onClick='toggleBox("stack-trace1422238463", this, "Click to show all stack frames", "Click to hide stack frames")'>Click to show all stack frames</a>
<div class='stack-trace' id='stack-trace1422238463'><pre>org.openqa.selenium.SessionNotCreatedException: session not created
from tab crashed
  (Session info: chrome=78.0.3904.70)
Build info: version: &apos;3.141.59&apos;, revision: &apos;e82be7d358&apos;, time: &apos;2018-11-14T08:17:03&apos;
System info: host: &apos;NIT-LPT-R117&apos;, ip: &apos;192.168.137.1&apos;, os.name: &apos;Windows 10&apos;, os.arch: &apos;amd64&apos;, os.version: &apos;10.0&apos;, java.version: &apos;1.8.0_172&apos;
Driver info: driver.version: ChromeDriver
remote stacktrace: Backtrace:
	Ordinal0 [0x00AEEB13+1501971]
	Ordinal0 [0x00A6F6D1+980689]
	Ordinal0 [0x009F7508+488712]
	Ordinal0 [0x009F031A+459546]
	Ordinal0 [0x009EFEA4+458404]
	Ordinal0 [0x009EFA1D+457245]
	Ordinal0 [0x009EF21D+455197]
	Ordinal0 [0x009EEDE4+454116]
	Ordinal0 [0x009EEDA5+454053]
	Ordinal0 [0x009F6525+484645]
	Ordinal0 [0x009EED5C+453980]
	Ordinal0 [0x009EF6D1+456401]
	Ordinal0 [0x009EF21D+455197]
	Ordinal0 [0x009EEDE4+454116]
	Ordinal0 [0x009EEDA5+454053]
	Ordinal0 [0x009F4ECE+478926]
	Ordinal0 [0x009EED5C+453980]
	Ordinal0 [0x009EF6D1+456401]
	Ordinal0 [0x009EF21D+455197]
	Ordinal0 [0x009EEDE4+454116]
	Ordinal0 [0x009EEDA5+454053]
	Ordinal0 [0x009F365B+472667]
	Ordinal0 [0x009EED5C+453980]
	Ordinal0 [0x009EF6D1+456401]
	Ordinal0 [0x009EF21D+455197]
	Ordinal0 [0x009EEDE4+454116]
	Ordinal0 [0x009EEDA5+454053]
	Ordinal0 [0x009F2C67+470119]
	Ordinal0 [0x009EED5C+453980]
	Ordinal0 [0x009EF6D1+456401]
	Ordinal0 [0x009EF21D+455197]
	Ordinal0 [0x009EEDE4+454116]
	Ordinal0 [0x009EEDA5+454053]
	Ordinal0 [0x009EBA0C+440844]
	Ordinal0 [0x009EED5C+453980]
	Ordinal0 [0x009EEC44+453700]
	Ordinal0 [0x009F8330+492336]
	Ordinal0 [0x009AA108+172296]
	Ordinal0 [0x009A942D+169005]
	Ordinal0 [0x009A78EB+162027]
	Ordinal0 [0x00990AC7+68295]
	Ordinal0 [0x00991B40+72512]
	Ordinal0 [0x00991AD9+72409]
	Ordinal0 [0x00A88F37+1085239]
	GetHandleVerifier [0x00B8D7ED+503293]
	GetHandleVerifier [0x00B8D580+502672]
	GetHandleVerifier [0x00B946AC+531644]
	GetHandleVerifier [0x00B8DFFA+505354]
	Ordinal0 [0x00A80606+1050118]
	Ordinal0 [0x00A8047F+1049727]
	Ordinal0 [0x00A8AF9B+1093531]
	Ordinal0 [0x00A8B103+1093891]
	Ordinal0 [0x00A8A095+1089685]
	BaseThreadInitThunk [0x76206359+25]
	RtlGetAppContainerNamedObjectPath [0x76F77B74+228]
	RtlGetAppContainerNamedObjectPath [0x76F77B44+180]

	at sun.reflect.NativeConstructorAccessorImpl.newInstance0(Native Method)
	at sun.reflect.NativeConstructorAccessorImpl.newInstance(NativeConstructorAccessorImpl.java:62)
	at sun.reflect.DelegatingConstructorAccessorImpl.newInstance(DelegatingConstructorAccessorImpl.java:45)
	at java.lang.reflect.Constructor.newInstance(Constructor.java:423)
	at org.openqa.selenium.remote.W3CHandshakeResponse.lambda$errorHandler$0(W3CHandshakeResponse.java:62)
	at org.openqa.selenium.remote.HandshakeResponse.lambda$getResponseFunction$0(HandshakeResponse.java:30)
	at org.openqa.selenium.remote.ProtocolHandshake.lambda$createSession$0(ProtocolHandshake.java:126)
	at java.util.stream.ReferencePipeline$3$1.accept(ReferencePipeline.java:193)
	at java.util.Spliterators$ArraySpliterator.tryAdvance(Spliterators.java:958)
	at java.util.stream.ReferencePipeline.forEachWithCancel(ReferencePipeline.java:126)
	at java.util.stream.AbstractPipeline.copyIntoWithCancel(AbstractPipeline.java:498)
	at java.util.stream.AbstractPipeline.copyInto(AbstractPipeline.java:485)
	at java.util.stream.AbstractPipeline.wrapAndCopyInto(AbstractPipeline.java:471)
	at java.util.stream.FindOps$FindOp.evaluateSequential(FindOps.java:152)
	at java.util.stream.AbstractPipeline.evaluate(AbstractPipeline.java:234)
	at java.util.stream.ReferencePipeline.findFirst(ReferencePipeline.java:464)
	at org.openqa.selenium.remote.ProtocolHandshake.createSession(ProtocolHandshake.java:128)
	at org.openqa.selenium.remote.ProtocolHandshake.createSession(ProtocolHandshake.java:74)
	at org.openqa.selenium.remote.HttpCommandExecutor.execute(HttpCommandExecutor.java:136)
	at org.openqa.selenium.remote.service.DriverCommandExecutor.execute(DriverCommandExecutor.java:83)
	at org.openqa.selenium.remote.RemoteWebDriver.execute(RemoteWebDriver.java:552)
	at org.openqa.selenium.remote.RemoteWebDriver.startSession(RemoteWebDriver.java:213)
	at org.openqa.selenium.remote.RemoteWebDriver.&lt;init&gt;(RemoteWebDriver.java:131)
	at org.openqa.selenium.chrome.ChromeDriver.&lt;init&gt;(ChromeDriver.java:181)
	at org.openqa.selenium.chrome.ChromeDriver.&lt;init&gt;(ChromeDriver.java:168)
	at org.openqa.selenium.chrome.ChromeDriver.&lt;init&gt;(ChromeDriver.java:123)
	at com.qaTest.gmailapp.TestBase.initalization(TestBase.java:47)
	at com.qaTest.Logintestcases.GmailTestCase.setUp(GmailTestCase.java:32)
	at sun.reflect.NativeMethodAccessorImpl.invoke0(Native Method)
	at sun.reflect.NativeMethodAccessorImpl.invoke(NativeMethodAccessorImpl.java:62)
	at sun.reflect.DelegatingMethodAccessorImpl.invoke(DelegatingMethodAccessorImpl.java:43)
	at java.lang.reflect.Method.invoke(Method.java:498)
	at org.testng.internal.MethodInvocationHelper.invokeMethod(MethodInvocationHelper.java:124)
	at org.testng.internal.MethodInvocationHelper.invokeMethodConsideringTimeout(MethodInvocationHelper.java:59)
	at org.testng.internal.Invoker.invokeConfigurationMethod(Invoker.java:458)
	at org.testng.internal.Invoker.invokeConfigurations(Invoker.java:222)
	at org.testng.internal.Invoker.invokeConfigurations(Invoker.java:142)
	at org.testng.TestRunner.beforeRun(TestRunner.java:529)
	at org.testng.TestRunner.run(TestRunner.java:497)
	at org.testng.SuiteRunner.runTest(SuiteRunner.java:455)
	at org.testng.SuiteRunner.runSequentially(SuiteRunner.java:450)
	at org.testng.SuiteRunner.privateRun(SuiteRunner.java:415)
	at org.testng.SuiteRunner.run(SuiteRunner.java:364)
	at org.testng.SuiteRunnerWorker.runSuite(SuiteRunnerWorker.java:52)
	at org.testng.SuiteRunnerWorker.run(SuiteRunnerWorker.java:84)
	at org.testng.TestNG.runSuitesSequentially(TestNG.java:1208)
	at org.testng.TestNG.runSuitesLocally(TestNG.java:1137)
	at org.testng.TestNG.runSuites(TestNG.java:1049)
	at org.testng.TestNG.run(TestNG.java:1017)
	at org.testng.remote.AbstractRemoteTestNG.run(AbstractRemoteTestNG.java:132)
	at org.testng.remote.RemoteTestNG.initAndRun(RemoteTestNG.java:230)
	at org.testng.remote.RemoteTestNG.main(RemoteTestNG.java:76)
</pre></div></td>
<td>0</td>
<td>com.qaTest.Logintestcases.GmailTestCase@5c3bd550</td></tr>
<tr>
<td title='com.qaTest.Logintestcases.GmailTestCase.VerifyEmailcontents()'><b>VerifyEmailcontents</b><br>Test class: com.qaTest.Logintestcases.GmailTestCase</td>
<td><div><pre>org.openqa.selenium.SessionNotCreatedException: session not created
from tab crashed
  (Session info: chrome=78.0.3904.70)
Build info: version: &apos;3.141.59&apos;, revision: &apos;e82be7d358&apos;, time: &apos;2018-11-14T08:17:03&apos;
System info: host: &apos;NIT-LPT-R117&apos;, ip: &apos;192.168.137.1&apos;, os.name: &apos;Windows 10&apos;, os.arch: &apos;amd64&apos;, os.version: &apos;10.0&apos;, java.version: &apos;1.8.0_172&apos;
Driver info: driver.version: ChromeDriver
remote stacktrace: Backtrace:
	Ordinal0 [0x00AEEB13+1501971]
	Ordinal0 [0x00A6F6D1+980689]
	Ordinal0 [0x009F7508+488712]
	Ordinal0 [0x009F031A+459546]
	Ordinal0 [0x009EFEA4+458404]
	Ordinal0 [0x009EFA1D+457245]
	Ordinal0 [0x009EF21D+455197]
	Ordinal0 [0x009EEDE4+454116]
	Ordinal0 [0x009EEDA5+454053]
	Ordinal0 [0x009F6525+484645]
	Ordinal0 [0x009EED5C+453980]
	Ordinal0 [0x009EF6D1+456401]
	Ordinal0 [0x009EF21D+455197]
	Ordinal0 [0x009EEDE4+454116]
	Ordinal0 [0x009EEDA5+454053]
	Ordinal0 [0x009F4ECE+478926]
	Ordinal0 [0x009EED5C+453980]
	Ordinal0 [0x009EF6D1+456401]
	Ordinal0 [0x009EF21D+455197]
	Ordinal0 [0x009EEDE4+454116]
	Ordinal0 [0x009EEDA5+454053]
	Ordinal0 [0x009F365B+472667]
	Ordinal0 [0x009EED5C+453980]
	Ordinal0 [0x009EF6D1+456401]
	Ordinal0 [0x009EF21D+455197]
	Ordinal0 [0x009EEDE4+454116]
	Ordinal0 [0x009EEDA5+454053]
	Ordinal0 [0x009F2C67+470119]
	Ordinal0 [0x009EED5C+453980]
	Ordinal0 [0x009EF6D1+456401]
	Ordinal0 [0x009EF21D+455197]
	Ordinal0 [0x009EEDE4+454116]
	Ordinal0 [0x009EEDA5+454053]
	Ordinal0 [0x009EBA0C+440844]
	Ordinal0 [0x009EED5C+453980]
	Ordinal0 [0x009EEC44+453700]
	Ordinal0 [0x009F8330+492336]
	Ordinal0 [0x009AA108+172296]
	Ordinal0 [0x009A942D+169005]
	Ordinal0 [0x009A78EB+162027]
	Ordinal0 [0x00990AC7+68295]
	Ordinal0 [0x00991B40+72512]
	Ordinal0 [0x00991AD9+72409]
	Ordinal0 [0x00A88F37+1085239]
	GetHandleVerifier [0x00B8D7ED+503293]
	GetHandleVerifier [0x00B8D580+502672]
	GetHandleVerifier [0x00B946AC+531644]
	GetHandleVerifier [0x00B8DFFA+505354]
	Ordinal0 [0x00A80606+1050118]
	Ordinal0 [0x00A8047F+1049727]
	Ordinal0 [0x00A8AF9B+1093531]
	Ordinal0 [0x00A8B103+1093891]
	Ordinal0 [0x00A8A095+1089685]
	BaseThreadInitThunk [0x76206359+25]
	RtlGetAppContainerNamedObjectPath [0x76F77B74+228]
	RtlGetAppContainerNamedObjectPath [0x76F77B44+180]

	at org.openqa.selenium.remote.W3CHandshakeResponse.lambda$errorHandler$0(W3CHandshakeResponse.java:62)
	at org.openqa.selenium.remote.HandshakeResponse.lambda$getResponseFunction$0(HandshakeResponse.java:30)
	at org.openqa.selenium.remote.ProtocolHandshake.lambda$createSession$0(ProtocolHandshake.java:126)
	at java.util.stream.ReferencePipeline$3$1.accept(ReferencePipeline.java:193)
	at java.util.Spliterators$ArraySpliterator.tryAdvance(Spliterators.java:958)
	at java.util.stream.ReferencePipeline.forEachWithCancel(ReferencePipeline.java:126)
	at java.util.stream.AbstractPipeline.copyIntoWithCancel(AbstractPipeline.java:498)
	at java.util.stream.AbstractPipeline.copyInto(AbstractPipeline.java:485)
	at java.util.stream.AbstractPipeline.wrapAndCopyInto(AbstractPipeline.java:471)
	at java.util.stream.FindOps$FindOp.evaluateSequential(FindOps.java:152)
	at java.util.stream.AbstractPipeline.evaluate(AbstractPipeline.java:234)
	at java.util.stream.ReferencePipeline.findFirst(ReferencePipeline.java:464)
	at org.openqa.selenium.remote.ProtocolHandshake.createSession(ProtocolHandshake.java:128)
	at org.openqa.selenium.remote.ProtocolHandshake.createSession(ProtocolHandshake.java:74)
	at org.openqa.selenium.remote.HttpCommandExecutor.execute(HttpCommandExecutor.java:136)
	at org.openqa.selenium.remote.service.DriverCommandExecutor.execute(DriverCommandExecutor.java:83)
	at org.openqa.selenium.remote.RemoteWebDriver.execute(RemoteWebDriver.java:552)
	at org.openqa.selenium.remote.RemoteWebDriver.startSession(RemoteWebDriver.java:213)
	at org.openqa.selenium.remote.RemoteWebDriver.&lt;init&gt;(RemoteWebDriver.java:131)
	at org.openqa.selenium.chrome.ChromeDriver.&lt;init&gt;(ChromeDriver.java:181)
	at org.openqa.selenium.chrome.ChromeDriver.&lt;init&gt;(ChromeDriver.java:168)
	at org.openqa.selenium.chrome.ChromeDriver.&lt;init&gt;(ChromeDriver.java:123)
	at com.qaTest.gmailapp.TestBase.initalization(TestBase.java:47)
	at com.qaTest.Logintestcases.GmailTestCase.setUp(GmailTestCase.java:32)
... Removed 28 stack frames</pre></div><a href='#' onClick='toggleBox("stack-trace2097905212", this, "Click to show all stack frames", "Click to hide stack frames")'>Click to show all stack frames</a>
<div class='stack-trace' id='stack-trace2097905212'><pre>org.openqa.selenium.SessionNotCreatedException: session not created
from tab crashed
  (Session info: chrome=78.0.3904.70)
Build info: version: &apos;3.141.59&apos;, revision: &apos;e82be7d358&apos;, time: &apos;2018-11-14T08:17:03&apos;
System info: host: &apos;NIT-LPT-R117&apos;, ip: &apos;192.168.137.1&apos;, os.name: &apos;Windows 10&apos;, os.arch: &apos;amd64&apos;, os.version: &apos;10.0&apos;, java.version: &apos;1.8.0_172&apos;
Driver info: driver.version: ChromeDriver
remote stacktrace: Backtrace:
	Ordinal0 [0x00AEEB13+1501971]
	Ordinal0 [0x00A6F6D1+980689]
	Ordinal0 [0x009F7508+488712]
	Ordinal0 [0x009F031A+459546]
	Ordinal0 [0x009EFEA4+458404]
	Ordinal0 [0x009EFA1D+457245]
	Ordinal0 [0x009EF21D+455197]
	Ordinal0 [0x009EEDE4+454116]
	Ordinal0 [0x009EEDA5+454053]
	Ordinal0 [0x009F6525+484645]
	Ordinal0 [0x009EED5C+453980]
	Ordinal0 [0x009EF6D1+456401]
	Ordinal0 [0x009EF21D+455197]
	Ordinal0 [0x009EEDE4+454116]
	Ordinal0 [0x009EEDA5+454053]
	Ordinal0 [0x009F4ECE+478926]
	Ordinal0 [0x009EED5C+453980]
	Ordinal0 [0x009EF6D1+456401]
	Ordinal0 [0x009EF21D+455197]
	Ordinal0 [0x009EEDE4+454116]
	Ordinal0 [0x009EEDA5+454053]
	Ordinal0 [0x009F365B+472667]
	Ordinal0 [0x009EED5C+453980]
	Ordinal0 [0x009EF6D1+456401]
	Ordinal0 [0x009EF21D+455197]
	Ordinal0 [0x009EEDE4+454116]
	Ordinal0 [0x009EEDA5+454053]
	Ordinal0 [0x009F2C67+470119]
	Ordinal0 [0x009EED5C+453980]
	Ordinal0 [0x009EF6D1+456401]
	Ordinal0 [0x009EF21D+455197]
	Ordinal0 [0x009EEDE4+454116]
	Ordinal0 [0x009EEDA5+454053]
	Ordinal0 [0x009EBA0C+440844]
	Ordinal0 [0x009EED5C+453980]
	Ordinal0 [0x009EEC44+453700]
	Ordinal0 [0x009F8330+492336]
	Ordinal0 [0x009AA108+172296]
	Ordinal0 [0x009A942D+169005]
	Ordinal0 [0x009A78EB+162027]
	Ordinal0 [0x00990AC7+68295]
	Ordinal0 [0x00991B40+72512]
	Ordinal0 [0x00991AD9+72409]
	Ordinal0 [0x00A88F37+1085239]
	GetHandleVerifier [0x00B8D7ED+503293]
	GetHandleVerifier [0x00B8D580+502672]
	GetHandleVerifier [0x00B946AC+531644]
	GetHandleVerifier [0x00B8DFFA+505354]
	Ordinal0 [0x00A80606+1050118]
	Ordinal0 [0x00A8047F+1049727]
	Ordinal0 [0x00A8AF9B+1093531]
	Ordinal0 [0x00A8B103+1093891]
	Ordinal0 [0x00A8A095+1089685]
	BaseThreadInitThunk [0x76206359+25]
	RtlGetAppContainerNamedObjectPath [0x76F77B74+228]
	RtlGetAppContainerNamedObjectPath [0x76F77B44+180]

	at sun.reflect.NativeConstructorAccessorImpl.newInstance0(Native Method)
	at sun.reflect.NativeConstructorAccessorImpl.newInstance(NativeConstructorAccessorImpl.java:62)
	at sun.reflect.DelegatingConstructorAccessorImpl.newInstance(DelegatingConstructorAccessorImpl.java:45)
	at java.lang.reflect.Constructor.newInstance(Constructor.java:423)
	at org.openqa.selenium.remote.W3CHandshakeResponse.lambda$errorHandler$0(W3CHandshakeResponse.java:62)
	at org.openqa.selenium.remote.HandshakeResponse.lambda$getResponseFunction$0(HandshakeResponse.java:30)
	at org.openqa.selenium.remote.ProtocolHandshake.lambda$createSession$0(ProtocolHandshake.java:126)
	at java.util.stream.ReferencePipeline$3$1.accept(ReferencePipeline.java:193)
	at java.util.Spliterators$ArraySpliterator.tryAdvance(Spliterators.java:958)
	at java.util.stream.ReferencePipeline.forEachWithCancel(ReferencePipeline.java:126)
	at java.util.stream.AbstractPipeline.copyIntoWithCancel(AbstractPipeline.java:498)
	at java.util.stream.AbstractPipeline.copyInto(AbstractPipeline.java:485)
	at java.util.stream.AbstractPipeline.wrapAndCopyInto(AbstractPipeline.java:471)
	at java.util.stream.FindOps$FindOp.evaluateSequential(FindOps.java:152)
	at java.util.stream.AbstractPipeline.evaluate(AbstractPipeline.java:234)
	at java.util.stream.ReferencePipeline.findFirst(ReferencePipeline.java:464)
	at org.openqa.selenium.remote.ProtocolHandshake.createSession(ProtocolHandshake.java:128)
	at org.openqa.selenium.remote.ProtocolHandshake.createSession(ProtocolHandshake.java:74)
	at org.openqa.selenium.remote.HttpCommandExecutor.execute(HttpCommandExecutor.java:136)
	at org.openqa.selenium.remote.service.DriverCommandExecutor.execute(DriverCommandExecutor.java:83)
	at org.openqa.selenium.remote.RemoteWebDriver.execute(RemoteWebDriver.java:552)
	at org.openqa.selenium.remote.RemoteWebDriver.startSession(RemoteWebDriver.java:213)
	at org.openqa.selenium.remote.RemoteWebDriver.&lt;init&gt;(RemoteWebDriver.java:131)
	at org.openqa.selenium.chrome.ChromeDriver.&lt;init&gt;(ChromeDriver.java:181)
	at org.openqa.selenium.chrome.ChromeDriver.&lt;init&gt;(ChromeDriver.java:168)
	at org.openqa.selenium.chrome.ChromeDriver.&lt;init&gt;(ChromeDriver.java:123)
	at com.qaTest.gmailapp.TestBase.initalization(TestBase.java:47)
	at com.qaTest.Logintestcases.GmailTestCase.setUp(GmailTestCase.java:32)
	at sun.reflect.NativeMethodAccessorImpl.invoke0(Native Method)
	at sun.reflect.NativeMethodAccessorImpl.invoke(NativeMethodAccessorImpl.java:62)
	at sun.reflect.DelegatingMethodAccessorImpl.invoke(DelegatingMethodAccessorImpl.java:43)
	at java.lang.reflect.Method.invoke(Method.java:498)
	at org.testng.internal.MethodInvocationHelper.invokeMethod(MethodInvocationHelper.java:124)
	at org.testng.internal.MethodInvocationHelper.invokeMethodConsideringTimeout(MethodInvocationHelper.java:59)
	at org.testng.internal.Invoker.invokeConfigurationMethod(Invoker.java:458)
	at org.testng.internal.Invoker.invokeConfigurations(Invoker.java:222)
	at org.testng.internal.Invoker.invokeConfigurations(Invoker.java:142)
	at org.testng.TestRunner.beforeRun(TestRunner.java:529)
	at org.testng.TestRunner.run(TestRunner.java:497)
	at org.testng.SuiteRunner.runTest(SuiteRunner.java:455)
	at org.testng.SuiteRunner.runSequentially(SuiteRunner.java:450)
	at org.testng.SuiteRunner.privateRun(SuiteRunner.java:415)
	at org.testng.SuiteRunner.run(SuiteRunner.java:364)
	at org.testng.SuiteRunnerWorker.runSuite(SuiteRunnerWorker.java:52)
	at org.testng.SuiteRunnerWorker.run(SuiteRunnerWorker.java:84)
	at org.testng.TestNG.runSuitesSequentially(TestNG.java:1208)
	at org.testng.TestNG.runSuitesLocally(TestNG.java:1137)
	at org.testng.TestNG.runSuites(TestNG.java:1049)
	at org.testng.TestNG.run(TestNG.java:1017)
	at org.testng.remote.AbstractRemoteTestNG.run(AbstractRemoteTestNG.java:132)
	at org.testng.remote.RemoteTestNG.initAndRun(RemoteTestNG.java:230)
	at org.testng.remote.RemoteTestNG.main(RemoteTestNG.java:76)
</pre></div></td>
<td>0</td>
<td>com.qaTest.Logintestcases.GmailTestCase@5c3bd550</td></tr>
<tr>
<td title='com.qaTest.Logintestcases.GmailTestCase.VerifyLabel()'><b>VerifyLabel</b><br>Test class: com.qaTest.Logintestcases.GmailTestCase</td>
<td><div><pre>org.openqa.selenium.SessionNotCreatedException: session not created
from tab crashed
  (Session info: chrome=78.0.3904.70)
Build info: version: &apos;3.141.59&apos;, revision: &apos;e82be7d358&apos;, time: &apos;2018-11-14T08:17:03&apos;
System info: host: &apos;NIT-LPT-R117&apos;, ip: &apos;192.168.137.1&apos;, os.name: &apos;Windows 10&apos;, os.arch: &apos;amd64&apos;, os.version: &apos;10.0&apos;, java.version: &apos;1.8.0_172&apos;
Driver info: driver.version: ChromeDriver
remote stacktrace: Backtrace:
	Ordinal0 [0x00AEEB13+1501971]
	Ordinal0 [0x00A6F6D1+980689]
	Ordinal0 [0x009F7508+488712]
	Ordinal0 [0x009F031A+459546]
	Ordinal0 [0x009EFEA4+458404]
	Ordinal0 [0x009EFA1D+457245]
	Ordinal0 [0x009EF21D+455197]
	Ordinal0 [0x009EEDE4+454116]
	Ordinal0 [0x009EEDA5+454053]
	Ordinal0 [0x009F6525+484645]
	Ordinal0 [0x009EED5C+453980]
	Ordinal0 [0x009EF6D1+456401]
	Ordinal0 [0x009EF21D+455197]
	Ordinal0 [0x009EEDE4+454116]
	Ordinal0 [0x009EEDA5+454053]
	Ordinal0 [0x009F4ECE+478926]
	Ordinal0 [0x009EED5C+453980]
	Ordinal0 [0x009EF6D1+456401]
	Ordinal0 [0x009EF21D+455197]
	Ordinal0 [0x009EEDE4+454116]
	Ordinal0 [0x009EEDA5+454053]
	Ordinal0 [0x009F365B+472667]
	Ordinal0 [0x009EED5C+453980]
	Ordinal0 [0x009EF6D1+456401]
	Ordinal0 [0x009EF21D+455197]
	Ordinal0 [0x009EEDE4+454116]
	Ordinal0 [0x009EEDA5+454053]
	Ordinal0 [0x009F2C67+470119]
	Ordinal0 [0x009EED5C+453980]
	Ordinal0 [0x009EF6D1+456401]
	Ordinal0 [0x009EF21D+455197]
	Ordinal0 [0x009EEDE4+454116]
	Ordinal0 [0x009EEDA5+454053]
	Ordinal0 [0x009EBA0C+440844]
	Ordinal0 [0x009EED5C+453980]
	Ordinal0 [0x009EEC44+453700]
	Ordinal0 [0x009F8330+492336]
	Ordinal0 [0x009AA108+172296]
	Ordinal0 [0x009A942D+169005]
	Ordinal0 [0x009A78EB+162027]
	Ordinal0 [0x00990AC7+68295]
	Ordinal0 [0x00991B40+72512]
	Ordinal0 [0x00991AD9+72409]
	Ordinal0 [0x00A88F37+1085239]
	GetHandleVerifier [0x00B8D7ED+503293]
	GetHandleVerifier [0x00B8D580+502672]
	GetHandleVerifier [0x00B946AC+531644]
	GetHandleVerifier [0x00B8DFFA+505354]
	Ordinal0 [0x00A80606+1050118]
	Ordinal0 [0x00A8047F+1049727]
	Ordinal0 [0x00A8AF9B+1093531]
	Ordinal0 [0x00A8B103+1093891]
	Ordinal0 [0x00A8A095+1089685]
	BaseThreadInitThunk [0x76206359+25]
	RtlGetAppContainerNamedObjectPath [0x76F77B74+228]
	RtlGetAppContainerNamedObjectPath [0x76F77B44+180]

	at org.openqa.selenium.remote.W3CHandshakeResponse.lambda$errorHandler$0(W3CHandshakeResponse.java:62)
	at org.openqa.selenium.remote.HandshakeResponse.lambda$getResponseFunction$0(HandshakeResponse.java:30)
	at org.openqa.selenium.remote.ProtocolHandshake.lambda$createSession$0(ProtocolHandshake.java:126)
	at java.util.stream.ReferencePipeline$3$1.accept(ReferencePipeline.java:193)
	at java.util.Spliterators$ArraySpliterator.tryAdvance(Spliterators.java:958)
	at java.util.stream.ReferencePipeline.forEachWithCancel(ReferencePipeline.java:126)
	at java.util.stream.AbstractPipeline.copyIntoWithCancel(AbstractPipeline.java:498)
	at java.util.stream.AbstractPipeline.copyInto(AbstractPipeline.java:485)
	at java.util.stream.AbstractPipeline.wrapAndCopyInto(AbstractPipeline.java:471)
	at java.util.stream.FindOps$FindOp.evaluateSequential(FindOps.java:152)
	at java.util.stream.AbstractPipeline.evaluate(AbstractPipeline.java:234)
	at java.util.stream.ReferencePipeline.findFirst(ReferencePipeline.java:464)
	at org.openqa.selenium.remote.ProtocolHandshake.createSession(ProtocolHandshake.java:128)
	at org.openqa.selenium.remote.ProtocolHandshake.createSession(ProtocolHandshake.java:74)
	at org.openqa.selenium.remote.HttpCommandExecutor.execute(HttpCommandExecutor.java:136)
	at org.openqa.selenium.remote.service.DriverCommandExecutor.execute(DriverCommandExecutor.java:83)
	at org.openqa.selenium.remote.RemoteWebDriver.execute(RemoteWebDriver.java:552)
	at org.openqa.selenium.remote.RemoteWebDriver.startSession(RemoteWebDriver.java:213)
	at org.openqa.selenium.remote.RemoteWebDriver.&lt;init&gt;(RemoteWebDriver.java:131)
	at org.openqa.selenium.chrome.ChromeDriver.&lt;init&gt;(ChromeDriver.java:181)
	at org.openqa.selenium.chrome.ChromeDriver.&lt;init&gt;(ChromeDriver.java:168)
	at org.openqa.selenium.chrome.ChromeDriver.&lt;init&gt;(ChromeDriver.java:123)
	at com.qaTest.gmailapp.TestBase.initalization(TestBase.java:47)
	at com.qaTest.Logintestcases.GmailTestCase.setUp(GmailTestCase.java:32)
... Removed 28 stack frames</pre></div><a href='#' onClick='toggleBox("stack-trace1852777344", this, "Click to show all stack frames", "Click to hide stack frames")'>Click to show all stack frames</a>
<div class='stack-trace' id='stack-trace1852777344'><pre>org.openqa.selenium.SessionNotCreatedException: session not created
from tab crashed
  (Session info: chrome=78.0.3904.70)
Build info: version: &apos;3.141.59&apos;, revision: &apos;e82be7d358&apos;, time: &apos;2018-11-14T08:17:03&apos;
System info: host: &apos;NIT-LPT-R117&apos;, ip: &apos;192.168.137.1&apos;, os.name: &apos;Windows 10&apos;, os.arch: &apos;amd64&apos;, os.version: &apos;10.0&apos;, java.version: &apos;1.8.0_172&apos;
Driver info: driver.version: ChromeDriver
remote stacktrace: Backtrace:
	Ordinal0 [0x00AEEB13+1501971]
	Ordinal0 [0x00A6F6D1+980689]
	Ordinal0 [0x009F7508+488712]
	Ordinal0 [0x009F031A+459546]
	Ordinal0 [0x009EFEA4+458404]
	Ordinal0 [0x009EFA1D+457245]
	Ordinal0 [0x009EF21D+455197]
	Ordinal0 [0x009EEDE4+454116]
	Ordinal0 [0x009EEDA5+454053]
	Ordinal0 [0x009F6525+484645]
	Ordinal0 [0x009EED5C+453980]
	Ordinal0 [0x009EF6D1+456401]
	Ordinal0 [0x009EF21D+455197]
	Ordinal0 [0x009EEDE4+454116]
	Ordinal0 [0x009EEDA5+454053]
	Ordinal0 [0x009F4ECE+478926]
	Ordinal0 [0x009EED5C+453980]
	Ordinal0 [0x009EF6D1+456401]
	Ordinal0 [0x009EF21D+455197]
	Ordinal0 [0x009EEDE4+454116]
	Ordinal0 [0x009EEDA5+454053]
	Ordinal0 [0x009F365B+472667]
	Ordinal0 [0x009EED5C+453980]
	Ordinal0 [0x009EF6D1+456401]
	Ordinal0 [0x009EF21D+455197]
	Ordinal0 [0x009EEDE4+454116]
	Ordinal0 [0x009EEDA5+454053]
	Ordinal0 [0x009F2C67+470119]
	Ordinal0 [0x009EED5C+453980]
	Ordinal0 [0x009EF6D1+456401]
	Ordinal0 [0x009EF21D+455197]
	Ordinal0 [0x009EEDE4+454116]
	Ordinal0 [0x009EEDA5+454053]
	Ordinal0 [0x009EBA0C+440844]
	Ordinal0 [0x009EED5C+453980]
	Ordinal0 [0x009EEC44+453700]
	Ordinal0 [0x009F8330+492336]
	Ordinal0 [0x009AA108+172296]
	Ordinal0 [0x009A942D+169005]
	Ordinal0 [0x009A78EB+162027]
	Ordinal0 [0x00990AC7+68295]
	Ordinal0 [0x00991B40+72512]
	Ordinal0 [0x00991AD9+72409]
	Ordinal0 [0x00A88F37+1085239]
	GetHandleVerifier [0x00B8D7ED+503293]
	GetHandleVerifier [0x00B8D580+502672]
	GetHandleVerifier [0x00B946AC+531644]
	GetHandleVerifier [0x00B8DFFA+505354]
	Ordinal0 [0x00A80606+1050118]
	Ordinal0 [0x00A8047F+1049727]
	Ordinal0 [0x00A8AF9B+1093531]
	Ordinal0 [0x00A8B103+1093891]
	Ordinal0 [0x00A8A095+1089685]
	BaseThreadInitThunk [0x76206359+25]
	RtlGetAppContainerNamedObjectPath [0x76F77B74+228]
	RtlGetAppContainerNamedObjectPath [0x76F77B44+180]

	at sun.reflect.NativeConstructorAccessorImpl.newInstance0(Native Method)
	at sun.reflect.NativeConstructorAccessorImpl.newInstance(NativeConstructorAccessorImpl.java:62)
	at sun.reflect.DelegatingConstructorAccessorImpl.newInstance(DelegatingConstructorAccessorImpl.java:45)
	at java.lang.reflect.Constructor.newInstance(Constructor.java:423)
	at org.openqa.selenium.remote.W3CHandshakeResponse.lambda$errorHandler$0(W3CHandshakeResponse.java:62)
	at org.openqa.selenium.remote.HandshakeResponse.lambda$getResponseFunction$0(HandshakeResponse.java:30)
	at org.openqa.selenium.remote.ProtocolHandshake.lambda$createSession$0(ProtocolHandshake.java:126)
	at java.util.stream.ReferencePipeline$3$1.accept(ReferencePipeline.java:193)
	at java.util.Spliterators$ArraySpliterator.tryAdvance(Spliterators.java:958)
	at java.util.stream.ReferencePipeline.forEachWithCancel(ReferencePipeline.java:126)
	at java.util.stream.AbstractPipeline.copyIntoWithCancel(AbstractPipeline.java:498)
	at java.util.stream.AbstractPipeline.copyInto(AbstractPipeline.java:485)
	at java.util.stream.AbstractPipeline.wrapAndCopyInto(AbstractPipeline.java:471)
	at java.util.stream.FindOps$FindOp.evaluateSequential(FindOps.java:152)
	at java.util.stream.AbstractPipeline.evaluate(AbstractPipeline.java:234)
	at java.util.stream.ReferencePipeline.findFirst(ReferencePipeline.java:464)
	at org.openqa.selenium.remote.ProtocolHandshake.createSession(ProtocolHandshake.java:128)
	at org.openqa.selenium.remote.ProtocolHandshake.createSession(ProtocolHandshake.java:74)
	at org.openqa.selenium.remote.HttpCommandExecutor.execute(HttpCommandExecutor.java:136)
	at org.openqa.selenium.remote.service.DriverCommandExecutor.execute(DriverCommandExecutor.java:83)
	at org.openqa.selenium.remote.RemoteWebDriver.execute(RemoteWebDriver.java:552)
	at org.openqa.selenium.remote.RemoteWebDriver.startSession(RemoteWebDriver.java:213)
	at org.openqa.selenium.remote.RemoteWebDriver.&lt;init&gt;(RemoteWebDriver.java:131)
	at org.openqa.selenium.chrome.ChromeDriver.&lt;init&gt;(ChromeDriver.java:181)
	at org.openqa.selenium.chrome.ChromeDriver.&lt;init&gt;(ChromeDriver.java:168)
	at org.openqa.selenium.chrome.ChromeDriver.&lt;init&gt;(ChromeDriver.java:123)
	at com.qaTest.gmailapp.TestBase.initalization(TestBase.java:47)
	at com.qaTest.Logintestcases.GmailTestCase.setUp(GmailTestCase.java:32)
	at sun.reflect.NativeMethodAccessorImpl.invoke0(Native Method)
	at sun.reflect.NativeMethodAccessorImpl.invoke(NativeMethodAccessorImpl.java:62)
	at sun.reflect.DelegatingMethodAccessorImpl.invoke(DelegatingMethodAccessorImpl.java:43)
	at java.lang.reflect.Method.invoke(Method.java:498)
	at org.testng.internal.MethodInvocationHelper.invokeMethod(MethodInvocationHelper.java:124)
	at org.testng.internal.MethodInvocationHelper.invokeMethodConsideringTimeout(MethodInvocationHelper.java:59)
	at org.testng.internal.Invoker.invokeConfigurationMethod(Invoker.java:458)
	at org.testng.internal.Invoker.invokeConfigurations(Invoker.java:222)
	at org.testng.internal.Invoker.invokeConfigurations(Invoker.java:142)
	at org.testng.TestRunner.beforeRun(TestRunner.java:529)
	at org.testng.TestRunner.run(TestRunner.java:497)
	at org.testng.SuiteRunner.runTest(SuiteRunner.java:455)
	at org.testng.SuiteRunner.runSequentially(SuiteRunner.java:450)
	at org.testng.SuiteRunner.privateRun(SuiteRunner.java:415)
	at org.testng.SuiteRunner.run(SuiteRunner.java:364)
	at org.testng.SuiteRunnerWorker.runSuite(SuiteRunnerWorker.java:52)
	at org.testng.SuiteRunnerWorker.run(SuiteRunnerWorker.java:84)
	at org.testng.TestNG.runSuitesSequentially(TestNG.java:1208)
	at org.testng.TestNG.runSuitesLocally(TestNG.java:1137)
	at org.testng.TestNG.runSuites(TestNG.java:1049)
	at org.testng.TestNG.run(TestNG.java:1017)
	at org.testng.remote.AbstractRemoteTestNG.run(AbstractRemoteTestNG.java:132)
	at org.testng.remote.RemoteTestNG.initAndRun(RemoteTestNG.java:230)
	at org.testng.remote.RemoteTestNG.main(RemoteTestNG.java:76)
</pre></div></td>
<td>0</td>
<td>com.qaTest.Logintestcases.GmailTestCase@5c3bd550</td></tr>
<tr>
<td title='com.qaTest.Logintestcases.GmailTestCase.VerifyNext()'><b>VerifyNext</b><br>Test class: com.qaTest.Logintestcases.GmailTestCase</td>
<td><div><pre>org.openqa.selenium.SessionNotCreatedException: session not created
from tab crashed
  (Session info: chrome=78.0.3904.70)
Build info: version: &apos;3.141.59&apos;, revision: &apos;e82be7d358&apos;, time: &apos;2018-11-14T08:17:03&apos;
System info: host: &apos;NIT-LPT-R117&apos;, ip: &apos;192.168.137.1&apos;, os.name: &apos;Windows 10&apos;, os.arch: &apos;amd64&apos;, os.version: &apos;10.0&apos;, java.version: &apos;1.8.0_172&apos;
Driver info: driver.version: ChromeDriver
remote stacktrace: Backtrace:
	Ordinal0 [0x00AEEB13+1501971]
	Ordinal0 [0x00A6F6D1+980689]
	Ordinal0 [0x009F7508+488712]
	Ordinal0 [0x009F031A+459546]
	Ordinal0 [0x009EFEA4+458404]
	Ordinal0 [0x009EFA1D+457245]
	Ordinal0 [0x009EF21D+455197]
	Ordinal0 [0x009EEDE4+454116]
	Ordinal0 [0x009EEDA5+454053]
	Ordinal0 [0x009F6525+484645]
	Ordinal0 [0x009EED5C+453980]
	Ordinal0 [0x009EF6D1+456401]
	Ordinal0 [0x009EF21D+455197]
	Ordinal0 [0x009EEDE4+454116]
	Ordinal0 [0x009EEDA5+454053]
	Ordinal0 [0x009F4ECE+478926]
	Ordinal0 [0x009EED5C+453980]
	Ordinal0 [0x009EF6D1+456401]
	Ordinal0 [0x009EF21D+455197]
	Ordinal0 [0x009EEDE4+454116]
	Ordinal0 [0x009EEDA5+454053]
	Ordinal0 [0x009F365B+472667]
	Ordinal0 [0x009EED5C+453980]
	Ordinal0 [0x009EF6D1+456401]
	Ordinal0 [0x009EF21D+455197]
	Ordinal0 [0x009EEDE4+454116]
	Ordinal0 [0x009EEDA5+454053]
	Ordinal0 [0x009F2C67+470119]
	Ordinal0 [0x009EED5C+453980]
	Ordinal0 [0x009EF6D1+456401]
	Ordinal0 [0x009EF21D+455197]
	Ordinal0 [0x009EEDE4+454116]
	Ordinal0 [0x009EEDA5+454053]
	Ordinal0 [0x009EBA0C+440844]
	Ordinal0 [0x009EED5C+453980]
	Ordinal0 [0x009EEC44+453700]
	Ordinal0 [0x009F8330+492336]
	Ordinal0 [0x009AA108+172296]
	Ordinal0 [0x009A942D+169005]
	Ordinal0 [0x009A78EB+162027]
	Ordinal0 [0x00990AC7+68295]
	Ordinal0 [0x00991B40+72512]
	Ordinal0 [0x00991AD9+72409]
	Ordinal0 [0x00A88F37+1085239]
	GetHandleVerifier [0x00B8D7ED+503293]
	GetHandleVerifier [0x00B8D580+502672]
	GetHandleVerifier [0x00B946AC+531644]
	GetHandleVerifier [0x00B8DFFA+505354]
	Ordinal0 [0x00A80606+1050118]
	Ordinal0 [0x00A8047F+1049727]
	Ordinal0 [0x00A8AF9B+1093531]
	Ordinal0 [0x00A8B103+1093891]
	Ordinal0 [0x00A8A095+1089685]
	BaseThreadInitThunk [0x76206359+25]
	RtlGetAppContainerNamedObjectPath [0x76F77B74+228]
	RtlGetAppContainerNamedObjectPath [0x76F77B44+180]

	at org.openqa.selenium.remote.W3CHandshakeResponse.lambda$errorHandler$0(W3CHandshakeResponse.java:62)
	at org.openqa.selenium.remote.HandshakeResponse.lambda$getResponseFunction$0(HandshakeResponse.java:30)
	at org.openqa.selenium.remote.ProtocolHandshake.lambda$createSession$0(ProtocolHandshake.java:126)
	at java.util.stream.ReferencePipeline$3$1.accept(ReferencePipeline.java:193)
	at java.util.Spliterators$ArraySpliterator.tryAdvance(Spliterators.java:958)
	at java.util.stream.ReferencePipeline.forEachWithCancel(ReferencePipeline.java:126)
	at java.util.stream.AbstractPipeline.copyIntoWithCancel(AbstractPipeline.java:498)
	at java.util.stream.AbstractPipeline.copyInto(AbstractPipeline.java:485)
	at java.util.stream.AbstractPipeline.wrapAndCopyInto(AbstractPipeline.java:471)
	at java.util.stream.FindOps$FindOp.evaluateSequential(FindOps.java:152)
	at java.util.stream.AbstractPipeline.evaluate(AbstractPipeline.java:234)
	at java.util.stream.ReferencePipeline.findFirst(ReferencePipeline.java:464)
	at org.openqa.selenium.remote.ProtocolHandshake.createSession(ProtocolHandshake.java:128)
	at org.openqa.selenium.remote.ProtocolHandshake.createSession(ProtocolHandshake.java:74)
	at org.openqa.selenium.remote.HttpCommandExecutor.execute(HttpCommandExecutor.java:136)
	at org.openqa.selenium.remote.service.DriverCommandExecutor.execute(DriverCommandExecutor.java:83)
	at org.openqa.selenium.remote.RemoteWebDriver.execute(RemoteWebDriver.java:552)
	at org.openqa.selenium.remote.RemoteWebDriver.startSession(RemoteWebDriver.java:213)
	at org.openqa.selenium.remote.RemoteWebDriver.&lt;init&gt;(RemoteWebDriver.java:131)
	at org.openqa.selenium.chrome.ChromeDriver.&lt;init&gt;(ChromeDriver.java:181)
	at org.openqa.selenium.chrome.ChromeDriver.&lt;init&gt;(ChromeDriver.java:168)
	at org.openqa.selenium.chrome.ChromeDriver.&lt;init&gt;(ChromeDriver.java:123)
	at com.qaTest.gmailapp.TestBase.initalization(TestBase.java:47)
	at com.qaTest.Logintestcases.GmailTestCase.setUp(GmailTestCase.java:32)
... Removed 28 stack frames</pre></div><a href='#' onClick='toggleBox("stack-trace1833789138", this, "Click to show all stack frames", "Click to hide stack frames")'>Click to show all stack frames</a>
<div class='stack-trace' id='stack-trace1833789138'><pre>org.openqa.selenium.SessionNotCreatedException: session not created
from tab crashed
  (Session info: chrome=78.0.3904.70)
Build info: version: &apos;3.141.59&apos;, revision: &apos;e82be7d358&apos;, time: &apos;2018-11-14T08:17:03&apos;
System info: host: &apos;NIT-LPT-R117&apos;, ip: &apos;192.168.137.1&apos;, os.name: &apos;Windows 10&apos;, os.arch: &apos;amd64&apos;, os.version: &apos;10.0&apos;, java.version: &apos;1.8.0_172&apos;
Driver info: driver.version: ChromeDriver
remote stacktrace: Backtrace:
	Ordinal0 [0x00AEEB13+1501971]
	Ordinal0 [0x00A6F6D1+980689]
	Ordinal0 [0x009F7508+488712]
	Ordinal0 [0x009F031A+459546]
	Ordinal0 [0x009EFEA4+458404]
	Ordinal0 [0x009EFA1D+457245]
	Ordinal0 [0x009EF21D+455197]
	Ordinal0 [0x009EEDE4+454116]
	Ordinal0 [0x009EEDA5+454053]
	Ordinal0 [0x009F6525+484645]
	Ordinal0 [0x009EED5C+453980]
	Ordinal0 [0x009EF6D1+456401]
	Ordinal0 [0x009EF21D+455197]
	Ordinal0 [0x009EEDE4+454116]
	Ordinal0 [0x009EEDA5+454053]
	Ordinal0 [0x009F4ECE+478926]
	Ordinal0 [0x009EED5C+453980]
	Ordinal0 [0x009EF6D1+456401]
	Ordinal0 [0x009EF21D+455197]
	Ordinal0 [0x009EEDE4+454116]
	Ordinal0 [0x009EEDA5+454053]
	Ordinal0 [0x009F365B+472667]
	Ordinal0 [0x009EED5C+453980]
	Ordinal0 [0x009EF6D1+456401]
	Ordinal0 [0x009EF21D+455197]
	Ordinal0 [0x009EEDE4+454116]
	Ordinal0 [0x009EEDA5+454053]
	Ordinal0 [0x009F2C67+470119]
	Ordinal0 [0x009EED5C+453980]
	Ordinal0 [0x009EF6D1+456401]
	Ordinal0 [0x009EF21D+455197]
	Ordinal0 [0x009EEDE4+454116]
	Ordinal0 [0x009EEDA5+454053]
	Ordinal0 [0x009EBA0C+440844]
	Ordinal0 [0x009EED5C+453980]
	Ordinal0 [0x009EEC44+453700]
	Ordinal0 [0x009F8330+492336]
	Ordinal0 [0x009AA108+172296]
	Ordinal0 [0x009A942D+169005]
	Ordinal0 [0x009A78EB+162027]
	Ordinal0 [0x00990AC7+68295]
	Ordinal0 [0x00991B40+72512]
	Ordinal0 [0x00991AD9+72409]
	Ordinal0 [0x00A88F37+1085239]
	GetHandleVerifier [0x00B8D7ED+503293]
	GetHandleVerifier [0x00B8D580+502672]
	GetHandleVerifier [0x00B946AC+531644]
	GetHandleVerifier [0x00B8DFFA+505354]
	Ordinal0 [0x00A80606+1050118]
	Ordinal0 [0x00A8047F+1049727]
	Ordinal0 [0x00A8AF9B+1093531]
	Ordinal0 [0x00A8B103+1093891]
	Ordinal0 [0x00A8A095+1089685]
	BaseThreadInitThunk [0x76206359+25]
	RtlGetAppContainerNamedObjectPath [0x76F77B74+228]
	RtlGetAppContainerNamedObjectPath [0x76F77B44+180]

	at sun.reflect.NativeConstructorAccessorImpl.newInstance0(Native Method)
	at sun.reflect.NativeConstructorAccessorImpl.newInstance(NativeConstructorAccessorImpl.java:62)
	at sun.reflect.DelegatingConstructorAccessorImpl.newInstance(DelegatingConstructorAccessorImpl.java:45)
	at java.lang.reflect.Constructor.newInstance(Constructor.java:423)
	at org.openqa.selenium.remote.W3CHandshakeResponse.lambda$errorHandler$0(W3CHandshakeResponse.java:62)
	at org.openqa.selenium.remote.HandshakeResponse.lambda$getResponseFunction$0(HandshakeResponse.java:30)
	at org.openqa.selenium.remote.ProtocolHandshake.lambda$createSession$0(ProtocolHandshake.java:126)
	at java.util.stream.ReferencePipeline$3$1.accept(ReferencePipeline.java:193)
	at java.util.Spliterators$ArraySpliterator.tryAdvance(Spliterators.java:958)
	at java.util.stream.ReferencePipeline.forEachWithCancel(ReferencePipeline.java:126)
	at java.util.stream.AbstractPipeline.copyIntoWithCancel(AbstractPipeline.java:498)
	at java.util.stream.AbstractPipeline.copyInto(AbstractPipeline.java:485)
	at java.util.stream.AbstractPipeline.wrapAndCopyInto(AbstractPipeline.java:471)
	at java.util.stream.FindOps$FindOp.evaluateSequential(FindOps.java:152)
	at java.util.stream.AbstractPipeline.evaluate(AbstractPipeline.java:234)
	at java.util.stream.ReferencePipeline.findFirst(ReferencePipeline.java:464)
	at org.openqa.selenium.remote.ProtocolHandshake.createSession(ProtocolHandshake.java:128)
	at org.openqa.selenium.remote.ProtocolHandshake.createSession(ProtocolHandshake.java:74)
	at org.openqa.selenium.remote.HttpCommandExecutor.execute(HttpCommandExecutor.java:136)
	at org.openqa.selenium.remote.service.DriverCommandExecutor.execute(DriverCommandExecutor.java:83)
	at org.openqa.selenium.remote.RemoteWebDriver.execute(RemoteWebDriver.java:552)
	at org.openqa.selenium.remote.RemoteWebDriver.startSession(RemoteWebDriver.java:213)
	at org.openqa.selenium.remote.RemoteWebDriver.&lt;init&gt;(RemoteWebDriver.java:131)
	at org.openqa.selenium.chrome.ChromeDriver.&lt;init&gt;(ChromeDriver.java:181)
	at org.openqa.selenium.chrome.ChromeDriver.&lt;init&gt;(ChromeDriver.java:168)
	at org.openqa.selenium.chrome.ChromeDriver.&lt;init&gt;(ChromeDriver.java:123)
	at com.qaTest.gmailapp.TestBase.initalization(TestBase.java:47)
	at com.qaTest.Logintestcases.GmailTestCase.setUp(GmailTestCase.java:32)
	at sun.reflect.NativeMethodAccessorImpl.invoke0(Native Method)
	at sun.reflect.NativeMethodAccessorImpl.invoke(NativeMethodAccessorImpl.java:62)
	at sun.reflect.DelegatingMethodAccessorImpl.invoke(DelegatingMethodAccessorImpl.java:43)
	at java.lang.reflect.Method.invoke(Method.java:498)
	at org.testng.internal.MethodInvocationHelper.invokeMethod(MethodInvocationHelper.java:124)
	at org.testng.internal.MethodInvocationHelper.invokeMethodConsideringTimeout(MethodInvocationHelper.java:59)
	at org.testng.internal.Invoker.invokeConfigurationMethod(Invoker.java:458)
	at org.testng.internal.Invoker.invokeConfigurations(Invoker.java:222)
	at org.testng.internal.Invoker.invokeConfigurations(Invoker.java:142)
	at org.testng.TestRunner.beforeRun(TestRunner.java:529)
	at org.testng.TestRunner.run(TestRunner.java:497)
	at org.testng.SuiteRunner.runTest(SuiteRunner.java:455)
	at org.testng.SuiteRunner.runSequentially(SuiteRunner.java:450)
	at org.testng.SuiteRunner.privateRun(SuiteRunner.java:415)
	at org.testng.SuiteRunner.run(SuiteRunner.java:364)
	at org.testng.SuiteRunnerWorker.runSuite(SuiteRunnerWorker.java:52)
	at org.testng.SuiteRunnerWorker.run(SuiteRunnerWorker.java:84)
	at org.testng.TestNG.runSuitesSequentially(TestNG.java:1208)
	at org.testng.TestNG.runSuitesLocally(TestNG.java:1137)
	at org.testng.TestNG.runSuites(TestNG.java:1049)
	at org.testng.TestNG.run(TestNG.java:1017)
	at org.testng.remote.AbstractRemoteTestNG.run(AbstractRemoteTestNG.java:132)
	at org.testng.remote.RemoteTestNG.initAndRun(RemoteTestNG.java:230)
	at org.testng.remote.RemoteTestNG.main(RemoteTestNG.java:76)
</pre></div></td>
<td>0</td>
<td>com.qaTest.Logintestcases.GmailTestCase@5c3bd550</td></tr>
<tr>
<td title='com.qaTest.Logintestcases.GmailTestCase.VerifyNext2()'><b>VerifyNext2</b><br>Test class: com.qaTest.Logintestcases.GmailTestCase</td>
<td><div><pre>org.openqa.selenium.SessionNotCreatedException: session not created
from tab crashed
  (Session info: chrome=78.0.3904.70)
Build info: version: &apos;3.141.59&apos;, revision: &apos;e82be7d358&apos;, time: &apos;2018-11-14T08:17:03&apos;
System info: host: &apos;NIT-LPT-R117&apos;, ip: &apos;192.168.137.1&apos;, os.name: &apos;Windows 10&apos;, os.arch: &apos;amd64&apos;, os.version: &apos;10.0&apos;, java.version: &apos;1.8.0_172&apos;
Driver info: driver.version: ChromeDriver
remote stacktrace: Backtrace:
	Ordinal0 [0x00AEEB13+1501971]
	Ordinal0 [0x00A6F6D1+980689]
	Ordinal0 [0x009F7508+488712]
	Ordinal0 [0x009F031A+459546]
	Ordinal0 [0x009EFEA4+458404]
	Ordinal0 [0x009EFA1D+457245]
	Ordinal0 [0x009EF21D+455197]
	Ordinal0 [0x009EEDE4+454116]
	Ordinal0 [0x009EEDA5+454053]
	Ordinal0 [0x009F6525+484645]
	Ordinal0 [0x009EED5C+453980]
	Ordinal0 [0x009EF6D1+456401]
	Ordinal0 [0x009EF21D+455197]
	Ordinal0 [0x009EEDE4+454116]
	Ordinal0 [0x009EEDA5+454053]
	Ordinal0 [0x009F4ECE+478926]
	Ordinal0 [0x009EED5C+453980]
	Ordinal0 [0x009EF6D1+456401]
	Ordinal0 [0x009EF21D+455197]
	Ordinal0 [0x009EEDE4+454116]
	Ordinal0 [0x009EEDA5+454053]
	Ordinal0 [0x009F365B+472667]
	Ordinal0 [0x009EED5C+453980]
	Ordinal0 [0x009EF6D1+456401]
	Ordinal0 [0x009EF21D+455197]
	Ordinal0 [0x009EEDE4+454116]
	Ordinal0 [0x009EEDA5+454053]
	Ordinal0 [0x009F2C67+470119]
	Ordinal0 [0x009EED5C+453980]
	Ordinal0 [0x009EF6D1+456401]
	Ordinal0 [0x009EF21D+455197]
	Ordinal0 [0x009EEDE4+454116]
	Ordinal0 [0x009EEDA5+454053]
	Ordinal0 [0x009EBA0C+440844]
	Ordinal0 [0x009EED5C+453980]
	Ordinal0 [0x009EEC44+453700]
	Ordinal0 [0x009F8330+492336]
	Ordinal0 [0x009AA108+172296]
	Ordinal0 [0x009A942D+169005]
	Ordinal0 [0x009A78EB+162027]
	Ordinal0 [0x00990AC7+68295]
	Ordinal0 [0x00991B40+72512]
	Ordinal0 [0x00991AD9+72409]
	Ordinal0 [0x00A88F37+1085239]
	GetHandleVerifier [0x00B8D7ED+503293]
	GetHandleVerifier [0x00B8D580+502672]
	GetHandleVerifier [0x00B946AC+531644]
	GetHandleVerifier [0x00B8DFFA+505354]
	Ordinal0 [0x00A80606+1050118]
	Ordinal0 [0x00A8047F+1049727]
	Ordinal0 [0x00A8AF9B+1093531]
	Ordinal0 [0x00A8B103+1093891]
	Ordinal0 [0x00A8A095+1089685]
	BaseThreadInitThunk [0x76206359+25]
	RtlGetAppContainerNamedObjectPath [0x76F77B74+228]
	RtlGetAppContainerNamedObjectPath [0x76F77B44+180]

	at org.openqa.selenium.remote.W3CHandshakeResponse.lambda$errorHandler$0(W3CHandshakeResponse.java:62)
	at org.openqa.selenium.remote.HandshakeResponse.lambda$getResponseFunction$0(HandshakeResponse.java:30)
	at org.openqa.selenium.remote.ProtocolHandshake.lambda$createSession$0(ProtocolHandshake.java:126)
	at java.util.stream.ReferencePipeline$3$1.accept(ReferencePipeline.java:193)
	at java.util.Spliterators$ArraySpliterator.tryAdvance(Spliterators.java:958)
	at java.util.stream.ReferencePipeline.forEachWithCancel(ReferencePipeline.java:126)
	at java.util.stream.AbstractPipeline.copyIntoWithCancel(AbstractPipeline.java:498)
	at java.util.stream.AbstractPipeline.copyInto(AbstractPipeline.java:485)
	at java.util.stream.AbstractPipeline.wrapAndCopyInto(AbstractPipeline.java:471)
	at java.util.stream.FindOps$FindOp.evaluateSequential(FindOps.java:152)
	at java.util.stream.AbstractPipeline.evaluate(AbstractPipeline.java:234)
	at java.util.stream.ReferencePipeline.findFirst(ReferencePipeline.java:464)
	at org.openqa.selenium.remote.ProtocolHandshake.createSession(ProtocolHandshake.java:128)
	at org.openqa.selenium.remote.ProtocolHandshake.createSession(ProtocolHandshake.java:74)
	at org.openqa.selenium.remote.HttpCommandExecutor.execute(HttpCommandExecutor.java:136)
	at org.openqa.selenium.remote.service.DriverCommandExecutor.execute(DriverCommandExecutor.java:83)
	at org.openqa.selenium.remote.RemoteWebDriver.execute(RemoteWebDriver.java:552)
	at org.openqa.selenium.remote.RemoteWebDriver.startSession(RemoteWebDriver.java:213)
	at org.openqa.selenium.remote.RemoteWebDriver.&lt;init&gt;(RemoteWebDriver.java:131)
	at org.openqa.selenium.chrome.ChromeDriver.&lt;init&gt;(ChromeDriver.java:181)
	at org.openqa.selenium.chrome.ChromeDriver.&lt;init&gt;(ChromeDriver.java:168)
	at org.openqa.selenium.chrome.ChromeDriver.&lt;init&gt;(ChromeDriver.java:123)
	at com.qaTest.gmailapp.TestBase.initalization(TestBase.java:47)
	at com.qaTest.Logintestcases.GmailTestCase.setUp(GmailTestCase.java:32)
... Removed 28 stack frames</pre></div><a href='#' onClick='toggleBox("stack-trace288958772", this, "Click to show all stack frames", "Click to hide stack frames")'>Click to show all stack frames</a>
<div class='stack-trace' id='stack-trace288958772'><pre>org.openqa.selenium.SessionNotCreatedException: session not created
from tab crashed
  (Session info: chrome=78.0.3904.70)
Build info: version: &apos;3.141.59&apos;, revision: &apos;e82be7d358&apos;, time: &apos;2018-11-14T08:17:03&apos;
System info: host: &apos;NIT-LPT-R117&apos;, ip: &apos;192.168.137.1&apos;, os.name: &apos;Windows 10&apos;, os.arch: &apos;amd64&apos;, os.version: &apos;10.0&apos;, java.version: &apos;1.8.0_172&apos;
Driver info: driver.version: ChromeDriver
remote stacktrace: Backtrace:
	Ordinal0 [0x00AEEB13+1501971]
	Ordinal0 [0x00A6F6D1+980689]
	Ordinal0 [0x009F7508+488712]
	Ordinal0 [0x009F031A+459546]
	Ordinal0 [0x009EFEA4+458404]
	Ordinal0 [0x009EFA1D+457245]
	Ordinal0 [0x009EF21D+455197]
	Ordinal0 [0x009EEDE4+454116]
	Ordinal0 [0x009EEDA5+454053]
	Ordinal0 [0x009F6525+484645]
	Ordinal0 [0x009EED5C+453980]
	Ordinal0 [0x009EF6D1+456401]
	Ordinal0 [0x009EF21D+455197]
	Ordinal0 [0x009EEDE4+454116]
	Ordinal0 [0x009EEDA5+454053]
	Ordinal0 [0x009F4ECE+478926]
	Ordinal0 [0x009EED5C+453980]
	Ordinal0 [0x009EF6D1+456401]
	Ordinal0 [0x009EF21D+455197]
	Ordinal0 [0x009EEDE4+454116]
	Ordinal0 [0x009EEDA5+454053]
	Ordinal0 [0x009F365B+472667]
	Ordinal0 [0x009EED5C+453980]
	Ordinal0 [0x009EF6D1+456401]
	Ordinal0 [0x009EF21D+455197]
	Ordinal0 [0x009EEDE4+454116]
	Ordinal0 [0x009EEDA5+454053]
	Ordinal0 [0x009F2C67+470119]
	Ordinal0 [0x009EED5C+453980]
	Ordinal0 [0x009EF6D1+456401]
	Ordinal0 [0x009EF21D+455197]
	Ordinal0 [0x009EEDE4+454116]
	Ordinal0 [0x009EEDA5+454053]
	Ordinal0 [0x009EBA0C+440844]
	Ordinal0 [0x009EED5C+453980]
	Ordinal0 [0x009EEC44+453700]
	Ordinal0 [0x009F8330+492336]
	Ordinal0 [0x009AA108+172296]
	Ordinal0 [0x009A942D+169005]
	Ordinal0 [0x009A78EB+162027]
	Ordinal0 [0x00990AC7+68295]
	Ordinal0 [0x00991B40+72512]
	Ordinal0 [0x00991AD9+72409]
	Ordinal0 [0x00A88F37+1085239]
	GetHandleVerifier [0x00B8D7ED+503293]
	GetHandleVerifier [0x00B8D580+502672]
	GetHandleVerifier [0x00B946AC+531644]
	GetHandleVerifier [0x00B8DFFA+505354]
	Ordinal0 [0x00A80606+1050118]
	Ordinal0 [0x00A8047F+1049727]
	Ordinal0 [0x00A8AF9B+1093531]
	Ordinal0 [0x00A8B103+1093891]
	Ordinal0 [0x00A8A095+1089685]
	BaseThreadInitThunk [0x76206359+25]
	RtlGetAppContainerNamedObjectPath [0x76F77B74+228]
	RtlGetAppContainerNamedObjectPath [0x76F77B44+180]

	at sun.reflect.NativeConstructorAccessorImpl.newInstance0(Native Method)
	at sun.reflect.NativeConstructorAccessorImpl.newInstance(NativeConstructorAccessorImpl.java:62)
	at sun.reflect.DelegatingConstructorAccessorImpl.newInstance(DelegatingConstructorAccessorImpl.java:45)
	at java.lang.reflect.Constructor.newInstance(Constructor.java:423)
	at org.openqa.selenium.remote.W3CHandshakeResponse.lambda$errorHandler$0(W3CHandshakeResponse.java:62)
	at org.openqa.selenium.remote.HandshakeResponse.lambda$getResponseFunction$0(HandshakeResponse.java:30)
	at org.openqa.selenium.remote.ProtocolHandshake.lambda$createSession$0(ProtocolHandshake.java:126)
	at java.util.stream.ReferencePipeline$3$1.accept(ReferencePipeline.java:193)
	at java.util.Spliterators$ArraySpliterator.tryAdvance(Spliterators.java:958)
	at java.util.stream.ReferencePipeline.forEachWithCancel(ReferencePipeline.java:126)
	at java.util.stream.AbstractPipeline.copyIntoWithCancel(AbstractPipeline.java:498)
	at java.util.stream.AbstractPipeline.copyInto(AbstractPipeline.java:485)
	at java.util.stream.AbstractPipeline.wrapAndCopyInto(AbstractPipeline.java:471)
	at java.util.stream.FindOps$FindOp.evaluateSequential(FindOps.java:152)
	at java.util.stream.AbstractPipeline.evaluate(AbstractPipeline.java:234)
	at java.util.stream.ReferencePipeline.findFirst(ReferencePipeline.java:464)
	at org.openqa.selenium.remote.ProtocolHandshake.createSession(ProtocolHandshake.java:128)
	at org.openqa.selenium.remote.ProtocolHandshake.createSession(ProtocolHandshake.java:74)
	at org.openqa.selenium.remote.HttpCommandExecutor.execute(HttpCommandExecutor.java:136)
	at org.openqa.selenium.remote.service.DriverCommandExecutor.execute(DriverCommandExecutor.java:83)
	at org.openqa.selenium.remote.RemoteWebDriver.execute(RemoteWebDriver.java:552)
	at org.openqa.selenium.remote.RemoteWebDriver.startSession(RemoteWebDriver.java:213)
	at org.openqa.selenium.remote.RemoteWebDriver.&lt;init&gt;(RemoteWebDriver.java:131)
	at org.openqa.selenium.chrome.ChromeDriver.&lt;init&gt;(ChromeDriver.java:181)
	at org.openqa.selenium.chrome.ChromeDriver.&lt;init&gt;(ChromeDriver.java:168)
	at org.openqa.selenium.chrome.ChromeDriver.&lt;init&gt;(ChromeDriver.java:123)
	at com.qaTest.gmailapp.TestBase.initalization(TestBase.java:47)
	at com.qaTest.Logintestcases.GmailTestCase.setUp(GmailTestCase.java:32)
	at sun.reflect.NativeMethodAccessorImpl.invoke0(Native Method)
	at sun.reflect.NativeMethodAccessorImpl.invoke(NativeMethodAccessorImpl.java:62)
	at sun.reflect.DelegatingMethodAccessorImpl.invoke(DelegatingMethodAccessorImpl.java:43)
	at java.lang.reflect.Method.invoke(Method.java:498)
	at org.testng.internal.MethodInvocationHelper.invokeMethod(MethodInvocationHelper.java:124)
	at org.testng.internal.MethodInvocationHelper.invokeMethodConsideringTimeout(MethodInvocationHelper.java:59)
	at org.testng.internal.Invoker.invokeConfigurationMethod(Invoker.java:458)
	at org.testng.internal.Invoker.invokeConfigurations(Invoker.java:222)
	at org.testng.internal.Invoker.invokeConfigurations(Invoker.java:142)
	at org.testng.TestRunner.beforeRun(TestRunner.java:529)
	at org.testng.TestRunner.run(TestRunner.java:497)
	at org.testng.SuiteRunner.runTest(SuiteRunner.java:455)
	at org.testng.SuiteRunner.runSequentially(SuiteRunner.java:450)
	at org.testng.SuiteRunner.privateRun(SuiteRunner.java:415)
	at org.testng.SuiteRunner.run(SuiteRunner.java:364)
	at org.testng.SuiteRunnerWorker.runSuite(SuiteRunnerWorker.java:52)
	at org.testng.SuiteRunnerWorker.run(SuiteRunnerWorker.java:84)
	at org.testng.TestNG.runSuitesSequentially(TestNG.java:1208)
	at org.testng.TestNG.runSuitesLocally(TestNG.java:1137)
	at org.testng.TestNG.runSuites(TestNG.java:1049)
	at org.testng.TestNG.run(TestNG.java:1017)
	at org.testng.remote.AbstractRemoteTestNG.run(AbstractRemoteTestNG.java:132)
	at org.testng.remote.RemoteTestNG.initAndRun(RemoteTestNG.java:230)
	at org.testng.remote.RemoteTestNG.main(RemoteTestNG.java:76)
</pre></div></td>
<td>0</td>
<td>com.qaTest.Logintestcases.GmailTestCase@5c3bd550</td></tr>
<tr>
<td title='com.qaTest.Logintestcases.GmailTestCase.VerifyPassword()'><b>VerifyPassword</b><br>Test class: com.qaTest.Logintestcases.GmailTestCase</td>
<td><div><pre>org.openqa.selenium.SessionNotCreatedException: session not created
from tab crashed
  (Session info: chrome=78.0.3904.70)
Build info: version: &apos;3.141.59&apos;, revision: &apos;e82be7d358&apos;, time: &apos;2018-11-14T08:17:03&apos;
System info: host: &apos;NIT-LPT-R117&apos;, ip: &apos;192.168.137.1&apos;, os.name: &apos;Windows 10&apos;, os.arch: &apos;amd64&apos;, os.version: &apos;10.0&apos;, java.version: &apos;1.8.0_172&apos;
Driver info: driver.version: ChromeDriver
remote stacktrace: Backtrace:
	Ordinal0 [0x00AEEB13+1501971]
	Ordinal0 [0x00A6F6D1+980689]
	Ordinal0 [0x009F7508+488712]
	Ordinal0 [0x009F031A+459546]
	Ordinal0 [0x009EFEA4+458404]
	Ordinal0 [0x009EFA1D+457245]
	Ordinal0 [0x009EF21D+455197]
	Ordinal0 [0x009EEDE4+454116]
	Ordinal0 [0x009EEDA5+454053]
	Ordinal0 [0x009F6525+484645]
	Ordinal0 [0x009EED5C+453980]
	Ordinal0 [0x009EF6D1+456401]
	Ordinal0 [0x009EF21D+455197]
	Ordinal0 [0x009EEDE4+454116]
	Ordinal0 [0x009EEDA5+454053]
	Ordinal0 [0x009F4ECE+478926]
	Ordinal0 [0x009EED5C+453980]
	Ordinal0 [0x009EF6D1+456401]
	Ordinal0 [0x009EF21D+455197]
	Ordinal0 [0x009EEDE4+454116]
	Ordinal0 [0x009EEDA5+454053]
	Ordinal0 [0x009F365B+472667]
	Ordinal0 [0x009EED5C+453980]
	Ordinal0 [0x009EF6D1+456401]
	Ordinal0 [0x009EF21D+455197]
	Ordinal0 [0x009EEDE4+454116]
	Ordinal0 [0x009EEDA5+454053]
	Ordinal0 [0x009F2C67+470119]
	Ordinal0 [0x009EED5C+453980]
	Ordinal0 [0x009EF6D1+456401]
	Ordinal0 [0x009EF21D+455197]
	Ordinal0 [0x009EEDE4+454116]
	Ordinal0 [0x009EEDA5+454053]
	Ordinal0 [0x009EBA0C+440844]
	Ordinal0 [0x009EED5C+453980]
	Ordinal0 [0x009EEC44+453700]
	Ordinal0 [0x009F8330+492336]
	Ordinal0 [0x009AA108+172296]
	Ordinal0 [0x009A942D+169005]
	Ordinal0 [0x009A78EB+162027]
	Ordinal0 [0x00990AC7+68295]
	Ordinal0 [0x00991B40+72512]
	Ordinal0 [0x00991AD9+72409]
	Ordinal0 [0x00A88F37+1085239]
	GetHandleVerifier [0x00B8D7ED+503293]
	GetHandleVerifier [0x00B8D580+502672]
	GetHandleVerifier [0x00B946AC+531644]
	GetHandleVerifier [0x00B8DFFA+505354]
	Ordinal0 [0x00A80606+1050118]
	Ordinal0 [0x00A8047F+1049727]
	Ordinal0 [0x00A8AF9B+1093531]
	Ordinal0 [0x00A8B103+1093891]
	Ordinal0 [0x00A8A095+1089685]
	BaseThreadInitThunk [0x76206359+25]
	RtlGetAppContainerNamedObjectPath [0x76F77B74+228]
	RtlGetAppContainerNamedObjectPath [0x76F77B44+180]

	at org.openqa.selenium.remote.W3CHandshakeResponse.lambda$errorHandler$0(W3CHandshakeResponse.java:62)
	at org.openqa.selenium.remote.HandshakeResponse.lambda$getResponseFunction$0(HandshakeResponse.java:30)
	at org.openqa.selenium.remote.ProtocolHandshake.lambda$createSession$0(ProtocolHandshake.java:126)
	at java.util.stream.ReferencePipeline$3$1.accept(ReferencePipeline.java:193)
	at java.util.Spliterators$ArraySpliterator.tryAdvance(Spliterators.java:958)
	at java.util.stream.ReferencePipeline.forEachWithCancel(ReferencePipeline.java:126)
	at java.util.stream.AbstractPipeline.copyIntoWithCancel(AbstractPipeline.java:498)
	at java.util.stream.AbstractPipeline.copyInto(AbstractPipeline.java:485)
	at java.util.stream.AbstractPipeline.wrapAndCopyInto(AbstractPipeline.java:471)
	at java.util.stream.FindOps$FindOp.evaluateSequential(FindOps.java:152)
	at java.util.stream.AbstractPipeline.evaluate(AbstractPipeline.java:234)
	at java.util.stream.ReferencePipeline.findFirst(ReferencePipeline.java:464)
	at org.openqa.selenium.remote.ProtocolHandshake.createSession(ProtocolHandshake.java:128)
	at org.openqa.selenium.remote.ProtocolHandshake.createSession(ProtocolHandshake.java:74)
	at org.openqa.selenium.remote.HttpCommandExecutor.execute(HttpCommandExecutor.java:136)
	at org.openqa.selenium.remote.service.DriverCommandExecutor.execute(DriverCommandExecutor.java:83)
	at org.openqa.selenium.remote.RemoteWebDriver.execute(RemoteWebDriver.java:552)
	at org.openqa.selenium.remote.RemoteWebDriver.startSession(RemoteWebDriver.java:213)
	at org.openqa.selenium.remote.RemoteWebDriver.&lt;init&gt;(RemoteWebDriver.java:131)
	at org.openqa.selenium.chrome.ChromeDriver.&lt;init&gt;(ChromeDriver.java:181)
	at org.openqa.selenium.chrome.ChromeDriver.&lt;init&gt;(ChromeDriver.java:168)
	at org.openqa.selenium.chrome.ChromeDriver.&lt;init&gt;(ChromeDriver.java:123)
	at com.qaTest.gmailapp.TestBase.initalization(TestBase.java:47)
	at com.qaTest.Logintestcases.GmailTestCase.setUp(GmailTestCase.java:32)
... Removed 28 stack frames</pre></div><a href='#' onClick='toggleBox("stack-trace707157673", this, "Click to show all stack frames", "Click to hide stack frames")'>Click to show all stack frames</a>
<div class='stack-trace' id='stack-trace707157673'><pre>org.openqa.selenium.SessionNotCreatedException: session not created
from tab crashed
  (Session info: chrome=78.0.3904.70)
Build info: version: &apos;3.141.59&apos;, revision: &apos;e82be7d358&apos;, time: &apos;2018-11-14T08:17:03&apos;
System info: host: &apos;NIT-LPT-R117&apos;, ip: &apos;192.168.137.1&apos;, os.name: &apos;Windows 10&apos;, os.arch: &apos;amd64&apos;, os.version: &apos;10.0&apos;, java.version: &apos;1.8.0_172&apos;
Driver info: driver.version: ChromeDriver
remote stacktrace: Backtrace:
	Ordinal0 [0x00AEEB13+1501971]
	Ordinal0 [0x00A6F6D1+980689]
	Ordinal0 [0x009F7508+488712]
	Ordinal0 [0x009F031A+459546]
	Ordinal0 [0x009EFEA4+458404]
	Ordinal0 [0x009EFA1D+457245]
	Ordinal0 [0x009EF21D+455197]
	Ordinal0 [0x009EEDE4+454116]
	Ordinal0 [0x009EEDA5+454053]
	Ordinal0 [0x009F6525+484645]
	Ordinal0 [0x009EED5C+453980]
	Ordinal0 [0x009EF6D1+456401]
	Ordinal0 [0x009EF21D+455197]
	Ordinal0 [0x009EEDE4+454116]
	Ordinal0 [0x009EEDA5+454053]
	Ordinal0 [0x009F4ECE+478926]
	Ordinal0 [0x009EED5C+453980]
	Ordinal0 [0x009EF6D1+456401]
	Ordinal0 [0x009EF21D+455197]
	Ordinal0 [0x009EEDE4+454116]
	Ordinal0 [0x009EEDA5+454053]
	Ordinal0 [0x009F365B+472667]
	Ordinal0 [0x009EED5C+453980]
	Ordinal0 [0x009EF6D1+456401]
	Ordinal0 [0x009EF21D+455197]
	Ordinal0 [0x009EEDE4+454116]
	Ordinal0 [0x009EEDA5+454053]
	Ordinal0 [0x009F2C67+470119]
	Ordinal0 [0x009EED5C+453980]
	Ordinal0 [0x009EF6D1+456401]
	Ordinal0 [0x009EF21D+455197]
	Ordinal0 [0x009EEDE4+454116]
	Ordinal0 [0x009EEDA5+454053]
	Ordinal0 [0x009EBA0C+440844]
	Ordinal0 [0x009EED5C+453980]
	Ordinal0 [0x009EEC44+453700]
	Ordinal0 [0x009F8330+492336]
	Ordinal0 [0x009AA108+172296]
	Ordinal0 [0x009A942D+169005]
	Ordinal0 [0x009A78EB+162027]
	Ordinal0 [0x00990AC7+68295]
	Ordinal0 [0x00991B40+72512]
	Ordinal0 [0x00991AD9+72409]
	Ordinal0 [0x00A88F37+1085239]
	GetHandleVerifier [0x00B8D7ED+503293]
	GetHandleVerifier [0x00B8D580+502672]
	GetHandleVerifier [0x00B946AC+531644]
	GetHandleVerifier [0x00B8DFFA+505354]
	Ordinal0 [0x00A80606+1050118]
	Ordinal0 [0x00A8047F+1049727]
	Ordinal0 [0x00A8AF9B+1093531]
	Ordinal0 [0x00A8B103+1093891]
	Ordinal0 [0x00A8A095+1089685]
	BaseThreadInitThunk [0x76206359+25]
	RtlGetAppContainerNamedObjectPath [0x76F77B74+228]
	RtlGetAppContainerNamedObjectPath [0x76F77B44+180]

	at sun.reflect.NativeConstructorAccessorImpl.newInstance0(Native Method)
	at sun.reflect.NativeConstructorAccessorImpl.newInstance(NativeConstructorAccessorImpl.java:62)
	at sun.reflect.DelegatingConstructorAccessorImpl.newInstance(DelegatingConstructorAccessorImpl.java:45)
	at java.lang.reflect.Constructor.newInstance(Constructor.java:423)
	at org.openqa.selenium.remote.W3CHandshakeResponse.lambda$errorHandler$0(W3CHandshakeResponse.java:62)
	at org.openqa.selenium.remote.HandshakeResponse.lambda$getResponseFunction$0(HandshakeResponse.java:30)
	at org.openqa.selenium.remote.ProtocolHandshake.lambda$createSession$0(ProtocolHandshake.java:126)
	at java.util.stream.ReferencePipeline$3$1.accept(ReferencePipeline.java:193)
	at java.util.Spliterators$ArraySpliterator.tryAdvance(Spliterators.java:958)
	at java.util.stream.ReferencePipeline.forEachWithCancel(ReferencePipeline.java:126)
	at java.util.stream.AbstractPipeline.copyIntoWithCancel(AbstractPipeline.java:498)
	at java.util.stream.AbstractPipeline.copyInto(AbstractPipeline.java:485)
	at java.util.stream.AbstractPipeline.wrapAndCopyInto(AbstractPipeline.java:471)
	at java.util.stream.FindOps$FindOp.evaluateSequential(FindOps.java:152)
	at java.util.stream.AbstractPipeline.evaluate(AbstractPipeline.java:234)
	at java.util.stream.ReferencePipeline.findFirst(ReferencePipeline.java:464)
	at org.openqa.selenium.remote.ProtocolHandshake.createSession(ProtocolHandshake.java:128)
	at org.openqa.selenium.remote.ProtocolHandshake.createSession(ProtocolHandshake.java:74)
	at org.openqa.selenium.remote.HttpCommandExecutor.execute(HttpCommandExecutor.java:136)
	at org.openqa.selenium.remote.service.DriverCommandExecutor.execute(DriverCommandExecutor.java:83)
	at org.openqa.selenium.remote.RemoteWebDriver.execute(RemoteWebDriver.java:552)
	at org.openqa.selenium.remote.RemoteWebDriver.startSession(RemoteWebDriver.java:213)
	at org.openqa.selenium.remote.RemoteWebDriver.&lt;init&gt;(RemoteWebDriver.java:131)
	at org.openqa.selenium.chrome.ChromeDriver.&lt;init&gt;(ChromeDriver.java:181)
	at org.openqa.selenium.chrome.ChromeDriver.&lt;init&gt;(ChromeDriver.java:168)
	at org.openqa.selenium.chrome.ChromeDriver.&lt;init&gt;(ChromeDriver.java:123)
	at com.qaTest.gmailapp.TestBase.initalization(TestBase.java:47)
	at com.qaTest.Logintestcases.GmailTestCase.setUp(GmailTestCase.java:32)
	at sun.reflect.NativeMethodAccessorImpl.invoke0(Native Method)
	at sun.reflect.NativeMethodAccessorImpl.invoke(NativeMethodAccessorImpl.java:62)
	at sun.reflect.DelegatingMethodAccessorImpl.invoke(DelegatingMethodAccessorImpl.java:43)
	at java.lang.reflect.Method.invoke(Method.java:498)
	at org.testng.internal.MethodInvocationHelper.invokeMethod(MethodInvocationHelper.java:124)
	at org.testng.internal.MethodInvocationHelper.invokeMethodConsideringTimeout(MethodInvocationHelper.java:59)
	at org.testng.internal.Invoker.invokeConfigurationMethod(Invoker.java:458)
	at org.testng.internal.Invoker.invokeConfigurations(Invoker.java:222)
	at org.testng.internal.Invoker.invokeConfigurations(Invoker.java:142)
	at org.testng.TestRunner.beforeRun(TestRunner.java:529)
	at org.testng.TestRunner.run(TestRunner.java:497)
	at org.testng.SuiteRunner.runTest(SuiteRunner.java:455)
	at org.testng.SuiteRunner.runSequentially(SuiteRunner.java:450)
	at org.testng.SuiteRunner.privateRun(SuiteRunner.java:415)
	at org.testng.SuiteRunner.run(SuiteRunner.java:364)
	at org.testng.SuiteRunnerWorker.runSuite(SuiteRunnerWorker.java:52)
	at org.testng.SuiteRunnerWorker.run(SuiteRunnerWorker.java:84)
	at org.testng.TestNG.runSuitesSequentially(TestNG.java:1208)
	at org.testng.TestNG.runSuitesLocally(TestNG.java:1137)
	at org.testng.TestNG.runSuites(TestNG.java:1049)
	at org.testng.TestNG.run(TestNG.java:1017)
	at org.testng.remote.AbstractRemoteTestNG.run(AbstractRemoteTestNG.java:132)
	at org.testng.remote.RemoteTestNG.initAndRun(RemoteTestNG.java:230)
	at org.testng.remote.RemoteTestNG.main(RemoteTestNG.java:76)
</pre></div></td>
<td>0</td>
<td>com.qaTest.Logintestcases.GmailTestCase@5c3bd550</td></tr>
<tr>
<td title='com.qaTest.Logintestcases.GmailTestCase.VerifyRecipient()'><b>VerifyRecipient</b><br>Test class: com.qaTest.Logintestcases.GmailTestCase</td>
<td><div><pre>org.openqa.selenium.SessionNotCreatedException: session not created
from tab crashed
  (Session info: chrome=78.0.3904.70)
Build info: version: &apos;3.141.59&apos;, revision: &apos;e82be7d358&apos;, time: &apos;2018-11-14T08:17:03&apos;
System info: host: &apos;NIT-LPT-R117&apos;, ip: &apos;192.168.137.1&apos;, os.name: &apos;Windows 10&apos;, os.arch: &apos;amd64&apos;, os.version: &apos;10.0&apos;, java.version: &apos;1.8.0_172&apos;
Driver info: driver.version: ChromeDriver
remote stacktrace: Backtrace:
	Ordinal0 [0x00AEEB13+1501971]
	Ordinal0 [0x00A6F6D1+980689]
	Ordinal0 [0x009F7508+488712]
	Ordinal0 [0x009F031A+459546]
	Ordinal0 [0x009EFEA4+458404]
	Ordinal0 [0x009EFA1D+457245]
	Ordinal0 [0x009EF21D+455197]
	Ordinal0 [0x009EEDE4+454116]
	Ordinal0 [0x009EEDA5+454053]
	Ordinal0 [0x009F6525+484645]
	Ordinal0 [0x009EED5C+453980]
	Ordinal0 [0x009EF6D1+456401]
	Ordinal0 [0x009EF21D+455197]
	Ordinal0 [0x009EEDE4+454116]
	Ordinal0 [0x009EEDA5+454053]
	Ordinal0 [0x009F4ECE+478926]
	Ordinal0 [0x009EED5C+453980]
	Ordinal0 [0x009EF6D1+456401]
	Ordinal0 [0x009EF21D+455197]
	Ordinal0 [0x009EEDE4+454116]
	Ordinal0 [0x009EEDA5+454053]
	Ordinal0 [0x009F365B+472667]
	Ordinal0 [0x009EED5C+453980]
	Ordinal0 [0x009EF6D1+456401]
	Ordinal0 [0x009EF21D+455197]
	Ordinal0 [0x009EEDE4+454116]
	Ordinal0 [0x009EEDA5+454053]
	Ordinal0 [0x009F2C67+470119]
	Ordinal0 [0x009EED5C+453980]
	Ordinal0 [0x009EF6D1+456401]
	Ordinal0 [0x009EF21D+455197]
	Ordinal0 [0x009EEDE4+454116]
	Ordinal0 [0x009EEDA5+454053]
	Ordinal0 [0x009EBA0C+440844]
	Ordinal0 [0x009EED5C+453980]
	Ordinal0 [0x009EEC44+453700]
	Ordinal0 [0x009F8330+492336]
	Ordinal0 [0x009AA108+172296]
	Ordinal0 [0x009A942D+169005]
	Ordinal0 [0x009A78EB+162027]
	Ordinal0 [0x00990AC7+68295]
	Ordinal0 [0x00991B40+72512]
	Ordinal0 [0x00991AD9+72409]
	Ordinal0 [0x00A88F37+1085239]
	GetHandleVerifier [0x00B8D7ED+503293]
	GetHandleVerifier [0x00B8D580+502672]
	GetHandleVerifier [0x00B946AC+531644]
	GetHandleVerifier [0x00B8DFFA+505354]
	Ordinal0 [0x00A80606+1050118]
	Ordinal0 [0x00A8047F+1049727]
	Ordinal0 [0x00A8AF9B+1093531]
	Ordinal0 [0x00A8B103+1093891]
	Ordinal0 [0x00A8A095+1089685]
	BaseThreadInitThunk [0x76206359+25]
	RtlGetAppContainerNamedObjectPath [0x76F77B74+228]
	RtlGetAppContainerNamedObjectPath [0x76F77B44+180]

	at org.openqa.selenium.remote.W3CHandshakeResponse.lambda$errorHandler$0(W3CHandshakeResponse.java:62)
	at org.openqa.selenium.remote.HandshakeResponse.lambda$getResponseFunction$0(HandshakeResponse.java:30)
	at org.openqa.selenium.remote.ProtocolHandshake.lambda$createSession$0(ProtocolHandshake.java:126)
	at java.util.stream.ReferencePipeline$3$1.accept(ReferencePipeline.java:193)
	at java.util.Spliterators$ArraySpliterator.tryAdvance(Spliterators.java:958)
	at java.util.stream.ReferencePipeline.forEachWithCancel(ReferencePipeline.java:126)
	at java.util.stream.AbstractPipeline.copyIntoWithCancel(AbstractPipeline.java:498)
	at java.util.stream.AbstractPipeline.copyInto(AbstractPipeline.java:485)
	at java.util.stream.AbstractPipeline.wrapAndCopyInto(AbstractPipeline.java:471)
	at java.util.stream.FindOps$FindOp.evaluateSequential(FindOps.java:152)
	at java.util.stream.AbstractPipeline.evaluate(AbstractPipeline.java:234)
	at java.util.stream.ReferencePipeline.findFirst(ReferencePipeline.java:464)
	at org.openqa.selenium.remote.ProtocolHandshake.createSession(ProtocolHandshake.java:128)
	at org.openqa.selenium.remote.ProtocolHandshake.createSession(ProtocolHandshake.java:74)
	at org.openqa.selenium.remote.HttpCommandExecutor.execute(HttpCommandExecutor.java:136)
	at org.openqa.selenium.remote.service.DriverCommandExecutor.execute(DriverCommandExecutor.java:83)
	at org.openqa.selenium.remote.RemoteWebDriver.execute(RemoteWebDriver.java:552)
	at org.openqa.selenium.remote.RemoteWebDriver.startSession(RemoteWebDriver.java:213)
	at org.openqa.selenium.remote.RemoteWebDriver.&lt;init&gt;(RemoteWebDriver.java:131)
	at org.openqa.selenium.chrome.ChromeDriver.&lt;init&gt;(ChromeDriver.java:181)
	at org.openqa.selenium.chrome.ChromeDriver.&lt;init&gt;(ChromeDriver.java:168)
	at org.openqa.selenium.chrome.ChromeDriver.&lt;init&gt;(ChromeDriver.java:123)
	at com.qaTest.gmailapp.TestBase.initalization(TestBase.java:47)
	at com.qaTest.Logintestcases.GmailTestCase.setUp(GmailTestCase.java:32)
... Removed 28 stack frames</pre></div><a href='#' onClick='toggleBox("stack-trace780934299", this, "Click to show all stack frames", "Click to hide stack frames")'>Click to show all stack frames</a>
<div class='stack-trace' id='stack-trace780934299'><pre>org.openqa.selenium.SessionNotCreatedException: session not created
from tab crashed
  (Session info: chrome=78.0.3904.70)
Build info: version: &apos;3.141.59&apos;, revision: &apos;e82be7d358&apos;, time: &apos;2018-11-14T08:17:03&apos;
System info: host: &apos;NIT-LPT-R117&apos;, ip: &apos;192.168.137.1&apos;, os.name: &apos;Windows 10&apos;, os.arch: &apos;amd64&apos;, os.version: &apos;10.0&apos;, java.version: &apos;1.8.0_172&apos;
Driver info: driver.version: ChromeDriver
remote stacktrace: Backtrace:
	Ordinal0 [0x00AEEB13+1501971]
	Ordinal0 [0x00A6F6D1+980689]
	Ordinal0 [0x009F7508+488712]
	Ordinal0 [0x009F031A+459546]
	Ordinal0 [0x009EFEA4+458404]
	Ordinal0 [0x009EFA1D+457245]
	Ordinal0 [0x009EF21D+455197]
	Ordinal0 [0x009EEDE4+454116]
	Ordinal0 [0x009EEDA5+454053]
	Ordinal0 [0x009F6525+484645]
	Ordinal0 [0x009EED5C+453980]
	Ordinal0 [0x009EF6D1+456401]
	Ordinal0 [0x009EF21D+455197]
	Ordinal0 [0x009EEDE4+454116]
	Ordinal0 [0x009EEDA5+454053]
	Ordinal0 [0x009F4ECE+478926]
	Ordinal0 [0x009EED5C+453980]
	Ordinal0 [0x009EF6D1+456401]
	Ordinal0 [0x009EF21D+455197]
	Ordinal0 [0x009EEDE4+454116]
	Ordinal0 [0x009EEDA5+454053]
	Ordinal0 [0x009F365B+472667]
	Ordinal0 [0x009EED5C+453980]
	Ordinal0 [0x009EF6D1+456401]
	Ordinal0 [0x009EF21D+455197]
	Ordinal0 [0x009EEDE4+454116]
	Ordinal0 [0x009EEDA5+454053]
	Ordinal0 [0x009F2C67+470119]
	Ordinal0 [0x009EED5C+453980]
	Ordinal0 [0x009EF6D1+456401]
	Ordinal0 [0x009EF21D+455197]
	Ordinal0 [0x009EEDE4+454116]
	Ordinal0 [0x009EEDA5+454053]
	Ordinal0 [0x009EBA0C+440844]
	Ordinal0 [0x009EED5C+453980]
	Ordinal0 [0x009EEC44+453700]
	Ordinal0 [0x009F8330+492336]
	Ordinal0 [0x009AA108+172296]
	Ordinal0 [0x009A942D+169005]
	Ordinal0 [0x009A78EB+162027]
	Ordinal0 [0x00990AC7+68295]
	Ordinal0 [0x00991B40+72512]
	Ordinal0 [0x00991AD9+72409]
	Ordinal0 [0x00A88F37+1085239]
	GetHandleVerifier [0x00B8D7ED+503293]
	GetHandleVerifier [0x00B8D580+502672]
	GetHandleVerifier [0x00B946AC+531644]
	GetHandleVerifier [0x00B8DFFA+505354]
	Ordinal0 [0x00A80606+1050118]
	Ordinal0 [0x00A8047F+1049727]
	Ordinal0 [0x00A8AF9B+1093531]
	Ordinal0 [0x00A8B103+1093891]
	Ordinal0 [0x00A8A095+1089685]
	BaseThreadInitThunk [0x76206359+25]
	RtlGetAppContainerNamedObjectPath [0x76F77B74+228]
	RtlGetAppContainerNamedObjectPath [0x76F77B44+180]

	at sun.reflect.NativeConstructorAccessorImpl.newInstance0(Native Method)
	at sun.reflect.NativeConstructorAccessorImpl.newInstance(NativeConstructorAccessorImpl.java:62)
	at sun.reflect.DelegatingConstructorAccessorImpl.newInstance(DelegatingConstructorAccessorImpl.java:45)
	at java.lang.reflect.Constructor.newInstance(Constructor.java:423)
	at org.openqa.selenium.remote.W3CHandshakeResponse.lambda$errorHandler$0(W3CHandshakeResponse.java:62)
	at org.openqa.selenium.remote.HandshakeResponse.lambda$getResponseFunction$0(HandshakeResponse.java:30)
	at org.openqa.selenium.remote.ProtocolHandshake.lambda$createSession$0(ProtocolHandshake.java:126)
	at java.util.stream.ReferencePipeline$3$1.accept(ReferencePipeline.java:193)
	at java.util.Spliterators$ArraySpliterator.tryAdvance(Spliterators.java:958)
	at java.util.stream.ReferencePipeline.forEachWithCancel(ReferencePipeline.java:126)
	at java.util.stream.AbstractPipeline.copyIntoWithCancel(AbstractPipeline.java:498)
	at java.util.stream.AbstractPipeline.copyInto(AbstractPipeline.java:485)
	at java.util.stream.AbstractPipeline.wrapAndCopyInto(AbstractPipeline.java:471)
	at java.util.stream.FindOps$FindOp.evaluateSequential(FindOps.java:152)
	at java.util.stream.AbstractPipeline.evaluate(AbstractPipeline.java:234)
	at java.util.stream.ReferencePipeline.findFirst(ReferencePipeline.java:464)
	at org.openqa.selenium.remote.ProtocolHandshake.createSession(ProtocolHandshake.java:128)
	at org.openqa.selenium.remote.ProtocolHandshake.createSession(ProtocolHandshake.java:74)
	at org.openqa.selenium.remote.HttpCommandExecutor.execute(HttpCommandExecutor.java:136)
	at org.openqa.selenium.remote.service.DriverCommandExecutor.execute(DriverCommandExecutor.java:83)
	at org.openqa.selenium.remote.RemoteWebDriver.execute(RemoteWebDriver.java:552)
	at org.openqa.selenium.remote.RemoteWebDriver.startSession(RemoteWebDriver.java:213)
	at org.openqa.selenium.remote.RemoteWebDriver.&lt;init&gt;(RemoteWebDriver.java:131)
	at org.openqa.selenium.chrome.ChromeDriver.&lt;init&gt;(ChromeDriver.java:181)
	at org.openqa.selenium.chrome.ChromeDriver.&lt;init&gt;(ChromeDriver.java:168)
	at org.openqa.selenium.chrome.ChromeDriver.&lt;init&gt;(ChromeDriver.java:123)
	at com.qaTest.gmailapp.TestBase.initalization(TestBase.java:47)
	at com.qaTest.Logintestcases.GmailTestCase.setUp(GmailTestCase.java:32)
	at sun.reflect.NativeMethodAccessorImpl.invoke0(Native Method)
	at sun.reflect.NativeMethodAccessorImpl.invoke(NativeMethodAccessorImpl.java:62)
	at sun.reflect.DelegatingMethodAccessorImpl.invoke(DelegatingMethodAccessorImpl.java:43)
	at java.lang.reflect.Method.invoke(Method.java:498)
	at org.testng.internal.MethodInvocationHelper.invokeMethod(MethodInvocationHelper.java:124)
	at org.testng.internal.MethodInvocationHelper.invokeMethodConsideringTimeout(MethodInvocationHelper.java:59)
	at org.testng.internal.Invoker.invokeConfigurationMethod(Invoker.java:458)
	at org.testng.internal.Invoker.invokeConfigurations(Invoker.java:222)
	at org.testng.internal.Invoker.invokeConfigurations(Invoker.java:142)
	at org.testng.TestRunner.beforeRun(TestRunner.java:529)
	at org.testng.TestRunner.run(TestRunner.java:497)
	at org.testng.SuiteRunner.runTest(SuiteRunner.java:455)
	at org.testng.SuiteRunner.runSequentially(SuiteRunner.java:450)
	at org.testng.SuiteRunner.privateRun(SuiteRunner.java:415)
	at org.testng.SuiteRunner.run(SuiteRunner.java:364)
	at org.testng.SuiteRunnerWorker.runSuite(SuiteRunnerWorker.java:52)
	at org.testng.SuiteRunnerWorker.run(SuiteRunnerWorker.java:84)
	at org.testng.TestNG.runSuitesSequentially(TestNG.java:1208)
	at org.testng.TestNG.runSuitesLocally(TestNG.java:1137)
	at org.testng.TestNG.runSuites(TestNG.java:1049)
	at org.testng.TestNG.run(TestNG.java:1017)
	at org.testng.remote.AbstractRemoteTestNG.run(AbstractRemoteTestNG.java:132)
	at org.testng.remote.RemoteTestNG.initAndRun(RemoteTestNG.java:230)
	at org.testng.remote.RemoteTestNG.main(RemoteTestNG.java:76)
</pre></div></td>
<td>0</td>
<td>com.qaTest.Logintestcases.GmailTestCase@5c3bd550</td></tr>
<tr>
<td title='com.qaTest.Logintestcases.GmailTestCase.VerifySubject()'><b>VerifySubject</b><br>Test class: com.qaTest.Logintestcases.GmailTestCase</td>
<td><div><pre>org.openqa.selenium.SessionNotCreatedException: session not created
from tab crashed
  (Session info: chrome=78.0.3904.70)
Build info: version: &apos;3.141.59&apos;, revision: &apos;e82be7d358&apos;, time: &apos;2018-11-14T08:17:03&apos;
System info: host: &apos;NIT-LPT-R117&apos;, ip: &apos;192.168.137.1&apos;, os.name: &apos;Windows 10&apos;, os.arch: &apos;amd64&apos;, os.version: &apos;10.0&apos;, java.version: &apos;1.8.0_172&apos;
Driver info: driver.version: ChromeDriver
remote stacktrace: Backtrace:
	Ordinal0 [0x00AEEB13+1501971]
	Ordinal0 [0x00A6F6D1+980689]
	Ordinal0 [0x009F7508+488712]
	Ordinal0 [0x009F031A+459546]
	Ordinal0 [0x009EFEA4+458404]
	Ordinal0 [0x009EFA1D+457245]
	Ordinal0 [0x009EF21D+455197]
	Ordinal0 [0x009EEDE4+454116]
	Ordinal0 [0x009EEDA5+454053]
	Ordinal0 [0x009F6525+484645]
	Ordinal0 [0x009EED5C+453980]
	Ordinal0 [0x009EF6D1+456401]
	Ordinal0 [0x009EF21D+455197]
	Ordinal0 [0x009EEDE4+454116]
	Ordinal0 [0x009EEDA5+454053]
	Ordinal0 [0x009F4ECE+478926]
	Ordinal0 [0x009EED5C+453980]
	Ordinal0 [0x009EF6D1+456401]
	Ordinal0 [0x009EF21D+455197]
	Ordinal0 [0x009EEDE4+454116]
	Ordinal0 [0x009EEDA5+454053]
	Ordinal0 [0x009F365B+472667]
	Ordinal0 [0x009EED5C+453980]
	Ordinal0 [0x009EF6D1+456401]
	Ordinal0 [0x009EF21D+455197]
	Ordinal0 [0x009EEDE4+454116]
	Ordinal0 [0x009EEDA5+454053]
	Ordinal0 [0x009F2C67+470119]
	Ordinal0 [0x009EED5C+453980]
	Ordinal0 [0x009EF6D1+456401]
	Ordinal0 [0x009EF21D+455197]
	Ordinal0 [0x009EEDE4+454116]
	Ordinal0 [0x009EEDA5+454053]
	Ordinal0 [0x009EBA0C+440844]
	Ordinal0 [0x009EED5C+453980]
	Ordinal0 [0x009EEC44+453700]
	Ordinal0 [0x009F8330+492336]
	Ordinal0 [0x009AA108+172296]
	Ordinal0 [0x009A942D+169005]
	Ordinal0 [0x009A78EB+162027]
	Ordinal0 [0x00990AC7+68295]
	Ordinal0 [0x00991B40+72512]
	Ordinal0 [0x00991AD9+72409]
	Ordinal0 [0x00A88F37+1085239]
	GetHandleVerifier [0x00B8D7ED+503293]
	GetHandleVerifier [0x00B8D580+502672]
	GetHandleVerifier [0x00B946AC+531644]
	GetHandleVerifier [0x00B8DFFA+505354]
	Ordinal0 [0x00A80606+1050118]
	Ordinal0 [0x00A8047F+1049727]
	Ordinal0 [0x00A8AF9B+1093531]
	Ordinal0 [0x00A8B103+1093891]
	Ordinal0 [0x00A8A095+1089685]
	BaseThreadInitThunk [0x76206359+25]
	RtlGetAppContainerNamedObjectPath [0x76F77B74+228]
	RtlGetAppContainerNamedObjectPath [0x76F77B44+180]

	at org.openqa.selenium.remote.W3CHandshakeResponse.lambda$errorHandler$0(W3CHandshakeResponse.java:62)
	at org.openqa.selenium.remote.HandshakeResponse.lambda$getResponseFunction$0(HandshakeResponse.java:30)
	at org.openqa.selenium.remote.ProtocolHandshake.lambda$createSession$0(ProtocolHandshake.java:126)
	at java.util.stream.ReferencePipeline$3$1.accept(ReferencePipeline.java:193)
	at java.util.Spliterators$ArraySpliterator.tryAdvance(Spliterators.java:958)
	at java.util.stream.ReferencePipeline.forEachWithCancel(ReferencePipeline.java:126)
	at java.util.stream.AbstractPipeline.copyIntoWithCancel(AbstractPipeline.java:498)
	at java.util.stream.AbstractPipeline.copyInto(AbstractPipeline.java:485)
	at java.util.stream.AbstractPipeline.wrapAndCopyInto(AbstractPipeline.java:471)
	at java.util.stream.FindOps$FindOp.evaluateSequential(FindOps.java:152)
	at java.util.stream.AbstractPipeline.evaluate(AbstractPipeline.java:234)
	at java.util.stream.ReferencePipeline.findFirst(ReferencePipeline.java:464)
	at org.openqa.selenium.remote.ProtocolHandshake.createSession(ProtocolHandshake.java:128)
	at org.openqa.selenium.remote.ProtocolHandshake.createSession(ProtocolHandshake.java:74)
	at org.openqa.selenium.remote.HttpCommandExecutor.execute(HttpCommandExecutor.java:136)
	at org.openqa.selenium.remote.service.DriverCommandExecutor.execute(DriverCommandExecutor.java:83)
	at org.openqa.selenium.remote.RemoteWebDriver.execute(RemoteWebDriver.java:552)
	at org.openqa.selenium.remote.RemoteWebDriver.startSession(RemoteWebDriver.java:213)
	at org.openqa.selenium.remote.RemoteWebDriver.&lt;init&gt;(RemoteWebDriver.java:131)
	at org.openqa.selenium.chrome.ChromeDriver.&lt;init&gt;(ChromeDriver.java:181)
	at org.openqa.selenium.chrome.ChromeDriver.&lt;init&gt;(ChromeDriver.java:168)
	at org.openqa.selenium.chrome.ChromeDriver.&lt;init&gt;(ChromeDriver.java:123)
	at com.qaTest.gmailapp.TestBase.initalization(TestBase.java:47)
	at com.qaTest.Logintestcases.GmailTestCase.setUp(GmailTestCase.java:32)
... Removed 28 stack frames</pre></div><a href='#' onClick='toggleBox("stack-trace1409160703", this, "Click to show all stack frames", "Click to hide stack frames")'>Click to show all stack frames</a>
<div class='stack-trace' id='stack-trace1409160703'><pre>org.openqa.selenium.SessionNotCreatedException: session not created
from tab crashed
  (Session info: chrome=78.0.3904.70)
Build info: version: &apos;3.141.59&apos;, revision: &apos;e82be7d358&apos;, time: &apos;2018-11-14T08:17:03&apos;
System info: host: &apos;NIT-LPT-R117&apos;, ip: &apos;192.168.137.1&apos;, os.name: &apos;Windows 10&apos;, os.arch: &apos;amd64&apos;, os.version: &apos;10.0&apos;, java.version: &apos;1.8.0_172&apos;
Driver info: driver.version: ChromeDriver
remote stacktrace: Backtrace:
	Ordinal0 [0x00AEEB13+1501971]
	Ordinal0 [0x00A6F6D1+980689]
	Ordinal0 [0x009F7508+488712]
	Ordinal0 [0x009F031A+459546]
	Ordinal0 [0x009EFEA4+458404]
	Ordinal0 [0x009EFA1D+457245]
	Ordinal0 [0x009EF21D+455197]
	Ordinal0 [0x009EEDE4+454116]
	Ordinal0 [0x009EEDA5+454053]
	Ordinal0 [0x009F6525+484645]
	Ordinal0 [0x009EED5C+453980]
	Ordinal0 [0x009EF6D1+456401]
	Ordinal0 [0x009EF21D+455197]
	Ordinal0 [0x009EEDE4+454116]
	Ordinal0 [0x009EEDA5+454053]
	Ordinal0 [0x009F4ECE+478926]
	Ordinal0 [0x009EED5C+453980]
	Ordinal0 [0x009EF6D1+456401]
	Ordinal0 [0x009EF21D+455197]
	Ordinal0 [0x009EEDE4+454116]
	Ordinal0 [0x009EEDA5+454053]
	Ordinal0 [0x009F365B+472667]
	Ordinal0 [0x009EED5C+453980]
	Ordinal0 [0x009EF6D1+456401]
	Ordinal0 [0x009EF21D+455197]
	Ordinal0 [0x009EEDE4+454116]
	Ordinal0 [0x009EEDA5+454053]
	Ordinal0 [0x009F2C67+470119]
	Ordinal0 [0x009EED5C+453980]
	Ordinal0 [0x009EF6D1+456401]
	Ordinal0 [0x009EF21D+455197]
	Ordinal0 [0x009EEDE4+454116]
	Ordinal0 [0x009EEDA5+454053]
	Ordinal0 [0x009EBA0C+440844]
	Ordinal0 [0x009EED5C+453980]
	Ordinal0 [0x009EEC44+453700]
	Ordinal0 [0x009F8330+492336]
	Ordinal0 [0x009AA108+172296]
	Ordinal0 [0x009A942D+169005]
	Ordinal0 [0x009A78EB+162027]
	Ordinal0 [0x00990AC7+68295]
	Ordinal0 [0x00991B40+72512]
	Ordinal0 [0x00991AD9+72409]
	Ordinal0 [0x00A88F37+1085239]
	GetHandleVerifier [0x00B8D7ED+503293]
	GetHandleVerifier [0x00B8D580+502672]
	GetHandleVerifier [0x00B946AC+531644]
	GetHandleVerifier [0x00B8DFFA+505354]
	Ordinal0 [0x00A80606+1050118]
	Ordinal0 [0x00A8047F+1049727]
	Ordinal0 [0x00A8AF9B+1093531]
	Ordinal0 [0x00A8B103+1093891]
	Ordinal0 [0x00A8A095+1089685]
	BaseThreadInitThunk [0x76206359+25]
	RtlGetAppContainerNamedObjectPath [0x76F77B74+228]
	RtlGetAppContainerNamedObjectPath [0x76F77B44+180]

	at sun.reflect.NativeConstructorAccessorImpl.newInstance0(Native Method)
	at sun.reflect.NativeConstructorAccessorImpl.newInstance(NativeConstructorAccessorImpl.java:62)
	at sun.reflect.DelegatingConstructorAccessorImpl.newInstance(DelegatingConstructorAccessorImpl.java:45)
	at java.lang.reflect.Constructor.newInstance(Constructor.java:423)
	at org.openqa.selenium.remote.W3CHandshakeResponse.lambda$errorHandler$0(W3CHandshakeResponse.java:62)
	at org.openqa.selenium.remote.HandshakeResponse.lambda$getResponseFunction$0(HandshakeResponse.java:30)
	at org.openqa.selenium.remote.ProtocolHandshake.lambda$createSession$0(ProtocolHandshake.java:126)
	at java.util.stream.ReferencePipeline$3$1.accept(ReferencePipeline.java:193)
	at java.util.Spliterators$ArraySpliterator.tryAdvance(Spliterators.java:958)
	at java.util.stream.ReferencePipeline.forEachWithCancel(ReferencePipeline.java:126)
	at java.util.stream.AbstractPipeline.copyIntoWithCancel(AbstractPipeline.java:498)
	at java.util.stream.AbstractPipeline.copyInto(AbstractPipeline.java:485)
	at java.util.stream.AbstractPipeline.wrapAndCopyInto(AbstractPipeline.java:471)
	at java.util.stream.FindOps$FindOp.evaluateSequential(FindOps.java:152)
	at java.util.stream.AbstractPipeline.evaluate(AbstractPipeline.java:234)
	at java.util.stream.ReferencePipeline.findFirst(ReferencePipeline.java:464)
	at org.openqa.selenium.remote.ProtocolHandshake.createSession(ProtocolHandshake.java:128)
	at org.openqa.selenium.remote.ProtocolHandshake.createSession(ProtocolHandshake.java:74)
	at org.openqa.selenium.remote.HttpCommandExecutor.execute(HttpCommandExecutor.java:136)
	at org.openqa.selenium.remote.service.DriverCommandExecutor.execute(DriverCommandExecutor.java:83)
	at org.openqa.selenium.remote.RemoteWebDriver.execute(RemoteWebDriver.java:552)
	at org.openqa.selenium.remote.RemoteWebDriver.startSession(RemoteWebDriver.java:213)
	at org.openqa.selenium.remote.RemoteWebDriver.&lt;init&gt;(RemoteWebDriver.java:131)
	at org.openqa.selenium.chrome.ChromeDriver.&lt;init&gt;(ChromeDriver.java:181)
	at org.openqa.selenium.chrome.ChromeDriver.&lt;init&gt;(ChromeDriver.java:168)
	at org.openqa.selenium.chrome.ChromeDriver.&lt;init&gt;(ChromeDriver.java:123)
	at com.qaTest.gmailapp.TestBase.initalization(TestBase.java:47)
	at com.qaTest.Logintestcases.GmailTestCase.setUp(GmailTestCase.java:32)
	at sun.reflect.NativeMethodAccessorImpl.invoke0(Native Method)
	at sun.reflect.NativeMethodAccessorImpl.invoke(NativeMethodAccessorImpl.java:62)
	at sun.reflect.DelegatingMethodAccessorImpl.invoke(DelegatingMethodAccessorImpl.java:43)
	at java.lang.reflect.Method.invoke(Method.java:498)
	at org.testng.internal.MethodInvocationHelper.invokeMethod(MethodInvocationHelper.java:124)
	at org.testng.internal.MethodInvocationHelper.invokeMethodConsideringTimeout(MethodInvocationHelper.java:59)
	at org.testng.internal.Invoker.invokeConfigurationMethod(Invoker.java:458)
	at org.testng.internal.Invoker.invokeConfigurations(Invoker.java:222)
	at org.testng.internal.Invoker.invokeConfigurations(Invoker.java:142)
	at org.testng.TestRunner.beforeRun(TestRunner.java:529)
	at org.testng.TestRunner.run(TestRunner.java:497)
	at org.testng.SuiteRunner.runTest(SuiteRunner.java:455)
	at org.testng.SuiteRunner.runSequentially(SuiteRunner.java:450)
	at org.testng.SuiteRunner.privateRun(SuiteRunner.java:415)
	at org.testng.SuiteRunner.run(SuiteRunner.java:364)
	at org.testng.SuiteRunnerWorker.runSuite(SuiteRunnerWorker.java:52)
	at org.testng.SuiteRunnerWorker.run(SuiteRunnerWorker.java:84)
	at org.testng.TestNG.runSuitesSequentially(TestNG.java:1208)
	at org.testng.TestNG.runSuitesLocally(TestNG.java:1137)
	at org.testng.TestNG.runSuites(TestNG.java:1049)
	at org.testng.TestNG.run(TestNG.java:1017)
	at org.testng.remote.AbstractRemoteTestNG.run(AbstractRemoteTestNG.java:132)
	at org.testng.remote.RemoteTestNG.initAndRun(RemoteTestNG.java:230)
	at org.testng.remote.RemoteTestNG.main(RemoteTestNG.java:76)
</pre></div></td>
<td>0</td>
<td>com.qaTest.Logintestcases.GmailTestCase@5c3bd550</td></tr>
<tr>
<td title='com.qaTest.Logintestcases.GmailTestCase.VerifyTypeLabel()'><b>VerifyTypeLabel</b><br>Test class: com.qaTest.Logintestcases.GmailTestCase</td>
<td><div><pre>org.openqa.selenium.SessionNotCreatedException: session not created
from tab crashed
  (Session info: chrome=78.0.3904.70)
Build info: version: &apos;3.141.59&apos;, revision: &apos;e82be7d358&apos;, time: &apos;2018-11-14T08:17:03&apos;
System info: host: &apos;NIT-LPT-R117&apos;, ip: &apos;192.168.137.1&apos;, os.name: &apos;Windows 10&apos;, os.arch: &apos;amd64&apos;, os.version: &apos;10.0&apos;, java.version: &apos;1.8.0_172&apos;
Driver info: driver.version: ChromeDriver
remote stacktrace: Backtrace:
	Ordinal0 [0x00AEEB13+1501971]
	Ordinal0 [0x00A6F6D1+980689]
	Ordinal0 [0x009F7508+488712]
	Ordinal0 [0x009F031A+459546]
	Ordinal0 [0x009EFEA4+458404]
	Ordinal0 [0x009EFA1D+457245]
	Ordinal0 [0x009EF21D+455197]
	Ordinal0 [0x009EEDE4+454116]
	Ordinal0 [0x009EEDA5+454053]
	Ordinal0 [0x009F6525+484645]
	Ordinal0 [0x009EED5C+453980]
	Ordinal0 [0x009EF6D1+456401]
	Ordinal0 [0x009EF21D+455197]
	Ordinal0 [0x009EEDE4+454116]
	Ordinal0 [0x009EEDA5+454053]
	Ordinal0 [0x009F4ECE+478926]
	Ordinal0 [0x009EED5C+453980]
	Ordinal0 [0x009EF6D1+456401]
	Ordinal0 [0x009EF21D+455197]
	Ordinal0 [0x009EEDE4+454116]
	Ordinal0 [0x009EEDA5+454053]
	Ordinal0 [0x009F365B+472667]
	Ordinal0 [0x009EED5C+453980]
	Ordinal0 [0x009EF6D1+456401]
	Ordinal0 [0x009EF21D+455197]
	Ordinal0 [0x009EEDE4+454116]
	Ordinal0 [0x009EEDA5+454053]
	Ordinal0 [0x009F2C67+470119]
	Ordinal0 [0x009EED5C+453980]
	Ordinal0 [0x009EF6D1+456401]
	Ordinal0 [0x009EF21D+455197]
	Ordinal0 [0x009EEDE4+454116]
	Ordinal0 [0x009EEDA5+454053]
	Ordinal0 [0x009EBA0C+440844]
	Ordinal0 [0x009EED5C+453980]
	Ordinal0 [0x009EEC44+453700]
	Ordinal0 [0x009F8330+492336]
	Ordinal0 [0x009AA108+172296]
	Ordinal0 [0x009A942D+169005]
	Ordinal0 [0x009A78EB+162027]
	Ordinal0 [0x00990AC7+68295]
	Ordinal0 [0x00991B40+72512]
	Ordinal0 [0x00991AD9+72409]
	Ordinal0 [0x00A88F37+1085239]
	GetHandleVerifier [0x00B8D7ED+503293]
	GetHandleVerifier [0x00B8D580+502672]
	GetHandleVerifier [0x00B946AC+531644]
	GetHandleVerifier [0x00B8DFFA+505354]
	Ordinal0 [0x00A80606+1050118]
	Ordinal0 [0x00A8047F+1049727]
	Ordinal0 [0x00A8AF9B+1093531]
	Ordinal0 [0x00A8B103+1093891]
	Ordinal0 [0x00A8A095+1089685]
	BaseThreadInitThunk [0x76206359+25]
	RtlGetAppContainerNamedObjectPath [0x76F77B74+228]
	RtlGetAppContainerNamedObjectPath [0x76F77B44+180]

	at org.openqa.selenium.remote.W3CHandshakeResponse.lambda$errorHandler$0(W3CHandshakeResponse.java:62)
	at org.openqa.selenium.remote.HandshakeResponse.lambda$getResponseFunction$0(HandshakeResponse.java:30)
	at org.openqa.selenium.remote.ProtocolHandshake.lambda$createSession$0(ProtocolHandshake.java:126)
	at java.util.stream.ReferencePipeline$3$1.accept(ReferencePipeline.java:193)
	at java.util.Spliterators$ArraySpliterator.tryAdvance(Spliterators.java:958)
	at java.util.stream.ReferencePipeline.forEachWithCancel(ReferencePipeline.java:126)
	at java.util.stream.AbstractPipeline.copyIntoWithCancel(AbstractPipeline.java:498)
	at java.util.stream.AbstractPipeline.copyInto(AbstractPipeline.java:485)
	at java.util.stream.AbstractPipeline.wrapAndCopyInto(AbstractPipeline.java:471)
	at java.util.stream.FindOps$FindOp.evaluateSequential(FindOps.java:152)
	at java.util.stream.AbstractPipeline.evaluate(AbstractPipeline.java:234)
	at java.util.stream.ReferencePipeline.findFirst(ReferencePipeline.java:464)
	at org.openqa.selenium.remote.ProtocolHandshake.createSession(ProtocolHandshake.java:128)
	at org.openqa.selenium.remote.ProtocolHandshake.createSession(ProtocolHandshake.java:74)
	at org.openqa.selenium.remote.HttpCommandExecutor.execute(HttpCommandExecutor.java:136)
	at org.openqa.selenium.remote.service.DriverCommandExecutor.execute(DriverCommandExecutor.java:83)
	at org.openqa.selenium.remote.RemoteWebDriver.execute(RemoteWebDriver.java:552)
	at org.openqa.selenium.remote.RemoteWebDriver.startSession(RemoteWebDriver.java:213)
	at org.openqa.selenium.remote.RemoteWebDriver.&lt;init&gt;(RemoteWebDriver.java:131)
	at org.openqa.selenium.chrome.ChromeDriver.&lt;init&gt;(ChromeDriver.java:181)
	at org.openqa.selenium.chrome.ChromeDriver.&lt;init&gt;(ChromeDriver.java:168)
	at org.openqa.selenium.chrome.ChromeDriver.&lt;init&gt;(ChromeDriver.java:123)
	at com.qaTest.gmailapp.TestBase.initalization(TestBase.java:47)
	at com.qaTest.Logintestcases.GmailTestCase.setUp(GmailTestCase.java:32)
... Removed 28 stack frames</pre></div><a href='#' onClick='toggleBox("stack-trace1990519794", this, "Click to show all stack frames", "Click to hide stack frames")'>Click to show all stack frames</a>
<div class='stack-trace' id='stack-trace1990519794'><pre>org.openqa.selenium.SessionNotCreatedException: session not created
from tab crashed
  (Session info: chrome=78.0.3904.70)
Build info: version: &apos;3.141.59&apos;, revision: &apos;e82be7d358&apos;, time: &apos;2018-11-14T08:17:03&apos;
System info: host: &apos;NIT-LPT-R117&apos;, ip: &apos;192.168.137.1&apos;, os.name: &apos;Windows 10&apos;, os.arch: &apos;amd64&apos;, os.version: &apos;10.0&apos;, java.version: &apos;1.8.0_172&apos;
Driver info: driver.version: ChromeDriver
remote stacktrace: Backtrace:
	Ordinal0 [0x00AEEB13+1501971]
	Ordinal0 [0x00A6F6D1+980689]
	Ordinal0 [0x009F7508+488712]
	Ordinal0 [0x009F031A+459546]
	Ordinal0 [0x009EFEA4+458404]
	Ordinal0 [0x009EFA1D+457245]
	Ordinal0 [0x009EF21D+455197]
	Ordinal0 [0x009EEDE4+454116]
	Ordinal0 [0x009EEDA5+454053]
	Ordinal0 [0x009F6525+484645]
	Ordinal0 [0x009EED5C+453980]
	Ordinal0 [0x009EF6D1+456401]
	Ordinal0 [0x009EF21D+455197]
	Ordinal0 [0x009EEDE4+454116]
	Ordinal0 [0x009EEDA5+454053]
	Ordinal0 [0x009F4ECE+478926]
	Ordinal0 [0x009EED5C+453980]
	Ordinal0 [0x009EF6D1+456401]
	Ordinal0 [0x009EF21D+455197]
	Ordinal0 [0x009EEDE4+454116]
	Ordinal0 [0x009EEDA5+454053]
	Ordinal0 [0x009F365B+472667]
	Ordinal0 [0x009EED5C+453980]
	Ordinal0 [0x009EF6D1+456401]
	Ordinal0 [0x009EF21D+455197]
	Ordinal0 [0x009EEDE4+454116]
	Ordinal0 [0x009EEDA5+454053]
	Ordinal0 [0x009F2C67+470119]
	Ordinal0 [0x009EED5C+453980]
	Ordinal0 [0x009EF6D1+456401]
	Ordinal0 [0x009EF21D+455197]
	Ordinal0 [0x009EEDE4+454116]
	Ordinal0 [0x009EEDA5+454053]
	Ordinal0 [0x009EBA0C+440844]
	Ordinal0 [0x009EED5C+453980]
	Ordinal0 [0x009EEC44+453700]
	Ordinal0 [0x009F8330+492336]
	Ordinal0 [0x009AA108+172296]
	Ordinal0 [0x009A942D+169005]
	Ordinal0 [0x009A78EB+162027]
	Ordinal0 [0x00990AC7+68295]
	Ordinal0 [0x00991B40+72512]
	Ordinal0 [0x00991AD9+72409]
	Ordinal0 [0x00A88F37+1085239]
	GetHandleVerifier [0x00B8D7ED+503293]
	GetHandleVerifier [0x00B8D580+502672]
	GetHandleVerifier [0x00B946AC+531644]
	GetHandleVerifier [0x00B8DFFA+505354]
	Ordinal0 [0x00A80606+1050118]
	Ordinal0 [0x00A8047F+1049727]
	Ordinal0 [0x00A8AF9B+1093531]
	Ordinal0 [0x00A8B103+1093891]
	Ordinal0 [0x00A8A095+1089685]
	BaseThreadInitThunk [0x76206359+25]
	RtlGetAppContainerNamedObjectPath [0x76F77B74+228]
	RtlGetAppContainerNamedObjectPath [0x76F77B44+180]

	at sun.reflect.NativeConstructorAccessorImpl.newInstance0(Native Method)
	at sun.reflect.NativeConstructorAccessorImpl.newInstance(NativeConstructorAccessorImpl.java:62)
	at sun.reflect.DelegatingConstructorAccessorImpl.newInstance(DelegatingConstructorAccessorImpl.java:45)
	at java.lang.reflect.Constructor.newInstance(Constructor.java:423)
	at org.openqa.selenium.remote.W3CHandshakeResponse.lambda$errorHandler$0(W3CHandshakeResponse.java:62)
	at org.openqa.selenium.remote.HandshakeResponse.lambda$getResponseFunction$0(HandshakeResponse.java:30)
	at org.openqa.selenium.remote.ProtocolHandshake.lambda$createSession$0(ProtocolHandshake.java:126)
	at java.util.stream.ReferencePipeline$3$1.accept(ReferencePipeline.java:193)
	at java.util.Spliterators$ArraySpliterator.tryAdvance(Spliterators.java:958)
	at java.util.stream.ReferencePipeline.forEachWithCancel(ReferencePipeline.java:126)
	at java.util.stream.AbstractPipeline.copyIntoWithCancel(AbstractPipeline.java:498)
	at java.util.stream.AbstractPipeline.copyInto(AbstractPipeline.java:485)
	at java.util.stream.AbstractPipeline.wrapAndCopyInto(AbstractPipeline.java:471)
	at java.util.stream.FindOps$FindOp.evaluateSequential(FindOps.java:152)
	at java.util.stream.AbstractPipeline.evaluate(AbstractPipeline.java:234)
	at java.util.stream.ReferencePipeline.findFirst(ReferencePipeline.java:464)
	at org.openqa.selenium.remote.ProtocolHandshake.createSession(ProtocolHandshake.java:128)
	at org.openqa.selenium.remote.ProtocolHandshake.createSession(ProtocolHandshake.java:74)
	at org.openqa.selenium.remote.HttpCommandExecutor.execute(HttpCommandExecutor.java:136)
	at org.openqa.selenium.remote.service.DriverCommandExecutor.execute(DriverCommandExecutor.java:83)
	at org.openqa.selenium.remote.RemoteWebDriver.execute(RemoteWebDriver.java:552)
	at org.openqa.selenium.remote.RemoteWebDriver.startSession(RemoteWebDriver.java:213)
	at org.openqa.selenium.remote.RemoteWebDriver.&lt;init&gt;(RemoteWebDriver.java:131)
	at org.openqa.selenium.chrome.ChromeDriver.&lt;init&gt;(ChromeDriver.java:181)
	at org.openqa.selenium.chrome.ChromeDriver.&lt;init&gt;(ChromeDriver.java:168)
	at org.openqa.selenium.chrome.ChromeDriver.&lt;init&gt;(ChromeDriver.java:123)
	at com.qaTest.gmailapp.TestBase.initalization(TestBase.java:47)
	at com.qaTest.Logintestcases.GmailTestCase.setUp(GmailTestCase.java:32)
	at sun.reflect.NativeMethodAccessorImpl.invoke0(Native Method)
	at sun.reflect.NativeMethodAccessorImpl.invoke(NativeMethodAccessorImpl.java:62)
	at sun.reflect.DelegatingMethodAccessorImpl.invoke(DelegatingMethodAccessorImpl.java:43)
	at java.lang.reflect.Method.invoke(Method.java:498)
	at org.testng.internal.MethodInvocationHelper.invokeMethod(MethodInvocationHelper.java:124)
	at org.testng.internal.MethodInvocationHelper.invokeMethodConsideringTimeout(MethodInvocationHelper.java:59)
	at org.testng.internal.Invoker.invokeConfigurationMethod(Invoker.java:458)
	at org.testng.internal.Invoker.invokeConfigurations(Invoker.java:222)
	at org.testng.internal.Invoker.invokeConfigurations(Invoker.java:142)
	at org.testng.TestRunner.beforeRun(TestRunner.java:529)
	at org.testng.TestRunner.run(TestRunner.java:497)
	at org.testng.SuiteRunner.runTest(SuiteRunner.java:455)
	at org.testng.SuiteRunner.runSequentially(SuiteRunner.java:450)
	at org.testng.SuiteRunner.privateRun(SuiteRunner.java:415)
	at org.testng.SuiteRunner.run(SuiteRunner.java:364)
	at org.testng.SuiteRunnerWorker.runSuite(SuiteRunnerWorker.java:52)
	at org.testng.SuiteRunnerWorker.run(SuiteRunnerWorker.java:84)
	at org.testng.TestNG.runSuitesSequentially(TestNG.java:1208)
	at org.testng.TestNG.runSuitesLocally(TestNG.java:1137)
	at org.testng.TestNG.runSuites(TestNG.java:1049)
	at org.testng.TestNG.run(TestNG.java:1017)
	at org.testng.remote.AbstractRemoteTestNG.run(AbstractRemoteTestNG.java:132)
	at org.testng.remote.RemoteTestNG.initAndRun(RemoteTestNG.java:230)
	at org.testng.remote.RemoteTestNG.main(RemoteTestNG.java:76)
</pre></div></td>
<td>0</td>
<td>com.qaTest.Logintestcases.GmailTestCase@5c3bd550</td></tr>
<tr>
<td title='com.qaTest.Logintestcases.GmailTestCase.loginPageTitleTest()'><b>loginPageTitleTest</b><br>Test class: com.qaTest.Logintestcases.GmailTestCase</td>
<td><div><pre>org.openqa.selenium.SessionNotCreatedException: session not created
from tab crashed
  (Session info: chrome=78.0.3904.70)
Build info: version: &apos;3.141.59&apos;, revision: &apos;e82be7d358&apos;, time: &apos;2018-11-14T08:17:03&apos;
System info: host: &apos;NIT-LPT-R117&apos;, ip: &apos;192.168.137.1&apos;, os.name: &apos;Windows 10&apos;, os.arch: &apos;amd64&apos;, os.version: &apos;10.0&apos;, java.version: &apos;1.8.0_172&apos;
Driver info: driver.version: ChromeDriver
remote stacktrace: Backtrace:
	Ordinal0 [0x00AEEB13+1501971]
	Ordinal0 [0x00A6F6D1+980689]
	Ordinal0 [0x009F7508+488712]
	Ordinal0 [0x009F031A+459546]
	Ordinal0 [0x009EFEA4+458404]
	Ordinal0 [0x009EFA1D+457245]
	Ordinal0 [0x009EF21D+455197]
	Ordinal0 [0x009EEDE4+454116]
	Ordinal0 [0x009EEDA5+454053]
	Ordinal0 [0x009F6525+484645]
	Ordinal0 [0x009EED5C+453980]
	Ordinal0 [0x009EF6D1+456401]
	Ordinal0 [0x009EF21D+455197]
	Ordinal0 [0x009EEDE4+454116]
	Ordinal0 [0x009EEDA5+454053]
	Ordinal0 [0x009F4ECE+478926]
	Ordinal0 [0x009EED5C+453980]
	Ordinal0 [0x009EF6D1+456401]
	Ordinal0 [0x009EF21D+455197]
	Ordinal0 [0x009EEDE4+454116]
	Ordinal0 [0x009EEDA5+454053]
	Ordinal0 [0x009F365B+472667]
	Ordinal0 [0x009EED5C+453980]
	Ordinal0 [0x009EF6D1+456401]
	Ordinal0 [0x009EF21D+455197]
	Ordinal0 [0x009EEDE4+454116]
	Ordinal0 [0x009EEDA5+454053]
	Ordinal0 [0x009F2C67+470119]
	Ordinal0 [0x009EED5C+453980]
	Ordinal0 [0x009EF6D1+456401]
	Ordinal0 [0x009EF21D+455197]
	Ordinal0 [0x009EEDE4+454116]
	Ordinal0 [0x009EEDA5+454053]
	Ordinal0 [0x009EBA0C+440844]
	Ordinal0 [0x009EED5C+453980]
	Ordinal0 [0x009EEC44+453700]
	Ordinal0 [0x009F8330+492336]
	Ordinal0 [0x009AA108+172296]
	Ordinal0 [0x009A942D+169005]
	Ordinal0 [0x009A78EB+162027]
	Ordinal0 [0x00990AC7+68295]
	Ordinal0 [0x00991B40+72512]
	Ordinal0 [0x00991AD9+72409]
	Ordinal0 [0x00A88F37+1085239]
	GetHandleVerifier [0x00B8D7ED+503293]
	GetHandleVerifier [0x00B8D580+502672]
	GetHandleVerifier [0x00B946AC+531644]
	GetHandleVerifier [0x00B8DFFA+505354]
	Ordinal0 [0x00A80606+1050118]
	Ordinal0 [0x00A8047F+1049727]
	Ordinal0 [0x00A8AF9B+1093531]
	Ordinal0 [0x00A8B103+1093891]
	Ordinal0 [0x00A8A095+1089685]
	BaseThreadInitThunk [0x76206359+25]
	RtlGetAppContainerNamedObjectPath [0x76F77B74+228]
	RtlGetAppContainerNamedObjectPath [0x76F77B44+180]

	at org.openqa.selenium.remote.W3CHandshakeResponse.lambda$errorHandler$0(W3CHandshakeResponse.java:62)
	at org.openqa.selenium.remote.HandshakeResponse.lambda$getResponseFunction$0(HandshakeResponse.java:30)
	at org.openqa.selenium.remote.ProtocolHandshake.lambda$createSession$0(ProtocolHandshake.java:126)
	at java.util.stream.ReferencePipeline$3$1.accept(ReferencePipeline.java:193)
	at java.util.Spliterators$ArraySpliterator.tryAdvance(Spliterators.java:958)
	at java.util.stream.ReferencePipeline.forEachWithCancel(ReferencePipeline.java:126)
	at java.util.stream.AbstractPipeline.copyIntoWithCancel(AbstractPipeline.java:498)
	at java.util.stream.AbstractPipeline.copyInto(AbstractPipeline.java:485)
	at java.util.stream.AbstractPipeline.wrapAndCopyInto(AbstractPipeline.java:471)
	at java.util.stream.FindOps$FindOp.evaluateSequential(FindOps.java:152)
	at java.util.stream.AbstractPipeline.evaluate(AbstractPipeline.java:234)
	at java.util.stream.ReferencePipeline.findFirst(ReferencePipeline.java:464)
	at org.openqa.selenium.remote.ProtocolHandshake.createSession(ProtocolHandshake.java:128)
	at org.openqa.selenium.remote.ProtocolHandshake.createSession(ProtocolHandshake.java:74)
	at org.openqa.selenium.remote.HttpCommandExecutor.execute(HttpCommandExecutor.java:136)
	at org.openqa.selenium.remote.service.DriverCommandExecutor.execute(DriverCommandExecutor.java:83)
	at org.openqa.selenium.remote.RemoteWebDriver.execute(RemoteWebDriver.java:552)
	at org.openqa.selenium.remote.RemoteWebDriver.startSession(RemoteWebDriver.java:213)
	at org.openqa.selenium.remote.RemoteWebDriver.&lt;init&gt;(RemoteWebDriver.java:131)
	at org.openqa.selenium.chrome.ChromeDriver.&lt;init&gt;(ChromeDriver.java:181)
	at org.openqa.selenium.chrome.ChromeDriver.&lt;init&gt;(ChromeDriver.java:168)
	at org.openqa.selenium.chrome.ChromeDriver.&lt;init&gt;(ChromeDriver.java:123)
	at com.qaTest.gmailapp.TestBase.initalization(TestBase.java:47)
	at com.qaTest.Logintestcases.GmailTestCase.setUp(GmailTestCase.java:32)
... Removed 28 stack frames</pre></div><a href='#' onClick='toggleBox("stack-trace651802632", this, "Click to show all stack frames", "Click to hide stack frames")'>Click to show all stack frames</a>
<div class='stack-trace' id='stack-trace651802632'><pre>org.openqa.selenium.SessionNotCreatedException: session not created
from tab crashed
  (Session info: chrome=78.0.3904.70)
Build info: version: &apos;3.141.59&apos;, revision: &apos;e82be7d358&apos;, time: &apos;2018-11-14T08:17:03&apos;
System info: host: &apos;NIT-LPT-R117&apos;, ip: &apos;192.168.137.1&apos;, os.name: &apos;Windows 10&apos;, os.arch: &apos;amd64&apos;, os.version: &apos;10.0&apos;, java.version: &apos;1.8.0_172&apos;
Driver info: driver.version: ChromeDriver
remote stacktrace: Backtrace:
	Ordinal0 [0x00AEEB13+1501971]
	Ordinal0 [0x00A6F6D1+980689]
	Ordinal0 [0x009F7508+488712]
	Ordinal0 [0x009F031A+459546]
	Ordinal0 [0x009EFEA4+458404]
	Ordinal0 [0x009EFA1D+457245]
	Ordinal0 [0x009EF21D+455197]
	Ordinal0 [0x009EEDE4+454116]
	Ordinal0 [0x009EEDA5+454053]
	Ordinal0 [0x009F6525+484645]
	Ordinal0 [0x009EED5C+453980]
	Ordinal0 [0x009EF6D1+456401]
	Ordinal0 [0x009EF21D+455197]
	Ordinal0 [0x009EEDE4+454116]
	Ordinal0 [0x009EEDA5+454053]
	Ordinal0 [0x009F4ECE+478926]
	Ordinal0 [0x009EED5C+453980]
	Ordinal0 [0x009EF6D1+456401]
	Ordinal0 [0x009EF21D+455197]
	Ordinal0 [0x009EEDE4+454116]
	Ordinal0 [0x009EEDA5+454053]
	Ordinal0 [0x009F365B+472667]
	Ordinal0 [0x009EED5C+453980]
	Ordinal0 [0x009EF6D1+456401]
	Ordinal0 [0x009EF21D+455197]
	Ordinal0 [0x009EEDE4+454116]
	Ordinal0 [0x009EEDA5+454053]
	Ordinal0 [0x009F2C67+470119]
	Ordinal0 [0x009EED5C+453980]
	Ordinal0 [0x009EF6D1+456401]
	Ordinal0 [0x009EF21D+455197]
	Ordinal0 [0x009EEDE4+454116]
	Ordinal0 [0x009EEDA5+454053]
	Ordinal0 [0x009EBA0C+440844]
	Ordinal0 [0x009EED5C+453980]
	Ordinal0 [0x009EEC44+453700]
	Ordinal0 [0x009F8330+492336]
	Ordinal0 [0x009AA108+172296]
	Ordinal0 [0x009A942D+169005]
	Ordinal0 [0x009A78EB+162027]
	Ordinal0 [0x00990AC7+68295]
	Ordinal0 [0x00991B40+72512]
	Ordinal0 [0x00991AD9+72409]
	Ordinal0 [0x00A88F37+1085239]
	GetHandleVerifier [0x00B8D7ED+503293]
	GetHandleVerifier [0x00B8D580+502672]
	GetHandleVerifier [0x00B946AC+531644]
	GetHandleVerifier [0x00B8DFFA+505354]
	Ordinal0 [0x00A80606+1050118]
	Ordinal0 [0x00A8047F+1049727]
	Ordinal0 [0x00A8AF9B+1093531]
	Ordinal0 [0x00A8B103+1093891]
	Ordinal0 [0x00A8A095+1089685]
	BaseThreadInitThunk [0x76206359+25]
	RtlGetAppContainerNamedObjectPath [0x76F77B74+228]
	RtlGetAppContainerNamedObjectPath [0x76F77B44+180]

	at sun.reflect.NativeConstructorAccessorImpl.newInstance0(Native Method)
	at sun.reflect.NativeConstructorAccessorImpl.newInstance(NativeConstructorAccessorImpl.java:62)
	at sun.reflect.DelegatingConstructorAccessorImpl.newInstance(DelegatingConstructorAccessorImpl.java:45)
	at java.lang.reflect.Constructor.newInstance(Constructor.java:423)
	at org.openqa.selenium.remote.W3CHandshakeResponse.lambda$errorHandler$0(W3CHandshakeResponse.java:62)
	at org.openqa.selenium.remote.HandshakeResponse.lambda$getResponseFunction$0(HandshakeResponse.java:30)
	at org.openqa.selenium.remote.ProtocolHandshake.lambda$createSession$0(ProtocolHandshake.java:126)
	at java.util.stream.ReferencePipeline$3$1.accept(ReferencePipeline.java:193)
	at java.util.Spliterators$ArraySpliterator.tryAdvance(Spliterators.java:958)
	at java.util.stream.ReferencePipeline.forEachWithCancel(ReferencePipeline.java:126)
	at java.util.stream.AbstractPipeline.copyIntoWithCancel(AbstractPipeline.java:498)
	at java.util.stream.AbstractPipeline.copyInto(AbstractPipeline.java:485)
	at java.util.stream.AbstractPipeline.wrapAndCopyInto(AbstractPipeline.java:471)
	at java.util.stream.FindOps$FindOp.evaluateSequential(FindOps.java:152)
	at java.util.stream.AbstractPipeline.evaluate(AbstractPipeline.java:234)
	at java.util.stream.ReferencePipeline.findFirst(ReferencePipeline.java:464)
	at org.openqa.selenium.remote.ProtocolHandshake.createSession(ProtocolHandshake.java:128)
	at org.openqa.selenium.remote.ProtocolHandshake.createSession(ProtocolHandshake.java:74)
	at org.openqa.selenium.remote.HttpCommandExecutor.execute(HttpCommandExecutor.java:136)
	at org.openqa.selenium.remote.service.DriverCommandExecutor.execute(DriverCommandExecutor.java:83)
	at org.openqa.selenium.remote.RemoteWebDriver.execute(RemoteWebDriver.java:552)
	at org.openqa.selenium.remote.RemoteWebDriver.startSession(RemoteWebDriver.java:213)
	at org.openqa.selenium.remote.RemoteWebDriver.&lt;init&gt;(RemoteWebDriver.java:131)
	at org.openqa.selenium.chrome.ChromeDriver.&lt;init&gt;(ChromeDriver.java:181)
	at org.openqa.selenium.chrome.ChromeDriver.&lt;init&gt;(ChromeDriver.java:168)
	at org.openqa.selenium.chrome.ChromeDriver.&lt;init&gt;(ChromeDriver.java:123)
	at com.qaTest.gmailapp.TestBase.initalization(TestBase.java:47)
	at com.qaTest.Logintestcases.GmailTestCase.setUp(GmailTestCase.java:32)
	at sun.reflect.NativeMethodAccessorImpl.invoke0(Native Method)
	at sun.reflect.NativeMethodAccessorImpl.invoke(NativeMethodAccessorImpl.java:62)
	at sun.reflect.DelegatingMethodAccessorImpl.invoke(DelegatingMethodAccessorImpl.java:43)
	at java.lang.reflect.Method.invoke(Method.java:498)
	at org.testng.internal.MethodInvocationHelper.invokeMethod(MethodInvocationHelper.java:124)
	at org.testng.internal.MethodInvocationHelper.invokeMethodConsideringTimeout(MethodInvocationHelper.java:59)
	at org.testng.internal.Invoker.invokeConfigurationMethod(Invoker.java:458)
	at org.testng.internal.Invoker.invokeConfigurations(Invoker.java:222)
	at org.testng.internal.Invoker.invokeConfigurations(Invoker.java:142)
	at org.testng.TestRunner.beforeRun(TestRunner.java:529)
	at org.testng.TestRunner.run(TestRunner.java:497)
	at org.testng.SuiteRunner.runTest(SuiteRunner.java:455)
	at org.testng.SuiteRunner.runSequentially(SuiteRunner.java:450)
	at org.testng.SuiteRunner.privateRun(SuiteRunner.java:415)
	at org.testng.SuiteRunner.run(SuiteRunner.java:364)
	at org.testng.SuiteRunnerWorker.runSuite(SuiteRunnerWorker.java:52)
	at org.testng.SuiteRunnerWorker.run(SuiteRunnerWorker.java:84)
	at org.testng.TestNG.runSuitesSequentially(TestNG.java:1208)
	at org.testng.TestNG.runSuitesLocally(TestNG.java:1137)
	at org.testng.TestNG.runSuites(TestNG.java:1049)
	at org.testng.TestNG.run(TestNG.java:1017)
	at org.testng.remote.AbstractRemoteTestNG.run(AbstractRemoteTestNG.java:132)
	at org.testng.remote.RemoteTestNG.initAndRun(RemoteTestNG.java:230)
	at org.testng.remote.RemoteTestNG.main(RemoteTestNG.java:76)
</pre></div></td>
<td>0</td>
<td>com.qaTest.Logintestcases.GmailTestCase@5c3bd550</td></tr>
<tr>
<td title='com.qaTest.Logintestcases.GmailTestCase.openEmailClick()'><b>openEmailClick</b><br>Test class: com.qaTest.Logintestcases.GmailTestCase</td>
<td><div><pre>org.openqa.selenium.SessionNotCreatedException: session not created
from tab crashed
  (Session info: chrome=78.0.3904.70)
Build info: version: &apos;3.141.59&apos;, revision: &apos;e82be7d358&apos;, time: &apos;2018-11-14T08:17:03&apos;
System info: host: &apos;NIT-LPT-R117&apos;, ip: &apos;192.168.137.1&apos;, os.name: &apos;Windows 10&apos;, os.arch: &apos;amd64&apos;, os.version: &apos;10.0&apos;, java.version: &apos;1.8.0_172&apos;
Driver info: driver.version: ChromeDriver
remote stacktrace: Backtrace:
	Ordinal0 [0x00AEEB13+1501971]
	Ordinal0 [0x00A6F6D1+980689]
	Ordinal0 [0x009F7508+488712]
	Ordinal0 [0x009F031A+459546]
	Ordinal0 [0x009EFEA4+458404]
	Ordinal0 [0x009EFA1D+457245]
	Ordinal0 [0x009EF21D+455197]
	Ordinal0 [0x009EEDE4+454116]
	Ordinal0 [0x009EEDA5+454053]
	Ordinal0 [0x009F6525+484645]
	Ordinal0 [0x009EED5C+453980]
	Ordinal0 [0x009EF6D1+456401]
	Ordinal0 [0x009EF21D+455197]
	Ordinal0 [0x009EEDE4+454116]
	Ordinal0 [0x009EEDA5+454053]
	Ordinal0 [0x009F4ECE+478926]
	Ordinal0 [0x009EED5C+453980]
	Ordinal0 [0x009EF6D1+456401]
	Ordinal0 [0x009EF21D+455197]
	Ordinal0 [0x009EEDE4+454116]
	Ordinal0 [0x009EEDA5+454053]
	Ordinal0 [0x009F365B+472667]
	Ordinal0 [0x009EED5C+453980]
	Ordinal0 [0x009EF6D1+456401]
	Ordinal0 [0x009EF21D+455197]
	Ordinal0 [0x009EEDE4+454116]
	Ordinal0 [0x009EEDA5+454053]
	Ordinal0 [0x009F2C67+470119]
	Ordinal0 [0x009EED5C+453980]
	Ordinal0 [0x009EF6D1+456401]
	Ordinal0 [0x009EF21D+455197]
	Ordinal0 [0x009EEDE4+454116]
	Ordinal0 [0x009EEDA5+454053]
	Ordinal0 [0x009EBA0C+440844]
	Ordinal0 [0x009EED5C+453980]
	Ordinal0 [0x009EEC44+453700]
	Ordinal0 [0x009F8330+492336]
	Ordinal0 [0x009AA108+172296]
	Ordinal0 [0x009A942D+169005]
	Ordinal0 [0x009A78EB+162027]
	Ordinal0 [0x00990AC7+68295]
	Ordinal0 [0x00991B40+72512]
	Ordinal0 [0x00991AD9+72409]
	Ordinal0 [0x00A88F37+1085239]
	GetHandleVerifier [0x00B8D7ED+503293]
	GetHandleVerifier [0x00B8D580+502672]
	GetHandleVerifier [0x00B946AC+531644]
	GetHandleVerifier [0x00B8DFFA+505354]
	Ordinal0 [0x00A80606+1050118]
	Ordinal0 [0x00A8047F+1049727]
	Ordinal0 [0x00A8AF9B+1093531]
	Ordinal0 [0x00A8B103+1093891]
	Ordinal0 [0x00A8A095+1089685]
	BaseThreadInitThunk [0x76206359+25]
	RtlGetAppContainerNamedObjectPath [0x76F77B74+228]
	RtlGetAppContainerNamedObjectPath [0x76F77B44+180]

	at org.openqa.selenium.remote.W3CHandshakeResponse.lambda$errorHandler$0(W3CHandshakeResponse.java:62)
	at org.openqa.selenium.remote.HandshakeResponse.lambda$getResponseFunction$0(HandshakeResponse.java:30)
	at org.openqa.selenium.remote.ProtocolHandshake.lambda$createSession$0(ProtocolHandshake.java:126)
	at java.util.stream.ReferencePipeline$3$1.accept(ReferencePipeline.java:193)
	at java.util.Spliterators$ArraySpliterator.tryAdvance(Spliterators.java:958)
	at java.util.stream.ReferencePipeline.forEachWithCancel(ReferencePipeline.java:126)
	at java.util.stream.AbstractPipeline.copyIntoWithCancel(AbstractPipeline.java:498)
	at java.util.stream.AbstractPipeline.copyInto(AbstractPipeline.java:485)
	at java.util.stream.AbstractPipeline.wrapAndCopyInto(AbstractPipeline.java:471)
	at java.util.stream.FindOps$FindOp.evaluateSequential(FindOps.java:152)
	at java.util.stream.AbstractPipeline.evaluate(AbstractPipeline.java:234)
	at java.util.stream.ReferencePipeline.findFirst(ReferencePipeline.java:464)
	at org.openqa.selenium.remote.ProtocolHandshake.createSession(ProtocolHandshake.java:128)
	at org.openqa.selenium.remote.ProtocolHandshake.createSession(ProtocolHandshake.java:74)
	at org.openqa.selenium.remote.HttpCommandExecutor.execute(HttpCommandExecutor.java:136)
	at org.openqa.selenium.remote.service.DriverCommandExecutor.execute(DriverCommandExecutor.java:83)
	at org.openqa.selenium.remote.RemoteWebDriver.execute(RemoteWebDriver.java:552)
	at org.openqa.selenium.remote.RemoteWebDriver.startSession(RemoteWebDriver.java:213)
	at org.openqa.selenium.remote.RemoteWebDriver.&lt;init&gt;(RemoteWebDriver.java:131)
	at org.openqa.selenium.chrome.ChromeDriver.&lt;init&gt;(ChromeDriver.java:181)
	at org.openqa.selenium.chrome.ChromeDriver.&lt;init&gt;(ChromeDriver.java:168)
	at org.openqa.selenium.chrome.ChromeDriver.&lt;init&gt;(ChromeDriver.java:123)
	at com.qaTest.gmailapp.TestBase.initalization(TestBase.java:47)
	at com.qaTest.Logintestcases.GmailTestCase.setUp(GmailTestCase.java:32)
... Removed 28 stack frames</pre></div><a href='#' onClick='toggleBox("stack-trace2028265136", this, "Click to show all stack frames", "Click to hide stack frames")'>Click to show all stack frames</a>
<div class='stack-trace' id='stack-trace2028265136'><pre>org.openqa.selenium.SessionNotCreatedException: session not created
from tab crashed
  (Session info: chrome=78.0.3904.70)
Build info: version: &apos;3.141.59&apos;, revision: &apos;e82be7d358&apos;, time: &apos;2018-11-14T08:17:03&apos;
System info: host: &apos;NIT-LPT-R117&apos;, ip: &apos;192.168.137.1&apos;, os.name: &apos;Windows 10&apos;, os.arch: &apos;amd64&apos;, os.version: &apos;10.0&apos;, java.version: &apos;1.8.0_172&apos;
Driver info: driver.version: ChromeDriver
remote stacktrace: Backtrace:
	Ordinal0 [0x00AEEB13+1501971]
	Ordinal0 [0x00A6F6D1+980689]
	Ordinal0 [0x009F7508+488712]
	Ordinal0 [0x009F031A+459546]
	Ordinal0 [0x009EFEA4+458404]
	Ordinal0 [0x009EFA1D+457245]
	Ordinal0 [0x009EF21D+455197]
	Ordinal0 [0x009EEDE4+454116]
	Ordinal0 [0x009EEDA5+454053]
	Ordinal0 [0x009F6525+484645]
	Ordinal0 [0x009EED5C+453980]
	Ordinal0 [0x009EF6D1+456401]
	Ordinal0 [0x009EF21D+455197]
	Ordinal0 [0x009EEDE4+454116]
	Ordinal0 [0x009EEDA5+454053]
	Ordinal0 [0x009F4ECE+478926]
	Ordinal0 [0x009EED5C+453980]
	Ordinal0 [0x009EF6D1+456401]
	Ordinal0 [0x009EF21D+455197]
	Ordinal0 [0x009EEDE4+454116]
	Ordinal0 [0x009EEDA5+454053]
	Ordinal0 [0x009F365B+472667]
	Ordinal0 [0x009EED5C+453980]
	Ordinal0 [0x009EF6D1+456401]
	Ordinal0 [0x009EF21D+455197]
	Ordinal0 [0x009EEDE4+454116]
	Ordinal0 [0x009EEDA5+454053]
	Ordinal0 [0x009F2C67+470119]
	Ordinal0 [0x009EED5C+453980]
	Ordinal0 [0x009EF6D1+456401]
	Ordinal0 [0x009EF21D+455197]
	Ordinal0 [0x009EEDE4+454116]
	Ordinal0 [0x009EEDA5+454053]
	Ordinal0 [0x009EBA0C+440844]
	Ordinal0 [0x009EED5C+453980]
	Ordinal0 [0x009EEC44+453700]
	Ordinal0 [0x009F8330+492336]
	Ordinal0 [0x009AA108+172296]
	Ordinal0 [0x009A942D+169005]
	Ordinal0 [0x009A78EB+162027]
	Ordinal0 [0x00990AC7+68295]
	Ordinal0 [0x00991B40+72512]
	Ordinal0 [0x00991AD9+72409]
	Ordinal0 [0x00A88F37+1085239]
	GetHandleVerifier [0x00B8D7ED+503293]
	GetHandleVerifier [0x00B8D580+502672]
	GetHandleVerifier [0x00B946AC+531644]
	GetHandleVerifier [0x00B8DFFA+505354]
	Ordinal0 [0x00A80606+1050118]
	Ordinal0 [0x00A8047F+1049727]
	Ordinal0 [0x00A8AF9B+1093531]
	Ordinal0 [0x00A8B103+1093891]
	Ordinal0 [0x00A8A095+1089685]
	BaseThreadInitThunk [0x76206359+25]
	RtlGetAppContainerNamedObjectPath [0x76F77B74+228]
	RtlGetAppContainerNamedObjectPath [0x76F77B44+180]

	at sun.reflect.NativeConstructorAccessorImpl.newInstance0(Native Method)
	at sun.reflect.NativeConstructorAccessorImpl.newInstance(NativeConstructorAccessorImpl.java:62)
	at sun.reflect.DelegatingConstructorAccessorImpl.newInstance(DelegatingConstructorAccessorImpl.java:45)
	at java.lang.reflect.Constructor.newInstance(Constructor.java:423)
	at org.openqa.selenium.remote.W3CHandshakeResponse.lambda$errorHandler$0(W3CHandshakeResponse.java:62)
	at org.openqa.selenium.remote.HandshakeResponse.lambda$getResponseFunction$0(HandshakeResponse.java:30)
	at org.openqa.selenium.remote.ProtocolHandshake.lambda$createSession$0(ProtocolHandshake.java:126)
	at java.util.stream.ReferencePipeline$3$1.accept(ReferencePipeline.java:193)
	at java.util.Spliterators$ArraySpliterator.tryAdvance(Spliterators.java:958)
	at java.util.stream.ReferencePipeline.forEachWithCancel(ReferencePipeline.java:126)
	at java.util.stream.AbstractPipeline.copyIntoWithCancel(AbstractPipeline.java:498)
	at java.util.stream.AbstractPipeline.copyInto(AbstractPipeline.java:485)
	at java.util.stream.AbstractPipeline.wrapAndCopyInto(AbstractPipeline.java:471)
	at java.util.stream.FindOps$FindOp.evaluateSequential(FindOps.java:152)
	at java.util.stream.AbstractPipeline.evaluate(AbstractPipeline.java:234)
	at java.util.stream.ReferencePipeline.findFirst(ReferencePipeline.java:464)
	at org.openqa.selenium.remote.ProtocolHandshake.createSession(ProtocolHandshake.java:128)
	at org.openqa.selenium.remote.ProtocolHandshake.createSession(ProtocolHandshake.java:74)
	at org.openqa.selenium.remote.HttpCommandExecutor.execute(HttpCommandExecutor.java:136)
	at org.openqa.selenium.remote.service.DriverCommandExecutor.execute(DriverCommandExecutor.java:83)
	at org.openqa.selenium.remote.RemoteWebDriver.execute(RemoteWebDriver.java:552)
	at org.openqa.selenium.remote.RemoteWebDriver.startSession(RemoteWebDriver.java:213)
	at org.openqa.selenium.remote.RemoteWebDriver.&lt;init&gt;(RemoteWebDriver.java:131)
	at org.openqa.selenium.chrome.ChromeDriver.&lt;init&gt;(ChromeDriver.java:181)
	at org.openqa.selenium.chrome.ChromeDriver.&lt;init&gt;(ChromeDriver.java:168)
	at org.openqa.selenium.chrome.ChromeDriver.&lt;init&gt;(ChromeDriver.java:123)
	at com.qaTest.gmailapp.TestBase.initalization(TestBase.java:47)
	at com.qaTest.Logintestcases.GmailTestCase.setUp(GmailTestCase.java:32)
	at sun.reflect.NativeMethodAccessorImpl.invoke0(Native Method)
	at sun.reflect.NativeMethodAccessorImpl.invoke(NativeMethodAccessorImpl.java:62)
	at sun.reflect.DelegatingMethodAccessorImpl.invoke(DelegatingMethodAccessorImpl.java:43)
	at java.lang.reflect.Method.invoke(Method.java:498)
	at org.testng.internal.MethodInvocationHelper.invokeMethod(MethodInvocationHelper.java:124)
	at org.testng.internal.MethodInvocationHelper.invokeMethodConsideringTimeout(MethodInvocationHelper.java:59)
	at org.testng.internal.Invoker.invokeConfigurationMethod(Invoker.java:458)
	at org.testng.internal.Invoker.invokeConfigurations(Invoker.java:222)
	at org.testng.internal.Invoker.invokeConfigurations(Invoker.java:142)
	at org.testng.TestRunner.beforeRun(TestRunner.java:529)
	at org.testng.TestRunner.run(TestRunner.java:497)
	at org.testng.SuiteRunner.runTest(SuiteRunner.java:455)
	at org.testng.SuiteRunner.runSequentially(SuiteRunner.java:450)
	at org.testng.SuiteRunner.privateRun(SuiteRunner.java:415)
	at org.testng.SuiteRunner.run(SuiteRunner.java:364)
	at org.testng.SuiteRunnerWorker.runSuite(SuiteRunnerWorker.java:52)
	at org.testng.SuiteRunnerWorker.run(SuiteRunnerWorker.java:84)
	at org.testng.TestNG.runSuitesSequentially(TestNG.java:1208)
	at org.testng.TestNG.runSuitesLocally(TestNG.java:1137)
	at org.testng.TestNG.runSuites(TestNG.java:1049)
	at org.testng.TestNG.run(TestNG.java:1017)
	at org.testng.remote.AbstractRemoteTestNG.run(AbstractRemoteTestNG.java:132)
	at org.testng.remote.RemoteTestNG.initAndRun(RemoteTestNG.java:230)
	at org.testng.remote.RemoteTestNG.main(RemoteTestNG.java:76)
</pre></div></td>
<td>0</td>
<td>com.qaTest.Logintestcases.GmailTestCase@5c3bd550</td></tr>
<tr>
<td title='com.qaTest.Logintestcases.GmailTestCase.verifySocialMailBox()'><b>verifySocialMailBox</b><br>Test class: com.qaTest.Logintestcases.GmailTestCase</td>
<td><div><pre>org.openqa.selenium.SessionNotCreatedException: session not created
from tab crashed
  (Session info: chrome=78.0.3904.70)
Build info: version: &apos;3.141.59&apos;, revision: &apos;e82be7d358&apos;, time: &apos;2018-11-14T08:17:03&apos;
System info: host: &apos;NIT-LPT-R117&apos;, ip: &apos;192.168.137.1&apos;, os.name: &apos;Windows 10&apos;, os.arch: &apos;amd64&apos;, os.version: &apos;10.0&apos;, java.version: &apos;1.8.0_172&apos;
Driver info: driver.version: ChromeDriver
remote stacktrace: Backtrace:
	Ordinal0 [0x00AEEB13+1501971]
	Ordinal0 [0x00A6F6D1+980689]
	Ordinal0 [0x009F7508+488712]
	Ordinal0 [0x009F031A+459546]
	Ordinal0 [0x009EFEA4+458404]
	Ordinal0 [0x009EFA1D+457245]
	Ordinal0 [0x009EF21D+455197]
	Ordinal0 [0x009EEDE4+454116]
	Ordinal0 [0x009EEDA5+454053]
	Ordinal0 [0x009F6525+484645]
	Ordinal0 [0x009EED5C+453980]
	Ordinal0 [0x009EF6D1+456401]
	Ordinal0 [0x009EF21D+455197]
	Ordinal0 [0x009EEDE4+454116]
	Ordinal0 [0x009EEDA5+454053]
	Ordinal0 [0x009F4ECE+478926]
	Ordinal0 [0x009EED5C+453980]
	Ordinal0 [0x009EF6D1+456401]
	Ordinal0 [0x009EF21D+455197]
	Ordinal0 [0x009EEDE4+454116]
	Ordinal0 [0x009EEDA5+454053]
	Ordinal0 [0x009F365B+472667]
	Ordinal0 [0x009EED5C+453980]
	Ordinal0 [0x009EF6D1+456401]
	Ordinal0 [0x009EF21D+455197]
	Ordinal0 [0x009EEDE4+454116]
	Ordinal0 [0x009EEDA5+454053]
	Ordinal0 [0x009F2C67+470119]
	Ordinal0 [0x009EED5C+453980]
	Ordinal0 [0x009EF6D1+456401]
	Ordinal0 [0x009EF21D+455197]
	Ordinal0 [0x009EEDE4+454116]
	Ordinal0 [0x009EEDA5+454053]
	Ordinal0 [0x009EBA0C+440844]
	Ordinal0 [0x009EED5C+453980]
	Ordinal0 [0x009EEC44+453700]
	Ordinal0 [0x009F8330+492336]
	Ordinal0 [0x009AA108+172296]
	Ordinal0 [0x009A942D+169005]
	Ordinal0 [0x009A78EB+162027]
	Ordinal0 [0x00990AC7+68295]
	Ordinal0 [0x00991B40+72512]
	Ordinal0 [0x00991AD9+72409]
	Ordinal0 [0x00A88F37+1085239]
	GetHandleVerifier [0x00B8D7ED+503293]
	GetHandleVerifier [0x00B8D580+502672]
	GetHandleVerifier [0x00B946AC+531644]
	GetHandleVerifier [0x00B8DFFA+505354]
	Ordinal0 [0x00A80606+1050118]
	Ordinal0 [0x00A8047F+1049727]
	Ordinal0 [0x00A8AF9B+1093531]
	Ordinal0 [0x00A8B103+1093891]
	Ordinal0 [0x00A8A095+1089685]
	BaseThreadInitThunk [0x76206359+25]
	RtlGetAppContainerNamedObjectPath [0x76F77B74+228]
	RtlGetAppContainerNamedObjectPath [0x76F77B44+180]

	at org.openqa.selenium.remote.W3CHandshakeResponse.lambda$errorHandler$0(W3CHandshakeResponse.java:62)
	at org.openqa.selenium.remote.HandshakeResponse.lambda$getResponseFunction$0(HandshakeResponse.java:30)
	at org.openqa.selenium.remote.ProtocolHandshake.lambda$createSession$0(ProtocolHandshake.java:126)
	at java.util.stream.ReferencePipeline$3$1.accept(ReferencePipeline.java:193)
	at java.util.Spliterators$ArraySpliterator.tryAdvance(Spliterators.java:958)
	at java.util.stream.ReferencePipeline.forEachWithCancel(ReferencePipeline.java:126)
	at java.util.stream.AbstractPipeline.copyIntoWithCancel(AbstractPipeline.java:498)
	at java.util.stream.AbstractPipeline.copyInto(AbstractPipeline.java:485)
	at java.util.stream.AbstractPipeline.wrapAndCopyInto(AbstractPipeline.java:471)
	at java.util.stream.FindOps$FindOp.evaluateSequential(FindOps.java:152)
	at java.util.stream.AbstractPipeline.evaluate(AbstractPipeline.java:234)
	at java.util.stream.ReferencePipeline.findFirst(ReferencePipeline.java:464)
	at org.openqa.selenium.remote.ProtocolHandshake.createSession(ProtocolHandshake.java:128)
	at org.openqa.selenium.remote.ProtocolHandshake.createSession(ProtocolHandshake.java:74)
	at org.openqa.selenium.remote.HttpCommandExecutor.execute(HttpCommandExecutor.java:136)
	at org.openqa.selenium.remote.service.DriverCommandExecutor.execute(DriverCommandExecutor.java:83)
	at org.openqa.selenium.remote.RemoteWebDriver.execute(RemoteWebDriver.java:552)
	at org.openqa.selenium.remote.RemoteWebDriver.startSession(RemoteWebDriver.java:213)
	at org.openqa.selenium.remote.RemoteWebDriver.&lt;init&gt;(RemoteWebDriver.java:131)
	at org.openqa.selenium.chrome.ChromeDriver.&lt;init&gt;(ChromeDriver.java:181)
	at org.openqa.selenium.chrome.ChromeDriver.&lt;init&gt;(ChromeDriver.java:168)
	at org.openqa.selenium.chrome.ChromeDriver.&lt;init&gt;(ChromeDriver.java:123)
	at com.qaTest.gmailapp.TestBase.initalization(TestBase.java:47)
	at com.qaTest.Logintestcases.GmailTestCase.setUp(GmailTestCase.java:32)
... Removed 28 stack frames</pre></div><a href='#' onClick='toggleBox("stack-trace1528195520", this, "Click to show all stack frames", "Click to hide stack frames")'>Click to show all stack frames</a>
<div class='stack-trace' id='stack-trace1528195520'><pre>org.openqa.selenium.SessionNotCreatedException: session not created
from tab crashed
  (Session info: chrome=78.0.3904.70)
Build info: version: &apos;3.141.59&apos;, revision: &apos;e82be7d358&apos;, time: &apos;2018-11-14T08:17:03&apos;
System info: host: &apos;NIT-LPT-R117&apos;, ip: &apos;192.168.137.1&apos;, os.name: &apos;Windows 10&apos;, os.arch: &apos;amd64&apos;, os.version: &apos;10.0&apos;, java.version: &apos;1.8.0_172&apos;
Driver info: driver.version: ChromeDriver
remote stacktrace: Backtrace:
	Ordinal0 [0x00AEEB13+1501971]
	Ordinal0 [0x00A6F6D1+980689]
	Ordinal0 [0x009F7508+488712]
	Ordinal0 [0x009F031A+459546]
	Ordinal0 [0x009EFEA4+458404]
	Ordinal0 [0x009EFA1D+457245]
	Ordinal0 [0x009EF21D+455197]
	Ordinal0 [0x009EEDE4+454116]
	Ordinal0 [0x009EEDA5+454053]
	Ordinal0 [0x009F6525+484645]
	Ordinal0 [0x009EED5C+453980]
	Ordinal0 [0x009EF6D1+456401]
	Ordinal0 [0x009EF21D+455197]
	Ordinal0 [0x009EEDE4+454116]
	Ordinal0 [0x009EEDA5+454053]
	Ordinal0 [0x009F4ECE+478926]
	Ordinal0 [0x009EED5C+453980]
	Ordinal0 [0x009EF6D1+456401]
	Ordinal0 [0x009EF21D+455197]
	Ordinal0 [0x009EEDE4+454116]
	Ordinal0 [0x009EEDA5+454053]
	Ordinal0 [0x009F365B+472667]
	Ordinal0 [0x009EED5C+453980]
	Ordinal0 [0x009EF6D1+456401]
	Ordinal0 [0x009EF21D+455197]
	Ordinal0 [0x009EEDE4+454116]
	Ordinal0 [0x009EEDA5+454053]
	Ordinal0 [0x009F2C67+470119]
	Ordinal0 [0x009EED5C+453980]
	Ordinal0 [0x009EF6D1+456401]
	Ordinal0 [0x009EF21D+455197]
	Ordinal0 [0x009EEDE4+454116]
	Ordinal0 [0x009EEDA5+454053]
	Ordinal0 [0x009EBA0C+440844]
	Ordinal0 [0x009EED5C+453980]
	Ordinal0 [0x009EEC44+453700]
	Ordinal0 [0x009F8330+492336]
	Ordinal0 [0x009AA108+172296]
	Ordinal0 [0x009A942D+169005]
	Ordinal0 [0x009A78EB+162027]
	Ordinal0 [0x00990AC7+68295]
	Ordinal0 [0x00991B40+72512]
	Ordinal0 [0x00991AD9+72409]
	Ordinal0 [0x00A88F37+1085239]
	GetHandleVerifier [0x00B8D7ED+503293]
	GetHandleVerifier [0x00B8D580+502672]
	GetHandleVerifier [0x00B946AC+531644]
	GetHandleVerifier [0x00B8DFFA+505354]
	Ordinal0 [0x00A80606+1050118]
	Ordinal0 [0x00A8047F+1049727]
	Ordinal0 [0x00A8AF9B+1093531]
	Ordinal0 [0x00A8B103+1093891]
	Ordinal0 [0x00A8A095+1089685]
	BaseThreadInitThunk [0x76206359+25]
	RtlGetAppContainerNamedObjectPath [0x76F77B74+228]
	RtlGetAppContainerNamedObjectPath [0x76F77B44+180]

	at sun.reflect.NativeConstructorAccessorImpl.newInstance0(Native Method)
	at sun.reflect.NativeConstructorAccessorImpl.newInstance(NativeConstructorAccessorImpl.java:62)
	at sun.reflect.DelegatingConstructorAccessorImpl.newInstance(DelegatingConstructorAccessorImpl.java:45)
	at java.lang.reflect.Constructor.newInstance(Constructor.java:423)
	at org.openqa.selenium.remote.W3CHandshakeResponse.lambda$errorHandler$0(W3CHandshakeResponse.java:62)
	at org.openqa.selenium.remote.HandshakeResponse.lambda$getResponseFunction$0(HandshakeResponse.java:30)
	at org.openqa.selenium.remote.ProtocolHandshake.lambda$createSession$0(ProtocolHandshake.java:126)
	at java.util.stream.ReferencePipeline$3$1.accept(ReferencePipeline.java:193)
	at java.util.Spliterators$ArraySpliterator.tryAdvance(Spliterators.java:958)
	at java.util.stream.ReferencePipeline.forEachWithCancel(ReferencePipeline.java:126)
	at java.util.stream.AbstractPipeline.copyIntoWithCancel(AbstractPipeline.java:498)
	at java.util.stream.AbstractPipeline.copyInto(AbstractPipeline.java:485)
	at java.util.stream.AbstractPipeline.wrapAndCopyInto(AbstractPipeline.java:471)
	at java.util.stream.FindOps$FindOp.evaluateSequential(FindOps.java:152)
	at java.util.stream.AbstractPipeline.evaluate(AbstractPipeline.java:234)
	at java.util.stream.ReferencePipeline.findFirst(ReferencePipeline.java:464)
	at org.openqa.selenium.remote.ProtocolHandshake.createSession(ProtocolHandshake.java:128)
	at org.openqa.selenium.remote.ProtocolHandshake.createSession(ProtocolHandshake.java:74)
	at org.openqa.selenium.remote.HttpCommandExecutor.execute(HttpCommandExecutor.java:136)
	at org.openqa.selenium.remote.service.DriverCommandExecutor.execute(DriverCommandExecutor.java:83)
	at org.openqa.selenium.remote.RemoteWebDriver.execute(RemoteWebDriver.java:552)
	at org.openqa.selenium.remote.RemoteWebDriver.startSession(RemoteWebDriver.java:213)
	at org.openqa.selenium.remote.RemoteWebDriver.&lt;init&gt;(RemoteWebDriver.java:131)
	at org.openqa.selenium.chrome.ChromeDriver.&lt;init&gt;(ChromeDriver.java:181)
	at org.openqa.selenium.chrome.ChromeDriver.&lt;init&gt;(ChromeDriver.java:168)
	at org.openqa.selenium.chrome.ChromeDriver.&lt;init&gt;(ChromeDriver.java:123)
	at com.qaTest.gmailapp.TestBase.initalization(TestBase.java:47)
	at com.qaTest.Logintestcases.GmailTestCase.setUp(GmailTestCase.java:32)
	at sun.reflect.NativeMethodAccessorImpl.invoke0(Native Method)
	at sun.reflect.NativeMethodAccessorImpl.invoke(NativeMethodAccessorImpl.java:62)
	at sun.reflect.DelegatingMethodAccessorImpl.invoke(DelegatingMethodAccessorImpl.java:43)
	at java.lang.reflect.Method.invoke(Method.java:498)
	at org.testng.internal.MethodInvocationHelper.invokeMethod(MethodInvocationHelper.java:124)
	at org.testng.internal.MethodInvocationHelper.invokeMethodConsideringTimeout(MethodInvocationHelper.java:59)
	at org.testng.internal.Invoker.invokeConfigurationMethod(Invoker.java:458)
	at org.testng.internal.Invoker.invokeConfigurations(Invoker.java:222)
	at org.testng.internal.Invoker.invokeConfigurations(Invoker.java:142)
	at org.testng.TestRunner.beforeRun(TestRunner.java:529)
	at org.testng.TestRunner.run(TestRunner.java:497)
	at org.testng.SuiteRunner.runTest(SuiteRunner.java:455)
	at org.testng.SuiteRunner.runSequentially(SuiteRunner.java:450)
	at org.testng.SuiteRunner.privateRun(SuiteRunner.java:415)
	at org.testng.SuiteRunner.run(SuiteRunner.java:364)
	at org.testng.SuiteRunnerWorker.runSuite(SuiteRunnerWorker.java:52)
	at org.testng.SuiteRunnerWorker.run(SuiteRunnerWorker.java:84)
	at org.testng.TestNG.runSuitesSequentially(TestNG.java:1208)
	at org.testng.TestNG.runSuitesLocally(TestNG.java:1137)
	at org.testng.TestNG.runSuites(TestNG.java:1049)
	at org.testng.TestNG.run(TestNG.java:1017)
	at org.testng.remote.AbstractRemoteTestNG.run(AbstractRemoteTestNG.java:132)
	at org.testng.remote.RemoteTestNG.initAndRun(RemoteTestNG.java:230)
	at org.testng.remote.RemoteTestNG.main(RemoteTestNG.java:76)
</pre></div></td>
<td>0</td>
<td>com.qaTest.Logintestcases.GmailTestCase@5c3bd550</td></tr>
</table><p>
</body>
</html>