<?xml version="1.0" encoding="UTF-8"?>
<!-- Generated by org.testng.reporters.JUnitXMLReporter -->
<testsuite hostname="NIT-LPT-R117" ignored="0" name="Test" tests="16" failures="0" timestamp="05 Nov 2019 11:00:47 GMT" time="8.884" errors="0">
  <testcase name="@BeforeTest setUp" time="8.798" classname="com.qaTest.Logintestcases.GmailTestCase">
    <failure type="org.openqa.selenium.SessionNotCreatedException" message="session not created
from tab crashed
  (Session info: chrome=78.0.3904.70)
Build info: version: &amp;apos;3.141.59&amp;apos;, revision: &amp;apos;e82be7d358&amp;apos;, time: &amp;apos;2018-11-14T08:17:03&amp;apos;
System info: host: &amp;apos;NIT-LPT-R117&amp;apos;, ip: &amp;apos;192.168.137.1&amp;apos;, os.name: &amp;apos;Windows 10&amp;apos;, os.arch: &amp;apos;amd64&amp;apos;, os.version: &amp;apos;10.0&amp;apos;, java.version: &amp;apos;1.8.0_172&amp;apos;
Driver info: driver.version: ChromeDriver
remote stacktrace: Backtrace:
	Ordinal0 [0x00AEEB13+1501971]
	Ordinal0 [0x00A6F6D1+980689]
	Ordinal0 [0x009F7508+488712]
	Ordinal0 [0x009F031A+459546]
	Ordinal0 [0x009EFEA4+458404]
	Ordinal0 [0x009EFA1D+457245]
	Ordinal0 [0x009EF21D+455197]
	Ordinal0 [0x009EEDE4+454116]
	Ordinal0 [0x009EEDA5+454053]
	Ordinal0 [0x009F6525+484645]
	Ordinal0 [0x009EED5C+453980]
	Ordinal0 [0x009EF6D1+456401]
	Ordinal0 [0x009EF21D+455197]
	Ordinal0 [0x009EEDE4+454116]
	Ordinal0 [0x009EEDA5+454053]
	Ordinal0 [0x009F4ECE+478926]
	Ordinal0 [0x009EED5C+453980]
	Ordinal0 [0x009EF6D1+456401]
	Ordinal0 [0x009EF21D+455197]
	Ordinal0 [0x009EEDE4+454116]
	Ordinal0 [0x009EEDA5+454053]
	Ordinal0 [0x009F365B+472667]
	Ordinal0 [0x009EED5C+453980]
	Ordinal0 [0x009EF6D1+456401]
	Ordinal0 [0x009EF21D+455197]
	Ordinal0 [0x009EEDE4+454116]
	Ordinal0 [0x009EEDA5+454053]
	Ordinal0 [0x009F2C67+470119]
	Ordinal0 [0x009EED5C+453980]
	Ordinal0 [0x009EF6D1+456401]
	Ordinal0 [0x009EF21D+455197]
	Ordinal0 [0x009EEDE4+454116]
	Ordinal0 [0x009EEDA5+454053]
	Ordinal0 [0x009EBA0C+440844]
	Ordinal0 [0x009EED5C+453980]
	Ordinal0 [0x009EEC44+453700]
	Ordinal0 [0x009F8330+492336]
	Ordinal0 [0x009AA108+172296]
	Ordinal0 [0x009A942D+169005]
	Ordinal0 [0x009A78EB+162027]
	Ordinal0 [0x00990AC7+68295]
	Ordinal0 [0x00991B40+72512]
	Ordinal0 [0x00991AD9+72409]
	Ordinal0 [0x00A88F37+1085239]
	GetHandleVerifier [0x00B8D7ED+503293]
	GetHandleVerifier [0x00B8D580+502672]
	GetHandleVerifier [0x00B946AC+531644]
	GetHandleVerifier [0x00B8DFFA+505354]
	Ordinal0 [0x00A80606+1050118]
	Ordinal0 [0x00A8047F+1049727]
	Ordinal0 [0x00A8AF9B+1093531]
	Ordinal0 [0x00A8B103+1093891]
	Ordinal0 [0x00A8A095+1089685]
	BaseThreadInitThunk [0x76206359+25]
	RtlGetAppContainerNamedObjectPath [0x76F77B74+228]
	RtlGetAppContainerNamedObjectPath [0x76F77B44+180]
">
      <![CDATA[org.openqa.selenium.SessionNotCreatedException: session not created
from tab crashed
  (Session info: chrome=78.0.3904.70)
Build info: version: '3.141.59', revision: 'e82be7d358', time: '2018-11-14T08:17:03'
System info: host: 'NIT-LPT-R117', ip: '192.168.137.1', os.name: 'Windows 10', os.arch: 'amd64', os.version: '10.0', java.version: '1.8.0_172'
Driver info: driver.version: ChromeDriver
remote stacktrace: Backtrace:
Ordinal0 [0x00AEEB13+1501971]
Ordinal0 [0x00A6F6D1+980689]
Ordinal0 [0x009F7508+488712]
Ordinal0 [0x009F031A+459546]
Ordinal0 [0x009EFEA4+458404]
Ordinal0 [0x009EFA1D+457245]
Ordinal0 [0x009EF21D+455197]
Ordinal0 [0x009EEDE4+454116]
Ordinal0 [0x009EEDA5+454053]
Ordinal0 [0x009F6525+484645]
Ordinal0 [0x009EED5C+453980]
Ordinal0 [0x009EF6D1+456401]
Ordinal0 [0x009EF21D+455197]
Ordinal0 [0x009EEDE4+454116]
Ordinal0 [0x009EEDA5+454053]
Ordinal0 [0x009F4ECE+478926]
Ordinal0 [0x009EED5C+453980]
Ordinal0 [0x009EF6D1+456401]
Ordinal0 [0x009EF21D+455197]
Ordinal0 [0x009EEDE4+454116]
Ordinal0 [0x009EEDA5+454053]
Ordinal0 [0x009F365B+472667]
Ordinal0 [0x009EED5C+453980]
Ordinal0 [0x009EF6D1+456401]
Ordinal0 [0x009EF21D+455197]
Ordinal0 [0x009EEDE4+454116]
Ordinal0 [0x009EEDA5+454053]
Ordinal0 [0x009F2C67+470119]
Ordinal0 [0x009EED5C+453980]
Ordinal0 [0x009EF6D1+456401]
Ordinal0 [0x009EF21D+455197]
Ordinal0 [0x009EEDE4+454116]
Ordinal0 [0x009EEDA5+454053]
Ordinal0 [0x009EBA0C+440844]
Ordinal0 [0x009EED5C+453980]
Ordinal0 [0x009EEC44+453700]
Ordinal0 [0x009F8330+492336]
Ordinal0 [0x009AA108+172296]
Ordinal0 [0x009A942D+169005]
Ordinal0 [0x009A78EB+162027]
Ordinal0 [0x00990AC7+68295]
Ordinal0 [0x00991B40+72512]
Ordinal0 [0x00991AD9+72409]
Ordinal0 [0x00A88F37+1085239]
GetHandleVerifier [0x00B8D7ED+503293]
GetHandleVerifier [0x00B8D580+502672]
GetHandleVerifier [0x00B946AC+531644]
GetHandleVerifier [0x00B8DFFA+505354]
Ordinal0 [0x00A80606+1050118]
Ordinal0 [0x00A8047F+1049727]
Ordinal0 [0x00A8AF9B+1093531]
Ordinal0 [0x00A8B103+1093891]
Ordinal0 [0x00A8A095+1089685]
BaseThreadInitThunk [0x76206359+25]
RtlGetAppContainerNamedObjectPath [0x76F77B74+228]
RtlGetAppContainerNamedObjectPath [0x76F77B44+180]

at org.openqa.selenium.remote.W3CHandshakeResponse.lambda$errorHandler$0(W3CHandshakeResponse.java:62)
at org.openqa.selenium.remote.HandshakeResponse.lambda$getResponseFunction$0(HandshakeResponse.java:30)
at org.openqa.selenium.remote.ProtocolHandshake.lambda$createSession$0(ProtocolHandshake.java:126)
at java.util.stream.ReferencePipeline$3$1.accept(ReferencePipeline.java:193)
at java.util.Spliterators$ArraySpliterator.tryAdvance(Spliterators.java:958)
at java.util.stream.ReferencePipeline.forEachWithCancel(ReferencePipeline.java:126)
at java.util.stream.AbstractPipeline.copyIntoWithCancel(AbstractPipeline.java:498)
at java.util.stream.AbstractPipeline.copyInto(AbstractPipeline.java:485)
at java.util.stream.AbstractPipeline.wrapAndCopyInto(AbstractPipeline.java:471)
at java.util.stream.FindOps$FindOp.evaluateSequential(FindOps.java:152)
at java.util.stream.AbstractPipeline.evaluate(AbstractPipeline.java:234)
at java.util.stream.ReferencePipeline.findFirst(ReferencePipeline.java:464)
at org.openqa.selenium.remote.ProtocolHandshake.createSession(ProtocolHandshake.java:128)
at org.openqa.selenium.remote.ProtocolHandshake.createSession(ProtocolHandshake.java:74)
at org.openqa.selenium.remote.HttpCommandExecutor.execute(HttpCommandExecutor.java:136)
at org.openqa.selenium.remote.service.DriverCommandExecutor.execute(DriverCommandExecutor.java:83)
at org.openqa.selenium.remote.RemoteWebDriver.execute(RemoteWebDriver.java:552)
at org.openqa.selenium.remote.RemoteWebDriver.startSession(RemoteWebDriver.java:213)
at org.openqa.selenium.remote.RemoteWebDriver.<init>(RemoteWebDriver.java:131)
at org.openqa.selenium.chrome.ChromeDriver.<init>(ChromeDriver.java:181)
at org.openqa.selenium.chrome.ChromeDriver.<init>(ChromeDriver.java:168)
at org.openqa.selenium.chrome.ChromeDriver.<init>(ChromeDriver.java:123)
at com.qaTest.gmailapp.TestBase.initalization(TestBase.java:47)
at com.qaTest.Logintestcases.GmailTestCase.setUp(GmailTestCase.java:32)
... Removed 28 stack frames]]>
    </failure>
  </testcase> <!-- @BeforeTest setUp -->
  <testcase name="@AfterTest tearDown" time="0.0" classname="com.qaTest.Logintestcases.GmailTestCase">
    <skipped/>
  </testcase> <!-- @AfterTest tearDown -->
  <testcase name="loginPageTitleTest" time="0.0" classname="com.qaTest.Logintestcases.GmailTestCase">
    <skipped/>
  </testcase> <!-- loginPageTitleTest -->
  <testcase name="VerifyEmail" time="0.0" classname="com.qaTest.Logintestcases.GmailTestCase">
    <skipped/>
  </testcase> <!-- VerifyEmail -->
  <testcase name="VerifyNext" time="0.0" classname="com.qaTest.Logintestcases.GmailTestCase">
    <skipped/>
  </testcase> <!-- VerifyNext -->
  <testcase name="VerifyPassword" time="0.0" classname="com.qaTest.Logintestcases.GmailTestCase">
    <skipped/>
  </testcase> <!-- VerifyPassword -->
  <testcase name="VerifyNext2" time="0.0" classname="com.qaTest.Logintestcases.GmailTestCase">
    <skipped/>
  </testcase> <!-- VerifyNext2 -->
  <testcase name="ClickOnCompose" time="0.0" classname="com.qaTest.Logintestcases.GmailTestCase">
    <skipped/>
  </testcase> <!-- ClickOnCompose -->
  <testcase name="VerifyLabel" time="0.0" classname="com.qaTest.Logintestcases.GmailTestCase">
    <skipped/>
  </testcase> <!-- VerifyLabel -->
  <testcase name="VerifyTypeLabel" time="0.0" classname="com.qaTest.Logintestcases.GmailTestCase">
    <skipped/>
  </testcase> <!-- VerifyTypeLabel -->
  <testcase name="VerifyRecipient" time="0.0" classname="com.qaTest.Logintestcases.GmailTestCase">
    <skipped/>
  </testcase> <!-- VerifyRecipient -->
  <testcase name="VerifySubject" time="0.0" classname="com.qaTest.Logintestcases.GmailTestCase">
    <skipped/>
  </testcase> <!-- VerifySubject -->
  <testcase name="VerifyDiscp" time="0.0" classname="com.qaTest.Logintestcases.GmailTestCase">
    <skipped/>
  </testcase> <!-- VerifyDiscp -->
  <testcase name="VerifyClickSendBtn" time="0.0" classname="com.qaTest.Logintestcases.GmailTestCase">
    <skipped/>
  </testcase> <!-- VerifyClickSendBtn -->
  <testcase name="verifySocialMailBox" time="0.0" classname="com.qaTest.Logintestcases.GmailTestCase">
    <skipped/>
  </testcase> <!-- verifySocialMailBox -->
  <testcase name="openEmailClick" time="0.0" classname="com.qaTest.Logintestcases.GmailTestCase">
    <skipped/>
  </testcase> <!-- openEmailClick -->
  <testcase name="MarkEmailStar" time="0.0" classname="com.qaTest.Logintestcases.GmailTestCase">
    <skipped/>
  </testcase> <!-- MarkEmailStar -->
  <testcase name="VerifyEmailcontents" time="0.0" classname="com.qaTest.Logintestcases.GmailTestCase">
    <skipped/>
  </testcase> <!-- VerifyEmailcontents -->
</testsuite> <!-- Test -->
