<!DOCTYPE html PUBLIC "-//W3C//DTD XHTML 1.1//EN" "http://www.w3.org/TR/xhtml11/DTD/xhtml11.dtd">
<html xmlns="http://www.w3.org/1999/xhtml">
<head>
<meta http-equiv="content-type" content="text/html; charset=UTF-8"/>
<title>TestNG Report</title>
<style type="text/css">table {margin-bottom:10px;border-collapse:collapse;empty-cells:show}th,td {border:1px solid #009;padding:.25em .5em}th {vertical-align:bottom}td {vertical-align:top}table a {font-weight:bold}.stripe td {background-color: #E6EBF9}.num {text-align:right}.passedodd td {background-color: #3F3}.passedeven td {background-color: #0A0}.skippedodd td {background-color: #DDD}.skippedeven td {background-color: #CCC}.failedodd td,.attn {background-color: #F33}.failedeven td,.stripe .attn {background-color: #D00}.stacktrace {white-space:pre;font-family:monospace}.totop {font-size:85%;text-align:center;border-bottom:2px solid #000}.invisible {display:none}</style>
</head>
<body>
<table>
<tr><th>Test</th><th># Passed</th><th># Skipped</th><th># Failed</th><th>Time (ms)</th><th>Included Groups</th><th>Excluded Groups</th></tr>
<tr><th colspan="7">Suite</th></tr>
<tr><td><a href="#t0">Test</a></td><td class="num">0</td><td class="num attn">16</td><td class="num">0</td><td class="num">8,884</td><td></td><td></td></tr>
</table>
<table id='summary'><thead><tr><th>Class</th><th>Method</th><th>Start</th><th>Time (ms)</th></tr></thead><tbody><tr><th colspan="4">Suite</th></tr></tbody><tbody id="t0"><tr><th colspan="4">Test &#8212; failed (configuration methods)</th></tr><tr class="failedeven"><td rowspan="1">com.qaTest.Logintestcases.GmailTestCase</td><td><a href="#m0">setUp</a></td><td rowspan="1">1572951638168</td><td rowspan="1">8798</td></tr><tr><th colspan="4">Test &#8212; skipped (configuration methods)</th></tr><tr class="skippedeven"><td rowspan="1">com.qaTest.Logintestcases.GmailTestCase</td><td><a href="#m1">tearDown</a></td><td rowspan="1">1572951647047</td><td rowspan="1">0</td></tr><tr><th colspan="4">Test &#8212; skipped</th></tr><tr class="skippedeven"><td rowspan="16">com.qaTest.Logintestcases.GmailTestCase</td><td><a href="#m2">ClickOnCompose</a></td><td rowspan="1">1572951647008</td><td rowspan="1">0</td></tr><tr class="skippedeven"><td><a href="#m3">MarkEmailStar</a></td><td rowspan="1">1572951647040</td><td rowspan="1">0</td></tr><tr class="skippedeven"><td><a href="#m4">VerifyClickSendBtn</a></td><td rowspan="1">1572951647028</td><td rowspan="1">0</td></tr><tr class="skippedeven"><td><a href="#m5">VerifyDiscp</a></td><td rowspan="1">1572951647025</td><td rowspan="1">0</td></tr><tr class="skippedeven"><td><a href="#m6">VerifyEmail</a></td><td rowspan="1">1572951646995</td><td rowspan="1">0</td></tr><tr class="skippedeven"><td><a href="#m7">VerifyEmailcontents</a></td><td rowspan="1">1572951647043</td><td rowspan="1">0</td></tr><tr class="skippedeven"><td><a href="#m8">VerifyLabel</a></td><td rowspan="1">1572951647010</td><td rowspan="1">0</td></tr><tr class="skippedeven"><td><a href="#m9">VerifyNext</a></td><td rowspan="1">1572951647000</td><td rowspan="1">0</td></tr><tr class="skippedeven"><td><a href="#m10">VerifyNext2</a></td><td rowspan="1">1572951647005</td><td rowspan="1">0</td></tr><tr class="skippedeven"><td><a href="#m11">VerifyPassword</a></td><td rowspan="1">1572951647002</td><td rowspan="1">0</td></tr><tr class="skippedeven"><td><a href="#m12">VerifyRecipient</a></td><td rowspan="1">1572951647018</td><td rowspan="1">0</td></tr><tr class="skippedeven"><td><a href="#m13">VerifySubject</a></td><td rowspan="1">1572951647021</td><td rowspan="1">0</td></tr><tr class="skippedeven"><td><a href="#m14">VerifyTypeLabel</a></td><td rowspan="1">1572951647014</td><td rowspan="1">0</td></tr><tr class="skippedeven"><td><a href="#m15">loginPageTitleTest</a></td><td rowspan="1">1572951646991</td><td rowspan="1">0</td></tr><tr class="skippedeven"><td><a href="#m16">openEmailClick</a></td><td rowspan="1">1572951647036</td><td rowspan="1">0</td></tr><tr class="skippedeven"><td><a href="#m17">verifySocialMailBox</a></td><td rowspan="1">1572951647033</td><td rowspan="1">0</td></tr></tbody>
</table>
<h2>Test</h2><h3 id="m0">com.qaTest.Logintestcases.GmailTestCase#setUp</h3><table class="result"><tr><th>Exception</th></tr><tr><td><div class="stacktrace">org.openqa.selenium.SessionNotCreatedException: session not created
from tab crashed
  (Session info: chrome=78.0.3904.70)
Build info: version: &apos;3.141.59&apos;, revision: &apos;e82be7d358&apos;, time: &apos;2018-11-14T08:17:03&apos;
System info: host: &apos;NIT-LPT-R117&apos;, ip: &apos;192.168.137.1&apos;, os.name: &apos;Windows 10&apos;, os.arch: &apos;amd64&apos;, os.version: &apos;10.0&apos;, java.version: &apos;1.8.0_172&apos;
Driver info: driver.version: ChromeDriver
remote stacktrace: Backtrace:
	Ordinal0 [0x00AEEB13+1501971]
	Ordinal0 [0x00A6F6D1+980689]
	Ordinal0 [0x009F7508+488712]
	Ordinal0 [0x009F031A+459546]
	Ordinal0 [0x009EFEA4+458404]
	Ordinal0 [0x009EFA1D+457245]
	Ordinal0 [0x009EF21D+455197]
	Ordinal0 [0x009EEDE4+454116]
	Ordinal0 [0x009EEDA5+454053]
	Ordinal0 [0x009F6525+484645]
	Ordinal0 [0x009EED5C+453980]
	Ordinal0 [0x009EF6D1+456401]
	Ordinal0 [0x009EF21D+455197]
	Ordinal0 [0x009EEDE4+454116]
	Ordinal0 [0x009EEDA5+454053]
	Ordinal0 [0x009F4ECE+478926]
	Ordinal0 [0x009EED5C+453980]
	Ordinal0 [0x009EF6D1+456401]
	Ordinal0 [0x009EF21D+455197]
	Ordinal0 [0x009EEDE4+454116]
	Ordinal0 [0x009EEDA5+454053]
	Ordinal0 [0x009F365B+472667]
	Ordinal0 [0x009EED5C+453980]
	Ordinal0 [0x009EF6D1+456401]
	Ordinal0 [0x009EF21D+455197]
	Ordinal0 [0x009EEDE4+454116]
	Ordinal0 [0x009EEDA5+454053]
	Ordinal0 [0x009F2C67+470119]
	Ordinal0 [0x009EED5C+453980]
	Ordinal0 [0x009EF6D1+456401]
	Ordinal0 [0x009EF21D+455197]
	Ordinal0 [0x009EEDE4+454116]
	Ordinal0 [0x009EEDA5+454053]
	Ordinal0 [0x009EBA0C+440844]
	Ordinal0 [0x009EED5C+453980]
	Ordinal0 [0x009EEC44+453700]
	Ordinal0 [0x009F8330+492336]
	Ordinal0 [0x009AA108+172296]
	Ordinal0 [0x009A942D+169005]
	Ordinal0 [0x009A78EB+162027]
	Ordinal0 [0x00990AC7+68295]
	Ordinal0 [0x00991B40+72512]
	Ordinal0 [0x00991AD9+72409]
	Ordinal0 [0x00A88F37+1085239]
	GetHandleVerifier [0x00B8D7ED+503293]
	GetHandleVerifier [0x00B8D580+502672]
	GetHandleVerifier [0x00B946AC+531644]
	GetHandleVerifier [0x00B8DFFA+505354]
	Ordinal0 [0x00A80606+1050118]
	Ordinal0 [0x00A8047F+1049727]
	Ordinal0 [0x00A8AF9B+1093531]
	Ordinal0 [0x00A8B103+1093891]
	Ordinal0 [0x00A8A095+1089685]
	BaseThreadInitThunk [0x76206359+25]
	RtlGetAppContainerNamedObjectPath [0x76F77B74+228]
	RtlGetAppContainerNamedObjectPath [0x76F77B44+180]

	at org.openqa.selenium.remote.W3CHandshakeResponse.lambda$errorHandler$0(W3CHandshakeResponse.java:62)
	at org.openqa.selenium.remote.HandshakeResponse.lambda$getResponseFunction$0(HandshakeResponse.java:30)
	at org.openqa.selenium.remote.ProtocolHandshake.lambda$createSession$0(ProtocolHandshake.java:126)
	at java.util.stream.ReferencePipeline$3$1.accept(ReferencePipeline.java:193)
	at java.util.Spliterators$ArraySpliterator.tryAdvance(Spliterators.java:958)
	at java.util.stream.ReferencePipeline.forEachWithCancel(ReferencePipeline.java:126)
	at java.util.stream.AbstractPipeline.copyIntoWithCancel(AbstractPipeline.java:498)
	at java.util.stream.AbstractPipeline.copyInto(AbstractPipeline.java:485)
	at java.util.stream.AbstractPipeline.wrapAndCopyInto(AbstractPipeline.java:471)
	at java.util.stream.FindOps$FindOp.evaluateSequential(FindOps.java:152)
	at java.util.stream.AbstractPipeline.evaluate(AbstractPipeline.java:234)
	at java.util.stream.ReferencePipeline.findFirst(ReferencePipeline.java:464)
	at org.openqa.selenium.remote.ProtocolHandshake.createSession(ProtocolHandshake.java:128)
	at org.openqa.selenium.remote.ProtocolHandshake.createSession(ProtocolHandshake.java:74)
	at org.openqa.selenium.remote.HttpCommandExecutor.execute(HttpCommandExecutor.java:136)
	at org.openqa.selenium.remote.service.DriverCommandExecutor.execute(DriverCommandExecutor.java:83)
	at org.openqa.selenium.remote.RemoteWebDriver.execute(RemoteWebDriver.java:552)
	at org.openqa.selenium.remote.RemoteWebDriver.startSession(RemoteWebDriver.java:213)
	at org.openqa.selenium.remote.RemoteWebDriver.&lt;init&gt;(RemoteWebDriver.java:131)
	at org.openqa.selenium.chrome.ChromeDriver.&lt;init&gt;(ChromeDriver.java:181)
	at org.openqa.selenium.chrome.ChromeDriver.&lt;init&gt;(ChromeDriver.java:168)
	at org.openqa.selenium.chrome.ChromeDriver.&lt;init&gt;(ChromeDriver.java:123)
	at com.qaTest.gmailapp.TestBase.initalization(TestBase.java:47)
	at com.qaTest.Logintestcases.GmailTestCase.setUp(GmailTestCase.java:32)
... Removed 28 stack frames</div></td></tr></table><p class="totop"><a href="#summary">back to summary</a></p>
<h3 id="m1">com.qaTest.Logintestcases.GmailTestCase#tearDown</h3><table class="result"><tr><th class="invisible"/></tr></table><p class="totop"><a href="#summary">back to summary</a></p>
<h3 id="m2">com.qaTest.Logintestcases.GmailTestCase#ClickOnCompose</h3><table class="result"><tr><th>Exception</th></tr><tr><td><div class="stacktrace">org.openqa.selenium.SessionNotCreatedException: session not created
from tab crashed
  (Session info: chrome=78.0.3904.70)
Build info: version: &apos;3.141.59&apos;, revision: &apos;e82be7d358&apos;, time: &apos;2018-11-14T08:17:03&apos;
System info: host: &apos;NIT-LPT-R117&apos;, ip: &apos;192.168.137.1&apos;, os.name: &apos;Windows 10&apos;, os.arch: &apos;amd64&apos;, os.version: &apos;10.0&apos;, java.version: &apos;1.8.0_172&apos;
Driver info: driver.version: ChromeDriver
remote stacktrace: Backtrace:
	Ordinal0 [0x00AEEB13+1501971]
	Ordinal0 [0x00A6F6D1+980689]
	Ordinal0 [0x009F7508+488712]
	Ordinal0 [0x009F031A+459546]
	Ordinal0 [0x009EFEA4+458404]
	Ordinal0 [0x009EFA1D+457245]
	Ordinal0 [0x009EF21D+455197]
	Ordinal0 [0x009EEDE4+454116]
	Ordinal0 [0x009EEDA5+454053]
	Ordinal0 [0x009F6525+484645]
	Ordinal0 [0x009EED5C+453980]
	Ordinal0 [0x009EF6D1+456401]
	Ordinal0 [0x009EF21D+455197]
	Ordinal0 [0x009EEDE4+454116]
	Ordinal0 [0x009EEDA5+454053]
	Ordinal0 [0x009F4ECE+478926]
	Ordinal0 [0x009EED5C+453980]
	Ordinal0 [0x009EF6D1+456401]
	Ordinal0 [0x009EF21D+455197]
	Ordinal0 [0x009EEDE4+454116]
	Ordinal0 [0x009EEDA5+454053]
	Ordinal0 [0x009F365B+472667]
	Ordinal0 [0x009EED5C+453980]
	Ordinal0 [0x009EF6D1+456401]
	Ordinal0 [0x009EF21D+455197]
	Ordinal0 [0x009EEDE4+454116]
	Ordinal0 [0x009EEDA5+454053]
	Ordinal0 [0x009F2C67+470119]
	Ordinal0 [0x009EED5C+453980]
	Ordinal0 [0x009EF6D1+456401]
	Ordinal0 [0x009EF21D+455197]
	Ordinal0 [0x009EEDE4+454116]
	Ordinal0 [0x009EEDA5+454053]
	Ordinal0 [0x009EBA0C+440844]
	Ordinal0 [0x009EED5C+453980]
	Ordinal0 [0x009EEC44+453700]
	Ordinal0 [0x009F8330+492336]
	Ordinal0 [0x009AA108+172296]
	Ordinal0 [0x009A942D+169005]
	Ordinal0 [0x009A78EB+162027]
	Ordinal0 [0x00990AC7+68295]
	Ordinal0 [0x00991B40+72512]
	Ordinal0 [0x00991AD9+72409]
	Ordinal0 [0x00A88F37+1085239]
	GetHandleVerifier [0x00B8D7ED+503293]
	GetHandleVerifier [0x00B8D580+502672]
	GetHandleVerifier [0x00B946AC+531644]
	GetHandleVerifier [0x00B8DFFA+505354]
	Ordinal0 [0x00A80606+1050118]
	Ordinal0 [0x00A8047F+1049727]
	Ordinal0 [0x00A8AF9B+1093531]
	Ordinal0 [0x00A8B103+1093891]
	Ordinal0 [0x00A8A095+1089685]
	BaseThreadInitThunk [0x76206359+25]
	RtlGetAppContainerNamedObjectPath [0x76F77B74+228]
	RtlGetAppContainerNamedObjectPath [0x76F77B44+180]

	at org.openqa.selenium.remote.W3CHandshakeResponse.lambda$errorHandler$0(W3CHandshakeResponse.java:62)
	at org.openqa.selenium.remote.HandshakeResponse.lambda$getResponseFunction$0(HandshakeResponse.java:30)
	at org.openqa.selenium.remote.ProtocolHandshake.lambda$createSession$0(ProtocolHandshake.java:126)
	at java.util.stream.ReferencePipeline$3$1.accept(ReferencePipeline.java:193)
	at java.util.Spliterators$ArraySpliterator.tryAdvance(Spliterators.java:958)
	at java.util.stream.ReferencePipeline.forEachWithCancel(ReferencePipeline.java:126)
	at java.util.stream.AbstractPipeline.copyIntoWithCancel(AbstractPipeline.java:498)
	at java.util.stream.AbstractPipeline.copyInto(AbstractPipeline.java:485)
	at java.util.stream.AbstractPipeline.wrapAndCopyInto(AbstractPipeline.java:471)
	at java.util.stream.FindOps$FindOp.evaluateSequential(FindOps.java:152)
	at java.util.stream.AbstractPipeline.evaluate(AbstractPipeline.java:234)
	at java.util.stream.ReferencePipeline.findFirst(ReferencePipeline.java:464)
	at org.openqa.selenium.remote.ProtocolHandshake.createSession(ProtocolHandshake.java:128)
	at org.openqa.selenium.remote.ProtocolHandshake.createSession(ProtocolHandshake.java:74)
	at org.openqa.selenium.remote.HttpCommandExecutor.execute(HttpCommandExecutor.java:136)
	at org.openqa.selenium.remote.service.DriverCommandExecutor.execute(DriverCommandExecutor.java:83)
	at org.openqa.selenium.remote.RemoteWebDriver.execute(RemoteWebDriver.java:552)
	at org.openqa.selenium.remote.RemoteWebDriver.startSession(RemoteWebDriver.java:213)
	at org.openqa.selenium.remote.RemoteWebDriver.&lt;init&gt;(RemoteWebDriver.java:131)
	at org.openqa.selenium.chrome.ChromeDriver.&lt;init&gt;(ChromeDriver.java:181)
	at org.openqa.selenium.chrome.ChromeDriver.&lt;init&gt;(ChromeDriver.java:168)
	at org.openqa.selenium.chrome.ChromeDriver.&lt;init&gt;(ChromeDriver.java:123)
	at com.qaTest.gmailapp.TestBase.initalization(TestBase.java:47)
	at com.qaTest.Logintestcases.GmailTestCase.setUp(GmailTestCase.java:32)
... Removed 28 stack frames</div></td></tr></table><p class="totop"><a href="#summary">back to summary</a></p>
<h3 id="m3">com.qaTest.Logintestcases.GmailTestCase#MarkEmailStar</h3><table class="result"><tr><th>Exception</th></tr><tr><td><div class="stacktrace">org.openqa.selenium.SessionNotCreatedException: session not created
from tab crashed
  (Session info: chrome=78.0.3904.70)
Build info: version: &apos;3.141.59&apos;, revision: &apos;e82be7d358&apos;, time: &apos;2018-11-14T08:17:03&apos;
System info: host: &apos;NIT-LPT-R117&apos;, ip: &apos;192.168.137.1&apos;, os.name: &apos;Windows 10&apos;, os.arch: &apos;amd64&apos;, os.version: &apos;10.0&apos;, java.version: &apos;1.8.0_172&apos;
Driver info: driver.version: ChromeDriver
remote stacktrace: Backtrace:
	Ordinal0 [0x00AEEB13+1501971]
	Ordinal0 [0x00A6F6D1+980689]
	Ordinal0 [0x009F7508+488712]
	Ordinal0 [0x009F031A+459546]
	Ordinal0 [0x009EFEA4+458404]
	Ordinal0 [0x009EFA1D+457245]
	Ordinal0 [0x009EF21D+455197]
	Ordinal0 [0x009EEDE4+454116]
	Ordinal0 [0x009EEDA5+454053]
	Ordinal0 [0x009F6525+484645]
	Ordinal0 [0x009EED5C+453980]
	Ordinal0 [0x009EF6D1+456401]
	Ordinal0 [0x009EF21D+455197]
	Ordinal0 [0x009EEDE4+454116]
	Ordinal0 [0x009EEDA5+454053]
	Ordinal0 [0x009F4ECE+478926]
	Ordinal0 [0x009EED5C+453980]
	Ordinal0 [0x009EF6D1+456401]
	Ordinal0 [0x009EF21D+455197]
	Ordinal0 [0x009EEDE4+454116]
	Ordinal0 [0x009EEDA5+454053]
	Ordinal0 [0x009F365B+472667]
	Ordinal0 [0x009EED5C+453980]
	Ordinal0 [0x009EF6D1+456401]
	Ordinal0 [0x009EF21D+455197]
	Ordinal0 [0x009EEDE4+454116]
	Ordinal0 [0x009EEDA5+454053]
	Ordinal0 [0x009F2C67+470119]
	Ordinal0 [0x009EED5C+453980]
	Ordinal0 [0x009EF6D1+456401]
	Ordinal0 [0x009EF21D+455197]
	Ordinal0 [0x009EEDE4+454116]
	Ordinal0 [0x009EEDA5+454053]
	Ordinal0 [0x009EBA0C+440844]
	Ordinal0 [0x009EED5C+453980]
	Ordinal0 [0x009EEC44+453700]
	Ordinal0 [0x009F8330+492336]
	Ordinal0 [0x009AA108+172296]
	Ordinal0 [0x009A942D+169005]
	Ordinal0 [0x009A78EB+162027]
	Ordinal0 [0x00990AC7+68295]
	Ordinal0 [0x00991B40+72512]
	Ordinal0 [0x00991AD9+72409]
	Ordinal0 [0x00A88F37+1085239]
	GetHandleVerifier [0x00B8D7ED+503293]
	GetHandleVerifier [0x00B8D580+502672]
	GetHandleVerifier [0x00B946AC+531644]
	GetHandleVerifier [0x00B8DFFA+505354]
	Ordinal0 [0x00A80606+1050118]
	Ordinal0 [0x00A8047F+1049727]
	Ordinal0 [0x00A8AF9B+1093531]
	Ordinal0 [0x00A8B103+1093891]
	Ordinal0 [0x00A8A095+1089685]
	BaseThreadInitThunk [0x76206359+25]
	RtlGetAppContainerNamedObjectPath [0x76F77B74+228]
	RtlGetAppContainerNamedObjectPath [0x76F77B44+180]

	at org.openqa.selenium.remote.W3CHandshakeResponse.lambda$errorHandler$0(W3CHandshakeResponse.java:62)
	at org.openqa.selenium.remote.HandshakeResponse.lambda$getResponseFunction$0(HandshakeResponse.java:30)
	at org.openqa.selenium.remote.ProtocolHandshake.lambda$createSession$0(ProtocolHandshake.java:126)
	at java.util.stream.ReferencePipeline$3$1.accept(ReferencePipeline.java:193)
	at java.util.Spliterators$ArraySpliterator.tryAdvance(Spliterators.java:958)
	at java.util.stream.ReferencePipeline.forEachWithCancel(ReferencePipeline.java:126)
	at java.util.stream.AbstractPipeline.copyIntoWithCancel(AbstractPipeline.java:498)
	at java.util.stream.AbstractPipeline.copyInto(AbstractPipeline.java:485)
	at java.util.stream.AbstractPipeline.wrapAndCopyInto(AbstractPipeline.java:471)
	at java.util.stream.FindOps$FindOp.evaluateSequential(FindOps.java:152)
	at java.util.stream.AbstractPipeline.evaluate(AbstractPipeline.java:234)
	at java.util.stream.ReferencePipeline.findFirst(ReferencePipeline.java:464)
	at org.openqa.selenium.remote.ProtocolHandshake.createSession(ProtocolHandshake.java:128)
	at org.openqa.selenium.remote.ProtocolHandshake.createSession(ProtocolHandshake.java:74)
	at org.openqa.selenium.remote.HttpCommandExecutor.execute(HttpCommandExecutor.java:136)
	at org.openqa.selenium.remote.service.DriverCommandExecutor.execute(DriverCommandExecutor.java:83)
	at org.openqa.selenium.remote.RemoteWebDriver.execute(RemoteWebDriver.java:552)
	at org.openqa.selenium.remote.RemoteWebDriver.startSession(RemoteWebDriver.java:213)
	at org.openqa.selenium.remote.RemoteWebDriver.&lt;init&gt;(RemoteWebDriver.java:131)
	at org.openqa.selenium.chrome.ChromeDriver.&lt;init&gt;(ChromeDriver.java:181)
	at org.openqa.selenium.chrome.ChromeDriver.&lt;init&gt;(ChromeDriver.java:168)
	at org.openqa.selenium.chrome.ChromeDriver.&lt;init&gt;(ChromeDriver.java:123)
	at com.qaTest.gmailapp.TestBase.initalization(TestBase.java:47)
	at com.qaTest.Logintestcases.GmailTestCase.setUp(GmailTestCase.java:32)
... Removed 28 stack frames</div></td></tr></table><p class="totop"><a href="#summary">back to summary</a></p>
<h3 id="m4">com.qaTest.Logintestcases.GmailTestCase#VerifyClickSendBtn</h3><table class="result"><tr><th>Exception</th></tr><tr><td><div class="stacktrace">org.openqa.selenium.SessionNotCreatedException: session not created
from tab crashed
  (Session info: chrome=78.0.3904.70)
Build info: version: &apos;3.141.59&apos;, revision: &apos;e82be7d358&apos;, time: &apos;2018-11-14T08:17:03&apos;
System info: host: &apos;NIT-LPT-R117&apos;, ip: &apos;192.168.137.1&apos;, os.name: &apos;Windows 10&apos;, os.arch: &apos;amd64&apos;, os.version: &apos;10.0&apos;, java.version: &apos;1.8.0_172&apos;
Driver info: driver.version: ChromeDriver
remote stacktrace: Backtrace:
	Ordinal0 [0x00AEEB13+1501971]
	Ordinal0 [0x00A6F6D1+980689]
	Ordinal0 [0x009F7508+488712]
	Ordinal0 [0x009F031A+459546]
	Ordinal0 [0x009EFEA4+458404]
	Ordinal0 [0x009EFA1D+457245]
	Ordinal0 [0x009EF21D+455197]
	Ordinal0 [0x009EEDE4+454116]
	Ordinal0 [0x009EEDA5+454053]
	Ordinal0 [0x009F6525+484645]
	Ordinal0 [0x009EED5C+453980]
	Ordinal0 [0x009EF6D1+456401]
	Ordinal0 [0x009EF21D+455197]
	Ordinal0 [0x009EEDE4+454116]
	Ordinal0 [0x009EEDA5+454053]
	Ordinal0 [0x009F4ECE+478926]
	Ordinal0 [0x009EED5C+453980]
	Ordinal0 [0x009EF6D1+456401]
	Ordinal0 [0x009EF21D+455197]
	Ordinal0 [0x009EEDE4+454116]
	Ordinal0 [0x009EEDA5+454053]
	Ordinal0 [0x009F365B+472667]
	Ordinal0 [0x009EED5C+453980]
	Ordinal0 [0x009EF6D1+456401]
	Ordinal0 [0x009EF21D+455197]
	Ordinal0 [0x009EEDE4+454116]
	Ordinal0 [0x009EEDA5+454053]
	Ordinal0 [0x009F2C67+470119]
	Ordinal0 [0x009EED5C+453980]
	Ordinal0 [0x009EF6D1+456401]
	Ordinal0 [0x009EF21D+455197]
	Ordinal0 [0x009EEDE4+454116]
	Ordinal0 [0x009EEDA5+454053]
	Ordinal0 [0x009EBA0C+440844]
	Ordinal0 [0x009EED5C+453980]
	Ordinal0 [0x009EEC44+453700]
	Ordinal0 [0x009F8330+492336]
	Ordinal0 [0x009AA108+172296]
	Ordinal0 [0x009A942D+169005]
	Ordinal0 [0x009A78EB+162027]
	Ordinal0 [0x00990AC7+68295]
	Ordinal0 [0x00991B40+72512]
	Ordinal0 [0x00991AD9+72409]
	Ordinal0 [0x00A88F37+1085239]
	GetHandleVerifier [0x00B8D7ED+503293]
	GetHandleVerifier [0x00B8D580+502672]
	GetHandleVerifier [0x00B946AC+531644]
	GetHandleVerifier [0x00B8DFFA+505354]
	Ordinal0 [0x00A80606+1050118]
	Ordinal0 [0x00A8047F+1049727]
	Ordinal0 [0x00A8AF9B+1093531]
	Ordinal0 [0x00A8B103+1093891]
	Ordinal0 [0x00A8A095+1089685]
	BaseThreadInitThunk [0x76206359+25]
	RtlGetAppContainerNamedObjectPath [0x76F77B74+228]
	RtlGetAppContainerNamedObjectPath [0x76F77B44+180]

	at org.openqa.selenium.remote.W3CHandshakeResponse.lambda$errorHandler$0(W3CHandshakeResponse.java:62)
	at org.openqa.selenium.remote.HandshakeResponse.lambda$getResponseFunction$0(HandshakeResponse.java:30)
	at org.openqa.selenium.remote.ProtocolHandshake.lambda$createSession$0(ProtocolHandshake.java:126)
	at java.util.stream.ReferencePipeline$3$1.accept(ReferencePipeline.java:193)
	at java.util.Spliterators$ArraySpliterator.tryAdvance(Spliterators.java:958)
	at java.util.stream.ReferencePipeline.forEachWithCancel(ReferencePipeline.java:126)
	at java.util.stream.AbstractPipeline.copyIntoWithCancel(AbstractPipeline.java:498)
	at java.util.stream.AbstractPipeline.copyInto(AbstractPipeline.java:485)
	at java.util.stream.AbstractPipeline.wrapAndCopyInto(AbstractPipeline.java:471)
	at java.util.stream.FindOps$FindOp.evaluateSequential(FindOps.java:152)
	at java.util.stream.AbstractPipeline.evaluate(AbstractPipeline.java:234)
	at java.util.stream.ReferencePipeline.findFirst(ReferencePipeline.java:464)
	at org.openqa.selenium.remote.ProtocolHandshake.createSession(ProtocolHandshake.java:128)
	at org.openqa.selenium.remote.ProtocolHandshake.createSession(ProtocolHandshake.java:74)
	at org.openqa.selenium.remote.HttpCommandExecutor.execute(HttpCommandExecutor.java:136)
	at org.openqa.selenium.remote.service.DriverCommandExecutor.execute(DriverCommandExecutor.java:83)
	at org.openqa.selenium.remote.RemoteWebDriver.execute(RemoteWebDriver.java:552)
	at org.openqa.selenium.remote.RemoteWebDriver.startSession(RemoteWebDriver.java:213)
	at org.openqa.selenium.remote.RemoteWebDriver.&lt;init&gt;(RemoteWebDriver.java:131)
	at org.openqa.selenium.chrome.ChromeDriver.&lt;init&gt;(ChromeDriver.java:181)
	at org.openqa.selenium.chrome.ChromeDriver.&lt;init&gt;(ChromeDriver.java:168)
	at org.openqa.selenium.chrome.ChromeDriver.&lt;init&gt;(ChromeDriver.java:123)
	at com.qaTest.gmailapp.TestBase.initalization(TestBase.java:47)
	at com.qaTest.Logintestcases.GmailTestCase.setUp(GmailTestCase.java:32)
... Removed 28 stack frames</div></td></tr></table><p class="totop"><a href="#summary">back to summary</a></p>
<h3 id="m5">com.qaTest.Logintestcases.GmailTestCase#VerifyDiscp</h3><table class="result"><tr><th>Exception</th></tr><tr><td><div class="stacktrace">org.openqa.selenium.SessionNotCreatedException: session not created
from tab crashed
  (Session info: chrome=78.0.3904.70)
Build info: version: &apos;3.141.59&apos;, revision: &apos;e82be7d358&apos;, time: &apos;2018-11-14T08:17:03&apos;
System info: host: &apos;NIT-LPT-R117&apos;, ip: &apos;192.168.137.1&apos;, os.name: &apos;Windows 10&apos;, os.arch: &apos;amd64&apos;, os.version: &apos;10.0&apos;, java.version: &apos;1.8.0_172&apos;
Driver info: driver.version: ChromeDriver
remote stacktrace: Backtrace:
	Ordinal0 [0x00AEEB13+1501971]
	Ordinal0 [0x00A6F6D1+980689]
	Ordinal0 [0x009F7508+488712]
	Ordinal0 [0x009F031A+459546]
	Ordinal0 [0x009EFEA4+458404]
	Ordinal0 [0x009EFA1D+457245]
	Ordinal0 [0x009EF21D+455197]
	Ordinal0 [0x009EEDE4+454116]
	Ordinal0 [0x009EEDA5+454053]
	Ordinal0 [0x009F6525+484645]
	Ordinal0 [0x009EED5C+453980]
	Ordinal0 [0x009EF6D1+456401]
	Ordinal0 [0x009EF21D+455197]
	Ordinal0 [0x009EEDE4+454116]
	Ordinal0 [0x009EEDA5+454053]
	Ordinal0 [0x009F4ECE+478926]
	Ordinal0 [0x009EED5C+453980]
	Ordinal0 [0x009EF6D1+456401]
	Ordinal0 [0x009EF21D+455197]
	Ordinal0 [0x009EEDE4+454116]
	Ordinal0 [0x009EEDA5+454053]
	Ordinal0 [0x009F365B+472667]
	Ordinal0 [0x009EED5C+453980]
	Ordinal0 [0x009EF6D1+456401]
	Ordinal0 [0x009EF21D+455197]
	Ordinal0 [0x009EEDE4+454116]
	Ordinal0 [0x009EEDA5+454053]
	Ordinal0 [0x009F2C67+470119]
	Ordinal0 [0x009EED5C+453980]
	Ordinal0 [0x009EF6D1+456401]
	Ordinal0 [0x009EF21D+455197]
	Ordinal0 [0x009EEDE4+454116]
	Ordinal0 [0x009EEDA5+454053]
	Ordinal0 [0x009EBA0C+440844]
	Ordinal0 [0x009EED5C+453980]
	Ordinal0 [0x009EEC44+453700]
	Ordinal0 [0x009F8330+492336]
	Ordinal0 [0x009AA108+172296]
	Ordinal0 [0x009A942D+169005]
	Ordinal0 [0x009A78EB+162027]
	Ordinal0 [0x00990AC7+68295]
	Ordinal0 [0x00991B40+72512]
	Ordinal0 [0x00991AD9+72409]
	Ordinal0 [0x00A88F37+1085239]
	GetHandleVerifier [0x00B8D7ED+503293]
	GetHandleVerifier [0x00B8D580+502672]
	GetHandleVerifier [0x00B946AC+531644]
	GetHandleVerifier [0x00B8DFFA+505354]
	Ordinal0 [0x00A80606+1050118]
	Ordinal0 [0x00A8047F+1049727]
	Ordinal0 [0x00A8AF9B+1093531]
	Ordinal0 [0x00A8B103+1093891]
	Ordinal0 [0x00A8A095+1089685]
	BaseThreadInitThunk [0x76206359+25]
	RtlGetAppContainerNamedObjectPath [0x76F77B74+228]
	RtlGetAppContainerNamedObjectPath [0x76F77B44+180]

	at org.openqa.selenium.remote.W3CHandshakeResponse.lambda$errorHandler$0(W3CHandshakeResponse.java:62)
	at org.openqa.selenium.remote.HandshakeResponse.lambda$getResponseFunction$0(HandshakeResponse.java:30)
	at org.openqa.selenium.remote.ProtocolHandshake.lambda$createSession$0(ProtocolHandshake.java:126)
	at java.util.stream.ReferencePipeline$3$1.accept(ReferencePipeline.java:193)
	at java.util.Spliterators$ArraySpliterator.tryAdvance(Spliterators.java:958)
	at java.util.stream.ReferencePipeline.forEachWithCancel(ReferencePipeline.java:126)
	at java.util.stream.AbstractPipeline.copyIntoWithCancel(AbstractPipeline.java:498)
	at java.util.stream.AbstractPipeline.copyInto(AbstractPipeline.java:485)
	at java.util.stream.AbstractPipeline.wrapAndCopyInto(AbstractPipeline.java:471)
	at java.util.stream.FindOps$FindOp.evaluateSequential(FindOps.java:152)
	at java.util.stream.AbstractPipeline.evaluate(AbstractPipeline.java:234)
	at java.util.stream.ReferencePipeline.findFirst(ReferencePipeline.java:464)
	at org.openqa.selenium.remote.ProtocolHandshake.createSession(ProtocolHandshake.java:128)
	at org.openqa.selenium.remote.ProtocolHandshake.createSession(ProtocolHandshake.java:74)
	at org.openqa.selenium.remote.HttpCommandExecutor.execute(HttpCommandExecutor.java:136)
	at org.openqa.selenium.remote.service.DriverCommandExecutor.execute(DriverCommandExecutor.java:83)
	at org.openqa.selenium.remote.RemoteWebDriver.execute(RemoteWebDriver.java:552)
	at org.openqa.selenium.remote.RemoteWebDriver.startSession(RemoteWebDriver.java:213)
	at org.openqa.selenium.remote.RemoteWebDriver.&lt;init&gt;(RemoteWebDriver.java:131)
	at org.openqa.selenium.chrome.ChromeDriver.&lt;init&gt;(ChromeDriver.java:181)
	at org.openqa.selenium.chrome.ChromeDriver.&lt;init&gt;(ChromeDriver.java:168)
	at org.openqa.selenium.chrome.ChromeDriver.&lt;init&gt;(ChromeDriver.java:123)
	at com.qaTest.gmailapp.TestBase.initalization(TestBase.java:47)
	at com.qaTest.Logintestcases.GmailTestCase.setUp(GmailTestCase.java:32)
... Removed 28 stack frames</div></td></tr></table><p class="totop"><a href="#summary">back to summary</a></p>
<h3 id="m6">com.qaTest.Logintestcases.GmailTestCase#VerifyEmail</h3><table class="result"><tr><th>Exception</th></tr><tr><td><div class="stacktrace">org.openqa.selenium.SessionNotCreatedException: session not created
from tab crashed
  (Session info: chrome=78.0.3904.70)
Build info: version: &apos;3.141.59&apos;, revision: &apos;e82be7d358&apos;, time: &apos;2018-11-14T08:17:03&apos;
System info: host: &apos;NIT-LPT-R117&apos;, ip: &apos;192.168.137.1&apos;, os.name: &apos;Windows 10&apos;, os.arch: &apos;amd64&apos;, os.version: &apos;10.0&apos;, java.version: &apos;1.8.0_172&apos;
Driver info: driver.version: ChromeDriver
remote stacktrace: Backtrace:
	Ordinal0 [0x00AEEB13+1501971]
	Ordinal0 [0x00A6F6D1+980689]
	Ordinal0 [0x009F7508+488712]
	Ordinal0 [0x009F031A+459546]
	Ordinal0 [0x009EFEA4+458404]
	Ordinal0 [0x009EFA1D+457245]
	Ordinal0 [0x009EF21D+455197]
	Ordinal0 [0x009EEDE4+454116]
	Ordinal0 [0x009EEDA5+454053]
	Ordinal0 [0x009F6525+484645]
	Ordinal0 [0x009EED5C+453980]
	Ordinal0 [0x009EF6D1+456401]
	Ordinal0 [0x009EF21D+455197]
	Ordinal0 [0x009EEDE4+454116]
	Ordinal0 [0x009EEDA5+454053]
	Ordinal0 [0x009F4ECE+478926]
	Ordinal0 [0x009EED5C+453980]
	Ordinal0 [0x009EF6D1+456401]
	Ordinal0 [0x009EF21D+455197]
	Ordinal0 [0x009EEDE4+454116]
	Ordinal0 [0x009EEDA5+454053]
	Ordinal0 [0x009F365B+472667]
	Ordinal0 [0x009EED5C+453980]
	Ordinal0 [0x009EF6D1+456401]
	Ordinal0 [0x009EF21D+455197]
	Ordinal0 [0x009EEDE4+454116]
	Ordinal0 [0x009EEDA5+454053]
	Ordinal0 [0x009F2C67+470119]
	Ordinal0 [0x009EED5C+453980]
	Ordinal0 [0x009EF6D1+456401]
	Ordinal0 [0x009EF21D+455197]
	Ordinal0 [0x009EEDE4+454116]
	Ordinal0 [0x009EEDA5+454053]
	Ordinal0 [0x009EBA0C+440844]
	Ordinal0 [0x009EED5C+453980]
	Ordinal0 [0x009EEC44+453700]
	Ordinal0 [0x009F8330+492336]
	Ordinal0 [0x009AA108+172296]
	Ordinal0 [0x009A942D+169005]
	Ordinal0 [0x009A78EB+162027]
	Ordinal0 [0x00990AC7+68295]
	Ordinal0 [0x00991B40+72512]
	Ordinal0 [0x00991AD9+72409]
	Ordinal0 [0x00A88F37+1085239]
	GetHandleVerifier [0x00B8D7ED+503293]
	GetHandleVerifier [0x00B8D580+502672]
	GetHandleVerifier [0x00B946AC+531644]
	GetHandleVerifier [0x00B8DFFA+505354]
	Ordinal0 [0x00A80606+1050118]
	Ordinal0 [0x00A8047F+1049727]
	Ordinal0 [0x00A8AF9B+1093531]
	Ordinal0 [0x00A8B103+1093891]
	Ordinal0 [0x00A8A095+1089685]
	BaseThreadInitThunk [0x76206359+25]
	RtlGetAppContainerNamedObjectPath [0x76F77B74+228]
	RtlGetAppContainerNamedObjectPath [0x76F77B44+180]

	at org.openqa.selenium.remote.W3CHandshakeResponse.lambda$errorHandler$0(W3CHandshakeResponse.java:62)
	at org.openqa.selenium.remote.HandshakeResponse.lambda$getResponseFunction$0(HandshakeResponse.java:30)
	at org.openqa.selenium.remote.ProtocolHandshake.lambda$createSession$0(ProtocolHandshake.java:126)
	at java.util.stream.ReferencePipeline$3$1.accept(ReferencePipeline.java:193)
	at java.util.Spliterators$ArraySpliterator.tryAdvance(Spliterators.java:958)
	at java.util.stream.ReferencePipeline.forEachWithCancel(ReferencePipeline.java:126)
	at java.util.stream.AbstractPipeline.copyIntoWithCancel(AbstractPipeline.java:498)
	at java.util.stream.AbstractPipeline.copyInto(AbstractPipeline.java:485)
	at java.util.stream.AbstractPipeline.wrapAndCopyInto(AbstractPipeline.java:471)
	at java.util.stream.FindOps$FindOp.evaluateSequential(FindOps.java:152)
	at java.util.stream.AbstractPipeline.evaluate(AbstractPipeline.java:234)
	at java.util.stream.ReferencePipeline.findFirst(ReferencePipeline.java:464)
	at org.openqa.selenium.remote.ProtocolHandshake.createSession(ProtocolHandshake.java:128)
	at org.openqa.selenium.remote.ProtocolHandshake.createSession(ProtocolHandshake.java:74)
	at org.openqa.selenium.remote.HttpCommandExecutor.execute(HttpCommandExecutor.java:136)
	at org.openqa.selenium.remote.service.DriverCommandExecutor.execute(DriverCommandExecutor.java:83)
	at org.openqa.selenium.remote.RemoteWebDriver.execute(RemoteWebDriver.java:552)
	at org.openqa.selenium.remote.RemoteWebDriver.startSession(RemoteWebDriver.java:213)
	at org.openqa.selenium.remote.RemoteWebDriver.&lt;init&gt;(RemoteWebDriver.java:131)
	at org.openqa.selenium.chrome.ChromeDriver.&lt;init&gt;(ChromeDriver.java:181)
	at org.openqa.selenium.chrome.ChromeDriver.&lt;init&gt;(ChromeDriver.java:168)
	at org.openqa.selenium.chrome.ChromeDriver.&lt;init&gt;(ChromeDriver.java:123)
	at com.qaTest.gmailapp.TestBase.initalization(TestBase.java:47)
	at com.qaTest.Logintestcases.GmailTestCase.setUp(GmailTestCase.java:32)
... Removed 28 stack frames</div></td></tr></table><p class="totop"><a href="#summary">back to summary</a></p>
<h3 id="m7">com.qaTest.Logintestcases.GmailTestCase#VerifyEmailcontents</h3><table class="result"><tr><th>Exception</th></tr><tr><td><div class="stacktrace">org.openqa.selenium.SessionNotCreatedException: session not created
from tab crashed
  (Session info: chrome=78.0.3904.70)
Build info: version: &apos;3.141.59&apos;, revision: &apos;e82be7d358&apos;, time: &apos;2018-11-14T08:17:03&apos;
System info: host: &apos;NIT-LPT-R117&apos;, ip: &apos;192.168.137.1&apos;, os.name: &apos;Windows 10&apos;, os.arch: &apos;amd64&apos;, os.version: &apos;10.0&apos;, java.version: &apos;1.8.0_172&apos;
Driver info: driver.version: ChromeDriver
remote stacktrace: Backtrace:
	Ordinal0 [0x00AEEB13+1501971]
	Ordinal0 [0x00A6F6D1+980689]
	Ordinal0 [0x009F7508+488712]
	Ordinal0 [0x009F031A+459546]
	Ordinal0 [0x009EFEA4+458404]
	Ordinal0 [0x009EFA1D+457245]
	Ordinal0 [0x009EF21D+455197]
	Ordinal0 [0x009EEDE4+454116]
	Ordinal0 [0x009EEDA5+454053]
	Ordinal0 [0x009F6525+484645]
	Ordinal0 [0x009EED5C+453980]
	Ordinal0 [0x009EF6D1+456401]
	Ordinal0 [0x009EF21D+455197]
	Ordinal0 [0x009EEDE4+454116]
	Ordinal0 [0x009EEDA5+454053]
	Ordinal0 [0x009F4ECE+478926]
	Ordinal0 [0x009EED5C+453980]
	Ordinal0 [0x009EF6D1+456401]
	Ordinal0 [0x009EF21D+455197]
	Ordinal0 [0x009EEDE4+454116]
	Ordinal0 [0x009EEDA5+454053]
	Ordinal0 [0x009F365B+472667]
	Ordinal0 [0x009EED5C+453980]
	Ordinal0 [0x009EF6D1+456401]
	Ordinal0 [0x009EF21D+455197]
	Ordinal0 [0x009EEDE4+454116]
	Ordinal0 [0x009EEDA5+454053]
	Ordinal0 [0x009F2C67+470119]
	Ordinal0 [0x009EED5C+453980]
	Ordinal0 [0x009EF6D1+456401]
	Ordinal0 [0x009EF21D+455197]
	Ordinal0 [0x009EEDE4+454116]
	Ordinal0 [0x009EEDA5+454053]
	Ordinal0 [0x009EBA0C+440844]
	Ordinal0 [0x009EED5C+453980]
	Ordinal0 [0x009EEC44+453700]
	Ordinal0 [0x009F8330+492336]
	Ordinal0 [0x009AA108+172296]
	Ordinal0 [0x009A942D+169005]
	Ordinal0 [0x009A78EB+162027]
	Ordinal0 [0x00990AC7+68295]
	Ordinal0 [0x00991B40+72512]
	Ordinal0 [0x00991AD9+72409]
	Ordinal0 [0x00A88F37+1085239]
	GetHandleVerifier [0x00B8D7ED+503293]
	GetHandleVerifier [0x00B8D580+502672]
	GetHandleVerifier [0x00B946AC+531644]
	GetHandleVerifier [0x00B8DFFA+505354]
	Ordinal0 [0x00A80606+1050118]
	Ordinal0 [0x00A8047F+1049727]
	Ordinal0 [0x00A8AF9B+1093531]
	Ordinal0 [0x00A8B103+1093891]
	Ordinal0 [0x00A8A095+1089685]
	BaseThreadInitThunk [0x76206359+25]
	RtlGetAppContainerNamedObjectPath [0x76F77B74+228]
	RtlGetAppContainerNamedObjectPath [0x76F77B44+180]

	at org.openqa.selenium.remote.W3CHandshakeResponse.lambda$errorHandler$0(W3CHandshakeResponse.java:62)
	at org.openqa.selenium.remote.HandshakeResponse.lambda$getResponseFunction$0(HandshakeResponse.java:30)
	at org.openqa.selenium.remote.ProtocolHandshake.lambda$createSession$0(ProtocolHandshake.java:126)
	at java.util.stream.ReferencePipeline$3$1.accept(ReferencePipeline.java:193)
	at java.util.Spliterators$ArraySpliterator.tryAdvance(Spliterators.java:958)
	at java.util.stream.ReferencePipeline.forEachWithCancel(ReferencePipeline.java:126)
	at java.util.stream.AbstractPipeline.copyIntoWithCancel(AbstractPipeline.java:498)
	at java.util.stream.AbstractPipeline.copyInto(AbstractPipeline.java:485)
	at java.util.stream.AbstractPipeline.wrapAndCopyInto(AbstractPipeline.java:471)
	at java.util.stream.FindOps$FindOp.evaluateSequential(FindOps.java:152)
	at java.util.stream.AbstractPipeline.evaluate(AbstractPipeline.java:234)
	at java.util.stream.ReferencePipeline.findFirst(ReferencePipeline.java:464)
	at org.openqa.selenium.remote.ProtocolHandshake.createSession(ProtocolHandshake.java:128)
	at org.openqa.selenium.remote.ProtocolHandshake.createSession(ProtocolHandshake.java:74)
	at org.openqa.selenium.remote.HttpCommandExecutor.execute(HttpCommandExecutor.java:136)
	at org.openqa.selenium.remote.service.DriverCommandExecutor.execute(DriverCommandExecutor.java:83)
	at org.openqa.selenium.remote.RemoteWebDriver.execute(RemoteWebDriver.java:552)
	at org.openqa.selenium.remote.RemoteWebDriver.startSession(RemoteWebDriver.java:213)
	at org.openqa.selenium.remote.RemoteWebDriver.&lt;init&gt;(RemoteWebDriver.java:131)
	at org.openqa.selenium.chrome.ChromeDriver.&lt;init&gt;(ChromeDriver.java:181)
	at org.openqa.selenium.chrome.ChromeDriver.&lt;init&gt;(ChromeDriver.java:168)
	at org.openqa.selenium.chrome.ChromeDriver.&lt;init&gt;(ChromeDriver.java:123)
	at com.qaTest.gmailapp.TestBase.initalization(TestBase.java:47)
	at com.qaTest.Logintestcases.GmailTestCase.setUp(GmailTestCase.java:32)
... Removed 28 stack frames</div></td></tr></table><p class="totop"><a href="#summary">back to summary</a></p>
<h3 id="m8">com.qaTest.Logintestcases.GmailTestCase#VerifyLabel</h3><table class="result"><tr><th>Exception</th></tr><tr><td><div class="stacktrace">org.openqa.selenium.SessionNotCreatedException: session not created
from tab crashed
  (Session info: chrome=78.0.3904.70)
Build info: version: &apos;3.141.59&apos;, revision: &apos;e82be7d358&apos;, time: &apos;2018-11-14T08:17:03&apos;
System info: host: &apos;NIT-LPT-R117&apos;, ip: &apos;192.168.137.1&apos;, os.name: &apos;Windows 10&apos;, os.arch: &apos;amd64&apos;, os.version: &apos;10.0&apos;, java.version: &apos;1.8.0_172&apos;
Driver info: driver.version: ChromeDriver
remote stacktrace: Backtrace:
	Ordinal0 [0x00AEEB13+1501971]
	Ordinal0 [0x00A6F6D1+980689]
	Ordinal0 [0x009F7508+488712]
	Ordinal0 [0x009F031A+459546]
	Ordinal0 [0x009EFEA4+458404]
	Ordinal0 [0x009EFA1D+457245]
	Ordinal0 [0x009EF21D+455197]
	Ordinal0 [0x009EEDE4+454116]
	Ordinal0 [0x009EEDA5+454053]
	Ordinal0 [0x009F6525+484645]
	Ordinal0 [0x009EED5C+453980]
	Ordinal0 [0x009EF6D1+456401]
	Ordinal0 [0x009EF21D+455197]
	Ordinal0 [0x009EEDE4+454116]
	Ordinal0 [0x009EEDA5+454053]
	Ordinal0 [0x009F4ECE+478926]
	Ordinal0 [0x009EED5C+453980]
	Ordinal0 [0x009EF6D1+456401]
	Ordinal0 [0x009EF21D+455197]
	Ordinal0 [0x009EEDE4+454116]
	Ordinal0 [0x009EEDA5+454053]
	Ordinal0 [0x009F365B+472667]
	Ordinal0 [0x009EED5C+453980]
	Ordinal0 [0x009EF6D1+456401]
	Ordinal0 [0x009EF21D+455197]
	Ordinal0 [0x009EEDE4+454116]
	Ordinal0 [0x009EEDA5+454053]
	Ordinal0 [0x009F2C67+470119]
	Ordinal0 [0x009EED5C+453980]
	Ordinal0 [0x009EF6D1+456401]
	Ordinal0 [0x009EF21D+455197]
	Ordinal0 [0x009EEDE4+454116]
	Ordinal0 [0x009EEDA5+454053]
	Ordinal0 [0x009EBA0C+440844]
	Ordinal0 [0x009EED5C+453980]
	Ordinal0 [0x009EEC44+453700]
	Ordinal0 [0x009F8330+492336]
	Ordinal0 [0x009AA108+172296]
	Ordinal0 [0x009A942D+169005]
	Ordinal0 [0x009A78EB+162027]
	Ordinal0 [0x00990AC7+68295]
	Ordinal0 [0x00991B40+72512]
	Ordinal0 [0x00991AD9+72409]
	Ordinal0 [0x00A88F37+1085239]
	GetHandleVerifier [0x00B8D7ED+503293]
	GetHandleVerifier [0x00B8D580+502672]
	GetHandleVerifier [0x00B946AC+531644]
	GetHandleVerifier [0x00B8DFFA+505354]
	Ordinal0 [0x00A80606+1050118]
	Ordinal0 [0x00A8047F+1049727]
	Ordinal0 [0x00A8AF9B+1093531]
	Ordinal0 [0x00A8B103+1093891]
	Ordinal0 [0x00A8A095+1089685]
	BaseThreadInitThunk [0x76206359+25]
	RtlGetAppContainerNamedObjectPath [0x76F77B74+228]
	RtlGetAppContainerNamedObjectPath [0x76F77B44+180]

	at org.openqa.selenium.remote.W3CHandshakeResponse.lambda$errorHandler$0(W3CHandshakeResponse.java:62)
	at org.openqa.selenium.remote.HandshakeResponse.lambda$getResponseFunction$0(HandshakeResponse.java:30)
	at org.openqa.selenium.remote.ProtocolHandshake.lambda$createSession$0(ProtocolHandshake.java:126)
	at java.util.stream.ReferencePipeline$3$1.accept(ReferencePipeline.java:193)
	at java.util.Spliterators$ArraySpliterator.tryAdvance(Spliterators.java:958)
	at java.util.stream.ReferencePipeline.forEachWithCancel(ReferencePipeline.java:126)
	at java.util.stream.AbstractPipeline.copyIntoWithCancel(AbstractPipeline.java:498)
	at java.util.stream.AbstractPipeline.copyInto(AbstractPipeline.java:485)
	at java.util.stream.AbstractPipeline.wrapAndCopyInto(AbstractPipeline.java:471)
	at java.util.stream.FindOps$FindOp.evaluateSequential(FindOps.java:152)
	at java.util.stream.AbstractPipeline.evaluate(AbstractPipeline.java:234)
	at java.util.stream.ReferencePipeline.findFirst(ReferencePipeline.java:464)
	at org.openqa.selenium.remote.ProtocolHandshake.createSession(ProtocolHandshake.java:128)
	at org.openqa.selenium.remote.ProtocolHandshake.createSession(ProtocolHandshake.java:74)
	at org.openqa.selenium.remote.HttpCommandExecutor.execute(HttpCommandExecutor.java:136)
	at org.openqa.selenium.remote.service.DriverCommandExecutor.execute(DriverCommandExecutor.java:83)
	at org.openqa.selenium.remote.RemoteWebDriver.execute(RemoteWebDriver.java:552)
	at org.openqa.selenium.remote.RemoteWebDriver.startSession(RemoteWebDriver.java:213)
	at org.openqa.selenium.remote.RemoteWebDriver.&lt;init&gt;(RemoteWebDriver.java:131)
	at org.openqa.selenium.chrome.ChromeDriver.&lt;init&gt;(ChromeDriver.java:181)
	at org.openqa.selenium.chrome.ChromeDriver.&lt;init&gt;(ChromeDriver.java:168)
	at org.openqa.selenium.chrome.ChromeDriver.&lt;init&gt;(ChromeDriver.java:123)
	at com.qaTest.gmailapp.TestBase.initalization(TestBase.java:47)
	at com.qaTest.Logintestcases.GmailTestCase.setUp(GmailTestCase.java:32)
... Removed 28 stack frames</div></td></tr></table><p class="totop"><a href="#summary">back to summary</a></p>
<h3 id="m9">com.qaTest.Logintestcases.GmailTestCase#VerifyNext</h3><table class="result"><tr><th>Exception</th></tr><tr><td><div class="stacktrace">org.openqa.selenium.SessionNotCreatedException: session not created
from tab crashed
  (Session info: chrome=78.0.3904.70)
Build info: version: &apos;3.141.59&apos;, revision: &apos;e82be7d358&apos;, time: &apos;2018-11-14T08:17:03&apos;
System info: host: &apos;NIT-LPT-R117&apos;, ip: &apos;192.168.137.1&apos;, os.name: &apos;Windows 10&apos;, os.arch: &apos;amd64&apos;, os.version: &apos;10.0&apos;, java.version: &apos;1.8.0_172&apos;
Driver info: driver.version: ChromeDriver
remote stacktrace: Backtrace:
	Ordinal0 [0x00AEEB13+1501971]
	Ordinal0 [0x00A6F6D1+980689]
	Ordinal0 [0x009F7508+488712]
	Ordinal0 [0x009F031A+459546]
	Ordinal0 [0x009EFEA4+458404]
	Ordinal0 [0x009EFA1D+457245]
	Ordinal0 [0x009EF21D+455197]
	Ordinal0 [0x009EEDE4+454116]
	Ordinal0 [0x009EEDA5+454053]
	Ordinal0 [0x009F6525+484645]
	Ordinal0 [0x009EED5C+453980]
	Ordinal0 [0x009EF6D1+456401]
	Ordinal0 [0x009EF21D+455197]
	Ordinal0 [0x009EEDE4+454116]
	Ordinal0 [0x009EEDA5+454053]
	Ordinal0 [0x009F4ECE+478926]
	Ordinal0 [0x009EED5C+453980]
	Ordinal0 [0x009EF6D1+456401]
	Ordinal0 [0x009EF21D+455197]
	Ordinal0 [0x009EEDE4+454116]
	Ordinal0 [0x009EEDA5+454053]
	Ordinal0 [0x009F365B+472667]
	Ordinal0 [0x009EED5C+453980]
	Ordinal0 [0x009EF6D1+456401]
	Ordinal0 [0x009EF21D+455197]
	Ordinal0 [0x009EEDE4+454116]
	Ordinal0 [0x009EEDA5+454053]
	Ordinal0 [0x009F2C67+470119]
	Ordinal0 [0x009EED5C+453980]
	Ordinal0 [0x009EF6D1+456401]
	Ordinal0 [0x009EF21D+455197]
	Ordinal0 [0x009EEDE4+454116]
	Ordinal0 [0x009EEDA5+454053]
	Ordinal0 [0x009EBA0C+440844]
	Ordinal0 [0x009EED5C+453980]
	Ordinal0 [0x009EEC44+453700]
	Ordinal0 [0x009F8330+492336]
	Ordinal0 [0x009AA108+172296]
	Ordinal0 [0x009A942D+169005]
	Ordinal0 [0x009A78EB+162027]
	Ordinal0 [0x00990AC7+68295]
	Ordinal0 [0x00991B40+72512]
	Ordinal0 [0x00991AD9+72409]
	Ordinal0 [0x00A88F37+1085239]
	GetHandleVerifier [0x00B8D7ED+503293]
	GetHandleVerifier [0x00B8D580+502672]
	GetHandleVerifier [0x00B946AC+531644]
	GetHandleVerifier [0x00B8DFFA+505354]
	Ordinal0 [0x00A80606+1050118]
	Ordinal0 [0x00A8047F+1049727]
	Ordinal0 [0x00A8AF9B+1093531]
	Ordinal0 [0x00A8B103+1093891]
	Ordinal0 [0x00A8A095+1089685]
	BaseThreadInitThunk [0x76206359+25]
	RtlGetAppContainerNamedObjectPath [0x76F77B74+228]
	RtlGetAppContainerNamedObjectPath [0x76F77B44+180]

	at org.openqa.selenium.remote.W3CHandshakeResponse.lambda$errorHandler$0(W3CHandshakeResponse.java:62)
	at org.openqa.selenium.remote.HandshakeResponse.lambda$getResponseFunction$0(HandshakeResponse.java:30)
	at org.openqa.selenium.remote.ProtocolHandshake.lambda$createSession$0(ProtocolHandshake.java:126)
	at java.util.stream.ReferencePipeline$3$1.accept(ReferencePipeline.java:193)
	at java.util.Spliterators$ArraySpliterator.tryAdvance(Spliterators.java:958)
	at java.util.stream.ReferencePipeline.forEachWithCancel(ReferencePipeline.java:126)
	at java.util.stream.AbstractPipeline.copyIntoWithCancel(AbstractPipeline.java:498)
	at java.util.stream.AbstractPipeline.copyInto(AbstractPipeline.java:485)
	at java.util.stream.AbstractPipeline.wrapAndCopyInto(AbstractPipeline.java:471)
	at java.util.stream.FindOps$FindOp.evaluateSequential(FindOps.java:152)
	at java.util.stream.AbstractPipeline.evaluate(AbstractPipeline.java:234)
	at java.util.stream.ReferencePipeline.findFirst(ReferencePipeline.java:464)
	at org.openqa.selenium.remote.ProtocolHandshake.createSession(ProtocolHandshake.java:128)
	at org.openqa.selenium.remote.ProtocolHandshake.createSession(ProtocolHandshake.java:74)
	at org.openqa.selenium.remote.HttpCommandExecutor.execute(HttpCommandExecutor.java:136)
	at org.openqa.selenium.remote.service.DriverCommandExecutor.execute(DriverCommandExecutor.java:83)
	at org.openqa.selenium.remote.RemoteWebDriver.execute(RemoteWebDriver.java:552)
	at org.openqa.selenium.remote.RemoteWebDriver.startSession(RemoteWebDriver.java:213)
	at org.openqa.selenium.remote.RemoteWebDriver.&lt;init&gt;(RemoteWebDriver.java:131)
	at org.openqa.selenium.chrome.ChromeDriver.&lt;init&gt;(ChromeDriver.java:181)
	at org.openqa.selenium.chrome.ChromeDriver.&lt;init&gt;(ChromeDriver.java:168)
	at org.openqa.selenium.chrome.ChromeDriver.&lt;init&gt;(ChromeDriver.java:123)
	at com.qaTest.gmailapp.TestBase.initalization(TestBase.java:47)
	at com.qaTest.Logintestcases.GmailTestCase.setUp(GmailTestCase.java:32)
... Removed 28 stack frames</div></td></tr></table><p class="totop"><a href="#summary">back to summary</a></p>
<h3 id="m10">com.qaTest.Logintestcases.GmailTestCase#VerifyNext2</h3><table class="result"><tr><th>Exception</th></tr><tr><td><div class="stacktrace">org.openqa.selenium.SessionNotCreatedException: session not created
from tab crashed
  (Session info: chrome=78.0.3904.70)
Build info: version: &apos;3.141.59&apos;, revision: &apos;e82be7d358&apos;, time: &apos;2018-11-14T08:17:03&apos;
System info: host: &apos;NIT-LPT-R117&apos;, ip: &apos;192.168.137.1&apos;, os.name: &apos;Windows 10&apos;, os.arch: &apos;amd64&apos;, os.version: &apos;10.0&apos;, java.version: &apos;1.8.0_172&apos;
Driver info: driver.version: ChromeDriver
remote stacktrace: Backtrace:
	Ordinal0 [0x00AEEB13+1501971]
	Ordinal0 [0x00A6F6D1+980689]
	Ordinal0 [0x009F7508+488712]
	Ordinal0 [0x009F031A+459546]
	Ordinal0 [0x009EFEA4+458404]
	Ordinal0 [0x009EFA1D+457245]
	Ordinal0 [0x009EF21D+455197]
	Ordinal0 [0x009EEDE4+454116]
	Ordinal0 [0x009EEDA5+454053]
	Ordinal0 [0x009F6525+484645]
	Ordinal0 [0x009EED5C+453980]
	Ordinal0 [0x009EF6D1+456401]
	Ordinal0 [0x009EF21D+455197]
	Ordinal0 [0x009EEDE4+454116]
	Ordinal0 [0x009EEDA5+454053]
	Ordinal0 [0x009F4ECE+478926]
	Ordinal0 [0x009EED5C+453980]
	Ordinal0 [0x009EF6D1+456401]
	Ordinal0 [0x009EF21D+455197]
	Ordinal0 [0x009EEDE4+454116]
	Ordinal0 [0x009EEDA5+454053]
	Ordinal0 [0x009F365B+472667]
	Ordinal0 [0x009EED5C+453980]
	Ordinal0 [0x009EF6D1+456401]
	Ordinal0 [0x009EF21D+455197]
	Ordinal0 [0x009EEDE4+454116]
	Ordinal0 [0x009EEDA5+454053]
	Ordinal0 [0x009F2C67+470119]
	Ordinal0 [0x009EED5C+453980]
	Ordinal0 [0x009EF6D1+456401]
	Ordinal0 [0x009EF21D+455197]
	Ordinal0 [0x009EEDE4+454116]
	Ordinal0 [0x009EEDA5+454053]
	Ordinal0 [0x009EBA0C+440844]
	Ordinal0 [0x009EED5C+453980]
	Ordinal0 [0x009EEC44+453700]
	Ordinal0 [0x009F8330+492336]
	Ordinal0 [0x009AA108+172296]
	Ordinal0 [0x009A942D+169005]
	Ordinal0 [0x009A78EB+162027]
	Ordinal0 [0x00990AC7+68295]
	Ordinal0 [0x00991B40+72512]
	Ordinal0 [0x00991AD9+72409]
	Ordinal0 [0x00A88F37+1085239]
	GetHandleVerifier [0x00B8D7ED+503293]
	GetHandleVerifier [0x00B8D580+502672]
	GetHandleVerifier [0x00B946AC+531644]
	GetHandleVerifier [0x00B8DFFA+505354]
	Ordinal0 [0x00A80606+1050118]
	Ordinal0 [0x00A8047F+1049727]
	Ordinal0 [0x00A8AF9B+1093531]
	Ordinal0 [0x00A8B103+1093891]
	Ordinal0 [0x00A8A095+1089685]
	BaseThreadInitThunk [0x76206359+25]
	RtlGetAppContainerNamedObjectPath [0x76F77B74+228]
	RtlGetAppContainerNamedObjectPath [0x76F77B44+180]

	at org.openqa.selenium.remote.W3CHandshakeResponse.lambda$errorHandler$0(W3CHandshakeResponse.java:62)
	at org.openqa.selenium.remote.HandshakeResponse.lambda$getResponseFunction$0(HandshakeResponse.java:30)
	at org.openqa.selenium.remote.ProtocolHandshake.lambda$createSession$0(ProtocolHandshake.java:126)
	at java.util.stream.ReferencePipeline$3$1.accept(ReferencePipeline.java:193)
	at java.util.Spliterators$ArraySpliterator.tryAdvance(Spliterators.java:958)
	at java.util.stream.ReferencePipeline.forEachWithCancel(ReferencePipeline.java:126)
	at java.util.stream.AbstractPipeline.copyIntoWithCancel(AbstractPipeline.java:498)
	at java.util.stream.AbstractPipeline.copyInto(AbstractPipeline.java:485)
	at java.util.stream.AbstractPipeline.wrapAndCopyInto(AbstractPipeline.java:471)
	at java.util.stream.FindOps$FindOp.evaluateSequential(FindOps.java:152)
	at java.util.stream.AbstractPipeline.evaluate(AbstractPipeline.java:234)
	at java.util.stream.ReferencePipeline.findFirst(ReferencePipeline.java:464)
	at org.openqa.selenium.remote.ProtocolHandshake.createSession(ProtocolHandshake.java:128)
	at org.openqa.selenium.remote.ProtocolHandshake.createSession(ProtocolHandshake.java:74)
	at org.openqa.selenium.remote.HttpCommandExecutor.execute(HttpCommandExecutor.java:136)
	at org.openqa.selenium.remote.service.DriverCommandExecutor.execute(DriverCommandExecutor.java:83)
	at org.openqa.selenium.remote.RemoteWebDriver.execute(RemoteWebDriver.java:552)
	at org.openqa.selenium.remote.RemoteWebDriver.startSession(RemoteWebDriver.java:213)
	at org.openqa.selenium.remote.RemoteWebDriver.&lt;init&gt;(RemoteWebDriver.java:131)
	at org.openqa.selenium.chrome.ChromeDriver.&lt;init&gt;(ChromeDriver.java:181)
	at org.openqa.selenium.chrome.ChromeDriver.&lt;init&gt;(ChromeDriver.java:168)
	at org.openqa.selenium.chrome.ChromeDriver.&lt;init&gt;(ChromeDriver.java:123)
	at com.qaTest.gmailapp.TestBase.initalization(TestBase.java:47)
	at com.qaTest.Logintestcases.GmailTestCase.setUp(GmailTestCase.java:32)
... Removed 28 stack frames</div></td></tr></table><p class="totop"><a href="#summary">back to summary</a></p>
<h3 id="m11">com.qaTest.Logintestcases.GmailTestCase#VerifyPassword</h3><table class="result"><tr><th>Exception</th></tr><tr><td><div class="stacktrace">org.openqa.selenium.SessionNotCreatedException: session not created
from tab crashed
  (Session info: chrome=78.0.3904.70)
Build info: version: &apos;3.141.59&apos;, revision: &apos;e82be7d358&apos;, time: &apos;2018-11-14T08:17:03&apos;
System info: host: &apos;NIT-LPT-R117&apos;, ip: &apos;192.168.137.1&apos;, os.name: &apos;Windows 10&apos;, os.arch: &apos;amd64&apos;, os.version: &apos;10.0&apos;, java.version: &apos;1.8.0_172&apos;
Driver info: driver.version: ChromeDriver
remote stacktrace: Backtrace:
	Ordinal0 [0x00AEEB13+1501971]
	Ordinal0 [0x00A6F6D1+980689]
	Ordinal0 [0x009F7508+488712]
	Ordinal0 [0x009F031A+459546]
	Ordinal0 [0x009EFEA4+458404]
	Ordinal0 [0x009EFA1D+457245]
	Ordinal0 [0x009EF21D+455197]
	Ordinal0 [0x009EEDE4+454116]
	Ordinal0 [0x009EEDA5+454053]
	Ordinal0 [0x009F6525+484645]
	Ordinal0 [0x009EED5C+453980]
	Ordinal0 [0x009EF6D1+456401]
	Ordinal0 [0x009EF21D+455197]
	Ordinal0 [0x009EEDE4+454116]
	Ordinal0 [0x009EEDA5+454053]
	Ordinal0 [0x009F4ECE+478926]
	Ordinal0 [0x009EED5C+453980]
	Ordinal0 [0x009EF6D1+456401]
	Ordinal0 [0x009EF21D+455197]
	Ordinal0 [0x009EEDE4+454116]
	Ordinal0 [0x009EEDA5+454053]
	Ordinal0 [0x009F365B+472667]
	Ordinal0 [0x009EED5C+453980]
	Ordinal0 [0x009EF6D1+456401]
	Ordinal0 [0x009EF21D+455197]
	Ordinal0 [0x009EEDE4+454116]
	Ordinal0 [0x009EEDA5+454053]
	Ordinal0 [0x009F2C67+470119]
	Ordinal0 [0x009EED5C+453980]
	Ordinal0 [0x009EF6D1+456401]
	Ordinal0 [0x009EF21D+455197]
	Ordinal0 [0x009EEDE4+454116]
	Ordinal0 [0x009EEDA5+454053]
	Ordinal0 [0x009EBA0C+440844]
	Ordinal0 [0x009EED5C+453980]
	Ordinal0 [0x009EEC44+453700]
	Ordinal0 [0x009F8330+492336]
	Ordinal0 [0x009AA108+172296]
	Ordinal0 [0x009A942D+169005]
	Ordinal0 [0x009A78EB+162027]
	Ordinal0 [0x00990AC7+68295]
	Ordinal0 [0x00991B40+72512]
	Ordinal0 [0x00991AD9+72409]
	Ordinal0 [0x00A88F37+1085239]
	GetHandleVerifier [0x00B8D7ED+503293]
	GetHandleVerifier [0x00B8D580+502672]
	GetHandleVerifier [0x00B946AC+531644]
	GetHandleVerifier [0x00B8DFFA+505354]
	Ordinal0 [0x00A80606+1050118]
	Ordinal0 [0x00A8047F+1049727]
	Ordinal0 [0x00A8AF9B+1093531]
	Ordinal0 [0x00A8B103+1093891]
	Ordinal0 [0x00A8A095+1089685]
	BaseThreadInitThunk [0x76206359+25]
	RtlGetAppContainerNamedObjectPath [0x76F77B74+228]
	RtlGetAppContainerNamedObjectPath [0x76F77B44+180]

	at org.openqa.selenium.remote.W3CHandshakeResponse.lambda$errorHandler$0(W3CHandshakeResponse.java:62)
	at org.openqa.selenium.remote.HandshakeResponse.lambda$getResponseFunction$0(HandshakeResponse.java:30)
	at org.openqa.selenium.remote.ProtocolHandshake.lambda$createSession$0(ProtocolHandshake.java:126)
	at java.util.stream.ReferencePipeline$3$1.accept(ReferencePipeline.java:193)
	at java.util.Spliterators$ArraySpliterator.tryAdvance(Spliterators.java:958)
	at java.util.stream.ReferencePipeline.forEachWithCancel(ReferencePipeline.java:126)
	at java.util.stream.AbstractPipeline.copyIntoWithCancel(AbstractPipeline.java:498)
	at java.util.stream.AbstractPipeline.copyInto(AbstractPipeline.java:485)
	at java.util.stream.AbstractPipeline.wrapAndCopyInto(AbstractPipeline.java:471)
	at java.util.stream.FindOps$FindOp.evaluateSequential(FindOps.java:152)
	at java.util.stream.AbstractPipeline.evaluate(AbstractPipeline.java:234)
	at java.util.stream.ReferencePipeline.findFirst(ReferencePipeline.java:464)
	at org.openqa.selenium.remote.ProtocolHandshake.createSession(ProtocolHandshake.java:128)
	at org.openqa.selenium.remote.ProtocolHandshake.createSession(ProtocolHandshake.java:74)
	at org.openqa.selenium.remote.HttpCommandExecutor.execute(HttpCommandExecutor.java:136)
	at org.openqa.selenium.remote.service.DriverCommandExecutor.execute(DriverCommandExecutor.java:83)
	at org.openqa.selenium.remote.RemoteWebDriver.execute(RemoteWebDriver.java:552)
	at org.openqa.selenium.remote.RemoteWebDriver.startSession(RemoteWebDriver.java:213)
	at org.openqa.selenium.remote.RemoteWebDriver.&lt;init&gt;(RemoteWebDriver.java:131)
	at org.openqa.selenium.chrome.ChromeDriver.&lt;init&gt;(ChromeDriver.java:181)
	at org.openqa.selenium.chrome.ChromeDriver.&lt;init&gt;(ChromeDriver.java:168)
	at org.openqa.selenium.chrome.ChromeDriver.&lt;init&gt;(ChromeDriver.java:123)
	at com.qaTest.gmailapp.TestBase.initalization(TestBase.java:47)
	at com.qaTest.Logintestcases.GmailTestCase.setUp(GmailTestCase.java:32)
... Removed 28 stack frames</div></td></tr></table><p class="totop"><a href="#summary">back to summary</a></p>
<h3 id="m12">com.qaTest.Logintestcases.GmailTestCase#VerifyRecipient</h3><table class="result"><tr><th>Exception</th></tr><tr><td><div class="stacktrace">org.openqa.selenium.SessionNotCreatedException: session not created
from tab crashed
  (Session info: chrome=78.0.3904.70)
Build info: version: &apos;3.141.59&apos;, revision: &apos;e82be7d358&apos;, time: &apos;2018-11-14T08:17:03&apos;
System info: host: &apos;NIT-LPT-R117&apos;, ip: &apos;192.168.137.1&apos;, os.name: &apos;Windows 10&apos;, os.arch: &apos;amd64&apos;, os.version: &apos;10.0&apos;, java.version: &apos;1.8.0_172&apos;
Driver info: driver.version: ChromeDriver
remote stacktrace: Backtrace:
	Ordinal0 [0x00AEEB13+1501971]
	Ordinal0 [0x00A6F6D1+980689]
	Ordinal0 [0x009F7508+488712]
	Ordinal0 [0x009F031A+459546]
	Ordinal0 [0x009EFEA4+458404]
	Ordinal0 [0x009EFA1D+457245]
	Ordinal0 [0x009EF21D+455197]
	Ordinal0 [0x009EEDE4+454116]
	Ordinal0 [0x009EEDA5+454053]
	Ordinal0 [0x009F6525+484645]
	Ordinal0 [0x009EED5C+453980]
	Ordinal0 [0x009EF6D1+456401]
	Ordinal0 [0x009EF21D+455197]
	Ordinal0 [0x009EEDE4+454116]
	Ordinal0 [0x009EEDA5+454053]
	Ordinal0 [0x009F4ECE+478926]
	Ordinal0 [0x009EED5C+453980]
	Ordinal0 [0x009EF6D1+456401]
	Ordinal0 [0x009EF21D+455197]
	Ordinal0 [0x009EEDE4+454116]
	Ordinal0 [0x009EEDA5+454053]
	Ordinal0 [0x009F365B+472667]
	Ordinal0 [0x009EED5C+453980]
	Ordinal0 [0x009EF6D1+456401]
	Ordinal0 [0x009EF21D+455197]
	Ordinal0 [0x009EEDE4+454116]
	Ordinal0 [0x009EEDA5+454053]
	Ordinal0 [0x009F2C67+470119]
	Ordinal0 [0x009EED5C+453980]
	Ordinal0 [0x009EF6D1+456401]
	Ordinal0 [0x009EF21D+455197]
	Ordinal0 [0x009EEDE4+454116]
	Ordinal0 [0x009EEDA5+454053]
	Ordinal0 [0x009EBA0C+440844]
	Ordinal0 [0x009EED5C+453980]
	Ordinal0 [0x009EEC44+453700]
	Ordinal0 [0x009F8330+492336]
	Ordinal0 [0x009AA108+172296]
	Ordinal0 [0x009A942D+169005]
	Ordinal0 [0x009A78EB+162027]
	Ordinal0 [0x00990AC7+68295]
	Ordinal0 [0x00991B40+72512]
	Ordinal0 [0x00991AD9+72409]
	Ordinal0 [0x00A88F37+1085239]
	GetHandleVerifier [0x00B8D7ED+503293]
	GetHandleVerifier [0x00B8D580+502672]
	GetHandleVerifier [0x00B946AC+531644]
	GetHandleVerifier [0x00B8DFFA+505354]
	Ordinal0 [0x00A80606+1050118]
	Ordinal0 [0x00A8047F+1049727]
	Ordinal0 [0x00A8AF9B+1093531]
	Ordinal0 [0x00A8B103+1093891]
	Ordinal0 [0x00A8A095+1089685]
	BaseThreadInitThunk [0x76206359+25]
	RtlGetAppContainerNamedObjectPath [0x76F77B74+228]
	RtlGetAppContainerNamedObjectPath [0x76F77B44+180]

	at org.openqa.selenium.remote.W3CHandshakeResponse.lambda$errorHandler$0(W3CHandshakeResponse.java:62)
	at org.openqa.selenium.remote.HandshakeResponse.lambda$getResponseFunction$0(HandshakeResponse.java:30)
	at org.openqa.selenium.remote.ProtocolHandshake.lambda$createSession$0(ProtocolHandshake.java:126)
	at java.util.stream.ReferencePipeline$3$1.accept(ReferencePipeline.java:193)
	at java.util.Spliterators$ArraySpliterator.tryAdvance(Spliterators.java:958)
	at java.util.stream.ReferencePipeline.forEachWithCancel(ReferencePipeline.java:126)
	at java.util.stream.AbstractPipeline.copyIntoWithCancel(AbstractPipeline.java:498)
	at java.util.stream.AbstractPipeline.copyInto(AbstractPipeline.java:485)
	at java.util.stream.AbstractPipeline.wrapAndCopyInto(AbstractPipeline.java:471)
	at java.util.stream.FindOps$FindOp.evaluateSequential(FindOps.java:152)
	at java.util.stream.AbstractPipeline.evaluate(AbstractPipeline.java:234)
	at java.util.stream.ReferencePipeline.findFirst(ReferencePipeline.java:464)
	at org.openqa.selenium.remote.ProtocolHandshake.createSession(ProtocolHandshake.java:128)
	at org.openqa.selenium.remote.ProtocolHandshake.createSession(ProtocolHandshake.java:74)
	at org.openqa.selenium.remote.HttpCommandExecutor.execute(HttpCommandExecutor.java:136)
	at org.openqa.selenium.remote.service.DriverCommandExecutor.execute(DriverCommandExecutor.java:83)
	at org.openqa.selenium.remote.RemoteWebDriver.execute(RemoteWebDriver.java:552)
	at org.openqa.selenium.remote.RemoteWebDriver.startSession(RemoteWebDriver.java:213)
	at org.openqa.selenium.remote.RemoteWebDriver.&lt;init&gt;(RemoteWebDriver.java:131)
	at org.openqa.selenium.chrome.ChromeDriver.&lt;init&gt;(ChromeDriver.java:181)
	at org.openqa.selenium.chrome.ChromeDriver.&lt;init&gt;(ChromeDriver.java:168)
	at org.openqa.selenium.chrome.ChromeDriver.&lt;init&gt;(ChromeDriver.java:123)
	at com.qaTest.gmailapp.TestBase.initalization(TestBase.java:47)
	at com.qaTest.Logintestcases.GmailTestCase.setUp(GmailTestCase.java:32)
... Removed 28 stack frames</div></td></tr></table><p class="totop"><a href="#summary">back to summary</a></p>
<h3 id="m13">com.qaTest.Logintestcases.GmailTestCase#VerifySubject</h3><table class="result"><tr><th>Exception</th></tr><tr><td><div class="stacktrace">org.openqa.selenium.SessionNotCreatedException: session not created
from tab crashed
  (Session info: chrome=78.0.3904.70)
Build info: version: &apos;3.141.59&apos;, revision: &apos;e82be7d358&apos;, time: &apos;2018-11-14T08:17:03&apos;
System info: host: &apos;NIT-LPT-R117&apos;, ip: &apos;192.168.137.1&apos;, os.name: &apos;Windows 10&apos;, os.arch: &apos;amd64&apos;, os.version: &apos;10.0&apos;, java.version: &apos;1.8.0_172&apos;
Driver info: driver.version: ChromeDriver
remote stacktrace: Backtrace:
	Ordinal0 [0x00AEEB13+1501971]
	Ordinal0 [0x00A6F6D1+980689]
	Ordinal0 [0x009F7508+488712]
	Ordinal0 [0x009F031A+459546]
	Ordinal0 [0x009EFEA4+458404]
	Ordinal0 [0x009EFA1D+457245]
	Ordinal0 [0x009EF21D+455197]
	Ordinal0 [0x009EEDE4+454116]
	Ordinal0 [0x009EEDA5+454053]
	Ordinal0 [0x009F6525+484645]
	Ordinal0 [0x009EED5C+453980]
	Ordinal0 [0x009EF6D1+456401]
	Ordinal0 [0x009EF21D+455197]
	Ordinal0 [0x009EEDE4+454116]
	Ordinal0 [0x009EEDA5+454053]
	Ordinal0 [0x009F4ECE+478926]
	Ordinal0 [0x009EED5C+453980]
	Ordinal0 [0x009EF6D1+456401]
	Ordinal0 [0x009EF21D+455197]
	Ordinal0 [0x009EEDE4+454116]
	Ordinal0 [0x009EEDA5+454053]
	Ordinal0 [0x009F365B+472667]
	Ordinal0 [0x009EED5C+453980]
	Ordinal0 [0x009EF6D1+456401]
	Ordinal0 [0x009EF21D+455197]
	Ordinal0 [0x009EEDE4+454116]
	Ordinal0 [0x009EEDA5+454053]
	Ordinal0 [0x009F2C67+470119]
	Ordinal0 [0x009EED5C+453980]
	Ordinal0 [0x009EF6D1+456401]
	Ordinal0 [0x009EF21D+455197]
	Ordinal0 [0x009EEDE4+454116]
	Ordinal0 [0x009EEDA5+454053]
	Ordinal0 [0x009EBA0C+440844]
	Ordinal0 [0x009EED5C+453980]
	Ordinal0 [0x009EEC44+453700]
	Ordinal0 [0x009F8330+492336]
	Ordinal0 [0x009AA108+172296]
	Ordinal0 [0x009A942D+169005]
	Ordinal0 [0x009A78EB+162027]
	Ordinal0 [0x00990AC7+68295]
	Ordinal0 [0x00991B40+72512]
	Ordinal0 [0x00991AD9+72409]
	Ordinal0 [0x00A88F37+1085239]
	GetHandleVerifier [0x00B8D7ED+503293]
	GetHandleVerifier [0x00B8D580+502672]
	GetHandleVerifier [0x00B946AC+531644]
	GetHandleVerifier [0x00B8DFFA+505354]
	Ordinal0 [0x00A80606+1050118]
	Ordinal0 [0x00A8047F+1049727]
	Ordinal0 [0x00A8AF9B+1093531]
	Ordinal0 [0x00A8B103+1093891]
	Ordinal0 [0x00A8A095+1089685]
	BaseThreadInitThunk [0x76206359+25]
	RtlGetAppContainerNamedObjectPath [0x76F77B74+228]
	RtlGetAppContainerNamedObjectPath [0x76F77B44+180]

	at org.openqa.selenium.remote.W3CHandshakeResponse.lambda$errorHandler$0(W3CHandshakeResponse.java:62)
	at org.openqa.selenium.remote.HandshakeResponse.lambda$getResponseFunction$0(HandshakeResponse.java:30)
	at org.openqa.selenium.remote.ProtocolHandshake.lambda$createSession$0(ProtocolHandshake.java:126)
	at java.util.stream.ReferencePipeline$3$1.accept(ReferencePipeline.java:193)
	at java.util.Spliterators$ArraySpliterator.tryAdvance(Spliterators.java:958)
	at java.util.stream.ReferencePipeline.forEachWithCancel(ReferencePipeline.java:126)
	at java.util.stream.AbstractPipeline.copyIntoWithCancel(AbstractPipeline.java:498)
	at java.util.stream.AbstractPipeline.copyInto(AbstractPipeline.java:485)
	at java.util.stream.AbstractPipeline.wrapAndCopyInto(AbstractPipeline.java:471)
	at java.util.stream.FindOps$FindOp.evaluateSequential(FindOps.java:152)
	at java.util.stream.AbstractPipeline.evaluate(AbstractPipeline.java:234)
	at java.util.stream.ReferencePipeline.findFirst(ReferencePipeline.java:464)
	at org.openqa.selenium.remote.ProtocolHandshake.createSession(ProtocolHandshake.java:128)
	at org.openqa.selenium.remote.ProtocolHandshake.createSession(ProtocolHandshake.java:74)
	at org.openqa.selenium.remote.HttpCommandExecutor.execute(HttpCommandExecutor.java:136)
	at org.openqa.selenium.remote.service.DriverCommandExecutor.execute(DriverCommandExecutor.java:83)
	at org.openqa.selenium.remote.RemoteWebDriver.execute(RemoteWebDriver.java:552)
	at org.openqa.selenium.remote.RemoteWebDriver.startSession(RemoteWebDriver.java:213)
	at org.openqa.selenium.remote.RemoteWebDriver.&lt;init&gt;(RemoteWebDriver.java:131)
	at org.openqa.selenium.chrome.ChromeDriver.&lt;init&gt;(ChromeDriver.java:181)
	at org.openqa.selenium.chrome.ChromeDriver.&lt;init&gt;(ChromeDriver.java:168)
	at org.openqa.selenium.chrome.ChromeDriver.&lt;init&gt;(ChromeDriver.java:123)
	at com.qaTest.gmailapp.TestBase.initalization(TestBase.java:47)
	at com.qaTest.Logintestcases.GmailTestCase.setUp(GmailTestCase.java:32)
... Removed 28 stack frames</div></td></tr></table><p class="totop"><a href="#summary">back to summary</a></p>
<h3 id="m14">com.qaTest.Logintestcases.GmailTestCase#VerifyTypeLabel</h3><table class="result"><tr><th>Exception</th></tr><tr><td><div class="stacktrace">org.openqa.selenium.SessionNotCreatedException: session not created
from tab crashed
  (Session info: chrome=78.0.3904.70)
Build info: version: &apos;3.141.59&apos;, revision: &apos;e82be7d358&apos;, time: &apos;2018-11-14T08:17:03&apos;
System info: host: &apos;NIT-LPT-R117&apos;, ip: &apos;192.168.137.1&apos;, os.name: &apos;Windows 10&apos;, os.arch: &apos;amd64&apos;, os.version: &apos;10.0&apos;, java.version: &apos;1.8.0_172&apos;
Driver info: driver.version: ChromeDriver
remote stacktrace: Backtrace:
	Ordinal0 [0x00AEEB13+1501971]
	Ordinal0 [0x00A6F6D1+980689]
	Ordinal0 [0x009F7508+488712]
	Ordinal0 [0x009F031A+459546]
	Ordinal0 [0x009EFEA4+458404]
	Ordinal0 [0x009EFA1D+457245]
	Ordinal0 [0x009EF21D+455197]
	Ordinal0 [0x009EEDE4+454116]
	Ordinal0 [0x009EEDA5+454053]
	Ordinal0 [0x009F6525+484645]
	Ordinal0 [0x009EED5C+453980]
	Ordinal0 [0x009EF6D1+456401]
	Ordinal0 [0x009EF21D+455197]
	Ordinal0 [0x009EEDE4+454116]
	Ordinal0 [0x009EEDA5+454053]
	Ordinal0 [0x009F4ECE+478926]
	Ordinal0 [0x009EED5C+453980]
	Ordinal0 [0x009EF6D1+456401]
	Ordinal0 [0x009EF21D+455197]
	Ordinal0 [0x009EEDE4+454116]
	Ordinal0 [0x009EEDA5+454053]
	Ordinal0 [0x009F365B+472667]
	Ordinal0 [0x009EED5C+453980]
	Ordinal0 [0x009EF6D1+456401]
	Ordinal0 [0x009EF21D+455197]
	Ordinal0 [0x009EEDE4+454116]
	Ordinal0 [0x009EEDA5+454053]
	Ordinal0 [0x009F2C67+470119]
	Ordinal0 [0x009EED5C+453980]
	Ordinal0 [0x009EF6D1+456401]
	Ordinal0 [0x009EF21D+455197]
	Ordinal0 [0x009EEDE4+454116]
	Ordinal0 [0x009EEDA5+454053]
	Ordinal0 [0x009EBA0C+440844]
	Ordinal0 [0x009EED5C+453980]
	Ordinal0 [0x009EEC44+453700]
	Ordinal0 [0x009F8330+492336]
	Ordinal0 [0x009AA108+172296]
	Ordinal0 [0x009A942D+169005]
	Ordinal0 [0x009A78EB+162027]
	Ordinal0 [0x00990AC7+68295]
	Ordinal0 [0x00991B40+72512]
	Ordinal0 [0x00991AD9+72409]
	Ordinal0 [0x00A88F37+1085239]
	GetHandleVerifier [0x00B8D7ED+503293]
	GetHandleVerifier [0x00B8D580+502672]
	GetHandleVerifier [0x00B946AC+531644]
	GetHandleVerifier [0x00B8DFFA+505354]
	Ordinal0 [0x00A80606+1050118]
	Ordinal0 [0x00A8047F+1049727]
	Ordinal0 [0x00A8AF9B+1093531]
	Ordinal0 [0x00A8B103+1093891]
	Ordinal0 [0x00A8A095+1089685]
	BaseThreadInitThunk [0x76206359+25]
	RtlGetAppContainerNamedObjectPath [0x76F77B74+228]
	RtlGetAppContainerNamedObjectPath [0x76F77B44+180]

	at org.openqa.selenium.remote.W3CHandshakeResponse.lambda$errorHandler$0(W3CHandshakeResponse.java:62)
	at org.openqa.selenium.remote.HandshakeResponse.lambda$getResponseFunction$0(HandshakeResponse.java:30)
	at org.openqa.selenium.remote.ProtocolHandshake.lambda$createSession$0(ProtocolHandshake.java:126)
	at java.util.stream.ReferencePipeline$3$1.accept(ReferencePipeline.java:193)
	at java.util.Spliterators$ArraySpliterator.tryAdvance(Spliterators.java:958)
	at java.util.stream.ReferencePipeline.forEachWithCancel(ReferencePipeline.java:126)
	at java.util.stream.AbstractPipeline.copyIntoWithCancel(AbstractPipeline.java:498)
	at java.util.stream.AbstractPipeline.copyInto(AbstractPipeline.java:485)
	at java.util.stream.AbstractPipeline.wrapAndCopyInto(AbstractPipeline.java:471)
	at java.util.stream.FindOps$FindOp.evaluateSequential(FindOps.java:152)
	at java.util.stream.AbstractPipeline.evaluate(AbstractPipeline.java:234)
	at java.util.stream.ReferencePipeline.findFirst(ReferencePipeline.java:464)
	at org.openqa.selenium.remote.ProtocolHandshake.createSession(ProtocolHandshake.java:128)
	at org.openqa.selenium.remote.ProtocolHandshake.createSession(ProtocolHandshake.java:74)
	at org.openqa.selenium.remote.HttpCommandExecutor.execute(HttpCommandExecutor.java:136)
	at org.openqa.selenium.remote.service.DriverCommandExecutor.execute(DriverCommandExecutor.java:83)
	at org.openqa.selenium.remote.RemoteWebDriver.execute(RemoteWebDriver.java:552)
	at org.openqa.selenium.remote.RemoteWebDriver.startSession(RemoteWebDriver.java:213)
	at org.openqa.selenium.remote.RemoteWebDriver.&lt;init&gt;(RemoteWebDriver.java:131)
	at org.openqa.selenium.chrome.ChromeDriver.&lt;init&gt;(ChromeDriver.java:181)
	at org.openqa.selenium.chrome.ChromeDriver.&lt;init&gt;(ChromeDriver.java:168)
	at org.openqa.selenium.chrome.ChromeDriver.&lt;init&gt;(ChromeDriver.java:123)
	at com.qaTest.gmailapp.TestBase.initalization(TestBase.java:47)
	at com.qaTest.Logintestcases.GmailTestCase.setUp(GmailTestCase.java:32)
... Removed 28 stack frames</div></td></tr></table><p class="totop"><a href="#summary">back to summary</a></p>
<h3 id="m15">com.qaTest.Logintestcases.GmailTestCase#loginPageTitleTest</h3><table class="result"><tr><th>Exception</th></tr><tr><td><div class="stacktrace">org.openqa.selenium.SessionNotCreatedException: session not created
from tab crashed
  (Session info: chrome=78.0.3904.70)
Build info: version: &apos;3.141.59&apos;, revision: &apos;e82be7d358&apos;, time: &apos;2018-11-14T08:17:03&apos;
System info: host: &apos;NIT-LPT-R117&apos;, ip: &apos;192.168.137.1&apos;, os.name: &apos;Windows 10&apos;, os.arch: &apos;amd64&apos;, os.version: &apos;10.0&apos;, java.version: &apos;1.8.0_172&apos;
Driver info: driver.version: ChromeDriver
remote stacktrace: Backtrace:
	Ordinal0 [0x00AEEB13+1501971]
	Ordinal0 [0x00A6F6D1+980689]
	Ordinal0 [0x009F7508+488712]
	Ordinal0 [0x009F031A+459546]
	Ordinal0 [0x009EFEA4+458404]
	Ordinal0 [0x009EFA1D+457245]
	Ordinal0 [0x009EF21D+455197]
	Ordinal0 [0x009EEDE4+454116]
	Ordinal0 [0x009EEDA5+454053]
	Ordinal0 [0x009F6525+484645]
	Ordinal0 [0x009EED5C+453980]
	Ordinal0 [0x009EF6D1+456401]
	Ordinal0 [0x009EF21D+455197]
	Ordinal0 [0x009EEDE4+454116]
	Ordinal0 [0x009EEDA5+454053]
	Ordinal0 [0x009F4ECE+478926]
	Ordinal0 [0x009EED5C+453980]
	Ordinal0 [0x009EF6D1+456401]
	Ordinal0 [0x009EF21D+455197]
	Ordinal0 [0x009EEDE4+454116]
	Ordinal0 [0x009EEDA5+454053]
	Ordinal0 [0x009F365B+472667]
	Ordinal0 [0x009EED5C+453980]
	Ordinal0 [0x009EF6D1+456401]
	Ordinal0 [0x009EF21D+455197]
	Ordinal0 [0x009EEDE4+454116]
	Ordinal0 [0x009EEDA5+454053]
	Ordinal0 [0x009F2C67+470119]
	Ordinal0 [0x009EED5C+453980]
	Ordinal0 [0x009EF6D1+456401]
	Ordinal0 [0x009EF21D+455197]
	Ordinal0 [0x009EEDE4+454116]
	Ordinal0 [0x009EEDA5+454053]
	Ordinal0 [0x009EBA0C+440844]
	Ordinal0 [0x009EED5C+453980]
	Ordinal0 [0x009EEC44+453700]
	Ordinal0 [0x009F8330+492336]
	Ordinal0 [0x009AA108+172296]
	Ordinal0 [0x009A942D+169005]
	Ordinal0 [0x009A78EB+162027]
	Ordinal0 [0x00990AC7+68295]
	Ordinal0 [0x00991B40+72512]
	Ordinal0 [0x00991AD9+72409]
	Ordinal0 [0x00A88F37+1085239]
	GetHandleVerifier [0x00B8D7ED+503293]
	GetHandleVerifier [0x00B8D580+502672]
	GetHandleVerifier [0x00B946AC+531644]
	GetHandleVerifier [0x00B8DFFA+505354]
	Ordinal0 [0x00A80606+1050118]
	Ordinal0 [0x00A8047F+1049727]
	Ordinal0 [0x00A8AF9B+1093531]
	Ordinal0 [0x00A8B103+1093891]
	Ordinal0 [0x00A8A095+1089685]
	BaseThreadInitThunk [0x76206359+25]
	RtlGetAppContainerNamedObjectPath [0x76F77B74+228]
	RtlGetAppContainerNamedObjectPath [0x76F77B44+180]

	at org.openqa.selenium.remote.W3CHandshakeResponse.lambda$errorHandler$0(W3CHandshakeResponse.java:62)
	at org.openqa.selenium.remote.HandshakeResponse.lambda$getResponseFunction$0(HandshakeResponse.java:30)
	at org.openqa.selenium.remote.ProtocolHandshake.lambda$createSession$0(ProtocolHandshake.java:126)
	at java.util.stream.ReferencePipeline$3$1.accept(ReferencePipeline.java:193)
	at java.util.Spliterators$ArraySpliterator.tryAdvance(Spliterators.java:958)
	at java.util.stream.ReferencePipeline.forEachWithCancel(ReferencePipeline.java:126)
	at java.util.stream.AbstractPipeline.copyIntoWithCancel(AbstractPipeline.java:498)
	at java.util.stream.AbstractPipeline.copyInto(AbstractPipeline.java:485)
	at java.util.stream.AbstractPipeline.wrapAndCopyInto(AbstractPipeline.java:471)
	at java.util.stream.FindOps$FindOp.evaluateSequential(FindOps.java:152)
	at java.util.stream.AbstractPipeline.evaluate(AbstractPipeline.java:234)
	at java.util.stream.ReferencePipeline.findFirst(ReferencePipeline.java:464)
	at org.openqa.selenium.remote.ProtocolHandshake.createSession(ProtocolHandshake.java:128)
	at org.openqa.selenium.remote.ProtocolHandshake.createSession(ProtocolHandshake.java:74)
	at org.openqa.selenium.remote.HttpCommandExecutor.execute(HttpCommandExecutor.java:136)
	at org.openqa.selenium.remote.service.DriverCommandExecutor.execute(DriverCommandExecutor.java:83)
	at org.openqa.selenium.remote.RemoteWebDriver.execute(RemoteWebDriver.java:552)
	at org.openqa.selenium.remote.RemoteWebDriver.startSession(RemoteWebDriver.java:213)
	at org.openqa.selenium.remote.RemoteWebDriver.&lt;init&gt;(RemoteWebDriver.java:131)
	at org.openqa.selenium.chrome.ChromeDriver.&lt;init&gt;(ChromeDriver.java:181)
	at org.openqa.selenium.chrome.ChromeDriver.&lt;init&gt;(ChromeDriver.java:168)
	at org.openqa.selenium.chrome.ChromeDriver.&lt;init&gt;(ChromeDriver.java:123)
	at com.qaTest.gmailapp.TestBase.initalization(TestBase.java:47)
	at com.qaTest.Logintestcases.GmailTestCase.setUp(GmailTestCase.java:32)
... Removed 28 stack frames</div></td></tr></table><p class="totop"><a href="#summary">back to summary</a></p>
<h3 id="m16">com.qaTest.Logintestcases.GmailTestCase#openEmailClick</h3><table class="result"><tr><th>Exception</th></tr><tr><td><div class="stacktrace">org.openqa.selenium.SessionNotCreatedException: session not created
from tab crashed
  (Session info: chrome=78.0.3904.70)
Build info: version: &apos;3.141.59&apos;, revision: &apos;e82be7d358&apos;, time: &apos;2018-11-14T08:17:03&apos;
System info: host: &apos;NIT-LPT-R117&apos;, ip: &apos;192.168.137.1&apos;, os.name: &apos;Windows 10&apos;, os.arch: &apos;amd64&apos;, os.version: &apos;10.0&apos;, java.version: &apos;1.8.0_172&apos;
Driver info: driver.version: ChromeDriver
remote stacktrace: Backtrace:
	Ordinal0 [0x00AEEB13+1501971]
	Ordinal0 [0x00A6F6D1+980689]
	Ordinal0 [0x009F7508+488712]
	Ordinal0 [0x009F031A+459546]
	Ordinal0 [0x009EFEA4+458404]
	Ordinal0 [0x009EFA1D+457245]
	Ordinal0 [0x009EF21D+455197]
	Ordinal0 [0x009EEDE4+454116]
	Ordinal0 [0x009EEDA5+454053]
	Ordinal0 [0x009F6525+484645]
	Ordinal0 [0x009EED5C+453980]
	Ordinal0 [0x009EF6D1+456401]
	Ordinal0 [0x009EF21D+455197]
	Ordinal0 [0x009EEDE4+454116]
	Ordinal0 [0x009EEDA5+454053]
	Ordinal0 [0x009F4ECE+478926]
	Ordinal0 [0x009EED5C+453980]
	Ordinal0 [0x009EF6D1+456401]
	Ordinal0 [0x009EF21D+455197]
	Ordinal0 [0x009EEDE4+454116]
	Ordinal0 [0x009EEDA5+454053]
	Ordinal0 [0x009F365B+472667]
	Ordinal0 [0x009EED5C+453980]
	Ordinal0 [0x009EF6D1+456401]
	Ordinal0 [0x009EF21D+455197]
	Ordinal0 [0x009EEDE4+454116]
	Ordinal0 [0x009EEDA5+454053]
	Ordinal0 [0x009F2C67+470119]
	Ordinal0 [0x009EED5C+453980]
	Ordinal0 [0x009EF6D1+456401]
	Ordinal0 [0x009EF21D+455197]
	Ordinal0 [0x009EEDE4+454116]
	Ordinal0 [0x009EEDA5+454053]
	Ordinal0 [0x009EBA0C+440844]
	Ordinal0 [0x009EED5C+453980]
	Ordinal0 [0x009EEC44+453700]
	Ordinal0 [0x009F8330+492336]
	Ordinal0 [0x009AA108+172296]
	Ordinal0 [0x009A942D+169005]
	Ordinal0 [0x009A78EB+162027]
	Ordinal0 [0x00990AC7+68295]
	Ordinal0 [0x00991B40+72512]
	Ordinal0 [0x00991AD9+72409]
	Ordinal0 [0x00A88F37+1085239]
	GetHandleVerifier [0x00B8D7ED+503293]
	GetHandleVerifier [0x00B8D580+502672]
	GetHandleVerifier [0x00B946AC+531644]
	GetHandleVerifier [0x00B8DFFA+505354]
	Ordinal0 [0x00A80606+1050118]
	Ordinal0 [0x00A8047F+1049727]
	Ordinal0 [0x00A8AF9B+1093531]
	Ordinal0 [0x00A8B103+1093891]
	Ordinal0 [0x00A8A095+1089685]
	BaseThreadInitThunk [0x76206359+25]
	RtlGetAppContainerNamedObjectPath [0x76F77B74+228]
	RtlGetAppContainerNamedObjectPath [0x76F77B44+180]

	at org.openqa.selenium.remote.W3CHandshakeResponse.lambda$errorHandler$0(W3CHandshakeResponse.java:62)
	at org.openqa.selenium.remote.HandshakeResponse.lambda$getResponseFunction$0(HandshakeResponse.java:30)
	at org.openqa.selenium.remote.ProtocolHandshake.lambda$createSession$0(ProtocolHandshake.java:126)
	at java.util.stream.ReferencePipeline$3$1.accept(ReferencePipeline.java:193)
	at java.util.Spliterators$ArraySpliterator.tryAdvance(Spliterators.java:958)
	at java.util.stream.ReferencePipeline.forEachWithCancel(ReferencePipeline.java:126)
	at java.util.stream.AbstractPipeline.copyIntoWithCancel(AbstractPipeline.java:498)
	at java.util.stream.AbstractPipeline.copyInto(AbstractPipeline.java:485)
	at java.util.stream.AbstractPipeline.wrapAndCopyInto(AbstractPipeline.java:471)
	at java.util.stream.FindOps$FindOp.evaluateSequential(FindOps.java:152)
	at java.util.stream.AbstractPipeline.evaluate(AbstractPipeline.java:234)
	at java.util.stream.ReferencePipeline.findFirst(ReferencePipeline.java:464)
	at org.openqa.selenium.remote.ProtocolHandshake.createSession(ProtocolHandshake.java:128)
	at org.openqa.selenium.remote.ProtocolHandshake.createSession(ProtocolHandshake.java:74)
	at org.openqa.selenium.remote.HttpCommandExecutor.execute(HttpCommandExecutor.java:136)
	at org.openqa.selenium.remote.service.DriverCommandExecutor.execute(DriverCommandExecutor.java:83)
	at org.openqa.selenium.remote.RemoteWebDriver.execute(RemoteWebDriver.java:552)
	at org.openqa.selenium.remote.RemoteWebDriver.startSession(RemoteWebDriver.java:213)
	at org.openqa.selenium.remote.RemoteWebDriver.&lt;init&gt;(RemoteWebDriver.java:131)
	at org.openqa.selenium.chrome.ChromeDriver.&lt;init&gt;(ChromeDriver.java:181)
	at org.openqa.selenium.chrome.ChromeDriver.&lt;init&gt;(ChromeDriver.java:168)
	at org.openqa.selenium.chrome.ChromeDriver.&lt;init&gt;(ChromeDriver.java:123)
	at com.qaTest.gmailapp.TestBase.initalization(TestBase.java:47)
	at com.qaTest.Logintestcases.GmailTestCase.setUp(GmailTestCase.java:32)
... Removed 28 stack frames</div></td></tr></table><p class="totop"><a href="#summary">back to summary</a></p>
<h3 id="m17">com.qaTest.Logintestcases.GmailTestCase#verifySocialMailBox</h3><table class="result"><tr><th>Exception</th></tr><tr><td><div class="stacktrace">org.openqa.selenium.SessionNotCreatedException: session not created
from tab crashed
  (Session info: chrome=78.0.3904.70)
Build info: version: &apos;3.141.59&apos;, revision: &apos;e82be7d358&apos;, time: &apos;2018-11-14T08:17:03&apos;
System info: host: &apos;NIT-LPT-R117&apos;, ip: &apos;192.168.137.1&apos;, os.name: &apos;Windows 10&apos;, os.arch: &apos;amd64&apos;, os.version: &apos;10.0&apos;, java.version: &apos;1.8.0_172&apos;
Driver info: driver.version: ChromeDriver
remote stacktrace: Backtrace:
	Ordinal0 [0x00AEEB13+1501971]
	Ordinal0 [0x00A6F6D1+980689]
	Ordinal0 [0x009F7508+488712]
	Ordinal0 [0x009F031A+459546]
	Ordinal0 [0x009EFEA4+458404]
	Ordinal0 [0x009EFA1D+457245]
	Ordinal0 [0x009EF21D+455197]
	Ordinal0 [0x009EEDE4+454116]
	Ordinal0 [0x009EEDA5+454053]
	Ordinal0 [0x009F6525+484645]
	Ordinal0 [0x009EED5C+453980]
	Ordinal0 [0x009EF6D1+456401]
	Ordinal0 [0x009EF21D+455197]
	Ordinal0 [0x009EEDE4+454116]
	Ordinal0 [0x009EEDA5+454053]
	Ordinal0 [0x009F4ECE+478926]
	Ordinal0 [0x009EED5C+453980]
	Ordinal0 [0x009EF6D1+456401]
	Ordinal0 [0x009EF21D+455197]
	Ordinal0 [0x009EEDE4+454116]
	Ordinal0 [0x009EEDA5+454053]
	Ordinal0 [0x009F365B+472667]
	Ordinal0 [0x009EED5C+453980]
	Ordinal0 [0x009EF6D1+456401]
	Ordinal0 [0x009EF21D+455197]
	Ordinal0 [0x009EEDE4+454116]
	Ordinal0 [0x009EEDA5+454053]
	Ordinal0 [0x009F2C67+470119]
	Ordinal0 [0x009EED5C+453980]
	Ordinal0 [0x009EF6D1+456401]
	Ordinal0 [0x009EF21D+455197]
	Ordinal0 [0x009EEDE4+454116]
	Ordinal0 [0x009EEDA5+454053]
	Ordinal0 [0x009EBA0C+440844]
	Ordinal0 [0x009EED5C+453980]
	Ordinal0 [0x009EEC44+453700]
	Ordinal0 [0x009F8330+492336]
	Ordinal0 [0x009AA108+172296]
	Ordinal0 [0x009A942D+169005]
	Ordinal0 [0x009A78EB+162027]
	Ordinal0 [0x00990AC7+68295]
	Ordinal0 [0x00991B40+72512]
	Ordinal0 [0x00991AD9+72409]
	Ordinal0 [0x00A88F37+1085239]
	GetHandleVerifier [0x00B8D7ED+503293]
	GetHandleVerifier [0x00B8D580+502672]
	GetHandleVerifier [0x00B946AC+531644]
	GetHandleVerifier [0x00B8DFFA+505354]
	Ordinal0 [0x00A80606+1050118]
	Ordinal0 [0x00A8047F+1049727]
	Ordinal0 [0x00A8AF9B+1093531]
	Ordinal0 [0x00A8B103+1093891]
	Ordinal0 [0x00A8A095+1089685]
	BaseThreadInitThunk [0x76206359+25]
	RtlGetAppContainerNamedObjectPath [0x76F77B74+228]
	RtlGetAppContainerNamedObjectPath [0x76F77B44+180]

	at org.openqa.selenium.remote.W3CHandshakeResponse.lambda$errorHandler$0(W3CHandshakeResponse.java:62)
	at org.openqa.selenium.remote.HandshakeResponse.lambda$getResponseFunction$0(HandshakeResponse.java:30)
	at org.openqa.selenium.remote.ProtocolHandshake.lambda$createSession$0(ProtocolHandshake.java:126)
	at java.util.stream.ReferencePipeline$3$1.accept(ReferencePipeline.java:193)
	at java.util.Spliterators$ArraySpliterator.tryAdvance(Spliterators.java:958)
	at java.util.stream.ReferencePipeline.forEachWithCancel(ReferencePipeline.java:126)
	at java.util.stream.AbstractPipeline.copyIntoWithCancel(AbstractPipeline.java:498)
	at java.util.stream.AbstractPipeline.copyInto(AbstractPipeline.java:485)
	at java.util.stream.AbstractPipeline.wrapAndCopyInto(AbstractPipeline.java:471)
	at java.util.stream.FindOps$FindOp.evaluateSequential(FindOps.java:152)
	at java.util.stream.AbstractPipeline.evaluate(AbstractPipeline.java:234)
	at java.util.stream.ReferencePipeline.findFirst(ReferencePipeline.java:464)
	at org.openqa.selenium.remote.ProtocolHandshake.createSession(ProtocolHandshake.java:128)
	at org.openqa.selenium.remote.ProtocolHandshake.createSession(ProtocolHandshake.java:74)
	at org.openqa.selenium.remote.HttpCommandExecutor.execute(HttpCommandExecutor.java:136)
	at org.openqa.selenium.remote.service.DriverCommandExecutor.execute(DriverCommandExecutor.java:83)
	at org.openqa.selenium.remote.RemoteWebDriver.execute(RemoteWebDriver.java:552)
	at org.openqa.selenium.remote.RemoteWebDriver.startSession(RemoteWebDriver.java:213)
	at org.openqa.selenium.remote.RemoteWebDriver.&lt;init&gt;(RemoteWebDriver.java:131)
	at org.openqa.selenium.chrome.ChromeDriver.&lt;init&gt;(ChromeDriver.java:181)
	at org.openqa.selenium.chrome.ChromeDriver.&lt;init&gt;(ChromeDriver.java:168)
	at org.openqa.selenium.chrome.ChromeDriver.&lt;init&gt;(ChromeDriver.java:123)
	at com.qaTest.gmailapp.TestBase.initalization(TestBase.java:47)
	at com.qaTest.Logintestcases.GmailTestCase.setUp(GmailTestCase.java:32)
... Removed 28 stack frames</div></td></tr></table><p class="totop"><a href="#summary">back to summary</a></p>
</body>
</html>
