<!DOCTYPE html>

<html>
  <head>
  <meta charset='utf-8'>
  <title>TestNG reports</title>

    <link type="text/css" href="testng-reports.css" rel="stylesheet" />
    <script type="text/javascript" src="jquery-1.7.1.min.js"></script>
    <script type="text/javascript" src="testng-reports.js"></script>
    <script type="text/javascript" src="https://www.google.com/jsapi"></script>
    <script type='text/javascript'>
      google.load('visualization', '1', {packages:['table']});
      google.setOnLoadCallback(drawTable);
      var suiteTableInitFunctions = new Array();
      var suiteTableData = new Array();
    </script>
    <!--
      <script type="text/javascript" src="jquery-ui/js/jquery-ui-1.8.16.custom.min.js"></script>
     -->
  </head>

  <body>
    <div class="top-banner-root">
      <span class="top-banner-title-font">Test results</span>
      <br/>
      <span class="top-banner-font-1">1 suite</span>
    </div> <!-- top-banner-root -->
    <div class="navigator-root">
      <div class="navigator-suite-header">
        <span>All suites</span>
        <a href="#" class="collapse-all-link" title="Collapse/expand all the suites">
          <img class="collapse-all-icon" src="collapseall.gif">
          </img> <!-- collapse-all-icon -->
        </a> <!-- collapse-all-link -->
      </div> <!-- navigator-suite-header -->
      <div class="suite">
        <div class="rounded-window">
          <div class="suite-header light-rounded-window-top">
            <a href="#" class="navigator-link" panel-name="suite-Suite">
              <span class="suite-name border-skipped">Suite</span>
            </a> <!-- navigator-link -->
          </div> <!-- suite-header light-rounded-window-top -->
          <div class="navigator-suite-content">
            <div class="suite-section-title">
              <span>Info</span>
            </div> <!-- suite-section-title -->
            <div class="suite-section-content">
              <ul>
                <li>
                  <a href="#" class="navigator-link " panel-name="test-xml-Suite">
                    <span>D:\Workspace2\GmailApplication\testng.xml</span>
                  </a> <!-- navigator-link  -->
                </li>
                <li>
                  <a href="#" class="navigator-link " panel-name="testlist-Suite">
                    <span class="test-stats">1 test</span>
                  </a> <!-- navigator-link  -->
                </li>
                <li>
                  <a href="#" class="navigator-link " panel-name="group-Suite">
                    <span>0 groups</span>
                  </a> <!-- navigator-link  -->
                </li>
                <li>
                  <a href="#" class="navigator-link " panel-name="times-Suite">
                    <span>Times</span>
                  </a> <!-- navigator-link  -->
                </li>
                <li>
                  <a href="#" class="navigator-link " panel-name="reporter-Suite">
                    <span>Reporter output</span>
                  </a> <!-- navigator-link  -->
                </li>
                <li>
                  <a href="#" class="navigator-link " panel-name="ignored-methods-Suite">
                    <span>Ignored methods</span>
                  </a> <!-- navigator-link  -->
                </li>
                <li>
                  <a href="#" class="navigator-link " panel-name="chronological-Suite">
                    <span>Chronological view</span>
                  </a> <!-- navigator-link  -->
                </li>
              </ul>
            </div> <!-- suite-section-content -->
            <div class="result-section">
              <div class="suite-section-title">
                <span>Results</span>
              </div> <!-- suite-section-title -->
              <div class="suite-section-content">
                <ul>
                  <li>
                    <span class="method-stats">16 methods,  16 skipped,  </span>
                  </li>
                  <li>
                    <span class="method-list-title skipped">Skipped methods</span>
                    <span class="show-or-hide-methods skipped">
                      <a href="#" panel-name="suite-Suite" class="hide-methods skipped suite-Suite"> (hide)</a> <!-- hide-methods skipped suite-Suite -->
                      <a href="#" panel-name="suite-Suite" class="show-methods skipped suite-Suite"> (show)</a> <!-- show-methods skipped suite-Suite -->
                    </span>
                    <div class="method-list-content skipped suite-Suite">
                      <span>
                        <img width="3%" src="skipped.png"/>
                        <a href="#" class="method navigator-link" panel-name="suite-Suite" title="com.qaTest.Logintestcases.GmailTestCase" hash-for-method="ClickOnCompose">ClickOnCompose</a> <!-- method navigator-link -->
                      </span>
                      <br/>
                      <span>
                        <img width="3%" src="skipped.png"/>
                        <a href="#" class="method navigator-link" panel-name="suite-Suite" title="com.qaTest.Logintestcases.GmailTestCase" hash-for-method="MarkEmailStar">MarkEmailStar</a> <!-- method navigator-link -->
                      </span>
                      <br/>
                      <span>
                        <img width="3%" src="skipped.png"/>
                        <a href="#" class="method navigator-link" panel-name="suite-Suite" title="com.qaTest.Logintestcases.GmailTestCase" hash-for-method="VerifyClickSendBtn">VerifyClickSendBtn</a> <!-- method navigator-link -->
                      </span>
                      <br/>
                      <span>
                        <img width="3%" src="skipped.png"/>
                        <a href="#" class="method navigator-link" panel-name="suite-Suite" title="com.qaTest.Logintestcases.GmailTestCase" hash-for-method="VerifyDiscp">VerifyDiscp</a> <!-- method navigator-link -->
                      </span>
                      <br/>
                      <span>
                        <img width="3%" src="skipped.png"/>
                        <a href="#" class="method navigator-link" panel-name="suite-Suite" title="com.qaTest.Logintestcases.GmailTestCase" hash-for-method="VerifyEmail">VerifyEmail</a> <!-- method navigator-link -->
                      </span>
                      <br/>
                      <span>
                        <img width="3%" src="skipped.png"/>
                        <a href="#" class="method navigator-link" panel-name="suite-Suite" title="com.qaTest.Logintestcases.GmailTestCase" hash-for-method="VerifyEmailcontents">VerifyEmailcontents</a> <!-- method navigator-link -->
                      </span>
                      <br/>
                      <span>
                        <img width="3%" src="skipped.png"/>
                        <a href="#" class="method navigator-link" panel-name="suite-Suite" title="com.qaTest.Logintestcases.GmailTestCase" hash-for-method="VerifyLabel">VerifyLabel</a> <!-- method navigator-link -->
                      </span>
                      <br/>
                      <span>
                        <img width="3%" src="skipped.png"/>
                        <a href="#" class="method navigator-link" panel-name="suite-Suite" title="com.qaTest.Logintestcases.GmailTestCase" hash-for-method="VerifyNext">VerifyNext</a> <!-- method navigator-link -->
                      </span>
                      <br/>
                      <span>
                        <img width="3%" src="skipped.png"/>
                        <a href="#" class="method navigator-link" panel-name="suite-Suite" title="com.qaTest.Logintestcases.GmailTestCase" hash-for-method="VerifyNext2">VerifyNext2</a> <!-- method navigator-link -->
                      </span>
                      <br/>
                      <span>
                        <img width="3%" src="skipped.png"/>
                        <a href="#" class="method navigator-link" panel-name="suite-Suite" title="com.qaTest.Logintestcases.GmailTestCase" hash-for-method="VerifyPassword">VerifyPassword</a> <!-- method navigator-link -->
                      </span>
                      <br/>
                      <span>
                        <img width="3%" src="skipped.png"/>
                        <a href="#" class="method navigator-link" panel-name="suite-Suite" title="com.qaTest.Logintestcases.GmailTestCase" hash-for-method="VerifyRecipient">VerifyRecipient</a> <!-- method navigator-link -->
                      </span>
                      <br/>
                      <span>
                        <img width="3%" src="skipped.png"/>
                        <a href="#" class="method navigator-link" panel-name="suite-Suite" title="com.qaTest.Logintestcases.GmailTestCase" hash-for-method="VerifySubject">VerifySubject</a> <!-- method navigator-link -->
                      </span>
                      <br/>
                      <span>
                        <img width="3%" src="skipped.png"/>
                        <a href="#" class="method navigator-link" panel-name="suite-Suite" title="com.qaTest.Logintestcases.GmailTestCase" hash-for-method="VerifyTypeLabel">VerifyTypeLabel</a> <!-- method navigator-link -->
                      </span>
                      <br/>
                      <span>
                        <img width="3%" src="skipped.png"/>
                        <a href="#" class="method navigator-link" panel-name="suite-Suite" title="com.qaTest.Logintestcases.GmailTestCase" hash-for-method="loginPageTitleTest">loginPageTitleTest</a> <!-- method navigator-link -->
                      </span>
                      <br/>
                      <span>
                        <img width="3%" src="skipped.png"/>
                        <a href="#" class="method navigator-link" panel-name="suite-Suite" title="com.qaTest.Logintestcases.GmailTestCase" hash-for-method="openEmailClick">openEmailClick</a> <!-- method navigator-link -->
                      </span>
                      <br/>
                      <span>
                        <img width="3%" src="skipped.png"/>
                        <a href="#" class="method navigator-link" panel-name="suite-Suite" title="com.qaTest.Logintestcases.GmailTestCase" hash-for-method="verifySocialMailBox">verifySocialMailBox</a> <!-- method navigator-link -->
                      </span>
                      <br/>
                    </div> <!-- method-list-content skipped suite-Suite -->
                  </li>
                </ul>
              </div> <!-- suite-section-content -->
            </div> <!-- result-section -->
          </div> <!-- navigator-suite-content -->
        </div> <!-- rounded-window -->
      </div> <!-- suite -->
    </div> <!-- navigator-root -->
    <div class="wrapper">
      <div class="main-panel-root">
        <div panel-name="suite-Suite" class="panel Suite">
          <div class="suite-Suite-class-skipped">
            <div class="main-panel-header rounded-window-top">
              <img src="skipped.png"/>
              <span class="class-name">com.qaTest.Logintestcases.GmailTestCase</span>
            </div> <!-- main-panel-header rounded-window-top -->
            <div class="main-panel-content rounded-window-bottom">
              <div class="method">
                <div class="method-content">
                  <a name="ClickOnCompose">
                  </a> <!-- ClickOnCompose -->
                  <span class="method-name">ClickOnCompose</span>
                  <div class="stack-trace">org.openqa.selenium.SessionNotCreatedException: session not created
from tab crashed
  (Session info: chrome=78.0.3904.70)
Build info: version: &apos;3.141.59&apos;, revision: &apos;e82be7d358&apos;, time: &apos;2018-11-14T08:17:03&apos;
System info: host: &apos;NIT-LPT-R117&apos;, ip: &apos;192.168.137.1&apos;, os.name: &apos;Windows 10&apos;, os.arch: &apos;amd64&apos;, os.version: &apos;10.0&apos;, java.version: &apos;1.8.0_172&apos;
Driver info: driver.version: ChromeDriver
remote stacktrace: Backtrace:
	Ordinal0 [0x00AEEB13+1501971]
	Ordinal0 [0x00A6F6D1+980689]
	Ordinal0 [0x009F7508+488712]
	Ordinal0 [0x009F031A+459546]
	Ordinal0 [0x009EFEA4+458404]
	Ordinal0 [0x009EFA1D+457245]
	Ordinal0 [0x009EF21D+455197]
	Ordinal0 [0x009EEDE4+454116]
	Ordinal0 [0x009EEDA5+454053]
	Ordinal0 [0x009F6525+484645]
	Ordinal0 [0x009EED5C+453980]
	Ordinal0 [0x009EF6D1+456401]
	Ordinal0 [0x009EF21D+455197]
	Ordinal0 [0x009EEDE4+454116]
	Ordinal0 [0x009EEDA5+454053]
	Ordinal0 [0x009F4ECE+478926]
	Ordinal0 [0x009EED5C+453980]
	Ordinal0 [0x009EF6D1+456401]
	Ordinal0 [0x009EF21D+455197]
	Ordinal0 [0x009EEDE4+454116]
	Ordinal0 [0x009EEDA5+454053]
	Ordinal0 [0x009F365B+472667]
	Ordinal0 [0x009EED5C+453980]
	Ordinal0 [0x009EF6D1+456401]
	Ordinal0 [0x009EF21D+455197]
	Ordinal0 [0x009EEDE4+454116]
	Ordinal0 [0x009EEDA5+454053]
	Ordinal0 [0x009F2C67+470119]
	Ordinal0 [0x009EED5C+453980]
	Ordinal0 [0x009EF6D1+456401]
	Ordinal0 [0x009EF21D+455197]
	Ordinal0 [0x009EEDE4+454116]
	Ordinal0 [0x009EEDA5+454053]
	Ordinal0 [0x009EBA0C+440844]
	Ordinal0 [0x009EED5C+453980]
	Ordinal0 [0x009EEC44+453700]
	Ordinal0 [0x009F8330+492336]
	Ordinal0 [0x009AA108+172296]
	Ordinal0 [0x009A942D+169005]
	Ordinal0 [0x009A78EB+162027]
	Ordinal0 [0x00990AC7+68295]
	Ordinal0 [0x00991B40+72512]
	Ordinal0 [0x00991AD9+72409]
	Ordinal0 [0x00A88F37+1085239]
	GetHandleVerifier [0x00B8D7ED+503293]
	GetHandleVerifier [0x00B8D580+502672]
	GetHandleVerifier [0x00B946AC+531644]
	GetHandleVerifier [0x00B8DFFA+505354]
	Ordinal0 [0x00A80606+1050118]
	Ordinal0 [0x00A8047F+1049727]
	Ordinal0 [0x00A8AF9B+1093531]
	Ordinal0 [0x00A8B103+1093891]
	Ordinal0 [0x00A8A095+1089685]
	BaseThreadInitThunk [0x76206359+25]
	RtlGetAppContainerNamedObjectPath [0x76F77B74+228]
	RtlGetAppContainerNamedObjectPath [0x76F77B44+180]

	at org.openqa.selenium.remote.W3CHandshakeResponse.lambda$errorHandler$0(W3CHandshakeResponse.java:62)
	at org.openqa.selenium.remote.HandshakeResponse.lambda$getResponseFunction$0(HandshakeResponse.java:30)
	at org.openqa.selenium.remote.ProtocolHandshake.lambda$createSession$0(ProtocolHandshake.java:126)
	at java.util.stream.ReferencePipeline$3$1.accept(ReferencePipeline.java:193)
	at java.util.Spliterators$ArraySpliterator.tryAdvance(Spliterators.java:958)
	at java.util.stream.ReferencePipeline.forEachWithCancel(ReferencePipeline.java:126)
	at java.util.stream.AbstractPipeline.copyIntoWithCancel(AbstractPipeline.java:498)
	at java.util.stream.AbstractPipeline.copyInto(AbstractPipeline.java:485)
	at java.util.stream.AbstractPipeline.wrapAndCopyInto(AbstractPipeline.java:471)
	at java.util.stream.FindOps$FindOp.evaluateSequential(FindOps.java:152)
	at java.util.stream.AbstractPipeline.evaluate(AbstractPipeline.java:234)
	at java.util.stream.ReferencePipeline.findFirst(ReferencePipeline.java:464)
	at org.openqa.selenium.remote.ProtocolHandshake.createSession(ProtocolHandshake.java:128)
	at org.openqa.selenium.remote.ProtocolHandshake.createSession(ProtocolHandshake.java:74)
	at org.openqa.selenium.remote.HttpCommandExecutor.execute(HttpCommandExecutor.java:136)
	at org.openqa.selenium.remote.service.DriverCommandExecutor.execute(DriverCommandExecutor.java:83)
	at org.openqa.selenium.remote.RemoteWebDriver.execute(RemoteWebDriver.java:552)
	at org.openqa.selenium.remote.RemoteWebDriver.startSession(RemoteWebDriver.java:213)
	at org.openqa.selenium.remote.RemoteWebDriver.&lt;init&gt;(RemoteWebDriver.java:131)
	at org.openqa.selenium.chrome.ChromeDriver.&lt;init&gt;(ChromeDriver.java:181)
	at org.openqa.selenium.chrome.ChromeDriver.&lt;init&gt;(ChromeDriver.java:168)
	at org.openqa.selenium.chrome.ChromeDriver.&lt;init&gt;(ChromeDriver.java:123)
	at com.qaTest.gmailapp.TestBase.initalization(TestBase.java:47)
	at com.qaTest.Logintestcases.GmailTestCase.setUp(GmailTestCase.java:32)
... Removed 28 stack frames
</div> <!-- stack-trace -->
                </div> <!-- method-content -->
              </div> <!-- method -->
              <div class="method">
                <div class="method-content">
                  <a name="MarkEmailStar">
                  </a> <!-- MarkEmailStar -->
                  <span class="method-name">MarkEmailStar</span>
                  <div class="stack-trace">org.openqa.selenium.SessionNotCreatedException: session not created
from tab crashed
  (Session info: chrome=78.0.3904.70)
Build info: version: &apos;3.141.59&apos;, revision: &apos;e82be7d358&apos;, time: &apos;2018-11-14T08:17:03&apos;
System info: host: &apos;NIT-LPT-R117&apos;, ip: &apos;192.168.137.1&apos;, os.name: &apos;Windows 10&apos;, os.arch: &apos;amd64&apos;, os.version: &apos;10.0&apos;, java.version: &apos;1.8.0_172&apos;
Driver info: driver.version: ChromeDriver
remote stacktrace: Backtrace:
	Ordinal0 [0x00AEEB13+1501971]
	Ordinal0 [0x00A6F6D1+980689]
	Ordinal0 [0x009F7508+488712]
	Ordinal0 [0x009F031A+459546]
	Ordinal0 [0x009EFEA4+458404]
	Ordinal0 [0x009EFA1D+457245]
	Ordinal0 [0x009EF21D+455197]
	Ordinal0 [0x009EEDE4+454116]
	Ordinal0 [0x009EEDA5+454053]
	Ordinal0 [0x009F6525+484645]
	Ordinal0 [0x009EED5C+453980]
	Ordinal0 [0x009EF6D1+456401]
	Ordinal0 [0x009EF21D+455197]
	Ordinal0 [0x009EEDE4+454116]
	Ordinal0 [0x009EEDA5+454053]
	Ordinal0 [0x009F4ECE+478926]
	Ordinal0 [0x009EED5C+453980]
	Ordinal0 [0x009EF6D1+456401]
	Ordinal0 [0x009EF21D+455197]
	Ordinal0 [0x009EEDE4+454116]
	Ordinal0 [0x009EEDA5+454053]
	Ordinal0 [0x009F365B+472667]
	Ordinal0 [0x009EED5C+453980]
	Ordinal0 [0x009EF6D1+456401]
	Ordinal0 [0x009EF21D+455197]
	Ordinal0 [0x009EEDE4+454116]
	Ordinal0 [0x009EEDA5+454053]
	Ordinal0 [0x009F2C67+470119]
	Ordinal0 [0x009EED5C+453980]
	Ordinal0 [0x009EF6D1+456401]
	Ordinal0 [0x009EF21D+455197]
	Ordinal0 [0x009EEDE4+454116]
	Ordinal0 [0x009EEDA5+454053]
	Ordinal0 [0x009EBA0C+440844]
	Ordinal0 [0x009EED5C+453980]
	Ordinal0 [0x009EEC44+453700]
	Ordinal0 [0x009F8330+492336]
	Ordinal0 [0x009AA108+172296]
	Ordinal0 [0x009A942D+169005]
	Ordinal0 [0x009A78EB+162027]
	Ordinal0 [0x00990AC7+68295]
	Ordinal0 [0x00991B40+72512]
	Ordinal0 [0x00991AD9+72409]
	Ordinal0 [0x00A88F37+1085239]
	GetHandleVerifier [0x00B8D7ED+503293]
	GetHandleVerifier [0x00B8D580+502672]
	GetHandleVerifier [0x00B946AC+531644]
	GetHandleVerifier [0x00B8DFFA+505354]
	Ordinal0 [0x00A80606+1050118]
	Ordinal0 [0x00A8047F+1049727]
	Ordinal0 [0x00A8AF9B+1093531]
	Ordinal0 [0x00A8B103+1093891]
	Ordinal0 [0x00A8A095+1089685]
	BaseThreadInitThunk [0x76206359+25]
	RtlGetAppContainerNamedObjectPath [0x76F77B74+228]
	RtlGetAppContainerNamedObjectPath [0x76F77B44+180]

	at org.openqa.selenium.remote.W3CHandshakeResponse.lambda$errorHandler$0(W3CHandshakeResponse.java:62)
	at org.openqa.selenium.remote.HandshakeResponse.lambda$getResponseFunction$0(HandshakeResponse.java:30)
	at org.openqa.selenium.remote.ProtocolHandshake.lambda$createSession$0(ProtocolHandshake.java:126)
	at java.util.stream.ReferencePipeline$3$1.accept(ReferencePipeline.java:193)
	at java.util.Spliterators$ArraySpliterator.tryAdvance(Spliterators.java:958)
	at java.util.stream.ReferencePipeline.forEachWithCancel(ReferencePipeline.java:126)
	at java.util.stream.AbstractPipeline.copyIntoWithCancel(AbstractPipeline.java:498)
	at java.util.stream.AbstractPipeline.copyInto(AbstractPipeline.java:485)
	at java.util.stream.AbstractPipeline.wrapAndCopyInto(AbstractPipeline.java:471)
	at java.util.stream.FindOps$FindOp.evaluateSequential(FindOps.java:152)
	at java.util.stream.AbstractPipeline.evaluate(AbstractPipeline.java:234)
	at java.util.stream.ReferencePipeline.findFirst(ReferencePipeline.java:464)
	at org.openqa.selenium.remote.ProtocolHandshake.createSession(ProtocolHandshake.java:128)
	at org.openqa.selenium.remote.ProtocolHandshake.createSession(ProtocolHandshake.java:74)
	at org.openqa.selenium.remote.HttpCommandExecutor.execute(HttpCommandExecutor.java:136)
	at org.openqa.selenium.remote.service.DriverCommandExecutor.execute(DriverCommandExecutor.java:83)
	at org.openqa.selenium.remote.RemoteWebDriver.execute(RemoteWebDriver.java:552)
	at org.openqa.selenium.remote.RemoteWebDriver.startSession(RemoteWebDriver.java:213)
	at org.openqa.selenium.remote.RemoteWebDriver.&lt;init&gt;(RemoteWebDriver.java:131)
	at org.openqa.selenium.chrome.ChromeDriver.&lt;init&gt;(ChromeDriver.java:181)
	at org.openqa.selenium.chrome.ChromeDriver.&lt;init&gt;(ChromeDriver.java:168)
	at org.openqa.selenium.chrome.ChromeDriver.&lt;init&gt;(ChromeDriver.java:123)
	at com.qaTest.gmailapp.TestBase.initalization(TestBase.java:47)
	at com.qaTest.Logintestcases.GmailTestCase.setUp(GmailTestCase.java:32)
... Removed 28 stack frames
</div> <!-- stack-trace -->
                </div> <!-- method-content -->
              </div> <!-- method -->
              <div class="method">
                <div class="method-content">
                  <a name="VerifyClickSendBtn">
                  </a> <!-- VerifyClickSendBtn -->
                  <span class="method-name">VerifyClickSendBtn</span>
                  <div class="stack-trace">org.openqa.selenium.SessionNotCreatedException: session not created
from tab crashed
  (Session info: chrome=78.0.3904.70)
Build info: version: &apos;3.141.59&apos;, revision: &apos;e82be7d358&apos;, time: &apos;2018-11-14T08:17:03&apos;
System info: host: &apos;NIT-LPT-R117&apos;, ip: &apos;192.168.137.1&apos;, os.name: &apos;Windows 10&apos;, os.arch: &apos;amd64&apos;, os.version: &apos;10.0&apos;, java.version: &apos;1.8.0_172&apos;
Driver info: driver.version: ChromeDriver
remote stacktrace: Backtrace:
	Ordinal0 [0x00AEEB13+1501971]
	Ordinal0 [0x00A6F6D1+980689]
	Ordinal0 [0x009F7508+488712]
	Ordinal0 [0x009F031A+459546]
	Ordinal0 [0x009EFEA4+458404]
	Ordinal0 [0x009EFA1D+457245]
	Ordinal0 [0x009EF21D+455197]
	Ordinal0 [0x009EEDE4+454116]
	Ordinal0 [0x009EEDA5+454053]
	Ordinal0 [0x009F6525+484645]
	Ordinal0 [0x009EED5C+453980]
	Ordinal0 [0x009EF6D1+456401]
	Ordinal0 [0x009EF21D+455197]
	Ordinal0 [0x009EEDE4+454116]
	Ordinal0 [0x009EEDA5+454053]
	Ordinal0 [0x009F4ECE+478926]
	Ordinal0 [0x009EED5C+453980]
	Ordinal0 [0x009EF6D1+456401]
	Ordinal0 [0x009EF21D+455197]
	Ordinal0 [0x009EEDE4+454116]
	Ordinal0 [0x009EEDA5+454053]
	Ordinal0 [0x009F365B+472667]
	Ordinal0 [0x009EED5C+453980]
	Ordinal0 [0x009EF6D1+456401]
	Ordinal0 [0x009EF21D+455197]
	Ordinal0 [0x009EEDE4+454116]
	Ordinal0 [0x009EEDA5+454053]
	Ordinal0 [0x009F2C67+470119]
	Ordinal0 [0x009EED5C+453980]
	Ordinal0 [0x009EF6D1+456401]
	Ordinal0 [0x009EF21D+455197]
	Ordinal0 [0x009EEDE4+454116]
	Ordinal0 [0x009EEDA5+454053]
	Ordinal0 [0x009EBA0C+440844]
	Ordinal0 [0x009EED5C+453980]
	Ordinal0 [0x009EEC44+453700]
	Ordinal0 [0x009F8330+492336]
	Ordinal0 [0x009AA108+172296]
	Ordinal0 [0x009A942D+169005]
	Ordinal0 [0x009A78EB+162027]
	Ordinal0 [0x00990AC7+68295]
	Ordinal0 [0x00991B40+72512]
	Ordinal0 [0x00991AD9+72409]
	Ordinal0 [0x00A88F37+1085239]
	GetHandleVerifier [0x00B8D7ED+503293]
	GetHandleVerifier [0x00B8D580+502672]
	GetHandleVerifier [0x00B946AC+531644]
	GetHandleVerifier [0x00B8DFFA+505354]
	Ordinal0 [0x00A80606+1050118]
	Ordinal0 [0x00A8047F+1049727]
	Ordinal0 [0x00A8AF9B+1093531]
	Ordinal0 [0x00A8B103+1093891]
	Ordinal0 [0x00A8A095+1089685]
	BaseThreadInitThunk [0x76206359+25]
	RtlGetAppContainerNamedObjectPath [0x76F77B74+228]
	RtlGetAppContainerNamedObjectPath [0x76F77B44+180]

	at org.openqa.selenium.remote.W3CHandshakeResponse.lambda$errorHandler$0(W3CHandshakeResponse.java:62)
	at org.openqa.selenium.remote.HandshakeResponse.lambda$getResponseFunction$0(HandshakeResponse.java:30)
	at org.openqa.selenium.remote.ProtocolHandshake.lambda$createSession$0(ProtocolHandshake.java:126)
	at java.util.stream.ReferencePipeline$3$1.accept(ReferencePipeline.java:193)
	at java.util.Spliterators$ArraySpliterator.tryAdvance(Spliterators.java:958)
	at java.util.stream.ReferencePipeline.forEachWithCancel(ReferencePipeline.java:126)
	at java.util.stream.AbstractPipeline.copyIntoWithCancel(AbstractPipeline.java:498)
	at java.util.stream.AbstractPipeline.copyInto(AbstractPipeline.java:485)
	at java.util.stream.AbstractPipeline.wrapAndCopyInto(AbstractPipeline.java:471)
	at java.util.stream.FindOps$FindOp.evaluateSequential(FindOps.java:152)
	at java.util.stream.AbstractPipeline.evaluate(AbstractPipeline.java:234)
	at java.util.stream.ReferencePipeline.findFirst(ReferencePipeline.java:464)
	at org.openqa.selenium.remote.ProtocolHandshake.createSession(ProtocolHandshake.java:128)
	at org.openqa.selenium.remote.ProtocolHandshake.createSession(ProtocolHandshake.java:74)
	at org.openqa.selenium.remote.HttpCommandExecutor.execute(HttpCommandExecutor.java:136)
	at org.openqa.selenium.remote.service.DriverCommandExecutor.execute(DriverCommandExecutor.java:83)
	at org.openqa.selenium.remote.RemoteWebDriver.execute(RemoteWebDriver.java:552)
	at org.openqa.selenium.remote.RemoteWebDriver.startSession(RemoteWebDriver.java:213)
	at org.openqa.selenium.remote.RemoteWebDriver.&lt;init&gt;(RemoteWebDriver.java:131)
	at org.openqa.selenium.chrome.ChromeDriver.&lt;init&gt;(ChromeDriver.java:181)
	at org.openqa.selenium.chrome.ChromeDriver.&lt;init&gt;(ChromeDriver.java:168)
	at org.openqa.selenium.chrome.ChromeDriver.&lt;init&gt;(ChromeDriver.java:123)
	at com.qaTest.gmailapp.TestBase.initalization(TestBase.java:47)
	at com.qaTest.Logintestcases.GmailTestCase.setUp(GmailTestCase.java:32)
... Removed 28 stack frames
</div> <!-- stack-trace -->
                </div> <!-- method-content -->
              </div> <!-- method -->
              <div class="method">
                <div class="method-content">
                  <a name="VerifyDiscp">
                  </a> <!-- VerifyDiscp -->
                  <span class="method-name">VerifyDiscp</span>
                  <div class="stack-trace">org.openqa.selenium.SessionNotCreatedException: session not created
from tab crashed
  (Session info: chrome=78.0.3904.70)
Build info: version: &apos;3.141.59&apos;, revision: &apos;e82be7d358&apos;, time: &apos;2018-11-14T08:17:03&apos;
System info: host: &apos;NIT-LPT-R117&apos;, ip: &apos;192.168.137.1&apos;, os.name: &apos;Windows 10&apos;, os.arch: &apos;amd64&apos;, os.version: &apos;10.0&apos;, java.version: &apos;1.8.0_172&apos;
Driver info: driver.version: ChromeDriver
remote stacktrace: Backtrace:
	Ordinal0 [0x00AEEB13+1501971]
	Ordinal0 [0x00A6F6D1+980689]
	Ordinal0 [0x009F7508+488712]
	Ordinal0 [0x009F031A+459546]
	Ordinal0 [0x009EFEA4+458404]
	Ordinal0 [0x009EFA1D+457245]
	Ordinal0 [0x009EF21D+455197]
	Ordinal0 [0x009EEDE4+454116]
	Ordinal0 [0x009EEDA5+454053]
	Ordinal0 [0x009F6525+484645]
	Ordinal0 [0x009EED5C+453980]
	Ordinal0 [0x009EF6D1+456401]
	Ordinal0 [0x009EF21D+455197]
	Ordinal0 [0x009EEDE4+454116]
	Ordinal0 [0x009EEDA5+454053]
	Ordinal0 [0x009F4ECE+478926]
	Ordinal0 [0x009EED5C+453980]
	Ordinal0 [0x009EF6D1+456401]
	Ordinal0 [0x009EF21D+455197]
	Ordinal0 [0x009EEDE4+454116]
	Ordinal0 [0x009EEDA5+454053]
	Ordinal0 [0x009F365B+472667]
	Ordinal0 [0x009EED5C+453980]
	Ordinal0 [0x009EF6D1+456401]
	Ordinal0 [0x009EF21D+455197]
	Ordinal0 [0x009EEDE4+454116]
	Ordinal0 [0x009EEDA5+454053]
	Ordinal0 [0x009F2C67+470119]
	Ordinal0 [0x009EED5C+453980]
	Ordinal0 [0x009EF6D1+456401]
	Ordinal0 [0x009EF21D+455197]
	Ordinal0 [0x009EEDE4+454116]
	Ordinal0 [0x009EEDA5+454053]
	Ordinal0 [0x009EBA0C+440844]
	Ordinal0 [0x009EED5C+453980]
	Ordinal0 [0x009EEC44+453700]
	Ordinal0 [0x009F8330+492336]
	Ordinal0 [0x009AA108+172296]
	Ordinal0 [0x009A942D+169005]
	Ordinal0 [0x009A78EB+162027]
	Ordinal0 [0x00990AC7+68295]
	Ordinal0 [0x00991B40+72512]
	Ordinal0 [0x00991AD9+72409]
	Ordinal0 [0x00A88F37+1085239]
	GetHandleVerifier [0x00B8D7ED+503293]
	GetHandleVerifier [0x00B8D580+502672]
	GetHandleVerifier [0x00B946AC+531644]
	GetHandleVerifier [0x00B8DFFA+505354]
	Ordinal0 [0x00A80606+1050118]
	Ordinal0 [0x00A8047F+1049727]
	Ordinal0 [0x00A8AF9B+1093531]
	Ordinal0 [0x00A8B103+1093891]
	Ordinal0 [0x00A8A095+1089685]
	BaseThreadInitThunk [0x76206359+25]
	RtlGetAppContainerNamedObjectPath [0x76F77B74+228]
	RtlGetAppContainerNamedObjectPath [0x76F77B44+180]

	at org.openqa.selenium.remote.W3CHandshakeResponse.lambda$errorHandler$0(W3CHandshakeResponse.java:62)
	at org.openqa.selenium.remote.HandshakeResponse.lambda$getResponseFunction$0(HandshakeResponse.java:30)
	at org.openqa.selenium.remote.ProtocolHandshake.lambda$createSession$0(ProtocolHandshake.java:126)
	at java.util.stream.ReferencePipeline$3$1.accept(ReferencePipeline.java:193)
	at java.util.Spliterators$ArraySpliterator.tryAdvance(Spliterators.java:958)
	at java.util.stream.ReferencePipeline.forEachWithCancel(ReferencePipeline.java:126)
	at java.util.stream.AbstractPipeline.copyIntoWithCancel(AbstractPipeline.java:498)
	at java.util.stream.AbstractPipeline.copyInto(AbstractPipeline.java:485)
	at java.util.stream.AbstractPipeline.wrapAndCopyInto(AbstractPipeline.java:471)
	at java.util.stream.FindOps$FindOp.evaluateSequential(FindOps.java:152)
	at java.util.stream.AbstractPipeline.evaluate(AbstractPipeline.java:234)
	at java.util.stream.ReferencePipeline.findFirst(ReferencePipeline.java:464)
	at org.openqa.selenium.remote.ProtocolHandshake.createSession(ProtocolHandshake.java:128)
	at org.openqa.selenium.remote.ProtocolHandshake.createSession(ProtocolHandshake.java:74)
	at org.openqa.selenium.remote.HttpCommandExecutor.execute(HttpCommandExecutor.java:136)
	at org.openqa.selenium.remote.service.DriverCommandExecutor.execute(DriverCommandExecutor.java:83)
	at org.openqa.selenium.remote.RemoteWebDriver.execute(RemoteWebDriver.java:552)
	at org.openqa.selenium.remote.RemoteWebDriver.startSession(RemoteWebDriver.java:213)
	at org.openqa.selenium.remote.RemoteWebDriver.&lt;init&gt;(RemoteWebDriver.java:131)
	at org.openqa.selenium.chrome.ChromeDriver.&lt;init&gt;(ChromeDriver.java:181)
	at org.openqa.selenium.chrome.ChromeDriver.&lt;init&gt;(ChromeDriver.java:168)
	at org.openqa.selenium.chrome.ChromeDriver.&lt;init&gt;(ChromeDriver.java:123)
	at com.qaTest.gmailapp.TestBase.initalization(TestBase.java:47)
	at com.qaTest.Logintestcases.GmailTestCase.setUp(GmailTestCase.java:32)
... Removed 28 stack frames
</div> <!-- stack-trace -->
                </div> <!-- method-content -->
              </div> <!-- method -->
              <div class="method">
                <div class="method-content">
                  <a name="VerifyEmail">
                  </a> <!-- VerifyEmail -->
                  <span class="method-name">VerifyEmail</span>
                  <div class="stack-trace">org.openqa.selenium.SessionNotCreatedException: session not created
from tab crashed
  (Session info: chrome=78.0.3904.70)
Build info: version: &apos;3.141.59&apos;, revision: &apos;e82be7d358&apos;, time: &apos;2018-11-14T08:17:03&apos;
System info: host: &apos;NIT-LPT-R117&apos;, ip: &apos;192.168.137.1&apos;, os.name: &apos;Windows 10&apos;, os.arch: &apos;amd64&apos;, os.version: &apos;10.0&apos;, java.version: &apos;1.8.0_172&apos;
Driver info: driver.version: ChromeDriver
remote stacktrace: Backtrace:
	Ordinal0 [0x00AEEB13+1501971]
	Ordinal0 [0x00A6F6D1+980689]
	Ordinal0 [0x009F7508+488712]
	Ordinal0 [0x009F031A+459546]
	Ordinal0 [0x009EFEA4+458404]
	Ordinal0 [0x009EFA1D+457245]
	Ordinal0 [0x009EF21D+455197]
	Ordinal0 [0x009EEDE4+454116]
	Ordinal0 [0x009EEDA5+454053]
	Ordinal0 [0x009F6525+484645]
	Ordinal0 [0x009EED5C+453980]
	Ordinal0 [0x009EF6D1+456401]
	Ordinal0 [0x009EF21D+455197]
	Ordinal0 [0x009EEDE4+454116]
	Ordinal0 [0x009EEDA5+454053]
	Ordinal0 [0x009F4ECE+478926]
	Ordinal0 [0x009EED5C+453980]
	Ordinal0 [0x009EF6D1+456401]
	Ordinal0 [0x009EF21D+455197]
	Ordinal0 [0x009EEDE4+454116]
	Ordinal0 [0x009EEDA5+454053]
	Ordinal0 [0x009F365B+472667]
	Ordinal0 [0x009EED5C+453980]
	Ordinal0 [0x009EF6D1+456401]
	Ordinal0 [0x009EF21D+455197]
	Ordinal0 [0x009EEDE4+454116]
	Ordinal0 [0x009EEDA5+454053]
	Ordinal0 [0x009F2C67+470119]
	Ordinal0 [0x009EED5C+453980]
	Ordinal0 [0x009EF6D1+456401]
	Ordinal0 [0x009EF21D+455197]
	Ordinal0 [0x009EEDE4+454116]
	Ordinal0 [0x009EEDA5+454053]
	Ordinal0 [0x009EBA0C+440844]
	Ordinal0 [0x009EED5C+453980]
	Ordinal0 [0x009EEC44+453700]
	Ordinal0 [0x009F8330+492336]
	Ordinal0 [0x009AA108+172296]
	Ordinal0 [0x009A942D+169005]
	Ordinal0 [0x009A78EB+162027]
	Ordinal0 [0x00990AC7+68295]
	Ordinal0 [0x00991B40+72512]
	Ordinal0 [0x00991AD9+72409]
	Ordinal0 [0x00A88F37+1085239]
	GetHandleVerifier [0x00B8D7ED+503293]
	GetHandleVerifier [0x00B8D580+502672]
	GetHandleVerifier [0x00B946AC+531644]
	GetHandleVerifier [0x00B8DFFA+505354]
	Ordinal0 [0x00A80606+1050118]
	Ordinal0 [0x00A8047F+1049727]
	Ordinal0 [0x00A8AF9B+1093531]
	Ordinal0 [0x00A8B103+1093891]
	Ordinal0 [0x00A8A095+1089685]
	BaseThreadInitThunk [0x76206359+25]
	RtlGetAppContainerNamedObjectPath [0x76F77B74+228]
	RtlGetAppContainerNamedObjectPath [0x76F77B44+180]

	at org.openqa.selenium.remote.W3CHandshakeResponse.lambda$errorHandler$0(W3CHandshakeResponse.java:62)
	at org.openqa.selenium.remote.HandshakeResponse.lambda$getResponseFunction$0(HandshakeResponse.java:30)
	at org.openqa.selenium.remote.ProtocolHandshake.lambda$createSession$0(ProtocolHandshake.java:126)
	at java.util.stream.ReferencePipeline$3$1.accept(ReferencePipeline.java:193)
	at java.util.Spliterators$ArraySpliterator.tryAdvance(Spliterators.java:958)
	at java.util.stream.ReferencePipeline.forEachWithCancel(ReferencePipeline.java:126)
	at java.util.stream.AbstractPipeline.copyIntoWithCancel(AbstractPipeline.java:498)
	at java.util.stream.AbstractPipeline.copyInto(AbstractPipeline.java:485)
	at java.util.stream.AbstractPipeline.wrapAndCopyInto(AbstractPipeline.java:471)
	at java.util.stream.FindOps$FindOp.evaluateSequential(FindOps.java:152)
	at java.util.stream.AbstractPipeline.evaluate(AbstractPipeline.java:234)
	at java.util.stream.ReferencePipeline.findFirst(ReferencePipeline.java:464)
	at org.openqa.selenium.remote.ProtocolHandshake.createSession(ProtocolHandshake.java:128)
	at org.openqa.selenium.remote.ProtocolHandshake.createSession(ProtocolHandshake.java:74)
	at org.openqa.selenium.remote.HttpCommandExecutor.execute(HttpCommandExecutor.java:136)
	at org.openqa.selenium.remote.service.DriverCommandExecutor.execute(DriverCommandExecutor.java:83)
	at org.openqa.selenium.remote.RemoteWebDriver.execute(RemoteWebDriver.java:552)
	at org.openqa.selenium.remote.RemoteWebDriver.startSession(RemoteWebDriver.java:213)
	at org.openqa.selenium.remote.RemoteWebDriver.&lt;init&gt;(RemoteWebDriver.java:131)
	at org.openqa.selenium.chrome.ChromeDriver.&lt;init&gt;(ChromeDriver.java:181)
	at org.openqa.selenium.chrome.ChromeDriver.&lt;init&gt;(ChromeDriver.java:168)
	at org.openqa.selenium.chrome.ChromeDriver.&lt;init&gt;(ChromeDriver.java:123)
	at com.qaTest.gmailapp.TestBase.initalization(TestBase.java:47)
	at com.qaTest.Logintestcases.GmailTestCase.setUp(GmailTestCase.java:32)
... Removed 28 stack frames
</div> <!-- stack-trace -->
                </div> <!-- method-content -->
              </div> <!-- method -->
              <div class="method">
                <div class="method-content">
                  <a name="VerifyEmailcontents">
                  </a> <!-- VerifyEmailcontents -->
                  <span class="method-name">VerifyEmailcontents</span>
                  <div class="stack-trace">org.openqa.selenium.SessionNotCreatedException: session not created
from tab crashed
  (Session info: chrome=78.0.3904.70)
Build info: version: &apos;3.141.59&apos;, revision: &apos;e82be7d358&apos;, time: &apos;2018-11-14T08:17:03&apos;
System info: host: &apos;NIT-LPT-R117&apos;, ip: &apos;192.168.137.1&apos;, os.name: &apos;Windows 10&apos;, os.arch: &apos;amd64&apos;, os.version: &apos;10.0&apos;, java.version: &apos;1.8.0_172&apos;
Driver info: driver.version: ChromeDriver
remote stacktrace: Backtrace:
	Ordinal0 [0x00AEEB13+1501971]
	Ordinal0 [0x00A6F6D1+980689]
	Ordinal0 [0x009F7508+488712]
	Ordinal0 [0x009F031A+459546]
	Ordinal0 [0x009EFEA4+458404]
	Ordinal0 [0x009EFA1D+457245]
	Ordinal0 [0x009EF21D+455197]
	Ordinal0 [0x009EEDE4+454116]
	Ordinal0 [0x009EEDA5+454053]
	Ordinal0 [0x009F6525+484645]
	Ordinal0 [0x009EED5C+453980]
	Ordinal0 [0x009EF6D1+456401]
	Ordinal0 [0x009EF21D+455197]
	Ordinal0 [0x009EEDE4+454116]
	Ordinal0 [0x009EEDA5+454053]
	Ordinal0 [0x009F4ECE+478926]
	Ordinal0 [0x009EED5C+453980]
	Ordinal0 [0x009EF6D1+456401]
	Ordinal0 [0x009EF21D+455197]
	Ordinal0 [0x009EEDE4+454116]
	Ordinal0 [0x009EEDA5+454053]
	Ordinal0 [0x009F365B+472667]
	Ordinal0 [0x009EED5C+453980]
	Ordinal0 [0x009EF6D1+456401]
	Ordinal0 [0x009EF21D+455197]
	Ordinal0 [0x009EEDE4+454116]
	Ordinal0 [0x009EEDA5+454053]
	Ordinal0 [0x009F2C67+470119]
	Ordinal0 [0x009EED5C+453980]
	Ordinal0 [0x009EF6D1+456401]
	Ordinal0 [0x009EF21D+455197]
	Ordinal0 [0x009EEDE4+454116]
	Ordinal0 [0x009EEDA5+454053]
	Ordinal0 [0x009EBA0C+440844]
	Ordinal0 [0x009EED5C+453980]
	Ordinal0 [0x009EEC44+453700]
	Ordinal0 [0x009F8330+492336]
	Ordinal0 [0x009AA108+172296]
	Ordinal0 [0x009A942D+169005]
	Ordinal0 [0x009A78EB+162027]
	Ordinal0 [0x00990AC7+68295]
	Ordinal0 [0x00991B40+72512]
	Ordinal0 [0x00991AD9+72409]
	Ordinal0 [0x00A88F37+1085239]
	GetHandleVerifier [0x00B8D7ED+503293]
	GetHandleVerifier [0x00B8D580+502672]
	GetHandleVerifier [0x00B946AC+531644]
	GetHandleVerifier [0x00B8DFFA+505354]
	Ordinal0 [0x00A80606+1050118]
	Ordinal0 [0x00A8047F+1049727]
	Ordinal0 [0x00A8AF9B+1093531]
	Ordinal0 [0x00A8B103+1093891]
	Ordinal0 [0x00A8A095+1089685]
	BaseThreadInitThunk [0x76206359+25]
	RtlGetAppContainerNamedObjectPath [0x76F77B74+228]
	RtlGetAppContainerNamedObjectPath [0x76F77B44+180]

	at org.openqa.selenium.remote.W3CHandshakeResponse.lambda$errorHandler$0(W3CHandshakeResponse.java:62)
	at org.openqa.selenium.remote.HandshakeResponse.lambda$getResponseFunction$0(HandshakeResponse.java:30)
	at org.openqa.selenium.remote.ProtocolHandshake.lambda$createSession$0(ProtocolHandshake.java:126)
	at java.util.stream.ReferencePipeline$3$1.accept(ReferencePipeline.java:193)
	at java.util.Spliterators$ArraySpliterator.tryAdvance(Spliterators.java:958)
	at java.util.stream.ReferencePipeline.forEachWithCancel(ReferencePipeline.java:126)
	at java.util.stream.AbstractPipeline.copyIntoWithCancel(AbstractPipeline.java:498)
	at java.util.stream.AbstractPipeline.copyInto(AbstractPipeline.java:485)
	at java.util.stream.AbstractPipeline.wrapAndCopyInto(AbstractPipeline.java:471)
	at java.util.stream.FindOps$FindOp.evaluateSequential(FindOps.java:152)
	at java.util.stream.AbstractPipeline.evaluate(AbstractPipeline.java:234)
	at java.util.stream.ReferencePipeline.findFirst(ReferencePipeline.java:464)
	at org.openqa.selenium.remote.ProtocolHandshake.createSession(ProtocolHandshake.java:128)
	at org.openqa.selenium.remote.ProtocolHandshake.createSession(ProtocolHandshake.java:74)
	at org.openqa.selenium.remote.HttpCommandExecutor.execute(HttpCommandExecutor.java:136)
	at org.openqa.selenium.remote.service.DriverCommandExecutor.execute(DriverCommandExecutor.java:83)
	at org.openqa.selenium.remote.RemoteWebDriver.execute(RemoteWebDriver.java:552)
	at org.openqa.selenium.remote.RemoteWebDriver.startSession(RemoteWebDriver.java:213)
	at org.openqa.selenium.remote.RemoteWebDriver.&lt;init&gt;(RemoteWebDriver.java:131)
	at org.openqa.selenium.chrome.ChromeDriver.&lt;init&gt;(ChromeDriver.java:181)
	at org.openqa.selenium.chrome.ChromeDriver.&lt;init&gt;(ChromeDriver.java:168)
	at org.openqa.selenium.chrome.ChromeDriver.&lt;init&gt;(ChromeDriver.java:123)
	at com.qaTest.gmailapp.TestBase.initalization(TestBase.java:47)
	at com.qaTest.Logintestcases.GmailTestCase.setUp(GmailTestCase.java:32)
... Removed 28 stack frames
</div> <!-- stack-trace -->
                </div> <!-- method-content -->
              </div> <!-- method -->
              <div class="method">
                <div class="method-content">
                  <a name="VerifyLabel">
                  </a> <!-- VerifyLabel -->
                  <span class="method-name">VerifyLabel</span>
                  <div class="stack-trace">org.openqa.selenium.SessionNotCreatedException: session not created
from tab crashed
  (Session info: chrome=78.0.3904.70)
Build info: version: &apos;3.141.59&apos;, revision: &apos;e82be7d358&apos;, time: &apos;2018-11-14T08:17:03&apos;
System info: host: &apos;NIT-LPT-R117&apos;, ip: &apos;192.168.137.1&apos;, os.name: &apos;Windows 10&apos;, os.arch: &apos;amd64&apos;, os.version: &apos;10.0&apos;, java.version: &apos;1.8.0_172&apos;
Driver info: driver.version: ChromeDriver
remote stacktrace: Backtrace:
	Ordinal0 [0x00AEEB13+1501971]
	Ordinal0 [0x00A6F6D1+980689]
	Ordinal0 [0x009F7508+488712]
	Ordinal0 [0x009F031A+459546]
	Ordinal0 [0x009EFEA4+458404]
	Ordinal0 [0x009EFA1D+457245]
	Ordinal0 [0x009EF21D+455197]
	Ordinal0 [0x009EEDE4+454116]
	Ordinal0 [0x009EEDA5+454053]
	Ordinal0 [0x009F6525+484645]
	Ordinal0 [0x009EED5C+453980]
	Ordinal0 [0x009EF6D1+456401]
	Ordinal0 [0x009EF21D+455197]
	Ordinal0 [0x009EEDE4+454116]
	Ordinal0 [0x009EEDA5+454053]
	Ordinal0 [0x009F4ECE+478926]
	Ordinal0 [0x009EED5C+453980]
	Ordinal0 [0x009EF6D1+456401]
	Ordinal0 [0x009EF21D+455197]
	Ordinal0 [0x009EEDE4+454116]
	Ordinal0 [0x009EEDA5+454053]
	Ordinal0 [0x009F365B+472667]
	Ordinal0 [0x009EED5C+453980]
	Ordinal0 [0x009EF6D1+456401]
	Ordinal0 [0x009EF21D+455197]
	Ordinal0 [0x009EEDE4+454116]
	Ordinal0 [0x009EEDA5+454053]
	Ordinal0 [0x009F2C67+470119]
	Ordinal0 [0x009EED5C+453980]
	Ordinal0 [0x009EF6D1+456401]
	Ordinal0 [0x009EF21D+455197]
	Ordinal0 [0x009EEDE4+454116]
	Ordinal0 [0x009EEDA5+454053]
	Ordinal0 [0x009EBA0C+440844]
	Ordinal0 [0x009EED5C+453980]
	Ordinal0 [0x009EEC44+453700]
	Ordinal0 [0x009F8330+492336]
	Ordinal0 [0x009AA108+172296]
	Ordinal0 [0x009A942D+169005]
	Ordinal0 [0x009A78EB+162027]
	Ordinal0 [0x00990AC7+68295]
	Ordinal0 [0x00991B40+72512]
	Ordinal0 [0x00991AD9+72409]
	Ordinal0 [0x00A88F37+1085239]
	GetHandleVerifier [0x00B8D7ED+503293]
	GetHandleVerifier [0x00B8D580+502672]
	GetHandleVerifier [0x00B946AC+531644]
	GetHandleVerifier [0x00B8DFFA+505354]
	Ordinal0 [0x00A80606+1050118]
	Ordinal0 [0x00A8047F+1049727]
	Ordinal0 [0x00A8AF9B+1093531]
	Ordinal0 [0x00A8B103+1093891]
	Ordinal0 [0x00A8A095+1089685]
	BaseThreadInitThunk [0x76206359+25]
	RtlGetAppContainerNamedObjectPath [0x76F77B74+228]
	RtlGetAppContainerNamedObjectPath [0x76F77B44+180]

	at org.openqa.selenium.remote.W3CHandshakeResponse.lambda$errorHandler$0(W3CHandshakeResponse.java:62)
	at org.openqa.selenium.remote.HandshakeResponse.lambda$getResponseFunction$0(HandshakeResponse.java:30)
	at org.openqa.selenium.remote.ProtocolHandshake.lambda$createSession$0(ProtocolHandshake.java:126)
	at java.util.stream.ReferencePipeline$3$1.accept(ReferencePipeline.java:193)
	at java.util.Spliterators$ArraySpliterator.tryAdvance(Spliterators.java:958)
	at java.util.stream.ReferencePipeline.forEachWithCancel(ReferencePipeline.java:126)
	at java.util.stream.AbstractPipeline.copyIntoWithCancel(AbstractPipeline.java:498)
	at java.util.stream.AbstractPipeline.copyInto(AbstractPipeline.java:485)
	at java.util.stream.AbstractPipeline.wrapAndCopyInto(AbstractPipeline.java:471)
	at java.util.stream.FindOps$FindOp.evaluateSequential(FindOps.java:152)
	at java.util.stream.AbstractPipeline.evaluate(AbstractPipeline.java:234)
	at java.util.stream.ReferencePipeline.findFirst(ReferencePipeline.java:464)
	at org.openqa.selenium.remote.ProtocolHandshake.createSession(ProtocolHandshake.java:128)
	at org.openqa.selenium.remote.ProtocolHandshake.createSession(ProtocolHandshake.java:74)
	at org.openqa.selenium.remote.HttpCommandExecutor.execute(HttpCommandExecutor.java:136)
	at org.openqa.selenium.remote.service.DriverCommandExecutor.execute(DriverCommandExecutor.java:83)
	at org.openqa.selenium.remote.RemoteWebDriver.execute(RemoteWebDriver.java:552)
	at org.openqa.selenium.remote.RemoteWebDriver.startSession(RemoteWebDriver.java:213)
	at org.openqa.selenium.remote.RemoteWebDriver.&lt;init&gt;(RemoteWebDriver.java:131)
	at org.openqa.selenium.chrome.ChromeDriver.&lt;init&gt;(ChromeDriver.java:181)
	at org.openqa.selenium.chrome.ChromeDriver.&lt;init&gt;(ChromeDriver.java:168)
	at org.openqa.selenium.chrome.ChromeDriver.&lt;init&gt;(ChromeDriver.java:123)
	at com.qaTest.gmailapp.TestBase.initalization(TestBase.java:47)
	at com.qaTest.Logintestcases.GmailTestCase.setUp(GmailTestCase.java:32)
... Removed 28 stack frames
</div> <!-- stack-trace -->
                </div> <!-- method-content -->
              </div> <!-- method -->
              <div class="method">
                <div class="method-content">
                  <a name="VerifyNext">
                  </a> <!-- VerifyNext -->
                  <span class="method-name">VerifyNext</span>
                  <div class="stack-trace">org.openqa.selenium.SessionNotCreatedException: session not created
from tab crashed
  (Session info: chrome=78.0.3904.70)
Build info: version: &apos;3.141.59&apos;, revision: &apos;e82be7d358&apos;, time: &apos;2018-11-14T08:17:03&apos;
System info: host: &apos;NIT-LPT-R117&apos;, ip: &apos;192.168.137.1&apos;, os.name: &apos;Windows 10&apos;, os.arch: &apos;amd64&apos;, os.version: &apos;10.0&apos;, java.version: &apos;1.8.0_172&apos;
Driver info: driver.version: ChromeDriver
remote stacktrace: Backtrace:
	Ordinal0 [0x00AEEB13+1501971]
	Ordinal0 [0x00A6F6D1+980689]
	Ordinal0 [0x009F7508+488712]
	Ordinal0 [0x009F031A+459546]
	Ordinal0 [0x009EFEA4+458404]
	Ordinal0 [0x009EFA1D+457245]
	Ordinal0 [0x009EF21D+455197]
	Ordinal0 [0x009EEDE4+454116]
	Ordinal0 [0x009EEDA5+454053]
	Ordinal0 [0x009F6525+484645]
	Ordinal0 [0x009EED5C+453980]
	Ordinal0 [0x009EF6D1+456401]
	Ordinal0 [0x009EF21D+455197]
	Ordinal0 [0x009EEDE4+454116]
	Ordinal0 [0x009EEDA5+454053]
	Ordinal0 [0x009F4ECE+478926]
	Ordinal0 [0x009EED5C+453980]
	Ordinal0 [0x009EF6D1+456401]
	Ordinal0 [0x009EF21D+455197]
	Ordinal0 [0x009EEDE4+454116]
	Ordinal0 [0x009EEDA5+454053]
	Ordinal0 [0x009F365B+472667]
	Ordinal0 [0x009EED5C+453980]
	Ordinal0 [0x009EF6D1+456401]
	Ordinal0 [0x009EF21D+455197]
	Ordinal0 [0x009EEDE4+454116]
	Ordinal0 [0x009EEDA5+454053]
	Ordinal0 [0x009F2C67+470119]
	Ordinal0 [0x009EED5C+453980]
	Ordinal0 [0x009EF6D1+456401]
	Ordinal0 [0x009EF21D+455197]
	Ordinal0 [0x009EEDE4+454116]
	Ordinal0 [0x009EEDA5+454053]
	Ordinal0 [0x009EBA0C+440844]
	Ordinal0 [0x009EED5C+453980]
	Ordinal0 [0x009EEC44+453700]
	Ordinal0 [0x009F8330+492336]
	Ordinal0 [0x009AA108+172296]
	Ordinal0 [0x009A942D+169005]
	Ordinal0 [0x009A78EB+162027]
	Ordinal0 [0x00990AC7+68295]
	Ordinal0 [0x00991B40+72512]
	Ordinal0 [0x00991AD9+72409]
	Ordinal0 [0x00A88F37+1085239]
	GetHandleVerifier [0x00B8D7ED+503293]
	GetHandleVerifier [0x00B8D580+502672]
	GetHandleVerifier [0x00B946AC+531644]
	GetHandleVerifier [0x00B8DFFA+505354]
	Ordinal0 [0x00A80606+1050118]
	Ordinal0 [0x00A8047F+1049727]
	Ordinal0 [0x00A8AF9B+1093531]
	Ordinal0 [0x00A8B103+1093891]
	Ordinal0 [0x00A8A095+1089685]
	BaseThreadInitThunk [0x76206359+25]
	RtlGetAppContainerNamedObjectPath [0x76F77B74+228]
	RtlGetAppContainerNamedObjectPath [0x76F77B44+180]

	at org.openqa.selenium.remote.W3CHandshakeResponse.lambda$errorHandler$0(W3CHandshakeResponse.java:62)
	at org.openqa.selenium.remote.HandshakeResponse.lambda$getResponseFunction$0(HandshakeResponse.java:30)
	at org.openqa.selenium.remote.ProtocolHandshake.lambda$createSession$0(ProtocolHandshake.java:126)
	at java.util.stream.ReferencePipeline$3$1.accept(ReferencePipeline.java:193)
	at java.util.Spliterators$ArraySpliterator.tryAdvance(Spliterators.java:958)
	at java.util.stream.ReferencePipeline.forEachWithCancel(ReferencePipeline.java:126)
	at java.util.stream.AbstractPipeline.copyIntoWithCancel(AbstractPipeline.java:498)
	at java.util.stream.AbstractPipeline.copyInto(AbstractPipeline.java:485)
	at java.util.stream.AbstractPipeline.wrapAndCopyInto(AbstractPipeline.java:471)
	at java.util.stream.FindOps$FindOp.evaluateSequential(FindOps.java:152)
	at java.util.stream.AbstractPipeline.evaluate(AbstractPipeline.java:234)
	at java.util.stream.ReferencePipeline.findFirst(ReferencePipeline.java:464)
	at org.openqa.selenium.remote.ProtocolHandshake.createSession(ProtocolHandshake.java:128)
	at org.openqa.selenium.remote.ProtocolHandshake.createSession(ProtocolHandshake.java:74)
	at org.openqa.selenium.remote.HttpCommandExecutor.execute(HttpCommandExecutor.java:136)
	at org.openqa.selenium.remote.service.DriverCommandExecutor.execute(DriverCommandExecutor.java:83)
	at org.openqa.selenium.remote.RemoteWebDriver.execute(RemoteWebDriver.java:552)
	at org.openqa.selenium.remote.RemoteWebDriver.startSession(RemoteWebDriver.java:213)
	at org.openqa.selenium.remote.RemoteWebDriver.&lt;init&gt;(RemoteWebDriver.java:131)
	at org.openqa.selenium.chrome.ChromeDriver.&lt;init&gt;(ChromeDriver.java:181)
	at org.openqa.selenium.chrome.ChromeDriver.&lt;init&gt;(ChromeDriver.java:168)
	at org.openqa.selenium.chrome.ChromeDriver.&lt;init&gt;(ChromeDriver.java:123)
	at com.qaTest.gmailapp.TestBase.initalization(TestBase.java:47)
	at com.qaTest.Logintestcases.GmailTestCase.setUp(GmailTestCase.java:32)
... Removed 28 stack frames
</div> <!-- stack-trace -->
                </div> <!-- method-content -->
              </div> <!-- method -->
              <div class="method">
                <div class="method-content">
                  <a name="VerifyNext2">
                  </a> <!-- VerifyNext2 -->
                  <span class="method-name">VerifyNext2</span>
                  <div class="stack-trace">org.openqa.selenium.SessionNotCreatedException: session not created
from tab crashed
  (Session info: chrome=78.0.3904.70)
Build info: version: &apos;3.141.59&apos;, revision: &apos;e82be7d358&apos;, time: &apos;2018-11-14T08:17:03&apos;
System info: host: &apos;NIT-LPT-R117&apos;, ip: &apos;192.168.137.1&apos;, os.name: &apos;Windows 10&apos;, os.arch: &apos;amd64&apos;, os.version: &apos;10.0&apos;, java.version: &apos;1.8.0_172&apos;
Driver info: driver.version: ChromeDriver
remote stacktrace: Backtrace:
	Ordinal0 [0x00AEEB13+1501971]
	Ordinal0 [0x00A6F6D1+980689]
	Ordinal0 [0x009F7508+488712]
	Ordinal0 [0x009F031A+459546]
	Ordinal0 [0x009EFEA4+458404]
	Ordinal0 [0x009EFA1D+457245]
	Ordinal0 [0x009EF21D+455197]
	Ordinal0 [0x009EEDE4+454116]
	Ordinal0 [0x009EEDA5+454053]
	Ordinal0 [0x009F6525+484645]
	Ordinal0 [0x009EED5C+453980]
	Ordinal0 [0x009EF6D1+456401]
	Ordinal0 [0x009EF21D+455197]
	Ordinal0 [0x009EEDE4+454116]
	Ordinal0 [0x009EEDA5+454053]
	Ordinal0 [0x009F4ECE+478926]
	Ordinal0 [0x009EED5C+453980]
	Ordinal0 [0x009EF6D1+456401]
	Ordinal0 [0x009EF21D+455197]
	Ordinal0 [0x009EEDE4+454116]
	Ordinal0 [0x009EEDA5+454053]
	Ordinal0 [0x009F365B+472667]
	Ordinal0 [0x009EED5C+453980]
	Ordinal0 [0x009EF6D1+456401]
	Ordinal0 [0x009EF21D+455197]
	Ordinal0 [0x009EEDE4+454116]
	Ordinal0 [0x009EEDA5+454053]
	Ordinal0 [0x009F2C67+470119]
	Ordinal0 [0x009EED5C+453980]
	Ordinal0 [0x009EF6D1+456401]
	Ordinal0 [0x009EF21D+455197]
	Ordinal0 [0x009EEDE4+454116]
	Ordinal0 [0x009EEDA5+454053]
	Ordinal0 [0x009EBA0C+440844]
	Ordinal0 [0x009EED5C+453980]
	Ordinal0 [0x009EEC44+453700]
	Ordinal0 [0x009F8330+492336]
	Ordinal0 [0x009AA108+172296]
	Ordinal0 [0x009A942D+169005]
	Ordinal0 [0x009A78EB+162027]
	Ordinal0 [0x00990AC7+68295]
	Ordinal0 [0x00991B40+72512]
	Ordinal0 [0x00991AD9+72409]
	Ordinal0 [0x00A88F37+1085239]
	GetHandleVerifier [0x00B8D7ED+503293]
	GetHandleVerifier [0x00B8D580+502672]
	GetHandleVerifier [0x00B946AC+531644]
	GetHandleVerifier [0x00B8DFFA+505354]
	Ordinal0 [0x00A80606+1050118]
	Ordinal0 [0x00A8047F+1049727]
	Ordinal0 [0x00A8AF9B+1093531]
	Ordinal0 [0x00A8B103+1093891]
	Ordinal0 [0x00A8A095+1089685]
	BaseThreadInitThunk [0x76206359+25]
	RtlGetAppContainerNamedObjectPath [0x76F77B74+228]
	RtlGetAppContainerNamedObjectPath [0x76F77B44+180]

	at org.openqa.selenium.remote.W3CHandshakeResponse.lambda$errorHandler$0(W3CHandshakeResponse.java:62)
	at org.openqa.selenium.remote.HandshakeResponse.lambda$getResponseFunction$0(HandshakeResponse.java:30)
	at org.openqa.selenium.remote.ProtocolHandshake.lambda$createSession$0(ProtocolHandshake.java:126)
	at java.util.stream.ReferencePipeline$3$1.accept(ReferencePipeline.java:193)
	at java.util.Spliterators$ArraySpliterator.tryAdvance(Spliterators.java:958)
	at java.util.stream.ReferencePipeline.forEachWithCancel(ReferencePipeline.java:126)
	at java.util.stream.AbstractPipeline.copyIntoWithCancel(AbstractPipeline.java:498)
	at java.util.stream.AbstractPipeline.copyInto(AbstractPipeline.java:485)
	at java.util.stream.AbstractPipeline.wrapAndCopyInto(AbstractPipeline.java:471)
	at java.util.stream.FindOps$FindOp.evaluateSequential(FindOps.java:152)
	at java.util.stream.AbstractPipeline.evaluate(AbstractPipeline.java:234)
	at java.util.stream.ReferencePipeline.findFirst(ReferencePipeline.java:464)
	at org.openqa.selenium.remote.ProtocolHandshake.createSession(ProtocolHandshake.java:128)
	at org.openqa.selenium.remote.ProtocolHandshake.createSession(ProtocolHandshake.java:74)
	at org.openqa.selenium.remote.HttpCommandExecutor.execute(HttpCommandExecutor.java:136)
	at org.openqa.selenium.remote.service.DriverCommandExecutor.execute(DriverCommandExecutor.java:83)
	at org.openqa.selenium.remote.RemoteWebDriver.execute(RemoteWebDriver.java:552)
	at org.openqa.selenium.remote.RemoteWebDriver.startSession(RemoteWebDriver.java:213)
	at org.openqa.selenium.remote.RemoteWebDriver.&lt;init&gt;(RemoteWebDriver.java:131)
	at org.openqa.selenium.chrome.ChromeDriver.&lt;init&gt;(ChromeDriver.java:181)
	at org.openqa.selenium.chrome.ChromeDriver.&lt;init&gt;(ChromeDriver.java:168)
	at org.openqa.selenium.chrome.ChromeDriver.&lt;init&gt;(ChromeDriver.java:123)
	at com.qaTest.gmailapp.TestBase.initalization(TestBase.java:47)
	at com.qaTest.Logintestcases.GmailTestCase.setUp(GmailTestCase.java:32)
... Removed 28 stack frames
</div> <!-- stack-trace -->
                </div> <!-- method-content -->
              </div> <!-- method -->
              <div class="method">
                <div class="method-content">
                  <a name="VerifyPassword">
                  </a> <!-- VerifyPassword -->
                  <span class="method-name">VerifyPassword</span>
                  <div class="stack-trace">org.openqa.selenium.SessionNotCreatedException: session not created
from tab crashed
  (Session info: chrome=78.0.3904.70)
Build info: version: &apos;3.141.59&apos;, revision: &apos;e82be7d358&apos;, time: &apos;2018-11-14T08:17:03&apos;
System info: host: &apos;NIT-LPT-R117&apos;, ip: &apos;192.168.137.1&apos;, os.name: &apos;Windows 10&apos;, os.arch: &apos;amd64&apos;, os.version: &apos;10.0&apos;, java.version: &apos;1.8.0_172&apos;
Driver info: driver.version: ChromeDriver
remote stacktrace: Backtrace:
	Ordinal0 [0x00AEEB13+1501971]
	Ordinal0 [0x00A6F6D1+980689]
	Ordinal0 [0x009F7508+488712]
	Ordinal0 [0x009F031A+459546]
	Ordinal0 [0x009EFEA4+458404]
	Ordinal0 [0x009EFA1D+457245]
	Ordinal0 [0x009EF21D+455197]
	Ordinal0 [0x009EEDE4+454116]
	Ordinal0 [0x009EEDA5+454053]
	Ordinal0 [0x009F6525+484645]
	Ordinal0 [0x009EED5C+453980]
	Ordinal0 [0x009EF6D1+456401]
	Ordinal0 [0x009EF21D+455197]
	Ordinal0 [0x009EEDE4+454116]
	Ordinal0 [0x009EEDA5+454053]
	Ordinal0 [0x009F4ECE+478926]
	Ordinal0 [0x009EED5C+453980]
	Ordinal0 [0x009EF6D1+456401]
	Ordinal0 [0x009EF21D+455197]
	Ordinal0 [0x009EEDE4+454116]
	Ordinal0 [0x009EEDA5+454053]
	Ordinal0 [0x009F365B+472667]
	Ordinal0 [0x009EED5C+453980]
	Ordinal0 [0x009EF6D1+456401]
	Ordinal0 [0x009EF21D+455197]
	Ordinal0 [0x009EEDE4+454116]
	Ordinal0 [0x009EEDA5+454053]
	Ordinal0 [0x009F2C67+470119]
	Ordinal0 [0x009EED5C+453980]
	Ordinal0 [0x009EF6D1+456401]
	Ordinal0 [0x009EF21D+455197]
	Ordinal0 [0x009EEDE4+454116]
	Ordinal0 [0x009EEDA5+454053]
	Ordinal0 [0x009EBA0C+440844]
	Ordinal0 [0x009EED5C+453980]
	Ordinal0 [0x009EEC44+453700]
	Ordinal0 [0x009F8330+492336]
	Ordinal0 [0x009AA108+172296]
	Ordinal0 [0x009A942D+169005]
	Ordinal0 [0x009A78EB+162027]
	Ordinal0 [0x00990AC7+68295]
	Ordinal0 [0x00991B40+72512]
	Ordinal0 [0x00991AD9+72409]
	Ordinal0 [0x00A88F37+1085239]
	GetHandleVerifier [0x00B8D7ED+503293]
	GetHandleVerifier [0x00B8D580+502672]
	GetHandleVerifier [0x00B946AC+531644]
	GetHandleVerifier [0x00B8DFFA+505354]
	Ordinal0 [0x00A80606+1050118]
	Ordinal0 [0x00A8047F+1049727]
	Ordinal0 [0x00A8AF9B+1093531]
	Ordinal0 [0x00A8B103+1093891]
	Ordinal0 [0x00A8A095+1089685]
	BaseThreadInitThunk [0x76206359+25]
	RtlGetAppContainerNamedObjectPath [0x76F77B74+228]
	RtlGetAppContainerNamedObjectPath [0x76F77B44+180]

	at org.openqa.selenium.remote.W3CHandshakeResponse.lambda$errorHandler$0(W3CHandshakeResponse.java:62)
	at org.openqa.selenium.remote.HandshakeResponse.lambda$getResponseFunction$0(HandshakeResponse.java:30)
	at org.openqa.selenium.remote.ProtocolHandshake.lambda$createSession$0(ProtocolHandshake.java:126)
	at java.util.stream.ReferencePipeline$3$1.accept(ReferencePipeline.java:193)
	at java.util.Spliterators$ArraySpliterator.tryAdvance(Spliterators.java:958)
	at java.util.stream.ReferencePipeline.forEachWithCancel(ReferencePipeline.java:126)
	at java.util.stream.AbstractPipeline.copyIntoWithCancel(AbstractPipeline.java:498)
	at java.util.stream.AbstractPipeline.copyInto(AbstractPipeline.java:485)
	at java.util.stream.AbstractPipeline.wrapAndCopyInto(AbstractPipeline.java:471)
	at java.util.stream.FindOps$FindOp.evaluateSequential(FindOps.java:152)
	at java.util.stream.AbstractPipeline.evaluate(AbstractPipeline.java:234)
	at java.util.stream.ReferencePipeline.findFirst(ReferencePipeline.java:464)
	at org.openqa.selenium.remote.ProtocolHandshake.createSession(ProtocolHandshake.java:128)
	at org.openqa.selenium.remote.ProtocolHandshake.createSession(ProtocolHandshake.java:74)
	at org.openqa.selenium.remote.HttpCommandExecutor.execute(HttpCommandExecutor.java:136)
	at org.openqa.selenium.remote.service.DriverCommandExecutor.execute(DriverCommandExecutor.java:83)
	at org.openqa.selenium.remote.RemoteWebDriver.execute(RemoteWebDriver.java:552)
	at org.openqa.selenium.remote.RemoteWebDriver.startSession(RemoteWebDriver.java:213)
	at org.openqa.selenium.remote.RemoteWebDriver.&lt;init&gt;(RemoteWebDriver.java:131)
	at org.openqa.selenium.chrome.ChromeDriver.&lt;init&gt;(ChromeDriver.java:181)
	at org.openqa.selenium.chrome.ChromeDriver.&lt;init&gt;(ChromeDriver.java:168)
	at org.openqa.selenium.chrome.ChromeDriver.&lt;init&gt;(ChromeDriver.java:123)
	at com.qaTest.gmailapp.TestBase.initalization(TestBase.java:47)
	at com.qaTest.Logintestcases.GmailTestCase.setUp(GmailTestCase.java:32)
... Removed 28 stack frames
</div> <!-- stack-trace -->
                </div> <!-- method-content -->
              </div> <!-- method -->
              <div class="method">
                <div class="method-content">
                  <a name="VerifyRecipient">
                  </a> <!-- VerifyRecipient -->
                  <span class="method-name">VerifyRecipient</span>
                  <div class="stack-trace">org.openqa.selenium.SessionNotCreatedException: session not created
from tab crashed
  (Session info: chrome=78.0.3904.70)
Build info: version: &apos;3.141.59&apos;, revision: &apos;e82be7d358&apos;, time: &apos;2018-11-14T08:17:03&apos;
System info: host: &apos;NIT-LPT-R117&apos;, ip: &apos;192.168.137.1&apos;, os.name: &apos;Windows 10&apos;, os.arch: &apos;amd64&apos;, os.version: &apos;10.0&apos;, java.version: &apos;1.8.0_172&apos;
Driver info: driver.version: ChromeDriver
remote stacktrace: Backtrace:
	Ordinal0 [0x00AEEB13+1501971]
	Ordinal0 [0x00A6F6D1+980689]
	Ordinal0 [0x009F7508+488712]
	Ordinal0 [0x009F031A+459546]
	Ordinal0 [0x009EFEA4+458404]
	Ordinal0 [0x009EFA1D+457245]
	Ordinal0 [0x009EF21D+455197]
	Ordinal0 [0x009EEDE4+454116]
	Ordinal0 [0x009EEDA5+454053]
	Ordinal0 [0x009F6525+484645]
	Ordinal0 [0x009EED5C+453980]
	Ordinal0 [0x009EF6D1+456401]
	Ordinal0 [0x009EF21D+455197]
	Ordinal0 [0x009EEDE4+454116]
	Ordinal0 [0x009EEDA5+454053]
	Ordinal0 [0x009F4ECE+478926]
	Ordinal0 [0x009EED5C+453980]
	Ordinal0 [0x009EF6D1+456401]
	Ordinal0 [0x009EF21D+455197]
	Ordinal0 [0x009EEDE4+454116]
	Ordinal0 [0x009EEDA5+454053]
	Ordinal0 [0x009F365B+472667]
	Ordinal0 [0x009EED5C+453980]
	Ordinal0 [0x009EF6D1+456401]
	Ordinal0 [0x009EF21D+455197]
	Ordinal0 [0x009EEDE4+454116]
	Ordinal0 [0x009EEDA5+454053]
	Ordinal0 [0x009F2C67+470119]
	Ordinal0 [0x009EED5C+453980]
	Ordinal0 [0x009EF6D1+456401]
	Ordinal0 [0x009EF21D+455197]
	Ordinal0 [0x009EEDE4+454116]
	Ordinal0 [0x009EEDA5+454053]
	Ordinal0 [0x009EBA0C+440844]
	Ordinal0 [0x009EED5C+453980]
	Ordinal0 [0x009EEC44+453700]
	Ordinal0 [0x009F8330+492336]
	Ordinal0 [0x009AA108+172296]
	Ordinal0 [0x009A942D+169005]
	Ordinal0 [0x009A78EB+162027]
	Ordinal0 [0x00990AC7+68295]
	Ordinal0 [0x00991B40+72512]
	Ordinal0 [0x00991AD9+72409]
	Ordinal0 [0x00A88F37+1085239]
	GetHandleVerifier [0x00B8D7ED+503293]
	GetHandleVerifier [0x00B8D580+502672]
	GetHandleVerifier [0x00B946AC+531644]
	GetHandleVerifier [0x00B8DFFA+505354]
	Ordinal0 [0x00A80606+1050118]
	Ordinal0 [0x00A8047F+1049727]
	Ordinal0 [0x00A8AF9B+1093531]
	Ordinal0 [0x00A8B103+1093891]
	Ordinal0 [0x00A8A095+1089685]
	BaseThreadInitThunk [0x76206359+25]
	RtlGetAppContainerNamedObjectPath [0x76F77B74+228]
	RtlGetAppContainerNamedObjectPath [0x76F77B44+180]

	at org.openqa.selenium.remote.W3CHandshakeResponse.lambda$errorHandler$0(W3CHandshakeResponse.java:62)
	at org.openqa.selenium.remote.HandshakeResponse.lambda$getResponseFunction$0(HandshakeResponse.java:30)
	at org.openqa.selenium.remote.ProtocolHandshake.lambda$createSession$0(ProtocolHandshake.java:126)
	at java.util.stream.ReferencePipeline$3$1.accept(ReferencePipeline.java:193)
	at java.util.Spliterators$ArraySpliterator.tryAdvance(Spliterators.java:958)
	at java.util.stream.ReferencePipeline.forEachWithCancel(ReferencePipeline.java:126)
	at java.util.stream.AbstractPipeline.copyIntoWithCancel(AbstractPipeline.java:498)
	at java.util.stream.AbstractPipeline.copyInto(AbstractPipeline.java:485)
	at java.util.stream.AbstractPipeline.wrapAndCopyInto(AbstractPipeline.java:471)
	at java.util.stream.FindOps$FindOp.evaluateSequential(FindOps.java:152)
	at java.util.stream.AbstractPipeline.evaluate(AbstractPipeline.java:234)
	at java.util.stream.ReferencePipeline.findFirst(ReferencePipeline.java:464)
	at org.openqa.selenium.remote.ProtocolHandshake.createSession(ProtocolHandshake.java:128)
	at org.openqa.selenium.remote.ProtocolHandshake.createSession(ProtocolHandshake.java:74)
	at org.openqa.selenium.remote.HttpCommandExecutor.execute(HttpCommandExecutor.java:136)
	at org.openqa.selenium.remote.service.DriverCommandExecutor.execute(DriverCommandExecutor.java:83)
	at org.openqa.selenium.remote.RemoteWebDriver.execute(RemoteWebDriver.java:552)
	at org.openqa.selenium.remote.RemoteWebDriver.startSession(RemoteWebDriver.java:213)
	at org.openqa.selenium.remote.RemoteWebDriver.&lt;init&gt;(RemoteWebDriver.java:131)
	at org.openqa.selenium.chrome.ChromeDriver.&lt;init&gt;(ChromeDriver.java:181)
	at org.openqa.selenium.chrome.ChromeDriver.&lt;init&gt;(ChromeDriver.java:168)
	at org.openqa.selenium.chrome.ChromeDriver.&lt;init&gt;(ChromeDriver.java:123)
	at com.qaTest.gmailapp.TestBase.initalization(TestBase.java:47)
	at com.qaTest.Logintestcases.GmailTestCase.setUp(GmailTestCase.java:32)
... Removed 28 stack frames
</div> <!-- stack-trace -->
                </div> <!-- method-content -->
              </div> <!-- method -->
              <div class="method">
                <div class="method-content">
                  <a name="VerifySubject">
                  </a> <!-- VerifySubject -->
                  <span class="method-name">VerifySubject</span>
                  <div class="stack-trace">org.openqa.selenium.SessionNotCreatedException: session not created
from tab crashed
  (Session info: chrome=78.0.3904.70)
Build info: version: &apos;3.141.59&apos;, revision: &apos;e82be7d358&apos;, time: &apos;2018-11-14T08:17:03&apos;
System info: host: &apos;NIT-LPT-R117&apos;, ip: &apos;192.168.137.1&apos;, os.name: &apos;Windows 10&apos;, os.arch: &apos;amd64&apos;, os.version: &apos;10.0&apos;, java.version: &apos;1.8.0_172&apos;
Driver info: driver.version: ChromeDriver
remote stacktrace: Backtrace:
	Ordinal0 [0x00AEEB13+1501971]
	Ordinal0 [0x00A6F6D1+980689]
	Ordinal0 [0x009F7508+488712]
	Ordinal0 [0x009F031A+459546]
	Ordinal0 [0x009EFEA4+458404]
	Ordinal0 [0x009EFA1D+457245]
	Ordinal0 [0x009EF21D+455197]
	Ordinal0 [0x009EEDE4+454116]
	Ordinal0 [0x009EEDA5+454053]
	Ordinal0 [0x009F6525+484645]
	Ordinal0 [0x009EED5C+453980]
	Ordinal0 [0x009EF6D1+456401]
	Ordinal0 [0x009EF21D+455197]
	Ordinal0 [0x009EEDE4+454116]
	Ordinal0 [0x009EEDA5+454053]
	Ordinal0 [0x009F4ECE+478926]
	Ordinal0 [0x009EED5C+453980]
	Ordinal0 [0x009EF6D1+456401]
	Ordinal0 [0x009EF21D+455197]
	Ordinal0 [0x009EEDE4+454116]
	Ordinal0 [0x009EEDA5+454053]
	Ordinal0 [0x009F365B+472667]
	Ordinal0 [0x009EED5C+453980]
	Ordinal0 [0x009EF6D1+456401]
	Ordinal0 [0x009EF21D+455197]
	Ordinal0 [0x009EEDE4+454116]
	Ordinal0 [0x009EEDA5+454053]
	Ordinal0 [0x009F2C67+470119]
	Ordinal0 [0x009EED5C+453980]
	Ordinal0 [0x009EF6D1+456401]
	Ordinal0 [0x009EF21D+455197]
	Ordinal0 [0x009EEDE4+454116]
	Ordinal0 [0x009EEDA5+454053]
	Ordinal0 [0x009EBA0C+440844]
	Ordinal0 [0x009EED5C+453980]
	Ordinal0 [0x009EEC44+453700]
	Ordinal0 [0x009F8330+492336]
	Ordinal0 [0x009AA108+172296]
	Ordinal0 [0x009A942D+169005]
	Ordinal0 [0x009A78EB+162027]
	Ordinal0 [0x00990AC7+68295]
	Ordinal0 [0x00991B40+72512]
	Ordinal0 [0x00991AD9+72409]
	Ordinal0 [0x00A88F37+1085239]
	GetHandleVerifier [0x00B8D7ED+503293]
	GetHandleVerifier [0x00B8D580+502672]
	GetHandleVerifier [0x00B946AC+531644]
	GetHandleVerifier [0x00B8DFFA+505354]
	Ordinal0 [0x00A80606+1050118]
	Ordinal0 [0x00A8047F+1049727]
	Ordinal0 [0x00A8AF9B+1093531]
	Ordinal0 [0x00A8B103+1093891]
	Ordinal0 [0x00A8A095+1089685]
	BaseThreadInitThunk [0x76206359+25]
	RtlGetAppContainerNamedObjectPath [0x76F77B74+228]
	RtlGetAppContainerNamedObjectPath [0x76F77B44+180]

	at org.openqa.selenium.remote.W3CHandshakeResponse.lambda$errorHandler$0(W3CHandshakeResponse.java:62)
	at org.openqa.selenium.remote.HandshakeResponse.lambda$getResponseFunction$0(HandshakeResponse.java:30)
	at org.openqa.selenium.remote.ProtocolHandshake.lambda$createSession$0(ProtocolHandshake.java:126)
	at java.util.stream.ReferencePipeline$3$1.accept(ReferencePipeline.java:193)
	at java.util.Spliterators$ArraySpliterator.tryAdvance(Spliterators.java:958)
	at java.util.stream.ReferencePipeline.forEachWithCancel(ReferencePipeline.java:126)
	at java.util.stream.AbstractPipeline.copyIntoWithCancel(AbstractPipeline.java:498)
	at java.util.stream.AbstractPipeline.copyInto(AbstractPipeline.java:485)
	at java.util.stream.AbstractPipeline.wrapAndCopyInto(AbstractPipeline.java:471)
	at java.util.stream.FindOps$FindOp.evaluateSequential(FindOps.java:152)
	at java.util.stream.AbstractPipeline.evaluate(AbstractPipeline.java:234)
	at java.util.stream.ReferencePipeline.findFirst(ReferencePipeline.java:464)
	at org.openqa.selenium.remote.ProtocolHandshake.createSession(ProtocolHandshake.java:128)
	at org.openqa.selenium.remote.ProtocolHandshake.createSession(ProtocolHandshake.java:74)
	at org.openqa.selenium.remote.HttpCommandExecutor.execute(HttpCommandExecutor.java:136)
	at org.openqa.selenium.remote.service.DriverCommandExecutor.execute(DriverCommandExecutor.java:83)
	at org.openqa.selenium.remote.RemoteWebDriver.execute(RemoteWebDriver.java:552)
	at org.openqa.selenium.remote.RemoteWebDriver.startSession(RemoteWebDriver.java:213)
	at org.openqa.selenium.remote.RemoteWebDriver.&lt;init&gt;(RemoteWebDriver.java:131)
	at org.openqa.selenium.chrome.ChromeDriver.&lt;init&gt;(ChromeDriver.java:181)
	at org.openqa.selenium.chrome.ChromeDriver.&lt;init&gt;(ChromeDriver.java:168)
	at org.openqa.selenium.chrome.ChromeDriver.&lt;init&gt;(ChromeDriver.java:123)
	at com.qaTest.gmailapp.TestBase.initalization(TestBase.java:47)
	at com.qaTest.Logintestcases.GmailTestCase.setUp(GmailTestCase.java:32)
... Removed 28 stack frames
</div> <!-- stack-trace -->
                </div> <!-- method-content -->
              </div> <!-- method -->
              <div class="method">
                <div class="method-content">
                  <a name="VerifyTypeLabel">
                  </a> <!-- VerifyTypeLabel -->
                  <span class="method-name">VerifyTypeLabel</span>
                  <div class="stack-trace">org.openqa.selenium.SessionNotCreatedException: session not created
from tab crashed
  (Session info: chrome=78.0.3904.70)
Build info: version: &apos;3.141.59&apos;, revision: &apos;e82be7d358&apos;, time: &apos;2018-11-14T08:17:03&apos;
System info: host: &apos;NIT-LPT-R117&apos;, ip: &apos;192.168.137.1&apos;, os.name: &apos;Windows 10&apos;, os.arch: &apos;amd64&apos;, os.version: &apos;10.0&apos;, java.version: &apos;1.8.0_172&apos;
Driver info: driver.version: ChromeDriver
remote stacktrace: Backtrace:
	Ordinal0 [0x00AEEB13+1501971]
	Ordinal0 [0x00A6F6D1+980689]
	Ordinal0 [0x009F7508+488712]
	Ordinal0 [0x009F031A+459546]
	Ordinal0 [0x009EFEA4+458404]
	Ordinal0 [0x009EFA1D+457245]
	Ordinal0 [0x009EF21D+455197]
	Ordinal0 [0x009EEDE4+454116]
	Ordinal0 [0x009EEDA5+454053]
	Ordinal0 [0x009F6525+484645]
	Ordinal0 [0x009EED5C+453980]
	Ordinal0 [0x009EF6D1+456401]
	Ordinal0 [0x009EF21D+455197]
	Ordinal0 [0x009EEDE4+454116]
	Ordinal0 [0x009EEDA5+454053]
	Ordinal0 [0x009F4ECE+478926]
	Ordinal0 [0x009EED5C+453980]
	Ordinal0 [0x009EF6D1+456401]
	Ordinal0 [0x009EF21D+455197]
	Ordinal0 [0x009EEDE4+454116]
	Ordinal0 [0x009EEDA5+454053]
	Ordinal0 [0x009F365B+472667]
	Ordinal0 [0x009EED5C+453980]
	Ordinal0 [0x009EF6D1+456401]
	Ordinal0 [0x009EF21D+455197]
	Ordinal0 [0x009EEDE4+454116]
	Ordinal0 [0x009EEDA5+454053]
	Ordinal0 [0x009F2C67+470119]
	Ordinal0 [0x009EED5C+453980]
	Ordinal0 [0x009EF6D1+456401]
	Ordinal0 [0x009EF21D+455197]
	Ordinal0 [0x009EEDE4+454116]
	Ordinal0 [0x009EEDA5+454053]
	Ordinal0 [0x009EBA0C+440844]
	Ordinal0 [0x009EED5C+453980]
	Ordinal0 [0x009EEC44+453700]
	Ordinal0 [0x009F8330+492336]
	Ordinal0 [0x009AA108+172296]
	Ordinal0 [0x009A942D+169005]
	Ordinal0 [0x009A78EB+162027]
	Ordinal0 [0x00990AC7+68295]
	Ordinal0 [0x00991B40+72512]
	Ordinal0 [0x00991AD9+72409]
	Ordinal0 [0x00A88F37+1085239]
	GetHandleVerifier [0x00B8D7ED+503293]
	GetHandleVerifier [0x00B8D580+502672]
	GetHandleVerifier [0x00B946AC+531644]
	GetHandleVerifier [0x00B8DFFA+505354]
	Ordinal0 [0x00A80606+1050118]
	Ordinal0 [0x00A8047F+1049727]
	Ordinal0 [0x00A8AF9B+1093531]
	Ordinal0 [0x00A8B103+1093891]
	Ordinal0 [0x00A8A095+1089685]
	BaseThreadInitThunk [0x76206359+25]
	RtlGetAppContainerNamedObjectPath [0x76F77B74+228]
	RtlGetAppContainerNamedObjectPath [0x76F77B44+180]

	at org.openqa.selenium.remote.W3CHandshakeResponse.lambda$errorHandler$0(W3CHandshakeResponse.java:62)
	at org.openqa.selenium.remote.HandshakeResponse.lambda$getResponseFunction$0(HandshakeResponse.java:30)
	at org.openqa.selenium.remote.ProtocolHandshake.lambda$createSession$0(ProtocolHandshake.java:126)
	at java.util.stream.ReferencePipeline$3$1.accept(ReferencePipeline.java:193)
	at java.util.Spliterators$ArraySpliterator.tryAdvance(Spliterators.java:958)
	at java.util.stream.ReferencePipeline.forEachWithCancel(ReferencePipeline.java:126)
	at java.util.stream.AbstractPipeline.copyIntoWithCancel(AbstractPipeline.java:498)
	at java.util.stream.AbstractPipeline.copyInto(AbstractPipeline.java:485)
	at java.util.stream.AbstractPipeline.wrapAndCopyInto(AbstractPipeline.java:471)
	at java.util.stream.FindOps$FindOp.evaluateSequential(FindOps.java:152)
	at java.util.stream.AbstractPipeline.evaluate(AbstractPipeline.java:234)
	at java.util.stream.ReferencePipeline.findFirst(ReferencePipeline.java:464)
	at org.openqa.selenium.remote.ProtocolHandshake.createSession(ProtocolHandshake.java:128)
	at org.openqa.selenium.remote.ProtocolHandshake.createSession(ProtocolHandshake.java:74)
	at org.openqa.selenium.remote.HttpCommandExecutor.execute(HttpCommandExecutor.java:136)
	at org.openqa.selenium.remote.service.DriverCommandExecutor.execute(DriverCommandExecutor.java:83)
	at org.openqa.selenium.remote.RemoteWebDriver.execute(RemoteWebDriver.java:552)
	at org.openqa.selenium.remote.RemoteWebDriver.startSession(RemoteWebDriver.java:213)
	at org.openqa.selenium.remote.RemoteWebDriver.&lt;init&gt;(RemoteWebDriver.java:131)
	at org.openqa.selenium.chrome.ChromeDriver.&lt;init&gt;(ChromeDriver.java:181)
	at org.openqa.selenium.chrome.ChromeDriver.&lt;init&gt;(ChromeDriver.java:168)
	at org.openqa.selenium.chrome.ChromeDriver.&lt;init&gt;(ChromeDriver.java:123)
	at com.qaTest.gmailapp.TestBase.initalization(TestBase.java:47)
	at com.qaTest.Logintestcases.GmailTestCase.setUp(GmailTestCase.java:32)
... Removed 28 stack frames
</div> <!-- stack-trace -->
                </div> <!-- method-content -->
              </div> <!-- method -->
              <div class="method">
                <div class="method-content">
                  <a name="loginPageTitleTest">
                  </a> <!-- loginPageTitleTest -->
                  <span class="method-name">loginPageTitleTest</span>
                  <div class="stack-trace">org.openqa.selenium.SessionNotCreatedException: session not created
from tab crashed
  (Session info: chrome=78.0.3904.70)
Build info: version: &apos;3.141.59&apos;, revision: &apos;e82be7d358&apos;, time: &apos;2018-11-14T08:17:03&apos;
System info: host: &apos;NIT-LPT-R117&apos;, ip: &apos;192.168.137.1&apos;, os.name: &apos;Windows 10&apos;, os.arch: &apos;amd64&apos;, os.version: &apos;10.0&apos;, java.version: &apos;1.8.0_172&apos;
Driver info: driver.version: ChromeDriver
remote stacktrace: Backtrace:
	Ordinal0 [0x00AEEB13+1501971]
	Ordinal0 [0x00A6F6D1+980689]
	Ordinal0 [0x009F7508+488712]
	Ordinal0 [0x009F031A+459546]
	Ordinal0 [0x009EFEA4+458404]
	Ordinal0 [0x009EFA1D+457245]
	Ordinal0 [0x009EF21D+455197]
	Ordinal0 [0x009EEDE4+454116]
	Ordinal0 [0x009EEDA5+454053]
	Ordinal0 [0x009F6525+484645]
	Ordinal0 [0x009EED5C+453980]
	Ordinal0 [0x009EF6D1+456401]
	Ordinal0 [0x009EF21D+455197]
	Ordinal0 [0x009EEDE4+454116]
	Ordinal0 [0x009EEDA5+454053]
	Ordinal0 [0x009F4ECE+478926]
	Ordinal0 [0x009EED5C+453980]
	Ordinal0 [0x009EF6D1+456401]
	Ordinal0 [0x009EF21D+455197]
	Ordinal0 [0x009EEDE4+454116]
	Ordinal0 [0x009EEDA5+454053]
	Ordinal0 [0x009F365B+472667]
	Ordinal0 [0x009EED5C+453980]
	Ordinal0 [0x009EF6D1+456401]
	Ordinal0 [0x009EF21D+455197]
	Ordinal0 [0x009EEDE4+454116]
	Ordinal0 [0x009EEDA5+454053]
	Ordinal0 [0x009F2C67+470119]
	Ordinal0 [0x009EED5C+453980]
	Ordinal0 [0x009EF6D1+456401]
	Ordinal0 [0x009EF21D+455197]
	Ordinal0 [0x009EEDE4+454116]
	Ordinal0 [0x009EEDA5+454053]
	Ordinal0 [0x009EBA0C+440844]
	Ordinal0 [0x009EED5C+453980]
	Ordinal0 [0x009EEC44+453700]
	Ordinal0 [0x009F8330+492336]
	Ordinal0 [0x009AA108+172296]
	Ordinal0 [0x009A942D+169005]
	Ordinal0 [0x009A78EB+162027]
	Ordinal0 [0x00990AC7+68295]
	Ordinal0 [0x00991B40+72512]
	Ordinal0 [0x00991AD9+72409]
	Ordinal0 [0x00A88F37+1085239]
	GetHandleVerifier [0x00B8D7ED+503293]
	GetHandleVerifier [0x00B8D580+502672]
	GetHandleVerifier [0x00B946AC+531644]
	GetHandleVerifier [0x00B8DFFA+505354]
	Ordinal0 [0x00A80606+1050118]
	Ordinal0 [0x00A8047F+1049727]
	Ordinal0 [0x00A8AF9B+1093531]
	Ordinal0 [0x00A8B103+1093891]
	Ordinal0 [0x00A8A095+1089685]
	BaseThreadInitThunk [0x76206359+25]
	RtlGetAppContainerNamedObjectPath [0x76F77B74+228]
	RtlGetAppContainerNamedObjectPath [0x76F77B44+180]

	at org.openqa.selenium.remote.W3CHandshakeResponse.lambda$errorHandler$0(W3CHandshakeResponse.java:62)
	at org.openqa.selenium.remote.HandshakeResponse.lambda$getResponseFunction$0(HandshakeResponse.java:30)
	at org.openqa.selenium.remote.ProtocolHandshake.lambda$createSession$0(ProtocolHandshake.java:126)
	at java.util.stream.ReferencePipeline$3$1.accept(ReferencePipeline.java:193)
	at java.util.Spliterators$ArraySpliterator.tryAdvance(Spliterators.java:958)
	at java.util.stream.ReferencePipeline.forEachWithCancel(ReferencePipeline.java:126)
	at java.util.stream.AbstractPipeline.copyIntoWithCancel(AbstractPipeline.java:498)
	at java.util.stream.AbstractPipeline.copyInto(AbstractPipeline.java:485)
	at java.util.stream.AbstractPipeline.wrapAndCopyInto(AbstractPipeline.java:471)
	at java.util.stream.FindOps$FindOp.evaluateSequential(FindOps.java:152)
	at java.util.stream.AbstractPipeline.evaluate(AbstractPipeline.java:234)
	at java.util.stream.ReferencePipeline.findFirst(ReferencePipeline.java:464)
	at org.openqa.selenium.remote.ProtocolHandshake.createSession(ProtocolHandshake.java:128)
	at org.openqa.selenium.remote.ProtocolHandshake.createSession(ProtocolHandshake.java:74)
	at org.openqa.selenium.remote.HttpCommandExecutor.execute(HttpCommandExecutor.java:136)
	at org.openqa.selenium.remote.service.DriverCommandExecutor.execute(DriverCommandExecutor.java:83)
	at org.openqa.selenium.remote.RemoteWebDriver.execute(RemoteWebDriver.java:552)
	at org.openqa.selenium.remote.RemoteWebDriver.startSession(RemoteWebDriver.java:213)
	at org.openqa.selenium.remote.RemoteWebDriver.&lt;init&gt;(RemoteWebDriver.java:131)
	at org.openqa.selenium.chrome.ChromeDriver.&lt;init&gt;(ChromeDriver.java:181)
	at org.openqa.selenium.chrome.ChromeDriver.&lt;init&gt;(ChromeDriver.java:168)
	at org.openqa.selenium.chrome.ChromeDriver.&lt;init&gt;(ChromeDriver.java:123)
	at com.qaTest.gmailapp.TestBase.initalization(TestBase.java:47)
	at com.qaTest.Logintestcases.GmailTestCase.setUp(GmailTestCase.java:32)
... Removed 28 stack frames
</div> <!-- stack-trace -->
                </div> <!-- method-content -->
              </div> <!-- method -->
              <div class="method">
                <div class="method-content">
                  <a name="openEmailClick">
                  </a> <!-- openEmailClick -->
                  <span class="method-name">openEmailClick</span>
                  <div class="stack-trace">org.openqa.selenium.SessionNotCreatedException: session not created
from tab crashed
  (Session info: chrome=78.0.3904.70)
Build info: version: &apos;3.141.59&apos;, revision: &apos;e82be7d358&apos;, time: &apos;2018-11-14T08:17:03&apos;
System info: host: &apos;NIT-LPT-R117&apos;, ip: &apos;192.168.137.1&apos;, os.name: &apos;Windows 10&apos;, os.arch: &apos;amd64&apos;, os.version: &apos;10.0&apos;, java.version: &apos;1.8.0_172&apos;
Driver info: driver.version: ChromeDriver
remote stacktrace: Backtrace:
	Ordinal0 [0x00AEEB13+1501971]
	Ordinal0 [0x00A6F6D1+980689]
	Ordinal0 [0x009F7508+488712]
	Ordinal0 [0x009F031A+459546]
	Ordinal0 [0x009EFEA4+458404]
	Ordinal0 [0x009EFA1D+457245]
	Ordinal0 [0x009EF21D+455197]
	Ordinal0 [0x009EEDE4+454116]
	Ordinal0 [0x009EEDA5+454053]
	Ordinal0 [0x009F6525+484645]
	Ordinal0 [0x009EED5C+453980]
	Ordinal0 [0x009EF6D1+456401]
	Ordinal0 [0x009EF21D+455197]
	Ordinal0 [0x009EEDE4+454116]
	Ordinal0 [0x009EEDA5+454053]
	Ordinal0 [0x009F4ECE+478926]
	Ordinal0 [0x009EED5C+453980]
	Ordinal0 [0x009EF6D1+456401]
	Ordinal0 [0x009EF21D+455197]
	Ordinal0 [0x009EEDE4+454116]
	Ordinal0 [0x009EEDA5+454053]
	Ordinal0 [0x009F365B+472667]
	Ordinal0 [0x009EED5C+453980]
	Ordinal0 [0x009EF6D1+456401]
	Ordinal0 [0x009EF21D+455197]
	Ordinal0 [0x009EEDE4+454116]
	Ordinal0 [0x009EEDA5+454053]
	Ordinal0 [0x009F2C67+470119]
	Ordinal0 [0x009EED5C+453980]
	Ordinal0 [0x009EF6D1+456401]
	Ordinal0 [0x009EF21D+455197]
	Ordinal0 [0x009EEDE4+454116]
	Ordinal0 [0x009EEDA5+454053]
	Ordinal0 [0x009EBA0C+440844]
	Ordinal0 [0x009EED5C+453980]
	Ordinal0 [0x009EEC44+453700]
	Ordinal0 [0x009F8330+492336]
	Ordinal0 [0x009AA108+172296]
	Ordinal0 [0x009A942D+169005]
	Ordinal0 [0x009A78EB+162027]
	Ordinal0 [0x00990AC7+68295]
	Ordinal0 [0x00991B40+72512]
	Ordinal0 [0x00991AD9+72409]
	Ordinal0 [0x00A88F37+1085239]
	GetHandleVerifier [0x00B8D7ED+503293]
	GetHandleVerifier [0x00B8D580+502672]
	GetHandleVerifier [0x00B946AC+531644]
	GetHandleVerifier [0x00B8DFFA+505354]
	Ordinal0 [0x00A80606+1050118]
	Ordinal0 [0x00A8047F+1049727]
	Ordinal0 [0x00A8AF9B+1093531]
	Ordinal0 [0x00A8B103+1093891]
	Ordinal0 [0x00A8A095+1089685]
	BaseThreadInitThunk [0x76206359+25]
	RtlGetAppContainerNamedObjectPath [0x76F77B74+228]
	RtlGetAppContainerNamedObjectPath [0x76F77B44+180]

	at org.openqa.selenium.remote.W3CHandshakeResponse.lambda$errorHandler$0(W3CHandshakeResponse.java:62)
	at org.openqa.selenium.remote.HandshakeResponse.lambda$getResponseFunction$0(HandshakeResponse.java:30)
	at org.openqa.selenium.remote.ProtocolHandshake.lambda$createSession$0(ProtocolHandshake.java:126)
	at java.util.stream.ReferencePipeline$3$1.accept(ReferencePipeline.java:193)
	at java.util.Spliterators$ArraySpliterator.tryAdvance(Spliterators.java:958)
	at java.util.stream.ReferencePipeline.forEachWithCancel(ReferencePipeline.java:126)
	at java.util.stream.AbstractPipeline.copyIntoWithCancel(AbstractPipeline.java:498)
	at java.util.stream.AbstractPipeline.copyInto(AbstractPipeline.java:485)
	at java.util.stream.AbstractPipeline.wrapAndCopyInto(AbstractPipeline.java:471)
	at java.util.stream.FindOps$FindOp.evaluateSequential(FindOps.java:152)
	at java.util.stream.AbstractPipeline.evaluate(AbstractPipeline.java:234)
	at java.util.stream.ReferencePipeline.findFirst(ReferencePipeline.java:464)
	at org.openqa.selenium.remote.ProtocolHandshake.createSession(ProtocolHandshake.java:128)
	at org.openqa.selenium.remote.ProtocolHandshake.createSession(ProtocolHandshake.java:74)
	at org.openqa.selenium.remote.HttpCommandExecutor.execute(HttpCommandExecutor.java:136)
	at org.openqa.selenium.remote.service.DriverCommandExecutor.execute(DriverCommandExecutor.java:83)
	at org.openqa.selenium.remote.RemoteWebDriver.execute(RemoteWebDriver.java:552)
	at org.openqa.selenium.remote.RemoteWebDriver.startSession(RemoteWebDriver.java:213)
	at org.openqa.selenium.remote.RemoteWebDriver.&lt;init&gt;(RemoteWebDriver.java:131)
	at org.openqa.selenium.chrome.ChromeDriver.&lt;init&gt;(ChromeDriver.java:181)
	at org.openqa.selenium.chrome.ChromeDriver.&lt;init&gt;(ChromeDriver.java:168)
	at org.openqa.selenium.chrome.ChromeDriver.&lt;init&gt;(ChromeDriver.java:123)
	at com.qaTest.gmailapp.TestBase.initalization(TestBase.java:47)
	at com.qaTest.Logintestcases.GmailTestCase.setUp(GmailTestCase.java:32)
... Removed 28 stack frames
</div> <!-- stack-trace -->
                </div> <!-- method-content -->
              </div> <!-- method -->
              <div class="method">
                <div class="method-content">
                  <a name="verifySocialMailBox">
                  </a> <!-- verifySocialMailBox -->
                  <span class="method-name">verifySocialMailBox</span>
                  <div class="stack-trace">org.openqa.selenium.SessionNotCreatedException: session not created
from tab crashed
  (Session info: chrome=78.0.3904.70)
Build info: version: &apos;3.141.59&apos;, revision: &apos;e82be7d358&apos;, time: &apos;2018-11-14T08:17:03&apos;
System info: host: &apos;NIT-LPT-R117&apos;, ip: &apos;192.168.137.1&apos;, os.name: &apos;Windows 10&apos;, os.arch: &apos;amd64&apos;, os.version: &apos;10.0&apos;, java.version: &apos;1.8.0_172&apos;
Driver info: driver.version: ChromeDriver
remote stacktrace: Backtrace:
	Ordinal0 [0x00AEEB13+1501971]
	Ordinal0 [0x00A6F6D1+980689]
	Ordinal0 [0x009F7508+488712]
	Ordinal0 [0x009F031A+459546]
	Ordinal0 [0x009EFEA4+458404]
	Ordinal0 [0x009EFA1D+457245]
	Ordinal0 [0x009EF21D+455197]
	Ordinal0 [0x009EEDE4+454116]
	Ordinal0 [0x009EEDA5+454053]
	Ordinal0 [0x009F6525+484645]
	Ordinal0 [0x009EED5C+453980]
	Ordinal0 [0x009EF6D1+456401]
	Ordinal0 [0x009EF21D+455197]
	Ordinal0 [0x009EEDE4+454116]
	Ordinal0 [0x009EEDA5+454053]
	Ordinal0 [0x009F4ECE+478926]
	Ordinal0 [0x009EED5C+453980]
	Ordinal0 [0x009EF6D1+456401]
	Ordinal0 [0x009EF21D+455197]
	Ordinal0 [0x009EEDE4+454116]
	Ordinal0 [0x009EEDA5+454053]
	Ordinal0 [0x009F365B+472667]
	Ordinal0 [0x009EED5C+453980]
	Ordinal0 [0x009EF6D1+456401]
	Ordinal0 [0x009EF21D+455197]
	Ordinal0 [0x009EEDE4+454116]
	Ordinal0 [0x009EEDA5+454053]
	Ordinal0 [0x009F2C67+470119]
	Ordinal0 [0x009EED5C+453980]
	Ordinal0 [0x009EF6D1+456401]
	Ordinal0 [0x009EF21D+455197]
	Ordinal0 [0x009EEDE4+454116]
	Ordinal0 [0x009EEDA5+454053]
	Ordinal0 [0x009EBA0C+440844]
	Ordinal0 [0x009EED5C+453980]
	Ordinal0 [0x009EEC44+453700]
	Ordinal0 [0x009F8330+492336]
	Ordinal0 [0x009AA108+172296]
	Ordinal0 [0x009A942D+169005]
	Ordinal0 [0x009A78EB+162027]
	Ordinal0 [0x00990AC7+68295]
	Ordinal0 [0x00991B40+72512]
	Ordinal0 [0x00991AD9+72409]
	Ordinal0 [0x00A88F37+1085239]
	GetHandleVerifier [0x00B8D7ED+503293]
	GetHandleVerifier [0x00B8D580+502672]
	GetHandleVerifier [0x00B946AC+531644]
	GetHandleVerifier [0x00B8DFFA+505354]
	Ordinal0 [0x00A80606+1050118]
	Ordinal0 [0x00A8047F+1049727]
	Ordinal0 [0x00A8AF9B+1093531]
	Ordinal0 [0x00A8B103+1093891]
	Ordinal0 [0x00A8A095+1089685]
	BaseThreadInitThunk [0x76206359+25]
	RtlGetAppContainerNamedObjectPath [0x76F77B74+228]
	RtlGetAppContainerNamedObjectPath [0x76F77B44+180]

	at org.openqa.selenium.remote.W3CHandshakeResponse.lambda$errorHandler$0(W3CHandshakeResponse.java:62)
	at org.openqa.selenium.remote.HandshakeResponse.lambda$getResponseFunction$0(HandshakeResponse.java:30)
	at org.openqa.selenium.remote.ProtocolHandshake.lambda$createSession$0(ProtocolHandshake.java:126)
	at java.util.stream.ReferencePipeline$3$1.accept(ReferencePipeline.java:193)
	at java.util.Spliterators$ArraySpliterator.tryAdvance(Spliterators.java:958)
	at java.util.stream.ReferencePipeline.forEachWithCancel(ReferencePipeline.java:126)
	at java.util.stream.AbstractPipeline.copyIntoWithCancel(AbstractPipeline.java:498)
	at java.util.stream.AbstractPipeline.copyInto(AbstractPipeline.java:485)
	at java.util.stream.AbstractPipeline.wrapAndCopyInto(AbstractPipeline.java:471)
	at java.util.stream.FindOps$FindOp.evaluateSequential(FindOps.java:152)
	at java.util.stream.AbstractPipeline.evaluate(AbstractPipeline.java:234)
	at java.util.stream.ReferencePipeline.findFirst(ReferencePipeline.java:464)
	at org.openqa.selenium.remote.ProtocolHandshake.createSession(ProtocolHandshake.java:128)
	at org.openqa.selenium.remote.ProtocolHandshake.createSession(ProtocolHandshake.java:74)
	at org.openqa.selenium.remote.HttpCommandExecutor.execute(HttpCommandExecutor.java:136)
	at org.openqa.selenium.remote.service.DriverCommandExecutor.execute(DriverCommandExecutor.java:83)
	at org.openqa.selenium.remote.RemoteWebDriver.execute(RemoteWebDriver.java:552)
	at org.openqa.selenium.remote.RemoteWebDriver.startSession(RemoteWebDriver.java:213)
	at org.openqa.selenium.remote.RemoteWebDriver.&lt;init&gt;(RemoteWebDriver.java:131)
	at org.openqa.selenium.chrome.ChromeDriver.&lt;init&gt;(ChromeDriver.java:181)
	at org.openqa.selenium.chrome.ChromeDriver.&lt;init&gt;(ChromeDriver.java:168)
	at org.openqa.selenium.chrome.ChromeDriver.&lt;init&gt;(ChromeDriver.java:123)
	at com.qaTest.gmailapp.TestBase.initalization(TestBase.java:47)
	at com.qaTest.Logintestcases.GmailTestCase.setUp(GmailTestCase.java:32)
... Removed 28 stack frames
</div> <!-- stack-trace -->
                </div> <!-- method-content -->
              </div> <!-- method -->
            </div> <!-- main-panel-content rounded-window-bottom -->
          </div> <!-- suite-Suite-class-skipped -->
        </div> <!-- panel Suite -->
        <div panel-name="test-xml-Suite" class="panel">
          <div class="main-panel-header rounded-window-top">
            <span class="header-content">D:\Workspace2\GmailApplication\testng.xml</span>
          </div> <!-- main-panel-header rounded-window-top -->
          <div class="main-panel-content rounded-window-bottom">
            <pre>
&lt;?xml version=&quot;1.0&quot; encoding=&quot;UTF-8&quot;?&gt;
&lt;!DOCTYPE suite SYSTEM &quot;http://testng.org/testng-1.0.dtd&quot;&gt;
&lt;suite guice-stage=&quot;DEVELOPMENT&quot; name=&quot;Suite&quot;&gt;
  &lt;listeners&gt;
    &lt;listener class-name=&quot;com.qa.Test.ExtentReportListener.ExtentReporterNG&quot;/&gt;
  &lt;/listeners&gt;
  &lt;test thread-count=&quot;5&quot; name=&quot;Test&quot;&gt;
    &lt;classes&gt;
      &lt;class name=&quot;com.qaTest.Logintestcases.GmailTestCase&quot;/&gt;
    &lt;/classes&gt;
  &lt;/test&gt; &lt;!-- Test --&gt;
&lt;/suite&gt; &lt;!-- Suite --&gt;
            </pre>
          </div> <!-- main-panel-content rounded-window-bottom -->
        </div> <!-- panel -->
        <div panel-name="testlist-Suite" class="panel">
          <div class="main-panel-header rounded-window-top">
            <span class="header-content">Tests for Suite</span>
          </div> <!-- main-panel-header rounded-window-top -->
          <div class="main-panel-content rounded-window-bottom">
            <ul>
              <li>
                <span class="test-name">Test (1 class)</span>
              </li>
            </ul>
          </div> <!-- main-panel-content rounded-window-bottom -->
        </div> <!-- panel -->
        <div panel-name="group-Suite" class="panel">
          <div class="main-panel-header rounded-window-top">
            <span class="header-content">Groups for Suite</span>
          </div> <!-- main-panel-header rounded-window-top -->
          <div class="main-panel-content rounded-window-bottom">
          </div> <!-- main-panel-content rounded-window-bottom -->
        </div> <!-- panel -->
        <div panel-name="times-Suite" class="panel">
          <div class="main-panel-header rounded-window-top">
            <span class="header-content">Times for Suite</span>
          </div> <!-- main-panel-header rounded-window-top -->
          <div class="main-panel-content rounded-window-bottom">
            <div class="times-div">
              <script type="text/javascript">
suiteTableInitFunctions.push('tableData_Suite');
function tableData_Suite() {
var data = new google.visualization.DataTable();
data.addColumn('number', 'Number');
data.addColumn('string', 'Method');
data.addColumn('string', 'Class');
data.addColumn('number', 'Time (ms)');
data.addRows(16);
data.setCell(0, 0, 0)
data.setCell(0, 1, 'VerifySubject')
data.setCell(0, 2, 'com.qaTest.Logintestcases.GmailTestCase')
data.setCell(0, 3, 0);
data.setCell(1, 0, 1)
data.setCell(1, 1, 'ClickOnCompose')
data.setCell(1, 2, 'com.qaTest.Logintestcases.GmailTestCase')
data.setCell(1, 3, 0);
data.setCell(2, 0, 2)
data.setCell(2, 1, 'VerifyClickSendBtn')
data.setCell(2, 2, 'com.qaTest.Logintestcases.GmailTestCase')
data.setCell(2, 3, 0);
data.setCell(3, 0, 3)
data.setCell(3, 1, 'MarkEmailStar')
data.setCell(3, 2, 'com.qaTest.Logintestcases.GmailTestCase')
data.setCell(3, 3, 0);
data.setCell(4, 0, 4)
data.setCell(4, 1, 'VerifyNext2')
data.setCell(4, 2, 'com.qaTest.Logintestcases.GmailTestCase')
data.setCell(4, 3, 0);
data.setCell(5, 0, 5)
data.setCell(5, 1, 'VerifyPassword')
data.setCell(5, 2, 'com.qaTest.Logintestcases.GmailTestCase')
data.setCell(5, 3, 0);
data.setCell(6, 0, 6)
data.setCell(6, 1, 'VerifyLabel')
data.setCell(6, 2, 'com.qaTest.Logintestcases.GmailTestCase')
data.setCell(6, 3, 0);
data.setCell(7, 0, 7)
data.setCell(7, 1, 'loginPageTitleTest')
data.setCell(7, 2, 'com.qaTest.Logintestcases.GmailTestCase')
data.setCell(7, 3, 0);
data.setCell(8, 0, 8)
data.setCell(8, 1, 'openEmailClick')
data.setCell(8, 2, 'com.qaTest.Logintestcases.GmailTestCase')
data.setCell(8, 3, 0);
data.setCell(9, 0, 9)
data.setCell(9, 1, 'VerifyTypeLabel')
data.setCell(9, 2, 'com.qaTest.Logintestcases.GmailTestCase')
data.setCell(9, 3, 0);
data.setCell(10, 0, 10)
data.setCell(10, 1, 'verifySocialMailBox')
data.setCell(10, 2, 'com.qaTest.Logintestcases.GmailTestCase')
data.setCell(10, 3, 0);
data.setCell(11, 0, 11)
data.setCell(11, 1, 'VerifyRecipient')
data.setCell(11, 2, 'com.qaTest.Logintestcases.GmailTestCase')
data.setCell(11, 3, 0);
data.setCell(12, 0, 12)
data.setCell(12, 1, 'VerifyEmailcontents')
data.setCell(12, 2, 'com.qaTest.Logintestcases.GmailTestCase')
data.setCell(12, 3, 0);
data.setCell(13, 0, 13)
data.setCell(13, 1, 'VerifyDiscp')
data.setCell(13, 2, 'com.qaTest.Logintestcases.GmailTestCase')
data.setCell(13, 3, 0);
data.setCell(14, 0, 14)
data.setCell(14, 1, 'VerifyEmail')
data.setCell(14, 2, 'com.qaTest.Logintestcases.GmailTestCase')
data.setCell(14, 3, 0);
data.setCell(15, 0, 15)
data.setCell(15, 1, 'VerifyNext')
data.setCell(15, 2, 'com.qaTest.Logintestcases.GmailTestCase')
data.setCell(15, 3, 0);
window.suiteTableData['Suite']= { tableData: data, tableDiv: 'times-div-Suite'}
return data;
}
              </script>
              <span class="suite-total-time">Total running time: 0 ms</span>
              <div id="times-div-Suite">
              </div> <!-- times-div-Suite -->
            </div> <!-- times-div -->
          </div> <!-- main-panel-content rounded-window-bottom -->
        </div> <!-- panel -->
        <div panel-name="reporter-Suite" class="panel">
          <div class="main-panel-header rounded-window-top">
            <span class="header-content">Reporter output for Suite</span>
          </div> <!-- main-panel-header rounded-window-top -->
          <div class="main-panel-content rounded-window-bottom">
          </div> <!-- main-panel-content rounded-window-bottom -->
        </div> <!-- panel -->
        <div panel-name="ignored-methods-Suite" class="panel">
          <div class="main-panel-header rounded-window-top">
            <span class="header-content">0 ignored methods</span>
          </div> <!-- main-panel-header rounded-window-top -->
          <div class="main-panel-content rounded-window-bottom">
          </div> <!-- main-panel-content rounded-window-bottom -->
        </div> <!-- panel -->
        <div panel-name="chronological-Suite" class="panel">
          <div class="main-panel-header rounded-window-top">
            <span class="header-content">Methods in chronological order</span>
          </div> <!-- main-panel-header rounded-window-top -->
          <div class="main-panel-content rounded-window-bottom">
            <div class="chronological-class">
              <div class="chronological-class-name">com.qaTest.Logintestcases.GmailTestCase</div> <!-- chronological-class-name -->
              <div class="test-method">
                <span class="method-name">loginPageTitleTest</span>
                <span class="method-start">0 ms</span>
              </div> <!-- test-method -->
              <div class="test-method">
                <span class="method-name">VerifyEmail</span>
                <span class="method-start">0 ms</span>
              </div> <!-- test-method -->
              <div class="test-method">
                <span class="method-name">VerifyNext</span>
                <span class="method-start">0 ms</span>
              </div> <!-- test-method -->
              <div class="test-method">
                <span class="method-name">VerifyPassword</span>
                <span class="method-start">0 ms</span>
              </div> <!-- test-method -->
              <div class="test-method">
                <span class="method-name">VerifyNext2</span>
                <span class="method-start">0 ms</span>
              </div> <!-- test-method -->
              <div class="test-method">
                <span class="method-name">ClickOnCompose</span>
                <span class="method-start">0 ms</span>
              </div> <!-- test-method -->
              <div class="test-method">
                <span class="method-name">VerifyLabel</span>
                <span class="method-start">0 ms</span>
              </div> <!-- test-method -->
              <div class="test-method">
                <span class="method-name">VerifyTypeLabel</span>
                <span class="method-start">0 ms</span>
              </div> <!-- test-method -->
              <div class="test-method">
                <span class="method-name">VerifyRecipient</span>
                <span class="method-start">0 ms</span>
              </div> <!-- test-method -->
              <div class="test-method">
                <span class="method-name">VerifySubject</span>
                <span class="method-start">0 ms</span>
              </div> <!-- test-method -->
              <div class="test-method">
                <span class="method-name">VerifyDiscp</span>
                <span class="method-start">0 ms</span>
              </div> <!-- test-method -->
              <div class="test-method">
                <span class="method-name">VerifyClickSendBtn</span>
                <span class="method-start">0 ms</span>
              </div> <!-- test-method -->
              <div class="test-method">
                <span class="method-name">verifySocialMailBox</span>
                <span class="method-start">0 ms</span>
              </div> <!-- test-method -->
              <div class="test-method">
                <span class="method-name">openEmailClick</span>
                <span class="method-start">0 ms</span>
              </div> <!-- test-method -->
              <div class="test-method">
                <span class="method-name">MarkEmailStar</span>
                <span class="method-start">0 ms</span>
              </div> <!-- test-method -->
              <div class="test-method">
                <span class="method-name">VerifyEmailcontents</span>
                <span class="method-start">0 ms</span>
              </div> <!-- test-method -->
              <div class="configuration-test before">
                <img src="failed.png">
                </img>
                <span class="method-name">setUp</span>
                <span class="method-start">0 ms</span>
              </div> <!-- configuration-test before -->
          </div> <!-- main-panel-content rounded-window-bottom -->
        </div> <!-- panel -->
      </div> <!-- main-panel-root -->
    </div> <!-- wrapper -->
  </body>
</html>
