<?xml version="1.0" encoding="UTF-8"?>
<testng-results skipped="16" failed="0" ignored="0" total="16" passed="0">
  <reporter-output>
  </reporter-output>
  <suite name="Suite" duration-ms="8884" started-at="2019-11-05T11:00:38Z" finished-at="2019-11-05T11:00:47Z">
    <groups>
    </groups>
    <test name="Test" duration-ms="8884" started-at="2019-11-05T11:00:38Z" finished-at="2019-11-05T11:00:47Z">
      <class name="com.qaTest.Logintestcases.GmailTestCase">
        <test-method status="FAIL" signature="setUp()[pri:0, instance:com.qaTest.Logintestcases.GmailTestCase@5c3bd550]" name="setUp" is-config="true" duration-ms="8798" started-at="2019-11-05T11:00:38Z" finished-at="2019-11-05T11:00:46Z">
          <exception class="org.openqa.selenium.SessionNotCreatedException">
            <message>
              <![CDATA[session not created
from tab crashed
  (Session info: chrome=78.0.3904.70)
Build info: version: '3.141.59', revision: 'e82be7d358', time: '2018-11-14T08:17:03'
System info: host: 'NIT-LPT-R117', ip: '192.168.137.1', os.name: 'Windows 10', os.arch: 'amd64', os.version: '10.0', java.version: '1.8.0_172'
Driver info: driver.version: ChromeDriver
remote stacktrace: Backtrace:
Ordinal0 [0x00AEEB13+1501971]
Ordinal0 [0x00A6F6D1+980689]
Ordinal0 [0x009F7508+488712]
Ordinal0 [0x009F031A+459546]
Ordinal0 [0x009EFEA4+458404]
Ordinal0 [0x009EFA1D+457245]
Ordinal0 [0x009EF21D+455197]
Ordinal0 [0x009EEDE4+454116]
Ordinal0 [0x009EEDA5+454053]
Ordinal0 [0x009F6525+484645]
Ordinal0 [0x009EED5C+453980]
Ordinal0 [0x009EF6D1+456401]
Ordinal0 [0x009EF21D+455197]
Ordinal0 [0x009EEDE4+454116]
Ordinal0 [0x009EEDA5+454053]
Ordinal0 [0x009F4ECE+478926]
Ordinal0 [0x009EED5C+453980]
Ordinal0 [0x009EF6D1+456401]
Ordinal0 [0x009EF21D+455197]
Ordinal0 [0x009EEDE4+454116]
Ordinal0 [0x009EEDA5+454053]
Ordinal0 [0x009F365B+472667]
Ordinal0 [0x009EED5C+453980]
Ordinal0 [0x009EF6D1+456401]
Ordinal0 [0x009EF21D+455197]
Ordinal0 [0x009EEDE4+454116]
Ordinal0 [0x009EEDA5+454053]
Ordinal0 [0x009F2C67+470119]
Ordinal0 [0x009EED5C+453980]
Ordinal0 [0x009EF6D1+456401]
Ordinal0 [0x009EF21D+455197]
Ordinal0 [0x009EEDE4+454116]
Ordinal0 [0x009EEDA5+454053]
Ordinal0 [0x009EBA0C+440844]
Ordinal0 [0x009EED5C+453980]
Ordinal0 [0x009EEC44+453700]
Ordinal0 [0x009F8330+492336]
Ordinal0 [0x009AA108+172296]
Ordinal0 [0x009A942D+169005]
Ordinal0 [0x009A78EB+162027]
Ordinal0 [0x00990AC7+68295]
Ordinal0 [0x00991B40+72512]
Ordinal0 [0x00991AD9+72409]
Ordinal0 [0x00A88F37+1085239]
GetHandleVerifier [0x00B8D7ED+503293]
GetHandleVerifier [0x00B8D580+502672]
GetHandleVerifier [0x00B946AC+531644]
GetHandleVerifier [0x00B8DFFA+505354]
Ordinal0 [0x00A80606+1050118]
Ordinal0 [0x00A8047F+1049727]
Ordinal0 [0x00A8AF9B+1093531]
Ordinal0 [0x00A8B103+1093891]
Ordinal0 [0x00A8A095+1089685]
BaseThreadInitThunk [0x76206359+25]
RtlGetAppContainerNamedObjectPath [0x76F77B74+228]
RtlGetAppContainerNamedObjectPath [0x76F77B44+180]
]]>
            </message>
            <full-stacktrace>
              <![CDATA[org.openqa.selenium.SessionNotCreatedException: session not created
from tab crashed
  (Session info: chrome=78.0.3904.70)
Build info: version: '3.141.59', revision: 'e82be7d358', time: '2018-11-14T08:17:03'
System info: host: 'NIT-LPT-R117', ip: '192.168.137.1', os.name: 'Windows 10', os.arch: 'amd64', os.version: '10.0', java.version: '1.8.0_172'
Driver info: driver.version: ChromeDriver
remote stacktrace: Backtrace:
Ordinal0 [0x00AEEB13+1501971]
Ordinal0 [0x00A6F6D1+980689]
Ordinal0 [0x009F7508+488712]
Ordinal0 [0x009F031A+459546]
Ordinal0 [0x009EFEA4+458404]
Ordinal0 [0x009EFA1D+457245]
Ordinal0 [0x009EF21D+455197]
Ordinal0 [0x009EEDE4+454116]
Ordinal0 [0x009EEDA5+454053]
Ordinal0 [0x009F6525+484645]
Ordinal0 [0x009EED5C+453980]
Ordinal0 [0x009EF6D1+456401]
Ordinal0 [0x009EF21D+455197]
Ordinal0 [0x009EEDE4+454116]
Ordinal0 [0x009EEDA5+454053]
Ordinal0 [0x009F4ECE+478926]
Ordinal0 [0x009EED5C+453980]
Ordinal0 [0x009EF6D1+456401]
Ordinal0 [0x009EF21D+455197]
Ordinal0 [0x009EEDE4+454116]
Ordinal0 [0x009EEDA5+454053]
Ordinal0 [0x009F365B+472667]
Ordinal0 [0x009EED5C+453980]
Ordinal0 [0x009EF6D1+456401]
Ordinal0 [0x009EF21D+455197]
Ordinal0 [0x009EEDE4+454116]
Ordinal0 [0x009EEDA5+454053]
Ordinal0 [0x009F2C67+470119]
Ordinal0 [0x009EED5C+453980]
Ordinal0 [0x009EF6D1+456401]
Ordinal0 [0x009EF21D+455197]
Ordinal0 [0x009EEDE4+454116]
Ordinal0 [0x009EEDA5+454053]
Ordinal0 [0x009EBA0C+440844]
Ordinal0 [0x009EED5C+453980]
Ordinal0 [0x009EEC44+453700]
Ordinal0 [0x009F8330+492336]
Ordinal0 [0x009AA108+172296]
Ordinal0 [0x009A942D+169005]
Ordinal0 [0x009A78EB+162027]
Ordinal0 [0x00990AC7+68295]
Ordinal0 [0x00991B40+72512]
Ordinal0 [0x00991AD9+72409]
Ordinal0 [0x00A88F37+1085239]
GetHandleVerifier [0x00B8D7ED+503293]
GetHandleVerifier [0x00B8D580+502672]
GetHandleVerifier [0x00B946AC+531644]
GetHandleVerifier [0x00B8DFFA+505354]
Ordinal0 [0x00A80606+1050118]
Ordinal0 [0x00A8047F+1049727]
Ordinal0 [0x00A8AF9B+1093531]
Ordinal0 [0x00A8B103+1093891]
Ordinal0 [0x00A8A095+1089685]
BaseThreadInitThunk [0x76206359+25]
RtlGetAppContainerNamedObjectPath [0x76F77B74+228]
RtlGetAppContainerNamedObjectPath [0x76F77B44+180]

at sun.reflect.NativeConstructorAccessorImpl.newInstance0(Native Method)
at sun.reflect.NativeConstructorAccessorImpl.newInstance(NativeConstructorAccessorImpl.java:62)
at sun.reflect.DelegatingConstructorAccessorImpl.newInstance(DelegatingConstructorAccessorImpl.java:45)
at java.lang.reflect.Constructor.newInstance(Constructor.java:423)
at org.openqa.selenium.remote.W3CHandshakeResponse.lambda$errorHandler$0(W3CHandshakeResponse.java:62)
at org.openqa.selenium.remote.HandshakeResponse.lambda$getResponseFunction$0(HandshakeResponse.java:30)
at org.openqa.selenium.remote.ProtocolHandshake.lambda$createSession$0(ProtocolHandshake.java:126)
at java.util.stream.ReferencePipeline$3$1.accept(ReferencePipeline.java:193)
at java.util.Spliterators$ArraySpliterator.tryAdvance(Spliterators.java:958)
at java.util.stream.ReferencePipeline.forEachWithCancel(ReferencePipeline.java:126)
at java.util.stream.AbstractPipeline.copyIntoWithCancel(AbstractPipeline.java:498)
at java.util.stream.AbstractPipeline.copyInto(AbstractPipeline.java:485)
at java.util.stream.AbstractPipeline.wrapAndCopyInto(AbstractPipeline.java:471)
at java.util.stream.FindOps$FindOp.evaluateSequential(FindOps.java:152)
at java.util.stream.AbstractPipeline.evaluate(AbstractPipeline.java:234)
at java.util.stream.ReferencePipeline.findFirst(ReferencePipeline.java:464)
at org.openqa.selenium.remote.ProtocolHandshake.createSession(ProtocolHandshake.java:128)
at org.openqa.selenium.remote.ProtocolHandshake.createSession(ProtocolHandshake.java:74)
at org.openqa.selenium.remote.HttpCommandExecutor.execute(HttpCommandExecutor.java:136)
at org.openqa.selenium.remote.service.DriverCommandExecutor.execute(DriverCommandExecutor.java:83)
at org.openqa.selenium.remote.RemoteWebDriver.execute(RemoteWebDriver.java:552)
at org.openqa.selenium.remote.RemoteWebDriver.startSession(RemoteWebDriver.java:213)
at org.openqa.selenium.remote.RemoteWebDriver.<init>(RemoteWebDriver.java:131)
at org.openqa.selenium.chrome.ChromeDriver.<init>(ChromeDriver.java:181)
at org.openqa.selenium.chrome.ChromeDriver.<init>(ChromeDriver.java:168)
at org.openqa.selenium.chrome.ChromeDriver.<init>(ChromeDriver.java:123)
at com.qaTest.gmailapp.TestBase.initalization(TestBase.java:47)
at com.qaTest.Logintestcases.GmailTestCase.setUp(GmailTestCase.java:32)
at sun.reflect.NativeMethodAccessorImpl.invoke0(Native Method)
at sun.reflect.NativeMethodAccessorImpl.invoke(NativeMethodAccessorImpl.java:62)
at sun.reflect.DelegatingMethodAccessorImpl.invoke(DelegatingMethodAccessorImpl.java:43)
at java.lang.reflect.Method.invoke(Method.java:498)
at org.testng.internal.MethodInvocationHelper.invokeMethod(MethodInvocationHelper.java:124)
at org.testng.internal.MethodInvocationHelper.invokeMethodConsideringTimeout(MethodInvocationHelper.java:59)
at org.testng.internal.Invoker.invokeConfigurationMethod(Invoker.java:458)
at org.testng.internal.Invoker.invokeConfigurations(Invoker.java:222)
at org.testng.internal.Invoker.invokeConfigurations(Invoker.java:142)
at org.testng.TestRunner.beforeRun(TestRunner.java:529)
at org.testng.TestRunner.run(TestRunner.java:497)
at org.testng.SuiteRunner.runTest(SuiteRunner.java:455)
at org.testng.SuiteRunner.runSequentially(SuiteRunner.java:450)
at org.testng.SuiteRunner.privateRun(SuiteRunner.java:415)
at org.testng.SuiteRunner.run(SuiteRunner.java:364)
at org.testng.SuiteRunnerWorker.runSuite(SuiteRunnerWorker.java:52)
at org.testng.SuiteRunnerWorker.run(SuiteRunnerWorker.java:84)
at org.testng.TestNG.runSuitesSequentially(TestNG.java:1208)
at org.testng.TestNG.runSuitesLocally(TestNG.java:1137)
at org.testng.TestNG.runSuites(TestNG.java:1049)
at org.testng.TestNG.run(TestNG.java:1017)
at org.testng.remote.AbstractRemoteTestNG.run(AbstractRemoteTestNG.java:132)
at org.testng.remote.RemoteTestNG.initAndRun(RemoteTestNG.java:230)
at org.testng.remote.RemoteTestNG.main(RemoteTestNG.java:76)
]]>
            </full-stacktrace>
          </exception> <!-- org.openqa.selenium.SessionNotCreatedException -->
          <reporter-output>
          </reporter-output>
        </test-method> <!-- setUp -->
        <test-method status="SKIP" signature="loginPageTitleTest()[pri:1, instance:com.qaTest.Logintestcases.GmailTestCase@5c3bd550]" name="loginPageTitleTest" duration-ms="0" started-at="2019-11-05T11:00:46Z" finished-at="2019-11-05T11:00:46Z">
          <exception class="org.openqa.selenium.SessionNotCreatedException">
            <message>
              <![CDATA[session not created
from tab crashed
  (Session info: chrome=78.0.3904.70)
Build info: version: '3.141.59', revision: 'e82be7d358', time: '2018-11-14T08:17:03'
System info: host: 'NIT-LPT-R117', ip: '192.168.137.1', os.name: 'Windows 10', os.arch: 'amd64', os.version: '10.0', java.version: '1.8.0_172'
Driver info: driver.version: ChromeDriver
remote stacktrace: Backtrace:
Ordinal0 [0x00AEEB13+1501971]
Ordinal0 [0x00A6F6D1+980689]
Ordinal0 [0x009F7508+488712]
Ordinal0 [0x009F031A+459546]
Ordinal0 [0x009EFEA4+458404]
Ordinal0 [0x009EFA1D+457245]
Ordinal0 [0x009EF21D+455197]
Ordinal0 [0x009EEDE4+454116]
Ordinal0 [0x009EEDA5+454053]
Ordinal0 [0x009F6525+484645]
Ordinal0 [0x009EED5C+453980]
Ordinal0 [0x009EF6D1+456401]
Ordinal0 [0x009EF21D+455197]
Ordinal0 [0x009EEDE4+454116]
Ordinal0 [0x009EEDA5+454053]
Ordinal0 [0x009F4ECE+478926]
Ordinal0 [0x009EED5C+453980]
Ordinal0 [0x009EF6D1+456401]
Ordinal0 [0x009EF21D+455197]
Ordinal0 [0x009EEDE4+454116]
Ordinal0 [0x009EEDA5+454053]
Ordinal0 [0x009F365B+472667]
Ordinal0 [0x009EED5C+453980]
Ordinal0 [0x009EF6D1+456401]
Ordinal0 [0x009EF21D+455197]
Ordinal0 [0x009EEDE4+454116]
Ordinal0 [0x009EEDA5+454053]
Ordinal0 [0x009F2C67+470119]
Ordinal0 [0x009EED5C+453980]
Ordinal0 [0x009EF6D1+456401]
Ordinal0 [0x009EF21D+455197]
Ordinal0 [0x009EEDE4+454116]
Ordinal0 [0x009EEDA5+454053]
Ordinal0 [0x009EBA0C+440844]
Ordinal0 [0x009EED5C+453980]
Ordinal0 [0x009EEC44+453700]
Ordinal0 [0x009F8330+492336]
Ordinal0 [0x009AA108+172296]
Ordinal0 [0x009A942D+169005]
Ordinal0 [0x009A78EB+162027]
Ordinal0 [0x00990AC7+68295]
Ordinal0 [0x00991B40+72512]
Ordinal0 [0x00991AD9+72409]
Ordinal0 [0x00A88F37+1085239]
GetHandleVerifier [0x00B8D7ED+503293]
GetHandleVerifier [0x00B8D580+502672]
GetHandleVerifier [0x00B946AC+531644]
GetHandleVerifier [0x00B8DFFA+505354]
Ordinal0 [0x00A80606+1050118]
Ordinal0 [0x00A8047F+1049727]
Ordinal0 [0x00A8AF9B+1093531]
Ordinal0 [0x00A8B103+1093891]
Ordinal0 [0x00A8A095+1089685]
BaseThreadInitThunk [0x76206359+25]
RtlGetAppContainerNamedObjectPath [0x76F77B74+228]
RtlGetAppContainerNamedObjectPath [0x76F77B44+180]
]]>
            </message>
            <full-stacktrace>
              <![CDATA[org.openqa.selenium.SessionNotCreatedException: session not created
from tab crashed
  (Session info: chrome=78.0.3904.70)
Build info: version: '3.141.59', revision: 'e82be7d358', time: '2018-11-14T08:17:03'
System info: host: 'NIT-LPT-R117', ip: '192.168.137.1', os.name: 'Windows 10', os.arch: 'amd64', os.version: '10.0', java.version: '1.8.0_172'
Driver info: driver.version: ChromeDriver
remote stacktrace: Backtrace:
Ordinal0 [0x00AEEB13+1501971]
Ordinal0 [0x00A6F6D1+980689]
Ordinal0 [0x009F7508+488712]
Ordinal0 [0x009F031A+459546]
Ordinal0 [0x009EFEA4+458404]
Ordinal0 [0x009EFA1D+457245]
Ordinal0 [0x009EF21D+455197]
Ordinal0 [0x009EEDE4+454116]
Ordinal0 [0x009EEDA5+454053]
Ordinal0 [0x009F6525+484645]
Ordinal0 [0x009EED5C+453980]
Ordinal0 [0x009EF6D1+456401]
Ordinal0 [0x009EF21D+455197]
Ordinal0 [0x009EEDE4+454116]
Ordinal0 [0x009EEDA5+454053]
Ordinal0 [0x009F4ECE+478926]
Ordinal0 [0x009EED5C+453980]
Ordinal0 [0x009EF6D1+456401]
Ordinal0 [0x009EF21D+455197]
Ordinal0 [0x009EEDE4+454116]
Ordinal0 [0x009EEDA5+454053]
Ordinal0 [0x009F365B+472667]
Ordinal0 [0x009EED5C+453980]
Ordinal0 [0x009EF6D1+456401]
Ordinal0 [0x009EF21D+455197]
Ordinal0 [0x009EEDE4+454116]
Ordinal0 [0x009EEDA5+454053]
Ordinal0 [0x009F2C67+470119]
Ordinal0 [0x009EED5C+453980]
Ordinal0 [0x009EF6D1+456401]
Ordinal0 [0x009EF21D+455197]
Ordinal0 [0x009EEDE4+454116]
Ordinal0 [0x009EEDA5+454053]
Ordinal0 [0x009EBA0C+440844]
Ordinal0 [0x009EED5C+453980]
Ordinal0 [0x009EEC44+453700]
Ordinal0 [0x009F8330+492336]
Ordinal0 [0x009AA108+172296]
Ordinal0 [0x009A942D+169005]
Ordinal0 [0x009A78EB+162027]
Ordinal0 [0x00990AC7+68295]
Ordinal0 [0x00991B40+72512]
Ordinal0 [0x00991AD9+72409]
Ordinal0 [0x00A88F37+1085239]
GetHandleVerifier [0x00B8D7ED+503293]
GetHandleVerifier [0x00B8D580+502672]
GetHandleVerifier [0x00B946AC+531644]
GetHandleVerifier [0x00B8DFFA+505354]
Ordinal0 [0x00A80606+1050118]
Ordinal0 [0x00A8047F+1049727]
Ordinal0 [0x00A8AF9B+1093531]
Ordinal0 [0x00A8B103+1093891]
Ordinal0 [0x00A8A095+1089685]
BaseThreadInitThunk [0x76206359+25]
RtlGetAppContainerNamedObjectPath [0x76F77B74+228]
RtlGetAppContainerNamedObjectPath [0x76F77B44+180]

at sun.reflect.NativeConstructorAccessorImpl.newInstance0(Native Method)
at sun.reflect.NativeConstructorAccessorImpl.newInstance(NativeConstructorAccessorImpl.java:62)
at sun.reflect.DelegatingConstructorAccessorImpl.newInstance(DelegatingConstructorAccessorImpl.java:45)
at java.lang.reflect.Constructor.newInstance(Constructor.java:423)
at org.openqa.selenium.remote.W3CHandshakeResponse.lambda$errorHandler$0(W3CHandshakeResponse.java:62)
at org.openqa.selenium.remote.HandshakeResponse.lambda$getResponseFunction$0(HandshakeResponse.java:30)
at org.openqa.selenium.remote.ProtocolHandshake.lambda$createSession$0(ProtocolHandshake.java:126)
at java.util.stream.ReferencePipeline$3$1.accept(ReferencePipeline.java:193)
at java.util.Spliterators$ArraySpliterator.tryAdvance(Spliterators.java:958)
at java.util.stream.ReferencePipeline.forEachWithCancel(ReferencePipeline.java:126)
at java.util.stream.AbstractPipeline.copyIntoWithCancel(AbstractPipeline.java:498)
at java.util.stream.AbstractPipeline.copyInto(AbstractPipeline.java:485)
at java.util.stream.AbstractPipeline.wrapAndCopyInto(AbstractPipeline.java:471)
at java.util.stream.FindOps$FindOp.evaluateSequential(FindOps.java:152)
at java.util.stream.AbstractPipeline.evaluate(AbstractPipeline.java:234)
at java.util.stream.ReferencePipeline.findFirst(ReferencePipeline.java:464)
at org.openqa.selenium.remote.ProtocolHandshake.createSession(ProtocolHandshake.java:128)
at org.openqa.selenium.remote.ProtocolHandshake.createSession(ProtocolHandshake.java:74)
at org.openqa.selenium.remote.HttpCommandExecutor.execute(HttpCommandExecutor.java:136)
at org.openqa.selenium.remote.service.DriverCommandExecutor.execute(DriverCommandExecutor.java:83)
at org.openqa.selenium.remote.RemoteWebDriver.execute(RemoteWebDriver.java:552)
at org.openqa.selenium.remote.RemoteWebDriver.startSession(RemoteWebDriver.java:213)
at org.openqa.selenium.remote.RemoteWebDriver.<init>(RemoteWebDriver.java:131)
at org.openqa.selenium.chrome.ChromeDriver.<init>(ChromeDriver.java:181)
at org.openqa.selenium.chrome.ChromeDriver.<init>(ChromeDriver.java:168)
at org.openqa.selenium.chrome.ChromeDriver.<init>(ChromeDriver.java:123)
at com.qaTest.gmailapp.TestBase.initalization(TestBase.java:47)
at com.qaTest.Logintestcases.GmailTestCase.setUp(GmailTestCase.java:32)
at sun.reflect.NativeMethodAccessorImpl.invoke0(Native Method)
at sun.reflect.NativeMethodAccessorImpl.invoke(NativeMethodAccessorImpl.java:62)
at sun.reflect.DelegatingMethodAccessorImpl.invoke(DelegatingMethodAccessorImpl.java:43)
at java.lang.reflect.Method.invoke(Method.java:498)
at org.testng.internal.MethodInvocationHelper.invokeMethod(MethodInvocationHelper.java:124)
at org.testng.internal.MethodInvocationHelper.invokeMethodConsideringTimeout(MethodInvocationHelper.java:59)
at org.testng.internal.Invoker.invokeConfigurationMethod(Invoker.java:458)
at org.testng.internal.Invoker.invokeConfigurations(Invoker.java:222)
at org.testng.internal.Invoker.invokeConfigurations(Invoker.java:142)
at org.testng.TestRunner.beforeRun(TestRunner.java:529)
at org.testng.TestRunner.run(TestRunner.java:497)
at org.testng.SuiteRunner.runTest(SuiteRunner.java:455)
at org.testng.SuiteRunner.runSequentially(SuiteRunner.java:450)
at org.testng.SuiteRunner.privateRun(SuiteRunner.java:415)
at org.testng.SuiteRunner.run(SuiteRunner.java:364)
at org.testng.SuiteRunnerWorker.runSuite(SuiteRunnerWorker.java:52)
at org.testng.SuiteRunnerWorker.run(SuiteRunnerWorker.java:84)
at org.testng.TestNG.runSuitesSequentially(TestNG.java:1208)
at org.testng.TestNG.runSuitesLocally(TestNG.java:1137)
at org.testng.TestNG.runSuites(TestNG.java:1049)
at org.testng.TestNG.run(TestNG.java:1017)
at org.testng.remote.AbstractRemoteTestNG.run(AbstractRemoteTestNG.java:132)
at org.testng.remote.RemoteTestNG.initAndRun(RemoteTestNG.java:230)
at org.testng.remote.RemoteTestNG.main(RemoteTestNG.java:76)
]]>
            </full-stacktrace>
          </exception> <!-- org.openqa.selenium.SessionNotCreatedException -->
          <reporter-output>
          </reporter-output>
        </test-method> <!-- loginPageTitleTest -->
        <test-method status="SKIP" signature="VerifyEmail()[pri:2, instance:com.qaTest.Logintestcases.GmailTestCase@5c3bd550]" name="VerifyEmail" duration-ms="0" started-at="2019-11-05T11:00:46Z" finished-at="2019-11-05T11:00:46Z">
          <exception class="org.openqa.selenium.SessionNotCreatedException">
            <message>
              <![CDATA[session not created
from tab crashed
  (Session info: chrome=78.0.3904.70)
Build info: version: '3.141.59', revision: 'e82be7d358', time: '2018-11-14T08:17:03'
System info: host: 'NIT-LPT-R117', ip: '192.168.137.1', os.name: 'Windows 10', os.arch: 'amd64', os.version: '10.0', java.version: '1.8.0_172'
Driver info: driver.version: ChromeDriver
remote stacktrace: Backtrace:
Ordinal0 [0x00AEEB13+1501971]
Ordinal0 [0x00A6F6D1+980689]
Ordinal0 [0x009F7508+488712]
Ordinal0 [0x009F031A+459546]
Ordinal0 [0x009EFEA4+458404]
Ordinal0 [0x009EFA1D+457245]
Ordinal0 [0x009EF21D+455197]
Ordinal0 [0x009EEDE4+454116]
Ordinal0 [0x009EEDA5+454053]
Ordinal0 [0x009F6525+484645]
Ordinal0 [0x009EED5C+453980]
Ordinal0 [0x009EF6D1+456401]
Ordinal0 [0x009EF21D+455197]
Ordinal0 [0x009EEDE4+454116]
Ordinal0 [0x009EEDA5+454053]
Ordinal0 [0x009F4ECE+478926]
Ordinal0 [0x009EED5C+453980]
Ordinal0 [0x009EF6D1+456401]
Ordinal0 [0x009EF21D+455197]
Ordinal0 [0x009EEDE4+454116]
Ordinal0 [0x009EEDA5+454053]
Ordinal0 [0x009F365B+472667]
Ordinal0 [0x009EED5C+453980]
Ordinal0 [0x009EF6D1+456401]
Ordinal0 [0x009EF21D+455197]
Ordinal0 [0x009EEDE4+454116]
Ordinal0 [0x009EEDA5+454053]
Ordinal0 [0x009F2C67+470119]
Ordinal0 [0x009EED5C+453980]
Ordinal0 [0x009EF6D1+456401]
Ordinal0 [0x009EF21D+455197]
Ordinal0 [0x009EEDE4+454116]
Ordinal0 [0x009EEDA5+454053]
Ordinal0 [0x009EBA0C+440844]
Ordinal0 [0x009EED5C+453980]
Ordinal0 [0x009EEC44+453700]
Ordinal0 [0x009F8330+492336]
Ordinal0 [0x009AA108+172296]
Ordinal0 [0x009A942D+169005]
Ordinal0 [0x009A78EB+162027]
Ordinal0 [0x00990AC7+68295]
Ordinal0 [0x00991B40+72512]
Ordinal0 [0x00991AD9+72409]
Ordinal0 [0x00A88F37+1085239]
GetHandleVerifier [0x00B8D7ED+503293]
GetHandleVerifier [0x00B8D580+502672]
GetHandleVerifier [0x00B946AC+531644]
GetHandleVerifier [0x00B8DFFA+505354]
Ordinal0 [0x00A80606+1050118]
Ordinal0 [0x00A8047F+1049727]
Ordinal0 [0x00A8AF9B+1093531]
Ordinal0 [0x00A8B103+1093891]
Ordinal0 [0x00A8A095+1089685]
BaseThreadInitThunk [0x76206359+25]
RtlGetAppContainerNamedObjectPath [0x76F77B74+228]
RtlGetAppContainerNamedObjectPath [0x76F77B44+180]
]]>
            </message>
            <full-stacktrace>
              <![CDATA[org.openqa.selenium.SessionNotCreatedException: session not created
from tab crashed
  (Session info: chrome=78.0.3904.70)
Build info: version: '3.141.59', revision: 'e82be7d358', time: '2018-11-14T08:17:03'
System info: host: 'NIT-LPT-R117', ip: '192.168.137.1', os.name: 'Windows 10', os.arch: 'amd64', os.version: '10.0', java.version: '1.8.0_172'
Driver info: driver.version: ChromeDriver
remote stacktrace: Backtrace:
Ordinal0 [0x00AEEB13+1501971]
Ordinal0 [0x00A6F6D1+980689]
Ordinal0 [0x009F7508+488712]
Ordinal0 [0x009F031A+459546]
Ordinal0 [0x009EFEA4+458404]
Ordinal0 [0x009EFA1D+457245]
Ordinal0 [0x009EF21D+455197]
Ordinal0 [0x009EEDE4+454116]
Ordinal0 [0x009EEDA5+454053]
Ordinal0 [0x009F6525+484645]
Ordinal0 [0x009EED5C+453980]
Ordinal0 [0x009EF6D1+456401]
Ordinal0 [0x009EF21D+455197]
Ordinal0 [0x009EEDE4+454116]
Ordinal0 [0x009EEDA5+454053]
Ordinal0 [0x009F4ECE+478926]
Ordinal0 [0x009EED5C+453980]
Ordinal0 [0x009EF6D1+456401]
Ordinal0 [0x009EF21D+455197]
Ordinal0 [0x009EEDE4+454116]
Ordinal0 [0x009EEDA5+454053]
Ordinal0 [0x009F365B+472667]
Ordinal0 [0x009EED5C+453980]
Ordinal0 [0x009EF6D1+456401]
Ordinal0 [0x009EF21D+455197]
Ordinal0 [0x009EEDE4+454116]
Ordinal0 [0x009EEDA5+454053]
Ordinal0 [0x009F2C67+470119]
Ordinal0 [0x009EED5C+453980]
Ordinal0 [0x009EF6D1+456401]
Ordinal0 [0x009EF21D+455197]
Ordinal0 [0x009EEDE4+454116]
Ordinal0 [0x009EEDA5+454053]
Ordinal0 [0x009EBA0C+440844]
Ordinal0 [0x009EED5C+453980]
Ordinal0 [0x009EEC44+453700]
Ordinal0 [0x009F8330+492336]
Ordinal0 [0x009AA108+172296]
Ordinal0 [0x009A942D+169005]
Ordinal0 [0x009A78EB+162027]
Ordinal0 [0x00990AC7+68295]
Ordinal0 [0x00991B40+72512]
Ordinal0 [0x00991AD9+72409]
Ordinal0 [0x00A88F37+1085239]
GetHandleVerifier [0x00B8D7ED+503293]
GetHandleVerifier [0x00B8D580+502672]
GetHandleVerifier [0x00B946AC+531644]
GetHandleVerifier [0x00B8DFFA+505354]
Ordinal0 [0x00A80606+1050118]
Ordinal0 [0x00A8047F+1049727]
Ordinal0 [0x00A8AF9B+1093531]
Ordinal0 [0x00A8B103+1093891]
Ordinal0 [0x00A8A095+1089685]
BaseThreadInitThunk [0x76206359+25]
RtlGetAppContainerNamedObjectPath [0x76F77B74+228]
RtlGetAppContainerNamedObjectPath [0x76F77B44+180]

at sun.reflect.NativeConstructorAccessorImpl.newInstance0(Native Method)
at sun.reflect.NativeConstructorAccessorImpl.newInstance(NativeConstructorAccessorImpl.java:62)
at sun.reflect.DelegatingConstructorAccessorImpl.newInstance(DelegatingConstructorAccessorImpl.java:45)
at java.lang.reflect.Constructor.newInstance(Constructor.java:423)
at org.openqa.selenium.remote.W3CHandshakeResponse.lambda$errorHandler$0(W3CHandshakeResponse.java:62)
at org.openqa.selenium.remote.HandshakeResponse.lambda$getResponseFunction$0(HandshakeResponse.java:30)
at org.openqa.selenium.remote.ProtocolHandshake.lambda$createSession$0(ProtocolHandshake.java:126)
at java.util.stream.ReferencePipeline$3$1.accept(ReferencePipeline.java:193)
at java.util.Spliterators$ArraySpliterator.tryAdvance(Spliterators.java:958)
at java.util.stream.ReferencePipeline.forEachWithCancel(ReferencePipeline.java:126)
at java.util.stream.AbstractPipeline.copyIntoWithCancel(AbstractPipeline.java:498)
at java.util.stream.AbstractPipeline.copyInto(AbstractPipeline.java:485)
at java.util.stream.AbstractPipeline.wrapAndCopyInto(AbstractPipeline.java:471)
at java.util.stream.FindOps$FindOp.evaluateSequential(FindOps.java:152)
at java.util.stream.AbstractPipeline.evaluate(AbstractPipeline.java:234)
at java.util.stream.ReferencePipeline.findFirst(ReferencePipeline.java:464)
at org.openqa.selenium.remote.ProtocolHandshake.createSession(ProtocolHandshake.java:128)
at org.openqa.selenium.remote.ProtocolHandshake.createSession(ProtocolHandshake.java:74)
at org.openqa.selenium.remote.HttpCommandExecutor.execute(HttpCommandExecutor.java:136)
at org.openqa.selenium.remote.service.DriverCommandExecutor.execute(DriverCommandExecutor.java:83)
at org.openqa.selenium.remote.RemoteWebDriver.execute(RemoteWebDriver.java:552)
at org.openqa.selenium.remote.RemoteWebDriver.startSession(RemoteWebDriver.java:213)
at org.openqa.selenium.remote.RemoteWebDriver.<init>(RemoteWebDriver.java:131)
at org.openqa.selenium.chrome.ChromeDriver.<init>(ChromeDriver.java:181)
at org.openqa.selenium.chrome.ChromeDriver.<init>(ChromeDriver.java:168)
at org.openqa.selenium.chrome.ChromeDriver.<init>(ChromeDriver.java:123)
at com.qaTest.gmailapp.TestBase.initalization(TestBase.java:47)
at com.qaTest.Logintestcases.GmailTestCase.setUp(GmailTestCase.java:32)
at sun.reflect.NativeMethodAccessorImpl.invoke0(Native Method)
at sun.reflect.NativeMethodAccessorImpl.invoke(NativeMethodAccessorImpl.java:62)
at sun.reflect.DelegatingMethodAccessorImpl.invoke(DelegatingMethodAccessorImpl.java:43)
at java.lang.reflect.Method.invoke(Method.java:498)
at org.testng.internal.MethodInvocationHelper.invokeMethod(MethodInvocationHelper.java:124)
at org.testng.internal.MethodInvocationHelper.invokeMethodConsideringTimeout(MethodInvocationHelper.java:59)
at org.testng.internal.Invoker.invokeConfigurationMethod(Invoker.java:458)
at org.testng.internal.Invoker.invokeConfigurations(Invoker.java:222)
at org.testng.internal.Invoker.invokeConfigurations(Invoker.java:142)
at org.testng.TestRunner.beforeRun(TestRunner.java:529)
at org.testng.TestRunner.run(TestRunner.java:497)
at org.testng.SuiteRunner.runTest(SuiteRunner.java:455)
at org.testng.SuiteRunner.runSequentially(SuiteRunner.java:450)
at org.testng.SuiteRunner.privateRun(SuiteRunner.java:415)
at org.testng.SuiteRunner.run(SuiteRunner.java:364)
at org.testng.SuiteRunnerWorker.runSuite(SuiteRunnerWorker.java:52)
at org.testng.SuiteRunnerWorker.run(SuiteRunnerWorker.java:84)
at org.testng.TestNG.runSuitesSequentially(TestNG.java:1208)
at org.testng.TestNG.runSuitesLocally(TestNG.java:1137)
at org.testng.TestNG.runSuites(TestNG.java:1049)
at org.testng.TestNG.run(TestNG.java:1017)
at org.testng.remote.AbstractRemoteTestNG.run(AbstractRemoteTestNG.java:132)
at org.testng.remote.RemoteTestNG.initAndRun(RemoteTestNG.java:230)
at org.testng.remote.RemoteTestNG.main(RemoteTestNG.java:76)
]]>
            </full-stacktrace>
          </exception> <!-- org.openqa.selenium.SessionNotCreatedException -->
          <reporter-output>
          </reporter-output>
        </test-method> <!-- VerifyEmail -->
        <test-method status="SKIP" signature="VerifyNext()[pri:3, instance:com.qaTest.Logintestcases.GmailTestCase@5c3bd550]" name="VerifyNext" duration-ms="0" started-at="2019-11-05T11:00:47Z" finished-at="2019-11-05T11:00:47Z">
          <exception class="org.openqa.selenium.SessionNotCreatedException">
            <message>
              <![CDATA[session not created
from tab crashed
  (Session info: chrome=78.0.3904.70)
Build info: version: '3.141.59', revision: 'e82be7d358', time: '2018-11-14T08:17:03'
System info: host: 'NIT-LPT-R117', ip: '192.168.137.1', os.name: 'Windows 10', os.arch: 'amd64', os.version: '10.0', java.version: '1.8.0_172'
Driver info: driver.version: ChromeDriver
remote stacktrace: Backtrace:
Ordinal0 [0x00AEEB13+1501971]
Ordinal0 [0x00A6F6D1+980689]
Ordinal0 [0x009F7508+488712]
Ordinal0 [0x009F031A+459546]
Ordinal0 [0x009EFEA4+458404]
Ordinal0 [0x009EFA1D+457245]
Ordinal0 [0x009EF21D+455197]
Ordinal0 [0x009EEDE4+454116]
Ordinal0 [0x009EEDA5+454053]
Ordinal0 [0x009F6525+484645]
Ordinal0 [0x009EED5C+453980]
Ordinal0 [0x009EF6D1+456401]
Ordinal0 [0x009EF21D+455197]
Ordinal0 [0x009EEDE4+454116]
Ordinal0 [0x009EEDA5+454053]
Ordinal0 [0x009F4ECE+478926]
Ordinal0 [0x009EED5C+453980]
Ordinal0 [0x009EF6D1+456401]
Ordinal0 [0x009EF21D+455197]
Ordinal0 [0x009EEDE4+454116]
Ordinal0 [0x009EEDA5+454053]
Ordinal0 [0x009F365B+472667]
Ordinal0 [0x009EED5C+453980]
Ordinal0 [0x009EF6D1+456401]
Ordinal0 [0x009EF21D+455197]
Ordinal0 [0x009EEDE4+454116]
Ordinal0 [0x009EEDA5+454053]
Ordinal0 [0x009F2C67+470119]
Ordinal0 [0x009EED5C+453980]
Ordinal0 [0x009EF6D1+456401]
Ordinal0 [0x009EF21D+455197]
Ordinal0 [0x009EEDE4+454116]
Ordinal0 [0x009EEDA5+454053]
Ordinal0 [0x009EBA0C+440844]
Ordinal0 [0x009EED5C+453980]
Ordinal0 [0x009EEC44+453700]
Ordinal0 [0x009F8330+492336]
Ordinal0 [0x009AA108+172296]
Ordinal0 [0x009A942D+169005]
Ordinal0 [0x009A78EB+162027]
Ordinal0 [0x00990AC7+68295]
Ordinal0 [0x00991B40+72512]
Ordinal0 [0x00991AD9+72409]
Ordinal0 [0x00A88F37+1085239]
GetHandleVerifier [0x00B8D7ED+503293]
GetHandleVerifier [0x00B8D580+502672]
GetHandleVerifier [0x00B946AC+531644]
GetHandleVerifier [0x00B8DFFA+505354]
Ordinal0 [0x00A80606+1050118]
Ordinal0 [0x00A8047F+1049727]
Ordinal0 [0x00A8AF9B+1093531]
Ordinal0 [0x00A8B103+1093891]
Ordinal0 [0x00A8A095+1089685]
BaseThreadInitThunk [0x76206359+25]
RtlGetAppContainerNamedObjectPath [0x76F77B74+228]
RtlGetAppContainerNamedObjectPath [0x76F77B44+180]
]]>
            </message>
            <full-stacktrace>
              <![CDATA[org.openqa.selenium.SessionNotCreatedException: session not created
from tab crashed
  (Session info: chrome=78.0.3904.70)
Build info: version: '3.141.59', revision: 'e82be7d358', time: '2018-11-14T08:17:03'
System info: host: 'NIT-LPT-R117', ip: '192.168.137.1', os.name: 'Windows 10', os.arch: 'amd64', os.version: '10.0', java.version: '1.8.0_172'
Driver info: driver.version: ChromeDriver
remote stacktrace: Backtrace:
Ordinal0 [0x00AEEB13+1501971]
Ordinal0 [0x00A6F6D1+980689]
Ordinal0 [0x009F7508+488712]
Ordinal0 [0x009F031A+459546]
Ordinal0 [0x009EFEA4+458404]
Ordinal0 [0x009EFA1D+457245]
Ordinal0 [0x009EF21D+455197]
Ordinal0 [0x009EEDE4+454116]
Ordinal0 [0x009EEDA5+454053]
Ordinal0 [0x009F6525+484645]
Ordinal0 [0x009EED5C+453980]
Ordinal0 [0x009EF6D1+456401]
Ordinal0 [0x009EF21D+455197]
Ordinal0 [0x009EEDE4+454116]
Ordinal0 [0x009EEDA5+454053]
Ordinal0 [0x009F4ECE+478926]
Ordinal0 [0x009EED5C+453980]
Ordinal0 [0x009EF6D1+456401]
Ordinal0 [0x009EF21D+455197]
Ordinal0 [0x009EEDE4+454116]
Ordinal0 [0x009EEDA5+454053]
Ordinal0 [0x009F365B+472667]
Ordinal0 [0x009EED5C+453980]
Ordinal0 [0x009EF6D1+456401]
Ordinal0 [0x009EF21D+455197]
Ordinal0 [0x009EEDE4+454116]
Ordinal0 [0x009EEDA5+454053]
Ordinal0 [0x009F2C67+470119]
Ordinal0 [0x009EED5C+453980]
Ordinal0 [0x009EF6D1+456401]
Ordinal0 [0x009EF21D+455197]
Ordinal0 [0x009EEDE4+454116]
Ordinal0 [0x009EEDA5+454053]
Ordinal0 [0x009EBA0C+440844]
Ordinal0 [0x009EED5C+453980]
Ordinal0 [0x009EEC44+453700]
Ordinal0 [0x009F8330+492336]
Ordinal0 [0x009AA108+172296]
Ordinal0 [0x009A942D+169005]
Ordinal0 [0x009A78EB+162027]
Ordinal0 [0x00990AC7+68295]
Ordinal0 [0x00991B40+72512]
Ordinal0 [0x00991AD9+72409]
Ordinal0 [0x00A88F37+1085239]
GetHandleVerifier [0x00B8D7ED+503293]
GetHandleVerifier [0x00B8D580+502672]
GetHandleVerifier [0x00B946AC+531644]
GetHandleVerifier [0x00B8DFFA+505354]
Ordinal0 [0x00A80606+1050118]
Ordinal0 [0x00A8047F+1049727]
Ordinal0 [0x00A8AF9B+1093531]
Ordinal0 [0x00A8B103+1093891]
Ordinal0 [0x00A8A095+1089685]
BaseThreadInitThunk [0x76206359+25]
RtlGetAppContainerNamedObjectPath [0x76F77B74+228]
RtlGetAppContainerNamedObjectPath [0x76F77B44+180]

at sun.reflect.NativeConstructorAccessorImpl.newInstance0(Native Method)
at sun.reflect.NativeConstructorAccessorImpl.newInstance(NativeConstructorAccessorImpl.java:62)
at sun.reflect.DelegatingConstructorAccessorImpl.newInstance(DelegatingConstructorAccessorImpl.java:45)
at java.lang.reflect.Constructor.newInstance(Constructor.java:423)
at org.openqa.selenium.remote.W3CHandshakeResponse.lambda$errorHandler$0(W3CHandshakeResponse.java:62)
at org.openqa.selenium.remote.HandshakeResponse.lambda$getResponseFunction$0(HandshakeResponse.java:30)
at org.openqa.selenium.remote.ProtocolHandshake.lambda$createSession$0(ProtocolHandshake.java:126)
at java.util.stream.ReferencePipeline$3$1.accept(ReferencePipeline.java:193)
at java.util.Spliterators$ArraySpliterator.tryAdvance(Spliterators.java:958)
at java.util.stream.ReferencePipeline.forEachWithCancel(ReferencePipeline.java:126)
at java.util.stream.AbstractPipeline.copyIntoWithCancel(AbstractPipeline.java:498)
at java.util.stream.AbstractPipeline.copyInto(AbstractPipeline.java:485)
at java.util.stream.AbstractPipeline.wrapAndCopyInto(AbstractPipeline.java:471)
at java.util.stream.FindOps$FindOp.evaluateSequential(FindOps.java:152)
at java.util.stream.AbstractPipeline.evaluate(AbstractPipeline.java:234)
at java.util.stream.ReferencePipeline.findFirst(ReferencePipeline.java:464)
at org.openqa.selenium.remote.ProtocolHandshake.createSession(ProtocolHandshake.java:128)
at org.openqa.selenium.remote.ProtocolHandshake.createSession(ProtocolHandshake.java:74)
at org.openqa.selenium.remote.HttpCommandExecutor.execute(HttpCommandExecutor.java:136)
at org.openqa.selenium.remote.service.DriverCommandExecutor.execute(DriverCommandExecutor.java:83)
at org.openqa.selenium.remote.RemoteWebDriver.execute(RemoteWebDriver.java:552)
at org.openqa.selenium.remote.RemoteWebDriver.startSession(RemoteWebDriver.java:213)
at org.openqa.selenium.remote.RemoteWebDriver.<init>(RemoteWebDriver.java:131)
at org.openqa.selenium.chrome.ChromeDriver.<init>(ChromeDriver.java:181)
at org.openqa.selenium.chrome.ChromeDriver.<init>(ChromeDriver.java:168)
at org.openqa.selenium.chrome.ChromeDriver.<init>(ChromeDriver.java:123)
at com.qaTest.gmailapp.TestBase.initalization(TestBase.java:47)
at com.qaTest.Logintestcases.GmailTestCase.setUp(GmailTestCase.java:32)
at sun.reflect.NativeMethodAccessorImpl.invoke0(Native Method)
at sun.reflect.NativeMethodAccessorImpl.invoke(NativeMethodAccessorImpl.java:62)
at sun.reflect.DelegatingMethodAccessorImpl.invoke(DelegatingMethodAccessorImpl.java:43)
at java.lang.reflect.Method.invoke(Method.java:498)
at org.testng.internal.MethodInvocationHelper.invokeMethod(MethodInvocationHelper.java:124)
at org.testng.internal.MethodInvocationHelper.invokeMethodConsideringTimeout(MethodInvocationHelper.java:59)
at org.testng.internal.Invoker.invokeConfigurationMethod(Invoker.java:458)
at org.testng.internal.Invoker.invokeConfigurations(Invoker.java:222)
at org.testng.internal.Invoker.invokeConfigurations(Invoker.java:142)
at org.testng.TestRunner.beforeRun(TestRunner.java:529)
at org.testng.TestRunner.run(TestRunner.java:497)
at org.testng.SuiteRunner.runTest(SuiteRunner.java:455)
at org.testng.SuiteRunner.runSequentially(SuiteRunner.java:450)
at org.testng.SuiteRunner.privateRun(SuiteRunner.java:415)
at org.testng.SuiteRunner.run(SuiteRunner.java:364)
at org.testng.SuiteRunnerWorker.runSuite(SuiteRunnerWorker.java:52)
at org.testng.SuiteRunnerWorker.run(SuiteRunnerWorker.java:84)
at org.testng.TestNG.runSuitesSequentially(TestNG.java:1208)
at org.testng.TestNG.runSuitesLocally(TestNG.java:1137)
at org.testng.TestNG.runSuites(TestNG.java:1049)
at org.testng.TestNG.run(TestNG.java:1017)
at org.testng.remote.AbstractRemoteTestNG.run(AbstractRemoteTestNG.java:132)
at org.testng.remote.RemoteTestNG.initAndRun(RemoteTestNG.java:230)
at org.testng.remote.RemoteTestNG.main(RemoteTestNG.java:76)
]]>
            </full-stacktrace>
          </exception> <!-- org.openqa.selenium.SessionNotCreatedException -->
          <reporter-output>
          </reporter-output>
        </test-method> <!-- VerifyNext -->
        <test-method status="SKIP" signature="VerifyPassword()[pri:4, instance:com.qaTest.Logintestcases.GmailTestCase@5c3bd550]" name="VerifyPassword" duration-ms="0" started-at="2019-11-05T11:00:47Z" finished-at="2019-11-05T11:00:47Z">
          <exception class="org.openqa.selenium.SessionNotCreatedException">
            <message>
              <![CDATA[session not created
from tab crashed
  (Session info: chrome=78.0.3904.70)
Build info: version: '3.141.59', revision: 'e82be7d358', time: '2018-11-14T08:17:03'
System info: host: 'NIT-LPT-R117', ip: '192.168.137.1', os.name: 'Windows 10', os.arch: 'amd64', os.version: '10.0', java.version: '1.8.0_172'
Driver info: driver.version: ChromeDriver
remote stacktrace: Backtrace:
Ordinal0 [0x00AEEB13+1501971]
Ordinal0 [0x00A6F6D1+980689]
Ordinal0 [0x009F7508+488712]
Ordinal0 [0x009F031A+459546]
Ordinal0 [0x009EFEA4+458404]
Ordinal0 [0x009EFA1D+457245]
Ordinal0 [0x009EF21D+455197]
Ordinal0 [0x009EEDE4+454116]
Ordinal0 [0x009EEDA5+454053]
Ordinal0 [0x009F6525+484645]
Ordinal0 [0x009EED5C+453980]
Ordinal0 [0x009EF6D1+456401]
Ordinal0 [0x009EF21D+455197]
Ordinal0 [0x009EEDE4+454116]
Ordinal0 [0x009EEDA5+454053]
Ordinal0 [0x009F4ECE+478926]
Ordinal0 [0x009EED5C+453980]
Ordinal0 [0x009EF6D1+456401]
Ordinal0 [0x009EF21D+455197]
Ordinal0 [0x009EEDE4+454116]
Ordinal0 [0x009EEDA5+454053]
Ordinal0 [0x009F365B+472667]
Ordinal0 [0x009EED5C+453980]
Ordinal0 [0x009EF6D1+456401]
Ordinal0 [0x009EF21D+455197]
Ordinal0 [0x009EEDE4+454116]
Ordinal0 [0x009EEDA5+454053]
Ordinal0 [0x009F2C67+470119]
Ordinal0 [0x009EED5C+453980]
Ordinal0 [0x009EF6D1+456401]
Ordinal0 [0x009EF21D+455197]
Ordinal0 [0x009EEDE4+454116]
Ordinal0 [0x009EEDA5+454053]
Ordinal0 [0x009EBA0C+440844]
Ordinal0 [0x009EED5C+453980]
Ordinal0 [0x009EEC44+453700]
Ordinal0 [0x009F8330+492336]
Ordinal0 [0x009AA108+172296]
Ordinal0 [0x009A942D+169005]
Ordinal0 [0x009A78EB+162027]
Ordinal0 [0x00990AC7+68295]
Ordinal0 [0x00991B40+72512]
Ordinal0 [0x00991AD9+72409]
Ordinal0 [0x00A88F37+1085239]
GetHandleVerifier [0x00B8D7ED+503293]
GetHandleVerifier [0x00B8D580+502672]
GetHandleVerifier [0x00B946AC+531644]
GetHandleVerifier [0x00B8DFFA+505354]
Ordinal0 [0x00A80606+1050118]
Ordinal0 [0x00A8047F+1049727]
Ordinal0 [0x00A8AF9B+1093531]
Ordinal0 [0x00A8B103+1093891]
Ordinal0 [0x00A8A095+1089685]
BaseThreadInitThunk [0x76206359+25]
RtlGetAppContainerNamedObjectPath [0x76F77B74+228]
RtlGetAppContainerNamedObjectPath [0x76F77B44+180]
]]>
            </message>
            <full-stacktrace>
              <![CDATA[org.openqa.selenium.SessionNotCreatedException: session not created
from tab crashed
  (Session info: chrome=78.0.3904.70)
Build info: version: '3.141.59', revision: 'e82be7d358', time: '2018-11-14T08:17:03'
System info: host: 'NIT-LPT-R117', ip: '192.168.137.1', os.name: 'Windows 10', os.arch: 'amd64', os.version: '10.0', java.version: '1.8.0_172'
Driver info: driver.version: ChromeDriver
remote stacktrace: Backtrace:
Ordinal0 [0x00AEEB13+1501971]
Ordinal0 [0x00A6F6D1+980689]
Ordinal0 [0x009F7508+488712]
Ordinal0 [0x009F031A+459546]
Ordinal0 [0x009EFEA4+458404]
Ordinal0 [0x009EFA1D+457245]
Ordinal0 [0x009EF21D+455197]
Ordinal0 [0x009EEDE4+454116]
Ordinal0 [0x009EEDA5+454053]
Ordinal0 [0x009F6525+484645]
Ordinal0 [0x009EED5C+453980]
Ordinal0 [0x009EF6D1+456401]
Ordinal0 [0x009EF21D+455197]
Ordinal0 [0x009EEDE4+454116]
Ordinal0 [0x009EEDA5+454053]
Ordinal0 [0x009F4ECE+478926]
Ordinal0 [0x009EED5C+453980]
Ordinal0 [0x009EF6D1+456401]
Ordinal0 [0x009EF21D+455197]
Ordinal0 [0x009EEDE4+454116]
Ordinal0 [0x009EEDA5+454053]
Ordinal0 [0x009F365B+472667]
Ordinal0 [0x009EED5C+453980]
Ordinal0 [0x009EF6D1+456401]
Ordinal0 [0x009EF21D+455197]
Ordinal0 [0x009EEDE4+454116]
Ordinal0 [0x009EEDA5+454053]
Ordinal0 [0x009F2C67+470119]
Ordinal0 [0x009EED5C+453980]
Ordinal0 [0x009EF6D1+456401]
Ordinal0 [0x009EF21D+455197]
Ordinal0 [0x009EEDE4+454116]
Ordinal0 [0x009EEDA5+454053]
Ordinal0 [0x009EBA0C+440844]
Ordinal0 [0x009EED5C+453980]
Ordinal0 [0x009EEC44+453700]
Ordinal0 [0x009F8330+492336]
Ordinal0 [0x009AA108+172296]
Ordinal0 [0x009A942D+169005]
Ordinal0 [0x009A78EB+162027]
Ordinal0 [0x00990AC7+68295]
Ordinal0 [0x00991B40+72512]
Ordinal0 [0x00991AD9+72409]
Ordinal0 [0x00A88F37+1085239]
GetHandleVerifier [0x00B8D7ED+503293]
GetHandleVerifier [0x00B8D580+502672]
GetHandleVerifier [0x00B946AC+531644]
GetHandleVerifier [0x00B8DFFA+505354]
Ordinal0 [0x00A80606+1050118]
Ordinal0 [0x00A8047F+1049727]
Ordinal0 [0x00A8AF9B+1093531]
Ordinal0 [0x00A8B103+1093891]
Ordinal0 [0x00A8A095+1089685]
BaseThreadInitThunk [0x76206359+25]
RtlGetAppContainerNamedObjectPath [0x76F77B74+228]
RtlGetAppContainerNamedObjectPath [0x76F77B44+180]

at sun.reflect.NativeConstructorAccessorImpl.newInstance0(Native Method)
at sun.reflect.NativeConstructorAccessorImpl.newInstance(NativeConstructorAccessorImpl.java:62)
at sun.reflect.DelegatingConstructorAccessorImpl.newInstance(DelegatingConstructorAccessorImpl.java:45)
at java.lang.reflect.Constructor.newInstance(Constructor.java:423)
at org.openqa.selenium.remote.W3CHandshakeResponse.lambda$errorHandler$0(W3CHandshakeResponse.java:62)
at org.openqa.selenium.remote.HandshakeResponse.lambda$getResponseFunction$0(HandshakeResponse.java:30)
at org.openqa.selenium.remote.ProtocolHandshake.lambda$createSession$0(ProtocolHandshake.java:126)
at java.util.stream.ReferencePipeline$3$1.accept(ReferencePipeline.java:193)
at java.util.Spliterators$ArraySpliterator.tryAdvance(Spliterators.java:958)
at java.util.stream.ReferencePipeline.forEachWithCancel(ReferencePipeline.java:126)
at java.util.stream.AbstractPipeline.copyIntoWithCancel(AbstractPipeline.java:498)
at java.util.stream.AbstractPipeline.copyInto(AbstractPipeline.java:485)
at java.util.stream.AbstractPipeline.wrapAndCopyInto(AbstractPipeline.java:471)
at java.util.stream.FindOps$FindOp.evaluateSequential(FindOps.java:152)
at java.util.stream.AbstractPipeline.evaluate(AbstractPipeline.java:234)
at java.util.stream.ReferencePipeline.findFirst(ReferencePipeline.java:464)
at org.openqa.selenium.remote.ProtocolHandshake.createSession(ProtocolHandshake.java:128)
at org.openqa.selenium.remote.ProtocolHandshake.createSession(ProtocolHandshake.java:74)
at org.openqa.selenium.remote.HttpCommandExecutor.execute(HttpCommandExecutor.java:136)
at org.openqa.selenium.remote.service.DriverCommandExecutor.execute(DriverCommandExecutor.java:83)
at org.openqa.selenium.remote.RemoteWebDriver.execute(RemoteWebDriver.java:552)
at org.openqa.selenium.remote.RemoteWebDriver.startSession(RemoteWebDriver.java:213)
at org.openqa.selenium.remote.RemoteWebDriver.<init>(RemoteWebDriver.java:131)
at org.openqa.selenium.chrome.ChromeDriver.<init>(ChromeDriver.java:181)
at org.openqa.selenium.chrome.ChromeDriver.<init>(ChromeDriver.java:168)
at org.openqa.selenium.chrome.ChromeDriver.<init>(ChromeDriver.java:123)
at com.qaTest.gmailapp.TestBase.initalization(TestBase.java:47)
at com.qaTest.Logintestcases.GmailTestCase.setUp(GmailTestCase.java:32)
at sun.reflect.NativeMethodAccessorImpl.invoke0(Native Method)
at sun.reflect.NativeMethodAccessorImpl.invoke(NativeMethodAccessorImpl.java:62)
at sun.reflect.DelegatingMethodAccessorImpl.invoke(DelegatingMethodAccessorImpl.java:43)
at java.lang.reflect.Method.invoke(Method.java:498)
at org.testng.internal.MethodInvocationHelper.invokeMethod(MethodInvocationHelper.java:124)
at org.testng.internal.MethodInvocationHelper.invokeMethodConsideringTimeout(MethodInvocationHelper.java:59)
at org.testng.internal.Invoker.invokeConfigurationMethod(Invoker.java:458)
at org.testng.internal.Invoker.invokeConfigurations(Invoker.java:222)
at org.testng.internal.Invoker.invokeConfigurations(Invoker.java:142)
at org.testng.TestRunner.beforeRun(TestRunner.java:529)
at org.testng.TestRunner.run(TestRunner.java:497)
at org.testng.SuiteRunner.runTest(SuiteRunner.java:455)
at org.testng.SuiteRunner.runSequentially(SuiteRunner.java:450)
at org.testng.SuiteRunner.privateRun(SuiteRunner.java:415)
at org.testng.SuiteRunner.run(SuiteRunner.java:364)
at org.testng.SuiteRunnerWorker.runSuite(SuiteRunnerWorker.java:52)
at org.testng.SuiteRunnerWorker.run(SuiteRunnerWorker.java:84)
at org.testng.TestNG.runSuitesSequentially(TestNG.java:1208)
at org.testng.TestNG.runSuitesLocally(TestNG.java:1137)
at org.testng.TestNG.runSuites(TestNG.java:1049)
at org.testng.TestNG.run(TestNG.java:1017)
at org.testng.remote.AbstractRemoteTestNG.run(AbstractRemoteTestNG.java:132)
at org.testng.remote.RemoteTestNG.initAndRun(RemoteTestNG.java:230)
at org.testng.remote.RemoteTestNG.main(RemoteTestNG.java:76)
]]>
            </full-stacktrace>
          </exception> <!-- org.openqa.selenium.SessionNotCreatedException -->
          <reporter-output>
          </reporter-output>
        </test-method> <!-- VerifyPassword -->
        <test-method status="SKIP" signature="VerifyNext2()[pri:5, instance:com.qaTest.Logintestcases.GmailTestCase@5c3bd550]" name="VerifyNext2" duration-ms="0" started-at="2019-11-05T11:00:47Z" finished-at="2019-11-05T11:00:47Z">
          <exception class="org.openqa.selenium.SessionNotCreatedException">
            <message>
              <![CDATA[session not created
from tab crashed
  (Session info: chrome=78.0.3904.70)
Build info: version: '3.141.59', revision: 'e82be7d358', time: '2018-11-14T08:17:03'
System info: host: 'NIT-LPT-R117', ip: '192.168.137.1', os.name: 'Windows 10', os.arch: 'amd64', os.version: '10.0', java.version: '1.8.0_172'
Driver info: driver.version: ChromeDriver
remote stacktrace: Backtrace:
Ordinal0 [0x00AEEB13+1501971]
Ordinal0 [0x00A6F6D1+980689]
Ordinal0 [0x009F7508+488712]
Ordinal0 [0x009F031A+459546]
Ordinal0 [0x009EFEA4+458404]
Ordinal0 [0x009EFA1D+457245]
Ordinal0 [0x009EF21D+455197]
Ordinal0 [0x009EEDE4+454116]
Ordinal0 [0x009EEDA5+454053]
Ordinal0 [0x009F6525+484645]
Ordinal0 [0x009EED5C+453980]
Ordinal0 [0x009EF6D1+456401]
Ordinal0 [0x009EF21D+455197]
Ordinal0 [0x009EEDE4+454116]
Ordinal0 [0x009EEDA5+454053]
Ordinal0 [0x009F4ECE+478926]
Ordinal0 [0x009EED5C+453980]
Ordinal0 [0x009EF6D1+456401]
Ordinal0 [0x009EF21D+455197]
Ordinal0 [0x009EEDE4+454116]
Ordinal0 [0x009EEDA5+454053]
Ordinal0 [0x009F365B+472667]
Ordinal0 [0x009EED5C+453980]
Ordinal0 [0x009EF6D1+456401]
Ordinal0 [0x009EF21D+455197]
Ordinal0 [0x009EEDE4+454116]
Ordinal0 [0x009EEDA5+454053]
Ordinal0 [0x009F2C67+470119]
Ordinal0 [0x009EED5C+453980]
Ordinal0 [0x009EF6D1+456401]
Ordinal0 [0x009EF21D+455197]
Ordinal0 [0x009EEDE4+454116]
Ordinal0 [0x009EEDA5+454053]
Ordinal0 [0x009EBA0C+440844]
Ordinal0 [0x009EED5C+453980]
Ordinal0 [0x009EEC44+453700]
Ordinal0 [0x009F8330+492336]
Ordinal0 [0x009AA108+172296]
Ordinal0 [0x009A942D+169005]
Ordinal0 [0x009A78EB+162027]
Ordinal0 [0x00990AC7+68295]
Ordinal0 [0x00991B40+72512]
Ordinal0 [0x00991AD9+72409]
Ordinal0 [0x00A88F37+1085239]
GetHandleVerifier [0x00B8D7ED+503293]
GetHandleVerifier [0x00B8D580+502672]
GetHandleVerifier [0x00B946AC+531644]
GetHandleVerifier [0x00B8DFFA+505354]
Ordinal0 [0x00A80606+1050118]
Ordinal0 [0x00A8047F+1049727]
Ordinal0 [0x00A8AF9B+1093531]
Ordinal0 [0x00A8B103+1093891]
Ordinal0 [0x00A8A095+1089685]
BaseThreadInitThunk [0x76206359+25]
RtlGetAppContainerNamedObjectPath [0x76F77B74+228]
RtlGetAppContainerNamedObjectPath [0x76F77B44+180]
]]>
            </message>
            <full-stacktrace>
              <![CDATA[org.openqa.selenium.SessionNotCreatedException: session not created
from tab crashed
  (Session info: chrome=78.0.3904.70)
Build info: version: '3.141.59', revision: 'e82be7d358', time: '2018-11-14T08:17:03'
System info: host: 'NIT-LPT-R117', ip: '192.168.137.1', os.name: 'Windows 10', os.arch: 'amd64', os.version: '10.0', java.version: '1.8.0_172'
Driver info: driver.version: ChromeDriver
remote stacktrace: Backtrace:
Ordinal0 [0x00AEEB13+1501971]
Ordinal0 [0x00A6F6D1+980689]
Ordinal0 [0x009F7508+488712]
Ordinal0 [0x009F031A+459546]
Ordinal0 [0x009EFEA4+458404]
Ordinal0 [0x009EFA1D+457245]
Ordinal0 [0x009EF21D+455197]
Ordinal0 [0x009EEDE4+454116]
Ordinal0 [0x009EEDA5+454053]
Ordinal0 [0x009F6525+484645]
Ordinal0 [0x009EED5C+453980]
Ordinal0 [0x009EF6D1+456401]
Ordinal0 [0x009EF21D+455197]
Ordinal0 [0x009EEDE4+454116]
Ordinal0 [0x009EEDA5+454053]
Ordinal0 [0x009F4ECE+478926]
Ordinal0 [0x009EED5C+453980]
Ordinal0 [0x009EF6D1+456401]
Ordinal0 [0x009EF21D+455197]
Ordinal0 [0x009EEDE4+454116]
Ordinal0 [0x009EEDA5+454053]
Ordinal0 [0x009F365B+472667]
Ordinal0 [0x009EED5C+453980]
Ordinal0 [0x009EF6D1+456401]
Ordinal0 [0x009EF21D+455197]
Ordinal0 [0x009EEDE4+454116]
Ordinal0 [0x009EEDA5+454053]
Ordinal0 [0x009F2C67+470119]
Ordinal0 [0x009EED5C+453980]
Ordinal0 [0x009EF6D1+456401]
Ordinal0 [0x009EF21D+455197]
Ordinal0 [0x009EEDE4+454116]
Ordinal0 [0x009EEDA5+454053]
Ordinal0 [0x009EBA0C+440844]
Ordinal0 [0x009EED5C+453980]
Ordinal0 [0x009EEC44+453700]
Ordinal0 [0x009F8330+492336]
Ordinal0 [0x009AA108+172296]
Ordinal0 [0x009A942D+169005]
Ordinal0 [0x009A78EB+162027]
Ordinal0 [0x00990AC7+68295]
Ordinal0 [0x00991B40+72512]
Ordinal0 [0x00991AD9+72409]
Ordinal0 [0x00A88F37+1085239]
GetHandleVerifier [0x00B8D7ED+503293]
GetHandleVerifier [0x00B8D580+502672]
GetHandleVerifier [0x00B946AC+531644]
GetHandleVerifier [0x00B8DFFA+505354]
Ordinal0 [0x00A80606+1050118]
Ordinal0 [0x00A8047F+1049727]
Ordinal0 [0x00A8AF9B+1093531]
Ordinal0 [0x00A8B103+1093891]
Ordinal0 [0x00A8A095+1089685]
BaseThreadInitThunk [0x76206359+25]
RtlGetAppContainerNamedObjectPath [0x76F77B74+228]
RtlGetAppContainerNamedObjectPath [0x76F77B44+180]

at sun.reflect.NativeConstructorAccessorImpl.newInstance0(Native Method)
at sun.reflect.NativeConstructorAccessorImpl.newInstance(NativeConstructorAccessorImpl.java:62)
at sun.reflect.DelegatingConstructorAccessorImpl.newInstance(DelegatingConstructorAccessorImpl.java:45)
at java.lang.reflect.Constructor.newInstance(Constructor.java:423)
at org.openqa.selenium.remote.W3CHandshakeResponse.lambda$errorHandler$0(W3CHandshakeResponse.java:62)
at org.openqa.selenium.remote.HandshakeResponse.lambda$getResponseFunction$0(HandshakeResponse.java:30)
at org.openqa.selenium.remote.ProtocolHandshake.lambda$createSession$0(ProtocolHandshake.java:126)
at java.util.stream.ReferencePipeline$3$1.accept(ReferencePipeline.java:193)
at java.util.Spliterators$ArraySpliterator.tryAdvance(Spliterators.java:958)
at java.util.stream.ReferencePipeline.forEachWithCancel(ReferencePipeline.java:126)
at java.util.stream.AbstractPipeline.copyIntoWithCancel(AbstractPipeline.java:498)
at java.util.stream.AbstractPipeline.copyInto(AbstractPipeline.java:485)
at java.util.stream.AbstractPipeline.wrapAndCopyInto(AbstractPipeline.java:471)
at java.util.stream.FindOps$FindOp.evaluateSequential(FindOps.java:152)
at java.util.stream.AbstractPipeline.evaluate(AbstractPipeline.java:234)
at java.util.stream.ReferencePipeline.findFirst(ReferencePipeline.java:464)
at org.openqa.selenium.remote.ProtocolHandshake.createSession(ProtocolHandshake.java:128)
at org.openqa.selenium.remote.ProtocolHandshake.createSession(ProtocolHandshake.java:74)
at org.openqa.selenium.remote.HttpCommandExecutor.execute(HttpCommandExecutor.java:136)
at org.openqa.selenium.remote.service.DriverCommandExecutor.execute(DriverCommandExecutor.java:83)
at org.openqa.selenium.remote.RemoteWebDriver.execute(RemoteWebDriver.java:552)
at org.openqa.selenium.remote.RemoteWebDriver.startSession(RemoteWebDriver.java:213)
at org.openqa.selenium.remote.RemoteWebDriver.<init>(RemoteWebDriver.java:131)
at org.openqa.selenium.chrome.ChromeDriver.<init>(ChromeDriver.java:181)
at org.openqa.selenium.chrome.ChromeDriver.<init>(ChromeDriver.java:168)
at org.openqa.selenium.chrome.ChromeDriver.<init>(ChromeDriver.java:123)
at com.qaTest.gmailapp.TestBase.initalization(TestBase.java:47)
at com.qaTest.Logintestcases.GmailTestCase.setUp(GmailTestCase.java:32)
at sun.reflect.NativeMethodAccessorImpl.invoke0(Native Method)
at sun.reflect.NativeMethodAccessorImpl.invoke(NativeMethodAccessorImpl.java:62)
at sun.reflect.DelegatingMethodAccessorImpl.invoke(DelegatingMethodAccessorImpl.java:43)
at java.lang.reflect.Method.invoke(Method.java:498)
at org.testng.internal.MethodInvocationHelper.invokeMethod(MethodInvocationHelper.java:124)
at org.testng.internal.MethodInvocationHelper.invokeMethodConsideringTimeout(MethodInvocationHelper.java:59)
at org.testng.internal.Invoker.invokeConfigurationMethod(Invoker.java:458)
at org.testng.internal.Invoker.invokeConfigurations(Invoker.java:222)
at org.testng.internal.Invoker.invokeConfigurations(Invoker.java:142)
at org.testng.TestRunner.beforeRun(TestRunner.java:529)
at org.testng.TestRunner.run(TestRunner.java:497)
at org.testng.SuiteRunner.runTest(SuiteRunner.java:455)
at org.testng.SuiteRunner.runSequentially(SuiteRunner.java:450)
at org.testng.SuiteRunner.privateRun(SuiteRunner.java:415)
at org.testng.SuiteRunner.run(SuiteRunner.java:364)
at org.testng.SuiteRunnerWorker.runSuite(SuiteRunnerWorker.java:52)
at org.testng.SuiteRunnerWorker.run(SuiteRunnerWorker.java:84)
at org.testng.TestNG.runSuitesSequentially(TestNG.java:1208)
at org.testng.TestNG.runSuitesLocally(TestNG.java:1137)
at org.testng.TestNG.runSuites(TestNG.java:1049)
at org.testng.TestNG.run(TestNG.java:1017)
at org.testng.remote.AbstractRemoteTestNG.run(AbstractRemoteTestNG.java:132)
at org.testng.remote.RemoteTestNG.initAndRun(RemoteTestNG.java:230)
at org.testng.remote.RemoteTestNG.main(RemoteTestNG.java:76)
]]>
            </full-stacktrace>
          </exception> <!-- org.openqa.selenium.SessionNotCreatedException -->
          <reporter-output>
          </reporter-output>
        </test-method> <!-- VerifyNext2 -->
        <test-method status="SKIP" signature="ClickOnCompose()[pri:6, instance:com.qaTest.Logintestcases.GmailTestCase@5c3bd550]" name="ClickOnCompose" duration-ms="0" started-at="2019-11-05T11:00:47Z" finished-at="2019-11-05T11:00:47Z">
          <exception class="org.openqa.selenium.SessionNotCreatedException">
            <message>
              <![CDATA[session not created
from tab crashed
  (Session info: chrome=78.0.3904.70)
Build info: version: '3.141.59', revision: 'e82be7d358', time: '2018-11-14T08:17:03'
System info: host: 'NIT-LPT-R117', ip: '192.168.137.1', os.name: 'Windows 10', os.arch: 'amd64', os.version: '10.0', java.version: '1.8.0_172'
Driver info: driver.version: ChromeDriver
remote stacktrace: Backtrace:
Ordinal0 [0x00AEEB13+1501971]
Ordinal0 [0x00A6F6D1+980689]
Ordinal0 [0x009F7508+488712]
Ordinal0 [0x009F031A+459546]
Ordinal0 [0x009EFEA4+458404]
Ordinal0 [0x009EFA1D+457245]
Ordinal0 [0x009EF21D+455197]
Ordinal0 [0x009EEDE4+454116]
Ordinal0 [0x009EEDA5+454053]
Ordinal0 [0x009F6525+484645]
Ordinal0 [0x009EED5C+453980]
Ordinal0 [0x009EF6D1+456401]
Ordinal0 [0x009EF21D+455197]
Ordinal0 [0x009EEDE4+454116]
Ordinal0 [0x009EEDA5+454053]
Ordinal0 [0x009F4ECE+478926]
Ordinal0 [0x009EED5C+453980]
Ordinal0 [0x009EF6D1+456401]
Ordinal0 [0x009EF21D+455197]
Ordinal0 [0x009EEDE4+454116]
Ordinal0 [0x009EEDA5+454053]
Ordinal0 [0x009F365B+472667]
Ordinal0 [0x009EED5C+453980]
Ordinal0 [0x009EF6D1+456401]
Ordinal0 [0x009EF21D+455197]
Ordinal0 [0x009EEDE4+454116]
Ordinal0 [0x009EEDA5+454053]
Ordinal0 [0x009F2C67+470119]
Ordinal0 [0x009EED5C+453980]
Ordinal0 [0x009EF6D1+456401]
Ordinal0 [0x009EF21D+455197]
Ordinal0 [0x009EEDE4+454116]
Ordinal0 [0x009EEDA5+454053]
Ordinal0 [0x009EBA0C+440844]
Ordinal0 [0x009EED5C+453980]
Ordinal0 [0x009EEC44+453700]
Ordinal0 [0x009F8330+492336]
Ordinal0 [0x009AA108+172296]
Ordinal0 [0x009A942D+169005]
Ordinal0 [0x009A78EB+162027]
Ordinal0 [0x00990AC7+68295]
Ordinal0 [0x00991B40+72512]
Ordinal0 [0x00991AD9+72409]
Ordinal0 [0x00A88F37+1085239]
GetHandleVerifier [0x00B8D7ED+503293]
GetHandleVerifier [0x00B8D580+502672]
GetHandleVerifier [0x00B946AC+531644]
GetHandleVerifier [0x00B8DFFA+505354]
Ordinal0 [0x00A80606+1050118]
Ordinal0 [0x00A8047F+1049727]
Ordinal0 [0x00A8AF9B+1093531]
Ordinal0 [0x00A8B103+1093891]
Ordinal0 [0x00A8A095+1089685]
BaseThreadInitThunk [0x76206359+25]
RtlGetAppContainerNamedObjectPath [0x76F77B74+228]
RtlGetAppContainerNamedObjectPath [0x76F77B44+180]
]]>
            </message>
            <full-stacktrace>
              <![CDATA[org.openqa.selenium.SessionNotCreatedException: session not created
from tab crashed
  (Session info: chrome=78.0.3904.70)
Build info: version: '3.141.59', revision: 'e82be7d358', time: '2018-11-14T08:17:03'
System info: host: 'NIT-LPT-R117', ip: '192.168.137.1', os.name: 'Windows 10', os.arch: 'amd64', os.version: '10.0', java.version: '1.8.0_172'
Driver info: driver.version: ChromeDriver
remote stacktrace: Backtrace:
Ordinal0 [0x00AEEB13+1501971]
Ordinal0 [0x00A6F6D1+980689]
Ordinal0 [0x009F7508+488712]
Ordinal0 [0x009F031A+459546]
Ordinal0 [0x009EFEA4+458404]
Ordinal0 [0x009EFA1D+457245]
Ordinal0 [0x009EF21D+455197]
Ordinal0 [0x009EEDE4+454116]
Ordinal0 [0x009EEDA5+454053]
Ordinal0 [0x009F6525+484645]
Ordinal0 [0x009EED5C+453980]
Ordinal0 [0x009EF6D1+456401]
Ordinal0 [0x009EF21D+455197]
Ordinal0 [0x009EEDE4+454116]
Ordinal0 [0x009EEDA5+454053]
Ordinal0 [0x009F4ECE+478926]
Ordinal0 [0x009EED5C+453980]
Ordinal0 [0x009EF6D1+456401]
Ordinal0 [0x009EF21D+455197]
Ordinal0 [0x009EEDE4+454116]
Ordinal0 [0x009EEDA5+454053]
Ordinal0 [0x009F365B+472667]
Ordinal0 [0x009EED5C+453980]
Ordinal0 [0x009EF6D1+456401]
Ordinal0 [0x009EF21D+455197]
Ordinal0 [0x009EEDE4+454116]
Ordinal0 [0x009EEDA5+454053]
Ordinal0 [0x009F2C67+470119]
Ordinal0 [0x009EED5C+453980]
Ordinal0 [0x009EF6D1+456401]
Ordinal0 [0x009EF21D+455197]
Ordinal0 [0x009EEDE4+454116]
Ordinal0 [0x009EEDA5+454053]
Ordinal0 [0x009EBA0C+440844]
Ordinal0 [0x009EED5C+453980]
Ordinal0 [0x009EEC44+453700]
Ordinal0 [0x009F8330+492336]
Ordinal0 [0x009AA108+172296]
Ordinal0 [0x009A942D+169005]
Ordinal0 [0x009A78EB+162027]
Ordinal0 [0x00990AC7+68295]
Ordinal0 [0x00991B40+72512]
Ordinal0 [0x00991AD9+72409]
Ordinal0 [0x00A88F37+1085239]
GetHandleVerifier [0x00B8D7ED+503293]
GetHandleVerifier [0x00B8D580+502672]
GetHandleVerifier [0x00B946AC+531644]
GetHandleVerifier [0x00B8DFFA+505354]
Ordinal0 [0x00A80606+1050118]
Ordinal0 [0x00A8047F+1049727]
Ordinal0 [0x00A8AF9B+1093531]
Ordinal0 [0x00A8B103+1093891]
Ordinal0 [0x00A8A095+1089685]
BaseThreadInitThunk [0x76206359+25]
RtlGetAppContainerNamedObjectPath [0x76F77B74+228]
RtlGetAppContainerNamedObjectPath [0x76F77B44+180]

at sun.reflect.NativeConstructorAccessorImpl.newInstance0(Native Method)
at sun.reflect.NativeConstructorAccessorImpl.newInstance(NativeConstructorAccessorImpl.java:62)
at sun.reflect.DelegatingConstructorAccessorImpl.newInstance(DelegatingConstructorAccessorImpl.java:45)
at java.lang.reflect.Constructor.newInstance(Constructor.java:423)
at org.openqa.selenium.remote.W3CHandshakeResponse.lambda$errorHandler$0(W3CHandshakeResponse.java:62)
at org.openqa.selenium.remote.HandshakeResponse.lambda$getResponseFunction$0(HandshakeResponse.java:30)
at org.openqa.selenium.remote.ProtocolHandshake.lambda$createSession$0(ProtocolHandshake.java:126)
at java.util.stream.ReferencePipeline$3$1.accept(ReferencePipeline.java:193)
at java.util.Spliterators$ArraySpliterator.tryAdvance(Spliterators.java:958)
at java.util.stream.ReferencePipeline.forEachWithCancel(ReferencePipeline.java:126)
at java.util.stream.AbstractPipeline.copyIntoWithCancel(AbstractPipeline.java:498)
at java.util.stream.AbstractPipeline.copyInto(AbstractPipeline.java:485)
at java.util.stream.AbstractPipeline.wrapAndCopyInto(AbstractPipeline.java:471)
at java.util.stream.FindOps$FindOp.evaluateSequential(FindOps.java:152)
at java.util.stream.AbstractPipeline.evaluate(AbstractPipeline.java:234)
at java.util.stream.ReferencePipeline.findFirst(ReferencePipeline.java:464)
at org.openqa.selenium.remote.ProtocolHandshake.createSession(ProtocolHandshake.java:128)
at org.openqa.selenium.remote.ProtocolHandshake.createSession(ProtocolHandshake.java:74)
at org.openqa.selenium.remote.HttpCommandExecutor.execute(HttpCommandExecutor.java:136)
at org.openqa.selenium.remote.service.DriverCommandExecutor.execute(DriverCommandExecutor.java:83)
at org.openqa.selenium.remote.RemoteWebDriver.execute(RemoteWebDriver.java:552)
at org.openqa.selenium.remote.RemoteWebDriver.startSession(RemoteWebDriver.java:213)
at org.openqa.selenium.remote.RemoteWebDriver.<init>(RemoteWebDriver.java:131)
at org.openqa.selenium.chrome.ChromeDriver.<init>(ChromeDriver.java:181)
at org.openqa.selenium.chrome.ChromeDriver.<init>(ChromeDriver.java:168)
at org.openqa.selenium.chrome.ChromeDriver.<init>(ChromeDriver.java:123)
at com.qaTest.gmailapp.TestBase.initalization(TestBase.java:47)
at com.qaTest.Logintestcases.GmailTestCase.setUp(GmailTestCase.java:32)
at sun.reflect.NativeMethodAccessorImpl.invoke0(Native Method)
at sun.reflect.NativeMethodAccessorImpl.invoke(NativeMethodAccessorImpl.java:62)
at sun.reflect.DelegatingMethodAccessorImpl.invoke(DelegatingMethodAccessorImpl.java:43)
at java.lang.reflect.Method.invoke(Method.java:498)
at org.testng.internal.MethodInvocationHelper.invokeMethod(MethodInvocationHelper.java:124)
at org.testng.internal.MethodInvocationHelper.invokeMethodConsideringTimeout(MethodInvocationHelper.java:59)
at org.testng.internal.Invoker.invokeConfigurationMethod(Invoker.java:458)
at org.testng.internal.Invoker.invokeConfigurations(Invoker.java:222)
at org.testng.internal.Invoker.invokeConfigurations(Invoker.java:142)
at org.testng.TestRunner.beforeRun(TestRunner.java:529)
at org.testng.TestRunner.run(TestRunner.java:497)
at org.testng.SuiteRunner.runTest(SuiteRunner.java:455)
at org.testng.SuiteRunner.runSequentially(SuiteRunner.java:450)
at org.testng.SuiteRunner.privateRun(SuiteRunner.java:415)
at org.testng.SuiteRunner.run(SuiteRunner.java:364)
at org.testng.SuiteRunnerWorker.runSuite(SuiteRunnerWorker.java:52)
at org.testng.SuiteRunnerWorker.run(SuiteRunnerWorker.java:84)
at org.testng.TestNG.runSuitesSequentially(TestNG.java:1208)
at org.testng.TestNG.runSuitesLocally(TestNG.java:1137)
at org.testng.TestNG.runSuites(TestNG.java:1049)
at org.testng.TestNG.run(TestNG.java:1017)
at org.testng.remote.AbstractRemoteTestNG.run(AbstractRemoteTestNG.java:132)
at org.testng.remote.RemoteTestNG.initAndRun(RemoteTestNG.java:230)
at org.testng.remote.RemoteTestNG.main(RemoteTestNG.java:76)
]]>
            </full-stacktrace>
          </exception> <!-- org.openqa.selenium.SessionNotCreatedException -->
          <reporter-output>
          </reporter-output>
        </test-method> <!-- ClickOnCompose -->
        <test-method status="SKIP" signature="VerifyLabel()[pri:7, instance:com.qaTest.Logintestcases.GmailTestCase@5c3bd550]" name="VerifyLabel" duration-ms="0" started-at="2019-11-05T11:00:47Z" finished-at="2019-11-05T11:00:47Z">
          <exception class="org.openqa.selenium.SessionNotCreatedException">
            <message>
              <![CDATA[session not created
from tab crashed
  (Session info: chrome=78.0.3904.70)
Build info: version: '3.141.59', revision: 'e82be7d358', time: '2018-11-14T08:17:03'
System info: host: 'NIT-LPT-R117', ip: '192.168.137.1', os.name: 'Windows 10', os.arch: 'amd64', os.version: '10.0', java.version: '1.8.0_172'
Driver info: driver.version: ChromeDriver
remote stacktrace: Backtrace:
Ordinal0 [0x00AEEB13+1501971]
Ordinal0 [0x00A6F6D1+980689]
Ordinal0 [0x009F7508+488712]
Ordinal0 [0x009F031A+459546]
Ordinal0 [0x009EFEA4+458404]
Ordinal0 [0x009EFA1D+457245]
Ordinal0 [0x009EF21D+455197]
Ordinal0 [0x009EEDE4+454116]
Ordinal0 [0x009EEDA5+454053]
Ordinal0 [0x009F6525+484645]
Ordinal0 [0x009EED5C+453980]
Ordinal0 [0x009EF6D1+456401]
Ordinal0 [0x009EF21D+455197]
Ordinal0 [0x009EEDE4+454116]
Ordinal0 [0x009EEDA5+454053]
Ordinal0 [0x009F4ECE+478926]
Ordinal0 [0x009EED5C+453980]
Ordinal0 [0x009EF6D1+456401]
Ordinal0 [0x009EF21D+455197]
Ordinal0 [0x009EEDE4+454116]
Ordinal0 [0x009EEDA5+454053]
Ordinal0 [0x009F365B+472667]
Ordinal0 [0x009EED5C+453980]
Ordinal0 [0x009EF6D1+456401]
Ordinal0 [0x009EF21D+455197]
Ordinal0 [0x009EEDE4+454116]
Ordinal0 [0x009EEDA5+454053]
Ordinal0 [0x009F2C67+470119]
Ordinal0 [0x009EED5C+453980]
Ordinal0 [0x009EF6D1+456401]
Ordinal0 [0x009EF21D+455197]
Ordinal0 [0x009EEDE4+454116]
Ordinal0 [0x009EEDA5+454053]
Ordinal0 [0x009EBA0C+440844]
Ordinal0 [0x009EED5C+453980]
Ordinal0 [0x009EEC44+453700]
Ordinal0 [0x009F8330+492336]
Ordinal0 [0x009AA108+172296]
Ordinal0 [0x009A942D+169005]
Ordinal0 [0x009A78EB+162027]
Ordinal0 [0x00990AC7+68295]
Ordinal0 [0x00991B40+72512]
Ordinal0 [0x00991AD9+72409]
Ordinal0 [0x00A88F37+1085239]
GetHandleVerifier [0x00B8D7ED+503293]
GetHandleVerifier [0x00B8D580+502672]
GetHandleVerifier [0x00B946AC+531644]
GetHandleVerifier [0x00B8DFFA+505354]
Ordinal0 [0x00A80606+1050118]
Ordinal0 [0x00A8047F+1049727]
Ordinal0 [0x00A8AF9B+1093531]
Ordinal0 [0x00A8B103+1093891]
Ordinal0 [0x00A8A095+1089685]
BaseThreadInitThunk [0x76206359+25]
RtlGetAppContainerNamedObjectPath [0x76F77B74+228]
RtlGetAppContainerNamedObjectPath [0x76F77B44+180]
]]>
            </message>
            <full-stacktrace>
              <![CDATA[org.openqa.selenium.SessionNotCreatedException: session not created
from tab crashed
  (Session info: chrome=78.0.3904.70)
Build info: version: '3.141.59', revision: 'e82be7d358', time: '2018-11-14T08:17:03'
System info: host: 'NIT-LPT-R117', ip: '192.168.137.1', os.name: 'Windows 10', os.arch: 'amd64', os.version: '10.0', java.version: '1.8.0_172'
Driver info: driver.version: ChromeDriver
remote stacktrace: Backtrace:
Ordinal0 [0x00AEEB13+1501971]
Ordinal0 [0x00A6F6D1+980689]
Ordinal0 [0x009F7508+488712]
Ordinal0 [0x009F031A+459546]
Ordinal0 [0x009EFEA4+458404]
Ordinal0 [0x009EFA1D+457245]
Ordinal0 [0x009EF21D+455197]
Ordinal0 [0x009EEDE4+454116]
Ordinal0 [0x009EEDA5+454053]
Ordinal0 [0x009F6525+484645]
Ordinal0 [0x009EED5C+453980]
Ordinal0 [0x009EF6D1+456401]
Ordinal0 [0x009EF21D+455197]
Ordinal0 [0x009EEDE4+454116]
Ordinal0 [0x009EEDA5+454053]
Ordinal0 [0x009F4ECE+478926]
Ordinal0 [0x009EED5C+453980]
Ordinal0 [0x009EF6D1+456401]
Ordinal0 [0x009EF21D+455197]
Ordinal0 [0x009EEDE4+454116]
Ordinal0 [0x009EEDA5+454053]
Ordinal0 [0x009F365B+472667]
Ordinal0 [0x009EED5C+453980]
Ordinal0 [0x009EF6D1+456401]
Ordinal0 [0x009EF21D+455197]
Ordinal0 [0x009EEDE4+454116]
Ordinal0 [0x009EEDA5+454053]
Ordinal0 [0x009F2C67+470119]
Ordinal0 [0x009EED5C+453980]
Ordinal0 [0x009EF6D1+456401]
Ordinal0 [0x009EF21D+455197]
Ordinal0 [0x009EEDE4+454116]
Ordinal0 [0x009EEDA5+454053]
Ordinal0 [0x009EBA0C+440844]
Ordinal0 [0x009EED5C+453980]
Ordinal0 [0x009EEC44+453700]
Ordinal0 [0x009F8330+492336]
Ordinal0 [0x009AA108+172296]
Ordinal0 [0x009A942D+169005]
Ordinal0 [0x009A78EB+162027]
Ordinal0 [0x00990AC7+68295]
Ordinal0 [0x00991B40+72512]
Ordinal0 [0x00991AD9+72409]
Ordinal0 [0x00A88F37+1085239]
GetHandleVerifier [0x00B8D7ED+503293]
GetHandleVerifier [0x00B8D580+502672]
GetHandleVerifier [0x00B946AC+531644]
GetHandleVerifier [0x00B8DFFA+505354]
Ordinal0 [0x00A80606+1050118]
Ordinal0 [0x00A8047F+1049727]
Ordinal0 [0x00A8AF9B+1093531]
Ordinal0 [0x00A8B103+1093891]
Ordinal0 [0x00A8A095+1089685]
BaseThreadInitThunk [0x76206359+25]
RtlGetAppContainerNamedObjectPath [0x76F77B74+228]
RtlGetAppContainerNamedObjectPath [0x76F77B44+180]

at sun.reflect.NativeConstructorAccessorImpl.newInstance0(Native Method)
at sun.reflect.NativeConstructorAccessorImpl.newInstance(NativeConstructorAccessorImpl.java:62)
at sun.reflect.DelegatingConstructorAccessorImpl.newInstance(DelegatingConstructorAccessorImpl.java:45)
at java.lang.reflect.Constructor.newInstance(Constructor.java:423)
at org.openqa.selenium.remote.W3CHandshakeResponse.lambda$errorHandler$0(W3CHandshakeResponse.java:62)
at org.openqa.selenium.remote.HandshakeResponse.lambda$getResponseFunction$0(HandshakeResponse.java:30)
at org.openqa.selenium.remote.ProtocolHandshake.lambda$createSession$0(ProtocolHandshake.java:126)
at java.util.stream.ReferencePipeline$3$1.accept(ReferencePipeline.java:193)
at java.util.Spliterators$ArraySpliterator.tryAdvance(Spliterators.java:958)
at java.util.stream.ReferencePipeline.forEachWithCancel(ReferencePipeline.java:126)
at java.util.stream.AbstractPipeline.copyIntoWithCancel(AbstractPipeline.java:498)
at java.util.stream.AbstractPipeline.copyInto(AbstractPipeline.java:485)
at java.util.stream.AbstractPipeline.wrapAndCopyInto(AbstractPipeline.java:471)
at java.util.stream.FindOps$FindOp.evaluateSequential(FindOps.java:152)
at java.util.stream.AbstractPipeline.evaluate(AbstractPipeline.java:234)
at java.util.stream.ReferencePipeline.findFirst(ReferencePipeline.java:464)
at org.openqa.selenium.remote.ProtocolHandshake.createSession(ProtocolHandshake.java:128)
at org.openqa.selenium.remote.ProtocolHandshake.createSession(ProtocolHandshake.java:74)
at org.openqa.selenium.remote.HttpCommandExecutor.execute(HttpCommandExecutor.java:136)
at org.openqa.selenium.remote.service.DriverCommandExecutor.execute(DriverCommandExecutor.java:83)
at org.openqa.selenium.remote.RemoteWebDriver.execute(RemoteWebDriver.java:552)
at org.openqa.selenium.remote.RemoteWebDriver.startSession(RemoteWebDriver.java:213)
at org.openqa.selenium.remote.RemoteWebDriver.<init>(RemoteWebDriver.java:131)
at org.openqa.selenium.chrome.ChromeDriver.<init>(ChromeDriver.java:181)
at org.openqa.selenium.chrome.ChromeDriver.<init>(ChromeDriver.java:168)
at org.openqa.selenium.chrome.ChromeDriver.<init>(ChromeDriver.java:123)
at com.qaTest.gmailapp.TestBase.initalization(TestBase.java:47)
at com.qaTest.Logintestcases.GmailTestCase.setUp(GmailTestCase.java:32)
at sun.reflect.NativeMethodAccessorImpl.invoke0(Native Method)
at sun.reflect.NativeMethodAccessorImpl.invoke(NativeMethodAccessorImpl.java:62)
at sun.reflect.DelegatingMethodAccessorImpl.invoke(DelegatingMethodAccessorImpl.java:43)
at java.lang.reflect.Method.invoke(Method.java:498)
at org.testng.internal.MethodInvocationHelper.invokeMethod(MethodInvocationHelper.java:124)
at org.testng.internal.MethodInvocationHelper.invokeMethodConsideringTimeout(MethodInvocationHelper.java:59)
at org.testng.internal.Invoker.invokeConfigurationMethod(Invoker.java:458)
at org.testng.internal.Invoker.invokeConfigurations(Invoker.java:222)
at org.testng.internal.Invoker.invokeConfigurations(Invoker.java:142)
at org.testng.TestRunner.beforeRun(TestRunner.java:529)
at org.testng.TestRunner.run(TestRunner.java:497)
at org.testng.SuiteRunner.runTest(SuiteRunner.java:455)
at org.testng.SuiteRunner.runSequentially(SuiteRunner.java:450)
at org.testng.SuiteRunner.privateRun(SuiteRunner.java:415)
at org.testng.SuiteRunner.run(SuiteRunner.java:364)
at org.testng.SuiteRunnerWorker.runSuite(SuiteRunnerWorker.java:52)
at org.testng.SuiteRunnerWorker.run(SuiteRunnerWorker.java:84)
at org.testng.TestNG.runSuitesSequentially(TestNG.java:1208)
at org.testng.TestNG.runSuitesLocally(TestNG.java:1137)
at org.testng.TestNG.runSuites(TestNG.java:1049)
at org.testng.TestNG.run(TestNG.java:1017)
at org.testng.remote.AbstractRemoteTestNG.run(AbstractRemoteTestNG.java:132)
at org.testng.remote.RemoteTestNG.initAndRun(RemoteTestNG.java:230)
at org.testng.remote.RemoteTestNG.main(RemoteTestNG.java:76)
]]>
            </full-stacktrace>
          </exception> <!-- org.openqa.selenium.SessionNotCreatedException -->
          <reporter-output>
          </reporter-output>
        </test-method> <!-- VerifyLabel -->
        <test-method status="SKIP" signature="VerifyTypeLabel()[pri:8, instance:com.qaTest.Logintestcases.GmailTestCase@5c3bd550]" name="VerifyTypeLabel" duration-ms="0" started-at="2019-11-05T11:00:47Z" finished-at="2019-11-05T11:00:47Z">
          <exception class="org.openqa.selenium.SessionNotCreatedException">
            <message>
              <![CDATA[session not created
from tab crashed
  (Session info: chrome=78.0.3904.70)
Build info: version: '3.141.59', revision: 'e82be7d358', time: '2018-11-14T08:17:03'
System info: host: 'NIT-LPT-R117', ip: '192.168.137.1', os.name: 'Windows 10', os.arch: 'amd64', os.version: '10.0', java.version: '1.8.0_172'
Driver info: driver.version: ChromeDriver
remote stacktrace: Backtrace:
Ordinal0 [0x00AEEB13+1501971]
Ordinal0 [0x00A6F6D1+980689]
Ordinal0 [0x009F7508+488712]
Ordinal0 [0x009F031A+459546]
Ordinal0 [0x009EFEA4+458404]
Ordinal0 [0x009EFA1D+457245]
Ordinal0 [0x009EF21D+455197]
Ordinal0 [0x009EEDE4+454116]
Ordinal0 [0x009EEDA5+454053]
Ordinal0 [0x009F6525+484645]
Ordinal0 [0x009EED5C+453980]
Ordinal0 [0x009EF6D1+456401]
Ordinal0 [0x009EF21D+455197]
Ordinal0 [0x009EEDE4+454116]
Ordinal0 [0x009EEDA5+454053]
Ordinal0 [0x009F4ECE+478926]
Ordinal0 [0x009EED5C+453980]
Ordinal0 [0x009EF6D1+456401]
Ordinal0 [0x009EF21D+455197]
Ordinal0 [0x009EEDE4+454116]
Ordinal0 [0x009EEDA5+454053]
Ordinal0 [0x009F365B+472667]
Ordinal0 [0x009EED5C+453980]
Ordinal0 [0x009EF6D1+456401]
Ordinal0 [0x009EF21D+455197]
Ordinal0 [0x009EEDE4+454116]
Ordinal0 [0x009EEDA5+454053]
Ordinal0 [0x009F2C67+470119]
Ordinal0 [0x009EED5C+453980]
Ordinal0 [0x009EF6D1+456401]
Ordinal0 [0x009EF21D+455197]
Ordinal0 [0x009EEDE4+454116]
Ordinal0 [0x009EEDA5+454053]
Ordinal0 [0x009EBA0C+440844]
Ordinal0 [0x009EED5C+453980]
Ordinal0 [0x009EEC44+453700]
Ordinal0 [0x009F8330+492336]
Ordinal0 [0x009AA108+172296]
Ordinal0 [0x009A942D+169005]
Ordinal0 [0x009A78EB+162027]
Ordinal0 [0x00990AC7+68295]
Ordinal0 [0x00991B40+72512]
Ordinal0 [0x00991AD9+72409]
Ordinal0 [0x00A88F37+1085239]
GetHandleVerifier [0x00B8D7ED+503293]
GetHandleVerifier [0x00B8D580+502672]
GetHandleVerifier [0x00B946AC+531644]
GetHandleVerifier [0x00B8DFFA+505354]
Ordinal0 [0x00A80606+1050118]
Ordinal0 [0x00A8047F+1049727]
Ordinal0 [0x00A8AF9B+1093531]
Ordinal0 [0x00A8B103+1093891]
Ordinal0 [0x00A8A095+1089685]
BaseThreadInitThunk [0x76206359+25]
RtlGetAppContainerNamedObjectPath [0x76F77B74+228]
RtlGetAppContainerNamedObjectPath [0x76F77B44+180]
]]>
            </message>
            <full-stacktrace>
              <![CDATA[org.openqa.selenium.SessionNotCreatedException: session not created
from tab crashed
  (Session info: chrome=78.0.3904.70)
Build info: version: '3.141.59', revision: 'e82be7d358', time: '2018-11-14T08:17:03'
System info: host: 'NIT-LPT-R117', ip: '192.168.137.1', os.name: 'Windows 10', os.arch: 'amd64', os.version: '10.0', java.version: '1.8.0_172'
Driver info: driver.version: ChromeDriver
remote stacktrace: Backtrace:
Ordinal0 [0x00AEEB13+1501971]
Ordinal0 [0x00A6F6D1+980689]
Ordinal0 [0x009F7508+488712]
Ordinal0 [0x009F031A+459546]
Ordinal0 [0x009EFEA4+458404]
Ordinal0 [0x009EFA1D+457245]
Ordinal0 [0x009EF21D+455197]
Ordinal0 [0x009EEDE4+454116]
Ordinal0 [0x009EEDA5+454053]
Ordinal0 [0x009F6525+484645]
Ordinal0 [0x009EED5C+453980]
Ordinal0 [0x009EF6D1+456401]
Ordinal0 [0x009EF21D+455197]
Ordinal0 [0x009EEDE4+454116]
Ordinal0 [0x009EEDA5+454053]
Ordinal0 [0x009F4ECE+478926]
Ordinal0 [0x009EED5C+453980]
Ordinal0 [0x009EF6D1+456401]
Ordinal0 [0x009EF21D+455197]
Ordinal0 [0x009EEDE4+454116]
Ordinal0 [0x009EEDA5+454053]
Ordinal0 [0x009F365B+472667]
Ordinal0 [0x009EED5C+453980]
Ordinal0 [0x009EF6D1+456401]
Ordinal0 [0x009EF21D+455197]
Ordinal0 [0x009EEDE4+454116]
Ordinal0 [0x009EEDA5+454053]
Ordinal0 [0x009F2C67+470119]
Ordinal0 [0x009EED5C+453980]
Ordinal0 [0x009EF6D1+456401]
Ordinal0 [0x009EF21D+455197]
Ordinal0 [0x009EEDE4+454116]
Ordinal0 [0x009EEDA5+454053]
Ordinal0 [0x009EBA0C+440844]
Ordinal0 [0x009EED5C+453980]
Ordinal0 [0x009EEC44+453700]
Ordinal0 [0x009F8330+492336]
Ordinal0 [0x009AA108+172296]
Ordinal0 [0x009A942D+169005]
Ordinal0 [0x009A78EB+162027]
Ordinal0 [0x00990AC7+68295]
Ordinal0 [0x00991B40+72512]
Ordinal0 [0x00991AD9+72409]
Ordinal0 [0x00A88F37+1085239]
GetHandleVerifier [0x00B8D7ED+503293]
GetHandleVerifier [0x00B8D580+502672]
GetHandleVerifier [0x00B946AC+531644]
GetHandleVerifier [0x00B8DFFA+505354]
Ordinal0 [0x00A80606+1050118]
Ordinal0 [0x00A8047F+1049727]
Ordinal0 [0x00A8AF9B+1093531]
Ordinal0 [0x00A8B103+1093891]
Ordinal0 [0x00A8A095+1089685]
BaseThreadInitThunk [0x76206359+25]
RtlGetAppContainerNamedObjectPath [0x76F77B74+228]
RtlGetAppContainerNamedObjectPath [0x76F77B44+180]

at sun.reflect.NativeConstructorAccessorImpl.newInstance0(Native Method)
at sun.reflect.NativeConstructorAccessorImpl.newInstance(NativeConstructorAccessorImpl.java:62)
at sun.reflect.DelegatingConstructorAccessorImpl.newInstance(DelegatingConstructorAccessorImpl.java:45)
at java.lang.reflect.Constructor.newInstance(Constructor.java:423)
at org.openqa.selenium.remote.W3CHandshakeResponse.lambda$errorHandler$0(W3CHandshakeResponse.java:62)
at org.openqa.selenium.remote.HandshakeResponse.lambda$getResponseFunction$0(HandshakeResponse.java:30)
at org.openqa.selenium.remote.ProtocolHandshake.lambda$createSession$0(ProtocolHandshake.java:126)
at java.util.stream.ReferencePipeline$3$1.accept(ReferencePipeline.java:193)
at java.util.Spliterators$ArraySpliterator.tryAdvance(Spliterators.java:958)
at java.util.stream.ReferencePipeline.forEachWithCancel(ReferencePipeline.java:126)
at java.util.stream.AbstractPipeline.copyIntoWithCancel(AbstractPipeline.java:498)
at java.util.stream.AbstractPipeline.copyInto(AbstractPipeline.java:485)
at java.util.stream.AbstractPipeline.wrapAndCopyInto(AbstractPipeline.java:471)
at java.util.stream.FindOps$FindOp.evaluateSequential(FindOps.java:152)
at java.util.stream.AbstractPipeline.evaluate(AbstractPipeline.java:234)
at java.util.stream.ReferencePipeline.findFirst(ReferencePipeline.java:464)
at org.openqa.selenium.remote.ProtocolHandshake.createSession(ProtocolHandshake.java:128)
at org.openqa.selenium.remote.ProtocolHandshake.createSession(ProtocolHandshake.java:74)
at org.openqa.selenium.remote.HttpCommandExecutor.execute(HttpCommandExecutor.java:136)
at org.openqa.selenium.remote.service.DriverCommandExecutor.execute(DriverCommandExecutor.java:83)
at org.openqa.selenium.remote.RemoteWebDriver.execute(RemoteWebDriver.java:552)
at org.openqa.selenium.remote.RemoteWebDriver.startSession(RemoteWebDriver.java:213)
at org.openqa.selenium.remote.RemoteWebDriver.<init>(RemoteWebDriver.java:131)
at org.openqa.selenium.chrome.ChromeDriver.<init>(ChromeDriver.java:181)
at org.openqa.selenium.chrome.ChromeDriver.<init>(ChromeDriver.java:168)
at org.openqa.selenium.chrome.ChromeDriver.<init>(ChromeDriver.java:123)
at com.qaTest.gmailapp.TestBase.initalization(TestBase.java:47)
at com.qaTest.Logintestcases.GmailTestCase.setUp(GmailTestCase.java:32)
at sun.reflect.NativeMethodAccessorImpl.invoke0(Native Method)
at sun.reflect.NativeMethodAccessorImpl.invoke(NativeMethodAccessorImpl.java:62)
at sun.reflect.DelegatingMethodAccessorImpl.invoke(DelegatingMethodAccessorImpl.java:43)
at java.lang.reflect.Method.invoke(Method.java:498)
at org.testng.internal.MethodInvocationHelper.invokeMethod(MethodInvocationHelper.java:124)
at org.testng.internal.MethodInvocationHelper.invokeMethodConsideringTimeout(MethodInvocationHelper.java:59)
at org.testng.internal.Invoker.invokeConfigurationMethod(Invoker.java:458)
at org.testng.internal.Invoker.invokeConfigurations(Invoker.java:222)
at org.testng.internal.Invoker.invokeConfigurations(Invoker.java:142)
at org.testng.TestRunner.beforeRun(TestRunner.java:529)
at org.testng.TestRunner.run(TestRunner.java:497)
at org.testng.SuiteRunner.runTest(SuiteRunner.java:455)
at org.testng.SuiteRunner.runSequentially(SuiteRunner.java:450)
at org.testng.SuiteRunner.privateRun(SuiteRunner.java:415)
at org.testng.SuiteRunner.run(SuiteRunner.java:364)
at org.testng.SuiteRunnerWorker.runSuite(SuiteRunnerWorker.java:52)
at org.testng.SuiteRunnerWorker.run(SuiteRunnerWorker.java:84)
at org.testng.TestNG.runSuitesSequentially(TestNG.java:1208)
at org.testng.TestNG.runSuitesLocally(TestNG.java:1137)
at org.testng.TestNG.runSuites(TestNG.java:1049)
at org.testng.TestNG.run(TestNG.java:1017)
at org.testng.remote.AbstractRemoteTestNG.run(AbstractRemoteTestNG.java:132)
at org.testng.remote.RemoteTestNG.initAndRun(RemoteTestNG.java:230)
at org.testng.remote.RemoteTestNG.main(RemoteTestNG.java:76)
]]>
            </full-stacktrace>
          </exception> <!-- org.openqa.selenium.SessionNotCreatedException -->
          <reporter-output>
          </reporter-output>
        </test-method> <!-- VerifyTypeLabel -->
        <test-method status="SKIP" signature="VerifyRecipient()[pri:9, instance:com.qaTest.Logintestcases.GmailTestCase@5c3bd550]" name="VerifyRecipient" duration-ms="0" started-at="2019-11-05T11:00:47Z" finished-at="2019-11-05T11:00:47Z">
          <exception class="org.openqa.selenium.SessionNotCreatedException">
            <message>
              <![CDATA[session not created
from tab crashed
  (Session info: chrome=78.0.3904.70)
Build info: version: '3.141.59', revision: 'e82be7d358', time: '2018-11-14T08:17:03'
System info: host: 'NIT-LPT-R117', ip: '192.168.137.1', os.name: 'Windows 10', os.arch: 'amd64', os.version: '10.0', java.version: '1.8.0_172'
Driver info: driver.version: ChromeDriver
remote stacktrace: Backtrace:
Ordinal0 [0x00AEEB13+1501971]
Ordinal0 [0x00A6F6D1+980689]
Ordinal0 [0x009F7508+488712]
Ordinal0 [0x009F031A+459546]
Ordinal0 [0x009EFEA4+458404]
Ordinal0 [0x009EFA1D+457245]
Ordinal0 [0x009EF21D+455197]
Ordinal0 [0x009EEDE4+454116]
Ordinal0 [0x009EEDA5+454053]
Ordinal0 [0x009F6525+484645]
Ordinal0 [0x009EED5C+453980]
Ordinal0 [0x009EF6D1+456401]
Ordinal0 [0x009EF21D+455197]
Ordinal0 [0x009EEDE4+454116]
Ordinal0 [0x009EEDA5+454053]
Ordinal0 [0x009F4ECE+478926]
Ordinal0 [0x009EED5C+453980]
Ordinal0 [0x009EF6D1+456401]
Ordinal0 [0x009EF21D+455197]
Ordinal0 [0x009EEDE4+454116]
Ordinal0 [0x009EEDA5+454053]
Ordinal0 [0x009F365B+472667]
Ordinal0 [0x009EED5C+453980]
Ordinal0 [0x009EF6D1+456401]
Ordinal0 [0x009EF21D+455197]
Ordinal0 [0x009EEDE4+454116]
Ordinal0 [0x009EEDA5+454053]
Ordinal0 [0x009F2C67+470119]
Ordinal0 [0x009EED5C+453980]
Ordinal0 [0x009EF6D1+456401]
Ordinal0 [0x009EF21D+455197]
Ordinal0 [0x009EEDE4+454116]
Ordinal0 [0x009EEDA5+454053]
Ordinal0 [0x009EBA0C+440844]
Ordinal0 [0x009EED5C+453980]
Ordinal0 [0x009EEC44+453700]
Ordinal0 [0x009F8330+492336]
Ordinal0 [0x009AA108+172296]
Ordinal0 [0x009A942D+169005]
Ordinal0 [0x009A78EB+162027]
Ordinal0 [0x00990AC7+68295]
Ordinal0 [0x00991B40+72512]
Ordinal0 [0x00991AD9+72409]
Ordinal0 [0x00A88F37+1085239]
GetHandleVerifier [0x00B8D7ED+503293]
GetHandleVerifier [0x00B8D580+502672]
GetHandleVerifier [0x00B946AC+531644]
GetHandleVerifier [0x00B8DFFA+505354]
Ordinal0 [0x00A80606+1050118]
Ordinal0 [0x00A8047F+1049727]
Ordinal0 [0x00A8AF9B+1093531]
Ordinal0 [0x00A8B103+1093891]
Ordinal0 [0x00A8A095+1089685]
BaseThreadInitThunk [0x76206359+25]
RtlGetAppContainerNamedObjectPath [0x76F77B74+228]
RtlGetAppContainerNamedObjectPath [0x76F77B44+180]
]]>
            </message>
            <full-stacktrace>
              <![CDATA[org.openqa.selenium.SessionNotCreatedException: session not created
from tab crashed
  (Session info: chrome=78.0.3904.70)
Build info: version: '3.141.59', revision: 'e82be7d358', time: '2018-11-14T08:17:03'
System info: host: 'NIT-LPT-R117', ip: '192.168.137.1', os.name: 'Windows 10', os.arch: 'amd64', os.version: '10.0', java.version: '1.8.0_172'
Driver info: driver.version: ChromeDriver
remote stacktrace: Backtrace:
Ordinal0 [0x00AEEB13+1501971]
Ordinal0 [0x00A6F6D1+980689]
Ordinal0 [0x009F7508+488712]
Ordinal0 [0x009F031A+459546]
Ordinal0 [0x009EFEA4+458404]
Ordinal0 [0x009EFA1D+457245]
Ordinal0 [0x009EF21D+455197]
Ordinal0 [0x009EEDE4+454116]
Ordinal0 [0x009EEDA5+454053]
Ordinal0 [0x009F6525+484645]
Ordinal0 [0x009EED5C+453980]
Ordinal0 [0x009EF6D1+456401]
Ordinal0 [0x009EF21D+455197]
Ordinal0 [0x009EEDE4+454116]
Ordinal0 [0x009EEDA5+454053]
Ordinal0 [0x009F4ECE+478926]
Ordinal0 [0x009EED5C+453980]
Ordinal0 [0x009EF6D1+456401]
Ordinal0 [0x009EF21D+455197]
Ordinal0 [0x009EEDE4+454116]
Ordinal0 [0x009EEDA5+454053]
Ordinal0 [0x009F365B+472667]
Ordinal0 [0x009EED5C+453980]
Ordinal0 [0x009EF6D1+456401]
Ordinal0 [0x009EF21D+455197]
Ordinal0 [0x009EEDE4+454116]
Ordinal0 [0x009EEDA5+454053]
Ordinal0 [0x009F2C67+470119]
Ordinal0 [0x009EED5C+453980]
Ordinal0 [0x009EF6D1+456401]
Ordinal0 [0x009EF21D+455197]
Ordinal0 [0x009EEDE4+454116]
Ordinal0 [0x009EEDA5+454053]
Ordinal0 [0x009EBA0C+440844]
Ordinal0 [0x009EED5C+453980]
Ordinal0 [0x009EEC44+453700]
Ordinal0 [0x009F8330+492336]
Ordinal0 [0x009AA108+172296]
Ordinal0 [0x009A942D+169005]
Ordinal0 [0x009A78EB+162027]
Ordinal0 [0x00990AC7+68295]
Ordinal0 [0x00991B40+72512]
Ordinal0 [0x00991AD9+72409]
Ordinal0 [0x00A88F37+1085239]
GetHandleVerifier [0x00B8D7ED+503293]
GetHandleVerifier [0x00B8D580+502672]
GetHandleVerifier [0x00B946AC+531644]
GetHandleVerifier [0x00B8DFFA+505354]
Ordinal0 [0x00A80606+1050118]
Ordinal0 [0x00A8047F+1049727]
Ordinal0 [0x00A8AF9B+1093531]
Ordinal0 [0x00A8B103+1093891]
Ordinal0 [0x00A8A095+1089685]
BaseThreadInitThunk [0x76206359+25]
RtlGetAppContainerNamedObjectPath [0x76F77B74+228]
RtlGetAppContainerNamedObjectPath [0x76F77B44+180]

at sun.reflect.NativeConstructorAccessorImpl.newInstance0(Native Method)
at sun.reflect.NativeConstructorAccessorImpl.newInstance(NativeConstructorAccessorImpl.java:62)
at sun.reflect.DelegatingConstructorAccessorImpl.newInstance(DelegatingConstructorAccessorImpl.java:45)
at java.lang.reflect.Constructor.newInstance(Constructor.java:423)
at org.openqa.selenium.remote.W3CHandshakeResponse.lambda$errorHandler$0(W3CHandshakeResponse.java:62)
at org.openqa.selenium.remote.HandshakeResponse.lambda$getResponseFunction$0(HandshakeResponse.java:30)
at org.openqa.selenium.remote.ProtocolHandshake.lambda$createSession$0(ProtocolHandshake.java:126)
at java.util.stream.ReferencePipeline$3$1.accept(ReferencePipeline.java:193)
at java.util.Spliterators$ArraySpliterator.tryAdvance(Spliterators.java:958)
at java.util.stream.ReferencePipeline.forEachWithCancel(ReferencePipeline.java:126)
at java.util.stream.AbstractPipeline.copyIntoWithCancel(AbstractPipeline.java:498)
at java.util.stream.AbstractPipeline.copyInto(AbstractPipeline.java:485)
at java.util.stream.AbstractPipeline.wrapAndCopyInto(AbstractPipeline.java:471)
at java.util.stream.FindOps$FindOp.evaluateSequential(FindOps.java:152)
at java.util.stream.AbstractPipeline.evaluate(AbstractPipeline.java:234)
at java.util.stream.ReferencePipeline.findFirst(ReferencePipeline.java:464)
at org.openqa.selenium.remote.ProtocolHandshake.createSession(ProtocolHandshake.java:128)
at org.openqa.selenium.remote.ProtocolHandshake.createSession(ProtocolHandshake.java:74)
at org.openqa.selenium.remote.HttpCommandExecutor.execute(HttpCommandExecutor.java:136)
at org.openqa.selenium.remote.service.DriverCommandExecutor.execute(DriverCommandExecutor.java:83)
at org.openqa.selenium.remote.RemoteWebDriver.execute(RemoteWebDriver.java:552)
at org.openqa.selenium.remote.RemoteWebDriver.startSession(RemoteWebDriver.java:213)
at org.openqa.selenium.remote.RemoteWebDriver.<init>(RemoteWebDriver.java:131)
at org.openqa.selenium.chrome.ChromeDriver.<init>(ChromeDriver.java:181)
at org.openqa.selenium.chrome.ChromeDriver.<init>(ChromeDriver.java:168)
at org.openqa.selenium.chrome.ChromeDriver.<init>(ChromeDriver.java:123)
at com.qaTest.gmailapp.TestBase.initalization(TestBase.java:47)
at com.qaTest.Logintestcases.GmailTestCase.setUp(GmailTestCase.java:32)
at sun.reflect.NativeMethodAccessorImpl.invoke0(Native Method)
at sun.reflect.NativeMethodAccessorImpl.invoke(NativeMethodAccessorImpl.java:62)
at sun.reflect.DelegatingMethodAccessorImpl.invoke(DelegatingMethodAccessorImpl.java:43)
at java.lang.reflect.Method.invoke(Method.java:498)
at org.testng.internal.MethodInvocationHelper.invokeMethod(MethodInvocationHelper.java:124)
at org.testng.internal.MethodInvocationHelper.invokeMethodConsideringTimeout(MethodInvocationHelper.java:59)
at org.testng.internal.Invoker.invokeConfigurationMethod(Invoker.java:458)
at org.testng.internal.Invoker.invokeConfigurations(Invoker.java:222)
at org.testng.internal.Invoker.invokeConfigurations(Invoker.java:142)
at org.testng.TestRunner.beforeRun(TestRunner.java:529)
at org.testng.TestRunner.run(TestRunner.java:497)
at org.testng.SuiteRunner.runTest(SuiteRunner.java:455)
at org.testng.SuiteRunner.runSequentially(SuiteRunner.java:450)
at org.testng.SuiteRunner.privateRun(SuiteRunner.java:415)
at org.testng.SuiteRunner.run(SuiteRunner.java:364)
at org.testng.SuiteRunnerWorker.runSuite(SuiteRunnerWorker.java:52)
at org.testng.SuiteRunnerWorker.run(SuiteRunnerWorker.java:84)
at org.testng.TestNG.runSuitesSequentially(TestNG.java:1208)
at org.testng.TestNG.runSuitesLocally(TestNG.java:1137)
at org.testng.TestNG.runSuites(TestNG.java:1049)
at org.testng.TestNG.run(TestNG.java:1017)
at org.testng.remote.AbstractRemoteTestNG.run(AbstractRemoteTestNG.java:132)
at org.testng.remote.RemoteTestNG.initAndRun(RemoteTestNG.java:230)
at org.testng.remote.RemoteTestNG.main(RemoteTestNG.java:76)
]]>
            </full-stacktrace>
          </exception> <!-- org.openqa.selenium.SessionNotCreatedException -->
          <reporter-output>
          </reporter-output>
        </test-method> <!-- VerifyRecipient -->
        <test-method status="SKIP" signature="VerifySubject()[pri:10, instance:com.qaTest.Logintestcases.GmailTestCase@5c3bd550]" name="VerifySubject" duration-ms="0" started-at="2019-11-05T11:00:47Z" finished-at="2019-11-05T11:00:47Z">
          <exception class="org.openqa.selenium.SessionNotCreatedException">
            <message>
              <![CDATA[session not created
from tab crashed
  (Session info: chrome=78.0.3904.70)
Build info: version: '3.141.59', revision: 'e82be7d358', time: '2018-11-14T08:17:03'
System info: host: 'NIT-LPT-R117', ip: '192.168.137.1', os.name: 'Windows 10', os.arch: 'amd64', os.version: '10.0', java.version: '1.8.0_172'
Driver info: driver.version: ChromeDriver
remote stacktrace: Backtrace:
Ordinal0 [0x00AEEB13+1501971]
Ordinal0 [0x00A6F6D1+980689]
Ordinal0 [0x009F7508+488712]
Ordinal0 [0x009F031A+459546]
Ordinal0 [0x009EFEA4+458404]
Ordinal0 [0x009EFA1D+457245]
Ordinal0 [0x009EF21D+455197]
Ordinal0 [0x009EEDE4+454116]
Ordinal0 [0x009EEDA5+454053]
Ordinal0 [0x009F6525+484645]
Ordinal0 [0x009EED5C+453980]
Ordinal0 [0x009EF6D1+456401]
Ordinal0 [0x009EF21D+455197]
Ordinal0 [0x009EEDE4+454116]
Ordinal0 [0x009EEDA5+454053]
Ordinal0 [0x009F4ECE+478926]
Ordinal0 [0x009EED5C+453980]
Ordinal0 [0x009EF6D1+456401]
Ordinal0 [0x009EF21D+455197]
Ordinal0 [0x009EEDE4+454116]
Ordinal0 [0x009EEDA5+454053]
Ordinal0 [0x009F365B+472667]
Ordinal0 [0x009EED5C+453980]
Ordinal0 [0x009EF6D1+456401]
Ordinal0 [0x009EF21D+455197]
Ordinal0 [0x009EEDE4+454116]
Ordinal0 [0x009EEDA5+454053]
Ordinal0 [0x009F2C67+470119]
Ordinal0 [0x009EED5C+453980]
Ordinal0 [0x009EF6D1+456401]
Ordinal0 [0x009EF21D+455197]
Ordinal0 [0x009EEDE4+454116]
Ordinal0 [0x009EEDA5+454053]
Ordinal0 [0x009EBA0C+440844]
Ordinal0 [0x009EED5C+453980]
Ordinal0 [0x009EEC44+453700]
Ordinal0 [0x009F8330+492336]
Ordinal0 [0x009AA108+172296]
Ordinal0 [0x009A942D+169005]
Ordinal0 [0x009A78EB+162027]
Ordinal0 [0x00990AC7+68295]
Ordinal0 [0x00991B40+72512]
Ordinal0 [0x00991AD9+72409]
Ordinal0 [0x00A88F37+1085239]
GetHandleVerifier [0x00B8D7ED+503293]
GetHandleVerifier [0x00B8D580+502672]
GetHandleVerifier [0x00B946AC+531644]
GetHandleVerifier [0x00B8DFFA+505354]
Ordinal0 [0x00A80606+1050118]
Ordinal0 [0x00A8047F+1049727]
Ordinal0 [0x00A8AF9B+1093531]
Ordinal0 [0x00A8B103+1093891]
Ordinal0 [0x00A8A095+1089685]
BaseThreadInitThunk [0x76206359+25]
RtlGetAppContainerNamedObjectPath [0x76F77B74+228]
RtlGetAppContainerNamedObjectPath [0x76F77B44+180]
]]>
            </message>
            <full-stacktrace>
              <![CDATA[org.openqa.selenium.SessionNotCreatedException: session not created
from tab crashed
  (Session info: chrome=78.0.3904.70)
Build info: version: '3.141.59', revision: 'e82be7d358', time: '2018-11-14T08:17:03'
System info: host: 'NIT-LPT-R117', ip: '192.168.137.1', os.name: 'Windows 10', os.arch: 'amd64', os.version: '10.0', java.version: '1.8.0_172'
Driver info: driver.version: ChromeDriver
remote stacktrace: Backtrace:
Ordinal0 [0x00AEEB13+1501971]
Ordinal0 [0x00A6F6D1+980689]
Ordinal0 [0x009F7508+488712]
Ordinal0 [0x009F031A+459546]
Ordinal0 [0x009EFEA4+458404]
Ordinal0 [0x009EFA1D+457245]
Ordinal0 [0x009EF21D+455197]
Ordinal0 [0x009EEDE4+454116]
Ordinal0 [0x009EEDA5+454053]
Ordinal0 [0x009F6525+484645]
Ordinal0 [0x009EED5C+453980]
Ordinal0 [0x009EF6D1+456401]
Ordinal0 [0x009EF21D+455197]
Ordinal0 [0x009EEDE4+454116]
Ordinal0 [0x009EEDA5+454053]
Ordinal0 [0x009F4ECE+478926]
Ordinal0 [0x009EED5C+453980]
Ordinal0 [0x009EF6D1+456401]
Ordinal0 [0x009EF21D+455197]
Ordinal0 [0x009EEDE4+454116]
Ordinal0 [0x009EEDA5+454053]
Ordinal0 [0x009F365B+472667]
Ordinal0 [0x009EED5C+453980]
Ordinal0 [0x009EF6D1+456401]
Ordinal0 [0x009EF21D+455197]
Ordinal0 [0x009EEDE4+454116]
Ordinal0 [0x009EEDA5+454053]
Ordinal0 [0x009F2C67+470119]
Ordinal0 [0x009EED5C+453980]
Ordinal0 [0x009EF6D1+456401]
Ordinal0 [0x009EF21D+455197]
Ordinal0 [0x009EEDE4+454116]
Ordinal0 [0x009EEDA5+454053]
Ordinal0 [0x009EBA0C+440844]
Ordinal0 [0x009EED5C+453980]
Ordinal0 [0x009EEC44+453700]
Ordinal0 [0x009F8330+492336]
Ordinal0 [0x009AA108+172296]
Ordinal0 [0x009A942D+169005]
Ordinal0 [0x009A78EB+162027]
Ordinal0 [0x00990AC7+68295]
Ordinal0 [0x00991B40+72512]
Ordinal0 [0x00991AD9+72409]
Ordinal0 [0x00A88F37+1085239]
GetHandleVerifier [0x00B8D7ED+503293]
GetHandleVerifier [0x00B8D580+502672]
GetHandleVerifier [0x00B946AC+531644]
GetHandleVerifier [0x00B8DFFA+505354]
Ordinal0 [0x00A80606+1050118]
Ordinal0 [0x00A8047F+1049727]
Ordinal0 [0x00A8AF9B+1093531]
Ordinal0 [0x00A8B103+1093891]
Ordinal0 [0x00A8A095+1089685]
BaseThreadInitThunk [0x76206359+25]
RtlGetAppContainerNamedObjectPath [0x76F77B74+228]
RtlGetAppContainerNamedObjectPath [0x76F77B44+180]

at sun.reflect.NativeConstructorAccessorImpl.newInstance0(Native Method)
at sun.reflect.NativeConstructorAccessorImpl.newInstance(NativeConstructorAccessorImpl.java:62)
at sun.reflect.DelegatingConstructorAccessorImpl.newInstance(DelegatingConstructorAccessorImpl.java:45)
at java.lang.reflect.Constructor.newInstance(Constructor.java:423)
at org.openqa.selenium.remote.W3CHandshakeResponse.lambda$errorHandler$0(W3CHandshakeResponse.java:62)
at org.openqa.selenium.remote.HandshakeResponse.lambda$getResponseFunction$0(HandshakeResponse.java:30)
at org.openqa.selenium.remote.ProtocolHandshake.lambda$createSession$0(ProtocolHandshake.java:126)
at java.util.stream.ReferencePipeline$3$1.accept(ReferencePipeline.java:193)
at java.util.Spliterators$ArraySpliterator.tryAdvance(Spliterators.java:958)
at java.util.stream.ReferencePipeline.forEachWithCancel(ReferencePipeline.java:126)
at java.util.stream.AbstractPipeline.copyIntoWithCancel(AbstractPipeline.java:498)
at java.util.stream.AbstractPipeline.copyInto(AbstractPipeline.java:485)
at java.util.stream.AbstractPipeline.wrapAndCopyInto(AbstractPipeline.java:471)
at java.util.stream.FindOps$FindOp.evaluateSequential(FindOps.java:152)
at java.util.stream.AbstractPipeline.evaluate(AbstractPipeline.java:234)
at java.util.stream.ReferencePipeline.findFirst(ReferencePipeline.java:464)
at org.openqa.selenium.remote.ProtocolHandshake.createSession(ProtocolHandshake.java:128)
at org.openqa.selenium.remote.ProtocolHandshake.createSession(ProtocolHandshake.java:74)
at org.openqa.selenium.remote.HttpCommandExecutor.execute(HttpCommandExecutor.java:136)
at org.openqa.selenium.remote.service.DriverCommandExecutor.execute(DriverCommandExecutor.java:83)
at org.openqa.selenium.remote.RemoteWebDriver.execute(RemoteWebDriver.java:552)
at org.openqa.selenium.remote.RemoteWebDriver.startSession(RemoteWebDriver.java:213)
at org.openqa.selenium.remote.RemoteWebDriver.<init>(RemoteWebDriver.java:131)
at org.openqa.selenium.chrome.ChromeDriver.<init>(ChromeDriver.java:181)
at org.openqa.selenium.chrome.ChromeDriver.<init>(ChromeDriver.java:168)
at org.openqa.selenium.chrome.ChromeDriver.<init>(ChromeDriver.java:123)
at com.qaTest.gmailapp.TestBase.initalization(TestBase.java:47)
at com.qaTest.Logintestcases.GmailTestCase.setUp(GmailTestCase.java:32)
at sun.reflect.NativeMethodAccessorImpl.invoke0(Native Method)
at sun.reflect.NativeMethodAccessorImpl.invoke(NativeMethodAccessorImpl.java:62)
at sun.reflect.DelegatingMethodAccessorImpl.invoke(DelegatingMethodAccessorImpl.java:43)
at java.lang.reflect.Method.invoke(Method.java:498)
at org.testng.internal.MethodInvocationHelper.invokeMethod(MethodInvocationHelper.java:124)
at org.testng.internal.MethodInvocationHelper.invokeMethodConsideringTimeout(MethodInvocationHelper.java:59)
at org.testng.internal.Invoker.invokeConfigurationMethod(Invoker.java:458)
at org.testng.internal.Invoker.invokeConfigurations(Invoker.java:222)
at org.testng.internal.Invoker.invokeConfigurations(Invoker.java:142)
at org.testng.TestRunner.beforeRun(TestRunner.java:529)
at org.testng.TestRunner.run(TestRunner.java:497)
at org.testng.SuiteRunner.runTest(SuiteRunner.java:455)
at org.testng.SuiteRunner.runSequentially(SuiteRunner.java:450)
at org.testng.SuiteRunner.privateRun(SuiteRunner.java:415)
at org.testng.SuiteRunner.run(SuiteRunner.java:364)
at org.testng.SuiteRunnerWorker.runSuite(SuiteRunnerWorker.java:52)
at org.testng.SuiteRunnerWorker.run(SuiteRunnerWorker.java:84)
at org.testng.TestNG.runSuitesSequentially(TestNG.java:1208)
at org.testng.TestNG.runSuitesLocally(TestNG.java:1137)
at org.testng.TestNG.runSuites(TestNG.java:1049)
at org.testng.TestNG.run(TestNG.java:1017)
at org.testng.remote.AbstractRemoteTestNG.run(AbstractRemoteTestNG.java:132)
at org.testng.remote.RemoteTestNG.initAndRun(RemoteTestNG.java:230)
at org.testng.remote.RemoteTestNG.main(RemoteTestNG.java:76)
]]>
            </full-stacktrace>
          </exception> <!-- org.openqa.selenium.SessionNotCreatedException -->
          <reporter-output>
          </reporter-output>
        </test-method> <!-- VerifySubject -->
        <test-method status="SKIP" signature="VerifyDiscp()[pri:11, instance:com.qaTest.Logintestcases.GmailTestCase@5c3bd550]" name="VerifyDiscp" duration-ms="0" started-at="2019-11-05T11:00:47Z" finished-at="2019-11-05T11:00:47Z">
          <exception class="org.openqa.selenium.SessionNotCreatedException">
            <message>
              <![CDATA[session not created
from tab crashed
  (Session info: chrome=78.0.3904.70)
Build info: version: '3.141.59', revision: 'e82be7d358', time: '2018-11-14T08:17:03'
System info: host: 'NIT-LPT-R117', ip: '192.168.137.1', os.name: 'Windows 10', os.arch: 'amd64', os.version: '10.0', java.version: '1.8.0_172'
Driver info: driver.version: ChromeDriver
remote stacktrace: Backtrace:
Ordinal0 [0x00AEEB13+1501971]
Ordinal0 [0x00A6F6D1+980689]
Ordinal0 [0x009F7508+488712]
Ordinal0 [0x009F031A+459546]
Ordinal0 [0x009EFEA4+458404]
Ordinal0 [0x009EFA1D+457245]
Ordinal0 [0x009EF21D+455197]
Ordinal0 [0x009EEDE4+454116]
Ordinal0 [0x009EEDA5+454053]
Ordinal0 [0x009F6525+484645]
Ordinal0 [0x009EED5C+453980]
Ordinal0 [0x009EF6D1+456401]
Ordinal0 [0x009EF21D+455197]
Ordinal0 [0x009EEDE4+454116]
Ordinal0 [0x009EEDA5+454053]
Ordinal0 [0x009F4ECE+478926]
Ordinal0 [0x009EED5C+453980]
Ordinal0 [0x009EF6D1+456401]
Ordinal0 [0x009EF21D+455197]
Ordinal0 [0x009EEDE4+454116]
Ordinal0 [0x009EEDA5+454053]
Ordinal0 [0x009F365B+472667]
Ordinal0 [0x009EED5C+453980]
Ordinal0 [0x009EF6D1+456401]
Ordinal0 [0x009EF21D+455197]
Ordinal0 [0x009EEDE4+454116]
Ordinal0 [0x009EEDA5+454053]
Ordinal0 [0x009F2C67+470119]
Ordinal0 [0x009EED5C+453980]
Ordinal0 [0x009EF6D1+456401]
Ordinal0 [0x009EF21D+455197]
Ordinal0 [0x009EEDE4+454116]
Ordinal0 [0x009EEDA5+454053]
Ordinal0 [0x009EBA0C+440844]
Ordinal0 [0x009EED5C+453980]
Ordinal0 [0x009EEC44+453700]
Ordinal0 [0x009F8330+492336]
Ordinal0 [0x009AA108+172296]
Ordinal0 [0x009A942D+169005]
Ordinal0 [0x009A78EB+162027]
Ordinal0 [0x00990AC7+68295]
Ordinal0 [0x00991B40+72512]
Ordinal0 [0x00991AD9+72409]
Ordinal0 [0x00A88F37+1085239]
GetHandleVerifier [0x00B8D7ED+503293]
GetHandleVerifier [0x00B8D580+502672]
GetHandleVerifier [0x00B946AC+531644]
GetHandleVerifier [0x00B8DFFA+505354]
Ordinal0 [0x00A80606+1050118]
Ordinal0 [0x00A8047F+1049727]
Ordinal0 [0x00A8AF9B+1093531]
Ordinal0 [0x00A8B103+1093891]
Ordinal0 [0x00A8A095+1089685]
BaseThreadInitThunk [0x76206359+25]
RtlGetAppContainerNamedObjectPath [0x76F77B74+228]
RtlGetAppContainerNamedObjectPath [0x76F77B44+180]
]]>
            </message>
            <full-stacktrace>
              <![CDATA[org.openqa.selenium.SessionNotCreatedException: session not created
from tab crashed
  (Session info: chrome=78.0.3904.70)
Build info: version: '3.141.59', revision: 'e82be7d358', time: '2018-11-14T08:17:03'
System info: host: 'NIT-LPT-R117', ip: '192.168.137.1', os.name: 'Windows 10', os.arch: 'amd64', os.version: '10.0', java.version: '1.8.0_172'
Driver info: driver.version: ChromeDriver
remote stacktrace: Backtrace:
Ordinal0 [0x00AEEB13+1501971]
Ordinal0 [0x00A6F6D1+980689]
Ordinal0 [0x009F7508+488712]
Ordinal0 [0x009F031A+459546]
Ordinal0 [0x009EFEA4+458404]
Ordinal0 [0x009EFA1D+457245]
Ordinal0 [0x009EF21D+455197]
Ordinal0 [0x009EEDE4+454116]
Ordinal0 [0x009EEDA5+454053]
Ordinal0 [0x009F6525+484645]
Ordinal0 [0x009EED5C+453980]
Ordinal0 [0x009EF6D1+456401]
Ordinal0 [0x009EF21D+455197]
Ordinal0 [0x009EEDE4+454116]
Ordinal0 [0x009EEDA5+454053]
Ordinal0 [0x009F4ECE+478926]
Ordinal0 [0x009EED5C+453980]
Ordinal0 [0x009EF6D1+456401]
Ordinal0 [0x009EF21D+455197]
Ordinal0 [0x009EEDE4+454116]
Ordinal0 [0x009EEDA5+454053]
Ordinal0 [0x009F365B+472667]
Ordinal0 [0x009EED5C+453980]
Ordinal0 [0x009EF6D1+456401]
Ordinal0 [0x009EF21D+455197]
Ordinal0 [0x009EEDE4+454116]
Ordinal0 [0x009EEDA5+454053]
Ordinal0 [0x009F2C67+470119]
Ordinal0 [0x009EED5C+453980]
Ordinal0 [0x009EF6D1+456401]
Ordinal0 [0x009EF21D+455197]
Ordinal0 [0x009EEDE4+454116]
Ordinal0 [0x009EEDA5+454053]
Ordinal0 [0x009EBA0C+440844]
Ordinal0 [0x009EED5C+453980]
Ordinal0 [0x009EEC44+453700]
Ordinal0 [0x009F8330+492336]
Ordinal0 [0x009AA108+172296]
Ordinal0 [0x009A942D+169005]
Ordinal0 [0x009A78EB+162027]
Ordinal0 [0x00990AC7+68295]
Ordinal0 [0x00991B40+72512]
Ordinal0 [0x00991AD9+72409]
Ordinal0 [0x00A88F37+1085239]
GetHandleVerifier [0x00B8D7ED+503293]
GetHandleVerifier [0x00B8D580+502672]
GetHandleVerifier [0x00B946AC+531644]
GetHandleVerifier [0x00B8DFFA+505354]
Ordinal0 [0x00A80606+1050118]
Ordinal0 [0x00A8047F+1049727]
Ordinal0 [0x00A8AF9B+1093531]
Ordinal0 [0x00A8B103+1093891]
Ordinal0 [0x00A8A095+1089685]
BaseThreadInitThunk [0x76206359+25]
RtlGetAppContainerNamedObjectPath [0x76F77B74+228]
RtlGetAppContainerNamedObjectPath [0x76F77B44+180]

at sun.reflect.NativeConstructorAccessorImpl.newInstance0(Native Method)
at sun.reflect.NativeConstructorAccessorImpl.newInstance(NativeConstructorAccessorImpl.java:62)
at sun.reflect.DelegatingConstructorAccessorImpl.newInstance(DelegatingConstructorAccessorImpl.java:45)
at java.lang.reflect.Constructor.newInstance(Constructor.java:423)
at org.openqa.selenium.remote.W3CHandshakeResponse.lambda$errorHandler$0(W3CHandshakeResponse.java:62)
at org.openqa.selenium.remote.HandshakeResponse.lambda$getResponseFunction$0(HandshakeResponse.java:30)
at org.openqa.selenium.remote.ProtocolHandshake.lambda$createSession$0(ProtocolHandshake.java:126)
at java.util.stream.ReferencePipeline$3$1.accept(ReferencePipeline.java:193)
at java.util.Spliterators$ArraySpliterator.tryAdvance(Spliterators.java:958)
at java.util.stream.ReferencePipeline.forEachWithCancel(ReferencePipeline.java:126)
at java.util.stream.AbstractPipeline.copyIntoWithCancel(AbstractPipeline.java:498)
at java.util.stream.AbstractPipeline.copyInto(AbstractPipeline.java:485)
at java.util.stream.AbstractPipeline.wrapAndCopyInto(AbstractPipeline.java:471)
at java.util.stream.FindOps$FindOp.evaluateSequential(FindOps.java:152)
at java.util.stream.AbstractPipeline.evaluate(AbstractPipeline.java:234)
at java.util.stream.ReferencePipeline.findFirst(ReferencePipeline.java:464)
at org.openqa.selenium.remote.ProtocolHandshake.createSession(ProtocolHandshake.java:128)
at org.openqa.selenium.remote.ProtocolHandshake.createSession(ProtocolHandshake.java:74)
at org.openqa.selenium.remote.HttpCommandExecutor.execute(HttpCommandExecutor.java:136)
at org.openqa.selenium.remote.service.DriverCommandExecutor.execute(DriverCommandExecutor.java:83)
at org.openqa.selenium.remote.RemoteWebDriver.execute(RemoteWebDriver.java:552)
at org.openqa.selenium.remote.RemoteWebDriver.startSession(RemoteWebDriver.java:213)
at org.openqa.selenium.remote.RemoteWebDriver.<init>(RemoteWebDriver.java:131)
at org.openqa.selenium.chrome.ChromeDriver.<init>(ChromeDriver.java:181)
at org.openqa.selenium.chrome.ChromeDriver.<init>(ChromeDriver.java:168)
at org.openqa.selenium.chrome.ChromeDriver.<init>(ChromeDriver.java:123)
at com.qaTest.gmailapp.TestBase.initalization(TestBase.java:47)
at com.qaTest.Logintestcases.GmailTestCase.setUp(GmailTestCase.java:32)
at sun.reflect.NativeMethodAccessorImpl.invoke0(Native Method)
at sun.reflect.NativeMethodAccessorImpl.invoke(NativeMethodAccessorImpl.java:62)
at sun.reflect.DelegatingMethodAccessorImpl.invoke(DelegatingMethodAccessorImpl.java:43)
at java.lang.reflect.Method.invoke(Method.java:498)
at org.testng.internal.MethodInvocationHelper.invokeMethod(MethodInvocationHelper.java:124)
at org.testng.internal.MethodInvocationHelper.invokeMethodConsideringTimeout(MethodInvocationHelper.java:59)
at org.testng.internal.Invoker.invokeConfigurationMethod(Invoker.java:458)
at org.testng.internal.Invoker.invokeConfigurations(Invoker.java:222)
at org.testng.internal.Invoker.invokeConfigurations(Invoker.java:142)
at org.testng.TestRunner.beforeRun(TestRunner.java:529)
at org.testng.TestRunner.run(TestRunner.java:497)
at org.testng.SuiteRunner.runTest(SuiteRunner.java:455)
at org.testng.SuiteRunner.runSequentially(SuiteRunner.java:450)
at org.testng.SuiteRunner.privateRun(SuiteRunner.java:415)
at org.testng.SuiteRunner.run(SuiteRunner.java:364)
at org.testng.SuiteRunnerWorker.runSuite(SuiteRunnerWorker.java:52)
at org.testng.SuiteRunnerWorker.run(SuiteRunnerWorker.java:84)
at org.testng.TestNG.runSuitesSequentially(TestNG.java:1208)
at org.testng.TestNG.runSuitesLocally(TestNG.java:1137)
at org.testng.TestNG.runSuites(TestNG.java:1049)
at org.testng.TestNG.run(TestNG.java:1017)
at org.testng.remote.AbstractRemoteTestNG.run(AbstractRemoteTestNG.java:132)
at org.testng.remote.RemoteTestNG.initAndRun(RemoteTestNG.java:230)
at org.testng.remote.RemoteTestNG.main(RemoteTestNG.java:76)
]]>
            </full-stacktrace>
          </exception> <!-- org.openqa.selenium.SessionNotCreatedException -->
          <reporter-output>
          </reporter-output>
        </test-method> <!-- VerifyDiscp -->
        <test-method status="SKIP" signature="VerifyClickSendBtn()[pri:12, instance:com.qaTest.Logintestcases.GmailTestCase@5c3bd550]" name="VerifyClickSendBtn" duration-ms="0" started-at="2019-11-05T11:00:47Z" finished-at="2019-11-05T11:00:47Z">
          <exception class="org.openqa.selenium.SessionNotCreatedException">
            <message>
              <![CDATA[session not created
from tab crashed
  (Session info: chrome=78.0.3904.70)
Build info: version: '3.141.59', revision: 'e82be7d358', time: '2018-11-14T08:17:03'
System info: host: 'NIT-LPT-R117', ip: '192.168.137.1', os.name: 'Windows 10', os.arch: 'amd64', os.version: '10.0', java.version: '1.8.0_172'
Driver info: driver.version: ChromeDriver
remote stacktrace: Backtrace:
Ordinal0 [0x00AEEB13+1501971]
Ordinal0 [0x00A6F6D1+980689]
Ordinal0 [0x009F7508+488712]
Ordinal0 [0x009F031A+459546]
Ordinal0 [0x009EFEA4+458404]
Ordinal0 [0x009EFA1D+457245]
Ordinal0 [0x009EF21D+455197]
Ordinal0 [0x009EEDE4+454116]
Ordinal0 [0x009EEDA5+454053]
Ordinal0 [0x009F6525+484645]
Ordinal0 [0x009EED5C+453980]
Ordinal0 [0x009EF6D1+456401]
Ordinal0 [0x009EF21D+455197]
Ordinal0 [0x009EEDE4+454116]
Ordinal0 [0x009EEDA5+454053]
Ordinal0 [0x009F4ECE+478926]
Ordinal0 [0x009EED5C+453980]
Ordinal0 [0x009EF6D1+456401]
Ordinal0 [0x009EF21D+455197]
Ordinal0 [0x009EEDE4+454116]
Ordinal0 [0x009EEDA5+454053]
Ordinal0 [0x009F365B+472667]
Ordinal0 [0x009EED5C+453980]
Ordinal0 [0x009EF6D1+456401]
Ordinal0 [0x009EF21D+455197]
Ordinal0 [0x009EEDE4+454116]
Ordinal0 [0x009EEDA5+454053]
Ordinal0 [0x009F2C67+470119]
Ordinal0 [0x009EED5C+453980]
Ordinal0 [0x009EF6D1+456401]
Ordinal0 [0x009EF21D+455197]
Ordinal0 [0x009EEDE4+454116]
Ordinal0 [0x009EEDA5+454053]
Ordinal0 [0x009EBA0C+440844]
Ordinal0 [0x009EED5C+453980]
Ordinal0 [0x009EEC44+453700]
Ordinal0 [0x009F8330+492336]
Ordinal0 [0x009AA108+172296]
Ordinal0 [0x009A942D+169005]
Ordinal0 [0x009A78EB+162027]
Ordinal0 [0x00990AC7+68295]
Ordinal0 [0x00991B40+72512]
Ordinal0 [0x00991AD9+72409]
Ordinal0 [0x00A88F37+1085239]
GetHandleVerifier [0x00B8D7ED+503293]
GetHandleVerifier [0x00B8D580+502672]
GetHandleVerifier [0x00B946AC+531644]
GetHandleVerifier [0x00B8DFFA+505354]
Ordinal0 [0x00A80606+1050118]
Ordinal0 [0x00A8047F+1049727]
Ordinal0 [0x00A8AF9B+1093531]
Ordinal0 [0x00A8B103+1093891]
Ordinal0 [0x00A8A095+1089685]
BaseThreadInitThunk [0x76206359+25]
RtlGetAppContainerNamedObjectPath [0x76F77B74+228]
RtlGetAppContainerNamedObjectPath [0x76F77B44+180]
]]>
            </message>
            <full-stacktrace>
              <![CDATA[org.openqa.selenium.SessionNotCreatedException: session not created
from tab crashed
  (Session info: chrome=78.0.3904.70)
Build info: version: '3.141.59', revision: 'e82be7d358', time: '2018-11-14T08:17:03'
System info: host: 'NIT-LPT-R117', ip: '192.168.137.1', os.name: 'Windows 10', os.arch: 'amd64', os.version: '10.0', java.version: '1.8.0_172'
Driver info: driver.version: ChromeDriver
remote stacktrace: Backtrace:
Ordinal0 [0x00AEEB13+1501971]
Ordinal0 [0x00A6F6D1+980689]
Ordinal0 [0x009F7508+488712]
Ordinal0 [0x009F031A+459546]
Ordinal0 [0x009EFEA4+458404]
Ordinal0 [0x009EFA1D+457245]
Ordinal0 [0x009EF21D+455197]
Ordinal0 [0x009EEDE4+454116]
Ordinal0 [0x009EEDA5+454053]
Ordinal0 [0x009F6525+484645]
Ordinal0 [0x009EED5C+453980]
Ordinal0 [0x009EF6D1+456401]
Ordinal0 [0x009EF21D+455197]
Ordinal0 [0x009EEDE4+454116]
Ordinal0 [0x009EEDA5+454053]
Ordinal0 [0x009F4ECE+478926]
Ordinal0 [0x009EED5C+453980]
Ordinal0 [0x009EF6D1+456401]
Ordinal0 [0x009EF21D+455197]
Ordinal0 [0x009EEDE4+454116]
Ordinal0 [0x009EEDA5+454053]
Ordinal0 [0x009F365B+472667]
Ordinal0 [0x009EED5C+453980]
Ordinal0 [0x009EF6D1+456401]
Ordinal0 [0x009EF21D+455197]
Ordinal0 [0x009EEDE4+454116]
Ordinal0 [0x009EEDA5+454053]
Ordinal0 [0x009F2C67+470119]
Ordinal0 [0x009EED5C+453980]
Ordinal0 [0x009EF6D1+456401]
Ordinal0 [0x009EF21D+455197]
Ordinal0 [0x009EEDE4+454116]
Ordinal0 [0x009EEDA5+454053]
Ordinal0 [0x009EBA0C+440844]
Ordinal0 [0x009EED5C+453980]
Ordinal0 [0x009EEC44+453700]
Ordinal0 [0x009F8330+492336]
Ordinal0 [0x009AA108+172296]
Ordinal0 [0x009A942D+169005]
Ordinal0 [0x009A78EB+162027]
Ordinal0 [0x00990AC7+68295]
Ordinal0 [0x00991B40+72512]
Ordinal0 [0x00991AD9+72409]
Ordinal0 [0x00A88F37+1085239]
GetHandleVerifier [0x00B8D7ED+503293]
GetHandleVerifier [0x00B8D580+502672]
GetHandleVerifier [0x00B946AC+531644]
GetHandleVerifier [0x00B8DFFA+505354]
Ordinal0 [0x00A80606+1050118]
Ordinal0 [0x00A8047F+1049727]
Ordinal0 [0x00A8AF9B+1093531]
Ordinal0 [0x00A8B103+1093891]
Ordinal0 [0x00A8A095+1089685]
BaseThreadInitThunk [0x76206359+25]
RtlGetAppContainerNamedObjectPath [0x76F77B74+228]
RtlGetAppContainerNamedObjectPath [0x76F77B44+180]

at sun.reflect.NativeConstructorAccessorImpl.newInstance0(Native Method)
at sun.reflect.NativeConstructorAccessorImpl.newInstance(NativeConstructorAccessorImpl.java:62)
at sun.reflect.DelegatingConstructorAccessorImpl.newInstance(DelegatingConstructorAccessorImpl.java:45)
at java.lang.reflect.Constructor.newInstance(Constructor.java:423)
at org.openqa.selenium.remote.W3CHandshakeResponse.lambda$errorHandler$0(W3CHandshakeResponse.java:62)
at org.openqa.selenium.remote.HandshakeResponse.lambda$getResponseFunction$0(HandshakeResponse.java:30)
at org.openqa.selenium.remote.ProtocolHandshake.lambda$createSession$0(ProtocolHandshake.java:126)
at java.util.stream.ReferencePipeline$3$1.accept(ReferencePipeline.java:193)
at java.util.Spliterators$ArraySpliterator.tryAdvance(Spliterators.java:958)
at java.util.stream.ReferencePipeline.forEachWithCancel(ReferencePipeline.java:126)
at java.util.stream.AbstractPipeline.copyIntoWithCancel(AbstractPipeline.java:498)
at java.util.stream.AbstractPipeline.copyInto(AbstractPipeline.java:485)
at java.util.stream.AbstractPipeline.wrapAndCopyInto(AbstractPipeline.java:471)
at java.util.stream.FindOps$FindOp.evaluateSequential(FindOps.java:152)
at java.util.stream.AbstractPipeline.evaluate(AbstractPipeline.java:234)
at java.util.stream.ReferencePipeline.findFirst(ReferencePipeline.java:464)
at org.openqa.selenium.remote.ProtocolHandshake.createSession(ProtocolHandshake.java:128)
at org.openqa.selenium.remote.ProtocolHandshake.createSession(ProtocolHandshake.java:74)
at org.openqa.selenium.remote.HttpCommandExecutor.execute(HttpCommandExecutor.java:136)
at org.openqa.selenium.remote.service.DriverCommandExecutor.execute(DriverCommandExecutor.java:83)
at org.openqa.selenium.remote.RemoteWebDriver.execute(RemoteWebDriver.java:552)
at org.openqa.selenium.remote.RemoteWebDriver.startSession(RemoteWebDriver.java:213)
at org.openqa.selenium.remote.RemoteWebDriver.<init>(RemoteWebDriver.java:131)
at org.openqa.selenium.chrome.ChromeDriver.<init>(ChromeDriver.java:181)
at org.openqa.selenium.chrome.ChromeDriver.<init>(ChromeDriver.java:168)
at org.openqa.selenium.chrome.ChromeDriver.<init>(ChromeDriver.java:123)
at com.qaTest.gmailapp.TestBase.initalization(TestBase.java:47)
at com.qaTest.Logintestcases.GmailTestCase.setUp(GmailTestCase.java:32)
at sun.reflect.NativeMethodAccessorImpl.invoke0(Native Method)
at sun.reflect.NativeMethodAccessorImpl.invoke(NativeMethodAccessorImpl.java:62)
at sun.reflect.DelegatingMethodAccessorImpl.invoke(DelegatingMethodAccessorImpl.java:43)
at java.lang.reflect.Method.invoke(Method.java:498)
at org.testng.internal.MethodInvocationHelper.invokeMethod(MethodInvocationHelper.java:124)
at org.testng.internal.MethodInvocationHelper.invokeMethodConsideringTimeout(MethodInvocationHelper.java:59)
at org.testng.internal.Invoker.invokeConfigurationMethod(Invoker.java:458)
at org.testng.internal.Invoker.invokeConfigurations(Invoker.java:222)
at org.testng.internal.Invoker.invokeConfigurations(Invoker.java:142)
at org.testng.TestRunner.beforeRun(TestRunner.java:529)
at org.testng.TestRunner.run(TestRunner.java:497)
at org.testng.SuiteRunner.runTest(SuiteRunner.java:455)
at org.testng.SuiteRunner.runSequentially(SuiteRunner.java:450)
at org.testng.SuiteRunner.privateRun(SuiteRunner.java:415)
at org.testng.SuiteRunner.run(SuiteRunner.java:364)
at org.testng.SuiteRunnerWorker.runSuite(SuiteRunnerWorker.java:52)
at org.testng.SuiteRunnerWorker.run(SuiteRunnerWorker.java:84)
at org.testng.TestNG.runSuitesSequentially(TestNG.java:1208)
at org.testng.TestNG.runSuitesLocally(TestNG.java:1137)
at org.testng.TestNG.runSuites(TestNG.java:1049)
at org.testng.TestNG.run(TestNG.java:1017)
at org.testng.remote.AbstractRemoteTestNG.run(AbstractRemoteTestNG.java:132)
at org.testng.remote.RemoteTestNG.initAndRun(RemoteTestNG.java:230)
at org.testng.remote.RemoteTestNG.main(RemoteTestNG.java:76)
]]>
            </full-stacktrace>
          </exception> <!-- org.openqa.selenium.SessionNotCreatedException -->
          <reporter-output>
          </reporter-output>
        </test-method> <!-- VerifyClickSendBtn -->
        <test-method status="SKIP" signature="verifySocialMailBox()[pri:13, instance:com.qaTest.Logintestcases.GmailTestCase@5c3bd550]" name="verifySocialMailBox" duration-ms="0" started-at="2019-11-05T11:00:47Z" finished-at="2019-11-05T11:00:47Z">
          <exception class="org.openqa.selenium.SessionNotCreatedException">
            <message>
              <![CDATA[session not created
from tab crashed
  (Session info: chrome=78.0.3904.70)
Build info: version: '3.141.59', revision: 'e82be7d358', time: '2018-11-14T08:17:03'
System info: host: 'NIT-LPT-R117', ip: '192.168.137.1', os.name: 'Windows 10', os.arch: 'amd64', os.version: '10.0', java.version: '1.8.0_172'
Driver info: driver.version: ChromeDriver
remote stacktrace: Backtrace:
Ordinal0 [0x00AEEB13+1501971]
Ordinal0 [0x00A6F6D1+980689]
Ordinal0 [0x009F7508+488712]
Ordinal0 [0x009F031A+459546]
Ordinal0 [0x009EFEA4+458404]
Ordinal0 [0x009EFA1D+457245]
Ordinal0 [0x009EF21D+455197]
Ordinal0 [0x009EEDE4+454116]
Ordinal0 [0x009EEDA5+454053]
Ordinal0 [0x009F6525+484645]
Ordinal0 [0x009EED5C+453980]
Ordinal0 [0x009EF6D1+456401]
Ordinal0 [0x009EF21D+455197]
Ordinal0 [0x009EEDE4+454116]
Ordinal0 [0x009EEDA5+454053]
Ordinal0 [0x009F4ECE+478926]
Ordinal0 [0x009EED5C+453980]
Ordinal0 [0x009EF6D1+456401]
Ordinal0 [0x009EF21D+455197]
Ordinal0 [0x009EEDE4+454116]
Ordinal0 [0x009EEDA5+454053]
Ordinal0 [0x009F365B+472667]
Ordinal0 [0x009EED5C+453980]
Ordinal0 [0x009EF6D1+456401]
Ordinal0 [0x009EF21D+455197]
Ordinal0 [0x009EEDE4+454116]
Ordinal0 [0x009EEDA5+454053]
Ordinal0 [0x009F2C67+470119]
Ordinal0 [0x009EED5C+453980]
Ordinal0 [0x009EF6D1+456401]
Ordinal0 [0x009EF21D+455197]
Ordinal0 [0x009EEDE4+454116]
Ordinal0 [0x009EEDA5+454053]
Ordinal0 [0x009EBA0C+440844]
Ordinal0 [0x009EED5C+453980]
Ordinal0 [0x009EEC44+453700]
Ordinal0 [0x009F8330+492336]
Ordinal0 [0x009AA108+172296]
Ordinal0 [0x009A942D+169005]
Ordinal0 [0x009A78EB+162027]
Ordinal0 [0x00990AC7+68295]
Ordinal0 [0x00991B40+72512]
Ordinal0 [0x00991AD9+72409]
Ordinal0 [0x00A88F37+1085239]
GetHandleVerifier [0x00B8D7ED+503293]
GetHandleVerifier [0x00B8D580+502672]
GetHandleVerifier [0x00B946AC+531644]
GetHandleVerifier [0x00B8DFFA+505354]
Ordinal0 [0x00A80606+1050118]
Ordinal0 [0x00A8047F+1049727]
Ordinal0 [0x00A8AF9B+1093531]
Ordinal0 [0x00A8B103+1093891]
Ordinal0 [0x00A8A095+1089685]
BaseThreadInitThunk [0x76206359+25]
RtlGetAppContainerNamedObjectPath [0x76F77B74+228]
RtlGetAppContainerNamedObjectPath [0x76F77B44+180]
]]>
            </message>
            <full-stacktrace>
              <![CDATA[org.openqa.selenium.SessionNotCreatedException: session not created
from tab crashed
  (Session info: chrome=78.0.3904.70)
Build info: version: '3.141.59', revision: 'e82be7d358', time: '2018-11-14T08:17:03'
System info: host: 'NIT-LPT-R117', ip: '192.168.137.1', os.name: 'Windows 10', os.arch: 'amd64', os.version: '10.0', java.version: '1.8.0_172'
Driver info: driver.version: ChromeDriver
remote stacktrace: Backtrace:
Ordinal0 [0x00AEEB13+1501971]
Ordinal0 [0x00A6F6D1+980689]
Ordinal0 [0x009F7508+488712]
Ordinal0 [0x009F031A+459546]
Ordinal0 [0x009EFEA4+458404]
Ordinal0 [0x009EFA1D+457245]
Ordinal0 [0x009EF21D+455197]
Ordinal0 [0x009EEDE4+454116]
Ordinal0 [0x009EEDA5+454053]
Ordinal0 [0x009F6525+484645]
Ordinal0 [0x009EED5C+453980]
Ordinal0 [0x009EF6D1+456401]
Ordinal0 [0x009EF21D+455197]
Ordinal0 [0x009EEDE4+454116]
Ordinal0 [0x009EEDA5+454053]
Ordinal0 [0x009F4ECE+478926]
Ordinal0 [0x009EED5C+453980]
Ordinal0 [0x009EF6D1+456401]
Ordinal0 [0x009EF21D+455197]
Ordinal0 [0x009EEDE4+454116]
Ordinal0 [0x009EEDA5+454053]
Ordinal0 [0x009F365B+472667]
Ordinal0 [0x009EED5C+453980]
Ordinal0 [0x009EF6D1+456401]
Ordinal0 [0x009EF21D+455197]
Ordinal0 [0x009EEDE4+454116]
Ordinal0 [0x009EEDA5+454053]
Ordinal0 [0x009F2C67+470119]
Ordinal0 [0x009EED5C+453980]
Ordinal0 [0x009EF6D1+456401]
Ordinal0 [0x009EF21D+455197]
Ordinal0 [0x009EEDE4+454116]
Ordinal0 [0x009EEDA5+454053]
Ordinal0 [0x009EBA0C+440844]
Ordinal0 [0x009EED5C+453980]
Ordinal0 [0x009EEC44+453700]
Ordinal0 [0x009F8330+492336]
Ordinal0 [0x009AA108+172296]
Ordinal0 [0x009A942D+169005]
Ordinal0 [0x009A78EB+162027]
Ordinal0 [0x00990AC7+68295]
Ordinal0 [0x00991B40+72512]
Ordinal0 [0x00991AD9+72409]
Ordinal0 [0x00A88F37+1085239]
GetHandleVerifier [0x00B8D7ED+503293]
GetHandleVerifier [0x00B8D580+502672]
GetHandleVerifier [0x00B946AC+531644]
GetHandleVerifier [0x00B8DFFA+505354]
Ordinal0 [0x00A80606+1050118]
Ordinal0 [0x00A8047F+1049727]
Ordinal0 [0x00A8AF9B+1093531]
Ordinal0 [0x00A8B103+1093891]
Ordinal0 [0x00A8A095+1089685]
BaseThreadInitThunk [0x76206359+25]
RtlGetAppContainerNamedObjectPath [0x76F77B74+228]
RtlGetAppContainerNamedObjectPath [0x76F77B44+180]

at sun.reflect.NativeConstructorAccessorImpl.newInstance0(Native Method)
at sun.reflect.NativeConstructorAccessorImpl.newInstance(NativeConstructorAccessorImpl.java:62)
at sun.reflect.DelegatingConstructorAccessorImpl.newInstance(DelegatingConstructorAccessorImpl.java:45)
at java.lang.reflect.Constructor.newInstance(Constructor.java:423)
at org.openqa.selenium.remote.W3CHandshakeResponse.lambda$errorHandler$0(W3CHandshakeResponse.java:62)
at org.openqa.selenium.remote.HandshakeResponse.lambda$getResponseFunction$0(HandshakeResponse.java:30)
at org.openqa.selenium.remote.ProtocolHandshake.lambda$createSession$0(ProtocolHandshake.java:126)
at java.util.stream.ReferencePipeline$3$1.accept(ReferencePipeline.java:193)
at java.util.Spliterators$ArraySpliterator.tryAdvance(Spliterators.java:958)
at java.util.stream.ReferencePipeline.forEachWithCancel(ReferencePipeline.java:126)
at java.util.stream.AbstractPipeline.copyIntoWithCancel(AbstractPipeline.java:498)
at java.util.stream.AbstractPipeline.copyInto(AbstractPipeline.java:485)
at java.util.stream.AbstractPipeline.wrapAndCopyInto(AbstractPipeline.java:471)
at java.util.stream.FindOps$FindOp.evaluateSequential(FindOps.java:152)
at java.util.stream.AbstractPipeline.evaluate(AbstractPipeline.java:234)
at java.util.stream.ReferencePipeline.findFirst(ReferencePipeline.java:464)
at org.openqa.selenium.remote.ProtocolHandshake.createSession(ProtocolHandshake.java:128)
at org.openqa.selenium.remote.ProtocolHandshake.createSession(ProtocolHandshake.java:74)
at org.openqa.selenium.remote.HttpCommandExecutor.execute(HttpCommandExecutor.java:136)
at org.openqa.selenium.remote.service.DriverCommandExecutor.execute(DriverCommandExecutor.java:83)
at org.openqa.selenium.remote.RemoteWebDriver.execute(RemoteWebDriver.java:552)
at org.openqa.selenium.remote.RemoteWebDriver.startSession(RemoteWebDriver.java:213)
at org.openqa.selenium.remote.RemoteWebDriver.<init>(RemoteWebDriver.java:131)
at org.openqa.selenium.chrome.ChromeDriver.<init>(ChromeDriver.java:181)
at org.openqa.selenium.chrome.ChromeDriver.<init>(ChromeDriver.java:168)
at org.openqa.selenium.chrome.ChromeDriver.<init>(ChromeDriver.java:123)
at com.qaTest.gmailapp.TestBase.initalization(TestBase.java:47)
at com.qaTest.Logintestcases.GmailTestCase.setUp(GmailTestCase.java:32)
at sun.reflect.NativeMethodAccessorImpl.invoke0(Native Method)
at sun.reflect.NativeMethodAccessorImpl.invoke(NativeMethodAccessorImpl.java:62)
at sun.reflect.DelegatingMethodAccessorImpl.invoke(DelegatingMethodAccessorImpl.java:43)
at java.lang.reflect.Method.invoke(Method.java:498)
at org.testng.internal.MethodInvocationHelper.invokeMethod(MethodInvocationHelper.java:124)
at org.testng.internal.MethodInvocationHelper.invokeMethodConsideringTimeout(MethodInvocationHelper.java:59)
at org.testng.internal.Invoker.invokeConfigurationMethod(Invoker.java:458)
at org.testng.internal.Invoker.invokeConfigurations(Invoker.java:222)
at org.testng.internal.Invoker.invokeConfigurations(Invoker.java:142)
at org.testng.TestRunner.beforeRun(TestRunner.java:529)
at org.testng.TestRunner.run(TestRunner.java:497)
at org.testng.SuiteRunner.runTest(SuiteRunner.java:455)
at org.testng.SuiteRunner.runSequentially(SuiteRunner.java:450)
at org.testng.SuiteRunner.privateRun(SuiteRunner.java:415)
at org.testng.SuiteRunner.run(SuiteRunner.java:364)
at org.testng.SuiteRunnerWorker.runSuite(SuiteRunnerWorker.java:52)
at org.testng.SuiteRunnerWorker.run(SuiteRunnerWorker.java:84)
at org.testng.TestNG.runSuitesSequentially(TestNG.java:1208)
at org.testng.TestNG.runSuitesLocally(TestNG.java:1137)
at org.testng.TestNG.runSuites(TestNG.java:1049)
at org.testng.TestNG.run(TestNG.java:1017)
at org.testng.remote.AbstractRemoteTestNG.run(AbstractRemoteTestNG.java:132)
at org.testng.remote.RemoteTestNG.initAndRun(RemoteTestNG.java:230)
at org.testng.remote.RemoteTestNG.main(RemoteTestNG.java:76)
]]>
            </full-stacktrace>
          </exception> <!-- org.openqa.selenium.SessionNotCreatedException -->
          <reporter-output>
          </reporter-output>
        </test-method> <!-- verifySocialMailBox -->
        <test-method status="SKIP" signature="openEmailClick()[pri:14, instance:com.qaTest.Logintestcases.GmailTestCase@5c3bd550]" name="openEmailClick" duration-ms="0" started-at="2019-11-05T11:00:47Z" finished-at="2019-11-05T11:00:47Z">
          <exception class="org.openqa.selenium.SessionNotCreatedException">
            <message>
              <![CDATA[session not created
from tab crashed
  (Session info: chrome=78.0.3904.70)
Build info: version: '3.141.59', revision: 'e82be7d358', time: '2018-11-14T08:17:03'
System info: host: 'NIT-LPT-R117', ip: '192.168.137.1', os.name: 'Windows 10', os.arch: 'amd64', os.version: '10.0', java.version: '1.8.0_172'
Driver info: driver.version: ChromeDriver
remote stacktrace: Backtrace:
Ordinal0 [0x00AEEB13+1501971]
Ordinal0 [0x00A6F6D1+980689]
Ordinal0 [0x009F7508+488712]
Ordinal0 [0x009F031A+459546]
Ordinal0 [0x009EFEA4+458404]
Ordinal0 [0x009EFA1D+457245]
Ordinal0 [0x009EF21D+455197]
Ordinal0 [0x009EEDE4+454116]
Ordinal0 [0x009EEDA5+454053]
Ordinal0 [0x009F6525+484645]
Ordinal0 [0x009EED5C+453980]
Ordinal0 [0x009EF6D1+456401]
Ordinal0 [0x009EF21D+455197]
Ordinal0 [0x009EEDE4+454116]
Ordinal0 [0x009EEDA5+454053]
Ordinal0 [0x009F4ECE+478926]
Ordinal0 [0x009EED5C+453980]
Ordinal0 [0x009EF6D1+456401]
Ordinal0 [0x009EF21D+455197]
Ordinal0 [0x009EEDE4+454116]
Ordinal0 [0x009EEDA5+454053]
Ordinal0 [0x009F365B+472667]
Ordinal0 [0x009EED5C+453980]
Ordinal0 [0x009EF6D1+456401]
Ordinal0 [0x009EF21D+455197]
Ordinal0 [0x009EEDE4+454116]
Ordinal0 [0x009EEDA5+454053]
Ordinal0 [0x009F2C67+470119]
Ordinal0 [0x009EED5C+453980]
Ordinal0 [0x009EF6D1+456401]
Ordinal0 [0x009EF21D+455197]
Ordinal0 [0x009EEDE4+454116]
Ordinal0 [0x009EEDA5+454053]
Ordinal0 [0x009EBA0C+440844]
Ordinal0 [0x009EED5C+453980]
Ordinal0 [0x009EEC44+453700]
Ordinal0 [0x009F8330+492336]
Ordinal0 [0x009AA108+172296]
Ordinal0 [0x009A942D+169005]
Ordinal0 [0x009A78EB+162027]
Ordinal0 [0x00990AC7+68295]
Ordinal0 [0x00991B40+72512]
Ordinal0 [0x00991AD9+72409]
Ordinal0 [0x00A88F37+1085239]
GetHandleVerifier [0x00B8D7ED+503293]
GetHandleVerifier [0x00B8D580+502672]
GetHandleVerifier [0x00B946AC+531644]
GetHandleVerifier [0x00B8DFFA+505354]
Ordinal0 [0x00A80606+1050118]
Ordinal0 [0x00A8047F+1049727]
Ordinal0 [0x00A8AF9B+1093531]
Ordinal0 [0x00A8B103+1093891]
Ordinal0 [0x00A8A095+1089685]
BaseThreadInitThunk [0x76206359+25]
RtlGetAppContainerNamedObjectPath [0x76F77B74+228]
RtlGetAppContainerNamedObjectPath [0x76F77B44+180]
]]>
            </message>
            <full-stacktrace>
              <![CDATA[org.openqa.selenium.SessionNotCreatedException: session not created
from tab crashed
  (Session info: chrome=78.0.3904.70)
Build info: version: '3.141.59', revision: 'e82be7d358', time: '2018-11-14T08:17:03'
System info: host: 'NIT-LPT-R117', ip: '192.168.137.1', os.name: 'Windows 10', os.arch: 'amd64', os.version: '10.0', java.version: '1.8.0_172'
Driver info: driver.version: ChromeDriver
remote stacktrace: Backtrace:
Ordinal0 [0x00AEEB13+1501971]
Ordinal0 [0x00A6F6D1+980689]
Ordinal0 [0x009F7508+488712]
Ordinal0 [0x009F031A+459546]
Ordinal0 [0x009EFEA4+458404]
Ordinal0 [0x009EFA1D+457245]
Ordinal0 [0x009EF21D+455197]
Ordinal0 [0x009EEDE4+454116]
Ordinal0 [0x009EEDA5+454053]
Ordinal0 [0x009F6525+484645]
Ordinal0 [0x009EED5C+453980]
Ordinal0 [0x009EF6D1+456401]
Ordinal0 [0x009EF21D+455197]
Ordinal0 [0x009EEDE4+454116]
Ordinal0 [0x009EEDA5+454053]
Ordinal0 [0x009F4ECE+478926]
Ordinal0 [0x009EED5C+453980]
Ordinal0 [0x009EF6D1+456401]
Ordinal0 [0x009EF21D+455197]
Ordinal0 [0x009EEDE4+454116]
Ordinal0 [0x009EEDA5+454053]
Ordinal0 [0x009F365B+472667]
Ordinal0 [0x009EED5C+453980]
Ordinal0 [0x009EF6D1+456401]
Ordinal0 [0x009EF21D+455197]
Ordinal0 [0x009EEDE4+454116]
Ordinal0 [0x009EEDA5+454053]
Ordinal0 [0x009F2C67+470119]
Ordinal0 [0x009EED5C+453980]
Ordinal0 [0x009EF6D1+456401]
Ordinal0 [0x009EF21D+455197]
Ordinal0 [0x009EEDE4+454116]
Ordinal0 [0x009EEDA5+454053]
Ordinal0 [0x009EBA0C+440844]
Ordinal0 [0x009EED5C+453980]
Ordinal0 [0x009EEC44+453700]
Ordinal0 [0x009F8330+492336]
Ordinal0 [0x009AA108+172296]
Ordinal0 [0x009A942D+169005]
Ordinal0 [0x009A78EB+162027]
Ordinal0 [0x00990AC7+68295]
Ordinal0 [0x00991B40+72512]
Ordinal0 [0x00991AD9+72409]
Ordinal0 [0x00A88F37+1085239]
GetHandleVerifier [0x00B8D7ED+503293]
GetHandleVerifier [0x00B8D580+502672]
GetHandleVerifier [0x00B946AC+531644]
GetHandleVerifier [0x00B8DFFA+505354]
Ordinal0 [0x00A80606+1050118]
Ordinal0 [0x00A8047F+1049727]
Ordinal0 [0x00A8AF9B+1093531]
Ordinal0 [0x00A8B103+1093891]
Ordinal0 [0x00A8A095+1089685]
BaseThreadInitThunk [0x76206359+25]
RtlGetAppContainerNamedObjectPath [0x76F77B74+228]
RtlGetAppContainerNamedObjectPath [0x76F77B44+180]

at sun.reflect.NativeConstructorAccessorImpl.newInstance0(Native Method)
at sun.reflect.NativeConstructorAccessorImpl.newInstance(NativeConstructorAccessorImpl.java:62)
at sun.reflect.DelegatingConstructorAccessorImpl.newInstance(DelegatingConstructorAccessorImpl.java:45)
at java.lang.reflect.Constructor.newInstance(Constructor.java:423)
at org.openqa.selenium.remote.W3CHandshakeResponse.lambda$errorHandler$0(W3CHandshakeResponse.java:62)
at org.openqa.selenium.remote.HandshakeResponse.lambda$getResponseFunction$0(HandshakeResponse.java:30)
at org.openqa.selenium.remote.ProtocolHandshake.lambda$createSession$0(ProtocolHandshake.java:126)
at java.util.stream.ReferencePipeline$3$1.accept(ReferencePipeline.java:193)
at java.util.Spliterators$ArraySpliterator.tryAdvance(Spliterators.java:958)
at java.util.stream.ReferencePipeline.forEachWithCancel(ReferencePipeline.java:126)
at java.util.stream.AbstractPipeline.copyIntoWithCancel(AbstractPipeline.java:498)
at java.util.stream.AbstractPipeline.copyInto(AbstractPipeline.java:485)
at java.util.stream.AbstractPipeline.wrapAndCopyInto(AbstractPipeline.java:471)
at java.util.stream.FindOps$FindOp.evaluateSequential(FindOps.java:152)
at java.util.stream.AbstractPipeline.evaluate(AbstractPipeline.java:234)
at java.util.stream.ReferencePipeline.findFirst(ReferencePipeline.java:464)
at org.openqa.selenium.remote.ProtocolHandshake.createSession(ProtocolHandshake.java:128)
at org.openqa.selenium.remote.ProtocolHandshake.createSession(ProtocolHandshake.java:74)
at org.openqa.selenium.remote.HttpCommandExecutor.execute(HttpCommandExecutor.java:136)
at org.openqa.selenium.remote.service.DriverCommandExecutor.execute(DriverCommandExecutor.java:83)
at org.openqa.selenium.remote.RemoteWebDriver.execute(RemoteWebDriver.java:552)
at org.openqa.selenium.remote.RemoteWebDriver.startSession(RemoteWebDriver.java:213)
at org.openqa.selenium.remote.RemoteWebDriver.<init>(RemoteWebDriver.java:131)
at org.openqa.selenium.chrome.ChromeDriver.<init>(ChromeDriver.java:181)
at org.openqa.selenium.chrome.ChromeDriver.<init>(ChromeDriver.java:168)
at org.openqa.selenium.chrome.ChromeDriver.<init>(ChromeDriver.java:123)
at com.qaTest.gmailapp.TestBase.initalization(TestBase.java:47)
at com.qaTest.Logintestcases.GmailTestCase.setUp(GmailTestCase.java:32)
at sun.reflect.NativeMethodAccessorImpl.invoke0(Native Method)
at sun.reflect.NativeMethodAccessorImpl.invoke(NativeMethodAccessorImpl.java:62)
at sun.reflect.DelegatingMethodAccessorImpl.invoke(DelegatingMethodAccessorImpl.java:43)
at java.lang.reflect.Method.invoke(Method.java:498)
at org.testng.internal.MethodInvocationHelper.invokeMethod(MethodInvocationHelper.java:124)
at org.testng.internal.MethodInvocationHelper.invokeMethodConsideringTimeout(MethodInvocationHelper.java:59)
at org.testng.internal.Invoker.invokeConfigurationMethod(Invoker.java:458)
at org.testng.internal.Invoker.invokeConfigurations(Invoker.java:222)
at org.testng.internal.Invoker.invokeConfigurations(Invoker.java:142)
at org.testng.TestRunner.beforeRun(TestRunner.java:529)
at org.testng.TestRunner.run(TestRunner.java:497)
at org.testng.SuiteRunner.runTest(SuiteRunner.java:455)
at org.testng.SuiteRunner.runSequentially(SuiteRunner.java:450)
at org.testng.SuiteRunner.privateRun(SuiteRunner.java:415)
at org.testng.SuiteRunner.run(SuiteRunner.java:364)
at org.testng.SuiteRunnerWorker.runSuite(SuiteRunnerWorker.java:52)
at org.testng.SuiteRunnerWorker.run(SuiteRunnerWorker.java:84)
at org.testng.TestNG.runSuitesSequentially(TestNG.java:1208)
at org.testng.TestNG.runSuitesLocally(TestNG.java:1137)
at org.testng.TestNG.runSuites(TestNG.java:1049)
at org.testng.TestNG.run(TestNG.java:1017)
at org.testng.remote.AbstractRemoteTestNG.run(AbstractRemoteTestNG.java:132)
at org.testng.remote.RemoteTestNG.initAndRun(RemoteTestNG.java:230)
at org.testng.remote.RemoteTestNG.main(RemoteTestNG.java:76)
]]>
            </full-stacktrace>
          </exception> <!-- org.openqa.selenium.SessionNotCreatedException -->
          <reporter-output>
          </reporter-output>
        </test-method> <!-- openEmailClick -->
        <test-method status="SKIP" signature="MarkEmailStar()[pri:15, instance:com.qaTest.Logintestcases.GmailTestCase@5c3bd550]" name="MarkEmailStar" duration-ms="0" started-at="2019-11-05T11:00:47Z" finished-at="2019-11-05T11:00:47Z">
          <exception class="org.openqa.selenium.SessionNotCreatedException">
            <message>
              <![CDATA[session not created
from tab crashed
  (Session info: chrome=78.0.3904.70)
Build info: version: '3.141.59', revision: 'e82be7d358', time: '2018-11-14T08:17:03'
System info: host: 'NIT-LPT-R117', ip: '192.168.137.1', os.name: 'Windows 10', os.arch: 'amd64', os.version: '10.0', java.version: '1.8.0_172'
Driver info: driver.version: ChromeDriver
remote stacktrace: Backtrace:
Ordinal0 [0x00AEEB13+1501971]
Ordinal0 [0x00A6F6D1+980689]
Ordinal0 [0x009F7508+488712]
Ordinal0 [0x009F031A+459546]
Ordinal0 [0x009EFEA4+458404]
Ordinal0 [0x009EFA1D+457245]
Ordinal0 [0x009EF21D+455197]
Ordinal0 [0x009EEDE4+454116]
Ordinal0 [0x009EEDA5+454053]
Ordinal0 [0x009F6525+484645]
Ordinal0 [0x009EED5C+453980]
Ordinal0 [0x009EF6D1+456401]
Ordinal0 [0x009EF21D+455197]
Ordinal0 [0x009EEDE4+454116]
Ordinal0 [0x009EEDA5+454053]
Ordinal0 [0x009F4ECE+478926]
Ordinal0 [0x009EED5C+453980]
Ordinal0 [0x009EF6D1+456401]
Ordinal0 [0x009EF21D+455197]
Ordinal0 [0x009EEDE4+454116]
Ordinal0 [0x009EEDA5+454053]
Ordinal0 [0x009F365B+472667]
Ordinal0 [0x009EED5C+453980]
Ordinal0 [0x009EF6D1+456401]
Ordinal0 [0x009EF21D+455197]
Ordinal0 [0x009EEDE4+454116]
Ordinal0 [0x009EEDA5+454053]
Ordinal0 [0x009F2C67+470119]
Ordinal0 [0x009EED5C+453980]
Ordinal0 [0x009EF6D1+456401]
Ordinal0 [0x009EF21D+455197]
Ordinal0 [0x009EEDE4+454116]
Ordinal0 [0x009EEDA5+454053]
Ordinal0 [0x009EBA0C+440844]
Ordinal0 [0x009EED5C+453980]
Ordinal0 [0x009EEC44+453700]
Ordinal0 [0x009F8330+492336]
Ordinal0 [0x009AA108+172296]
Ordinal0 [0x009A942D+169005]
Ordinal0 [0x009A78EB+162027]
Ordinal0 [0x00990AC7+68295]
Ordinal0 [0x00991B40+72512]
Ordinal0 [0x00991AD9+72409]
Ordinal0 [0x00A88F37+1085239]
GetHandleVerifier [0x00B8D7ED+503293]
GetHandleVerifier [0x00B8D580+502672]
GetHandleVerifier [0x00B946AC+531644]
GetHandleVerifier [0x00B8DFFA+505354]
Ordinal0 [0x00A80606+1050118]
Ordinal0 [0x00A8047F+1049727]
Ordinal0 [0x00A8AF9B+1093531]
Ordinal0 [0x00A8B103+1093891]
Ordinal0 [0x00A8A095+1089685]
BaseThreadInitThunk [0x76206359+25]
RtlGetAppContainerNamedObjectPath [0x76F77B74+228]
RtlGetAppContainerNamedObjectPath [0x76F77B44+180]
]]>
            </message>
            <full-stacktrace>
              <![CDATA[org.openqa.selenium.SessionNotCreatedException: session not created
from tab crashed
  (Session info: chrome=78.0.3904.70)
Build info: version: '3.141.59', revision: 'e82be7d358', time: '2018-11-14T08:17:03'
System info: host: 'NIT-LPT-R117', ip: '192.168.137.1', os.name: 'Windows 10', os.arch: 'amd64', os.version: '10.0', java.version: '1.8.0_172'
Driver info: driver.version: ChromeDriver
remote stacktrace: Backtrace:
Ordinal0 [0x00AEEB13+1501971]
Ordinal0 [0x00A6F6D1+980689]
Ordinal0 [0x009F7508+488712]
Ordinal0 [0x009F031A+459546]
Ordinal0 [0x009EFEA4+458404]
Ordinal0 [0x009EFA1D+457245]
Ordinal0 [0x009EF21D+455197]
Ordinal0 [0x009EEDE4+454116]
Ordinal0 [0x009EEDA5+454053]
Ordinal0 [0x009F6525+484645]
Ordinal0 [0x009EED5C+453980]
Ordinal0 [0x009EF6D1+456401]
Ordinal0 [0x009EF21D+455197]
Ordinal0 [0x009EEDE4+454116]
Ordinal0 [0x009EEDA5+454053]
Ordinal0 [0x009F4ECE+478926]
Ordinal0 [0x009EED5C+453980]
Ordinal0 [0x009EF6D1+456401]
Ordinal0 [0x009EF21D+455197]
Ordinal0 [0x009EEDE4+454116]
Ordinal0 [0x009EEDA5+454053]
Ordinal0 [0x009F365B+472667]
Ordinal0 [0x009EED5C+453980]
Ordinal0 [0x009EF6D1+456401]
Ordinal0 [0x009EF21D+455197]
Ordinal0 [0x009EEDE4+454116]
Ordinal0 [0x009EEDA5+454053]
Ordinal0 [0x009F2C67+470119]
Ordinal0 [0x009EED5C+453980]
Ordinal0 [0x009EF6D1+456401]
Ordinal0 [0x009EF21D+455197]
Ordinal0 [0x009EEDE4+454116]
Ordinal0 [0x009EEDA5+454053]
Ordinal0 [0x009EBA0C+440844]
Ordinal0 [0x009EED5C+453980]
Ordinal0 [0x009EEC44+453700]
Ordinal0 [0x009F8330+492336]
Ordinal0 [0x009AA108+172296]
Ordinal0 [0x009A942D+169005]
Ordinal0 [0x009A78EB+162027]
Ordinal0 [0x00990AC7+68295]
Ordinal0 [0x00991B40+72512]
Ordinal0 [0x00991AD9+72409]
Ordinal0 [0x00A88F37+1085239]
GetHandleVerifier [0x00B8D7ED+503293]
GetHandleVerifier [0x00B8D580+502672]
GetHandleVerifier [0x00B946AC+531644]
GetHandleVerifier [0x00B8DFFA+505354]
Ordinal0 [0x00A80606+1050118]
Ordinal0 [0x00A8047F+1049727]
Ordinal0 [0x00A8AF9B+1093531]
Ordinal0 [0x00A8B103+1093891]
Ordinal0 [0x00A8A095+1089685]
BaseThreadInitThunk [0x76206359+25]
RtlGetAppContainerNamedObjectPath [0x76F77B74+228]
RtlGetAppContainerNamedObjectPath [0x76F77B44+180]

at sun.reflect.NativeConstructorAccessorImpl.newInstance0(Native Method)
at sun.reflect.NativeConstructorAccessorImpl.newInstance(NativeConstructorAccessorImpl.java:62)
at sun.reflect.DelegatingConstructorAccessorImpl.newInstance(DelegatingConstructorAccessorImpl.java:45)
at java.lang.reflect.Constructor.newInstance(Constructor.java:423)
at org.openqa.selenium.remote.W3CHandshakeResponse.lambda$errorHandler$0(W3CHandshakeResponse.java:62)
at org.openqa.selenium.remote.HandshakeResponse.lambda$getResponseFunction$0(HandshakeResponse.java:30)
at org.openqa.selenium.remote.ProtocolHandshake.lambda$createSession$0(ProtocolHandshake.java:126)
at java.util.stream.ReferencePipeline$3$1.accept(ReferencePipeline.java:193)
at java.util.Spliterators$ArraySpliterator.tryAdvance(Spliterators.java:958)
at java.util.stream.ReferencePipeline.forEachWithCancel(ReferencePipeline.java:126)
at java.util.stream.AbstractPipeline.copyIntoWithCancel(AbstractPipeline.java:498)
at java.util.stream.AbstractPipeline.copyInto(AbstractPipeline.java:485)
at java.util.stream.AbstractPipeline.wrapAndCopyInto(AbstractPipeline.java:471)
at java.util.stream.FindOps$FindOp.evaluateSequential(FindOps.java:152)
at java.util.stream.AbstractPipeline.evaluate(AbstractPipeline.java:234)
at java.util.stream.ReferencePipeline.findFirst(ReferencePipeline.java:464)
at org.openqa.selenium.remote.ProtocolHandshake.createSession(ProtocolHandshake.java:128)
at org.openqa.selenium.remote.ProtocolHandshake.createSession(ProtocolHandshake.java:74)
at org.openqa.selenium.remote.HttpCommandExecutor.execute(HttpCommandExecutor.java:136)
at org.openqa.selenium.remote.service.DriverCommandExecutor.execute(DriverCommandExecutor.java:83)
at org.openqa.selenium.remote.RemoteWebDriver.execute(RemoteWebDriver.java:552)
at org.openqa.selenium.remote.RemoteWebDriver.startSession(RemoteWebDriver.java:213)
at org.openqa.selenium.remote.RemoteWebDriver.<init>(RemoteWebDriver.java:131)
at org.openqa.selenium.chrome.ChromeDriver.<init>(ChromeDriver.java:181)
at org.openqa.selenium.chrome.ChromeDriver.<init>(ChromeDriver.java:168)
at org.openqa.selenium.chrome.ChromeDriver.<init>(ChromeDriver.java:123)
at com.qaTest.gmailapp.TestBase.initalization(TestBase.java:47)
at com.qaTest.Logintestcases.GmailTestCase.setUp(GmailTestCase.java:32)
at sun.reflect.NativeMethodAccessorImpl.invoke0(Native Method)
at sun.reflect.NativeMethodAccessorImpl.invoke(NativeMethodAccessorImpl.java:62)
at sun.reflect.DelegatingMethodAccessorImpl.invoke(DelegatingMethodAccessorImpl.java:43)
at java.lang.reflect.Method.invoke(Method.java:498)
at org.testng.internal.MethodInvocationHelper.invokeMethod(MethodInvocationHelper.java:124)
at org.testng.internal.MethodInvocationHelper.invokeMethodConsideringTimeout(MethodInvocationHelper.java:59)
at org.testng.internal.Invoker.invokeConfigurationMethod(Invoker.java:458)
at org.testng.internal.Invoker.invokeConfigurations(Invoker.java:222)
at org.testng.internal.Invoker.invokeConfigurations(Invoker.java:142)
at org.testng.TestRunner.beforeRun(TestRunner.java:529)
at org.testng.TestRunner.run(TestRunner.java:497)
at org.testng.SuiteRunner.runTest(SuiteRunner.java:455)
at org.testng.SuiteRunner.runSequentially(SuiteRunner.java:450)
at org.testng.SuiteRunner.privateRun(SuiteRunner.java:415)
at org.testng.SuiteRunner.run(SuiteRunner.java:364)
at org.testng.SuiteRunnerWorker.runSuite(SuiteRunnerWorker.java:52)
at org.testng.SuiteRunnerWorker.run(SuiteRunnerWorker.java:84)
at org.testng.TestNG.runSuitesSequentially(TestNG.java:1208)
at org.testng.TestNG.runSuitesLocally(TestNG.java:1137)
at org.testng.TestNG.runSuites(TestNG.java:1049)
at org.testng.TestNG.run(TestNG.java:1017)
at org.testng.remote.AbstractRemoteTestNG.run(AbstractRemoteTestNG.java:132)
at org.testng.remote.RemoteTestNG.initAndRun(RemoteTestNG.java:230)
at org.testng.remote.RemoteTestNG.main(RemoteTestNG.java:76)
]]>
            </full-stacktrace>
          </exception> <!-- org.openqa.selenium.SessionNotCreatedException -->
          <reporter-output>
          </reporter-output>
        </test-method> <!-- MarkEmailStar -->
        <test-method status="SKIP" signature="VerifyEmailcontents()[pri:16, instance:com.qaTest.Logintestcases.GmailTestCase@5c3bd550]" name="VerifyEmailcontents" duration-ms="0" started-at="2019-11-05T11:00:47Z" finished-at="2019-11-05T11:00:47Z">
          <exception class="org.openqa.selenium.SessionNotCreatedException">
            <message>
              <![CDATA[session not created
from tab crashed
  (Session info: chrome=78.0.3904.70)
Build info: version: '3.141.59', revision: 'e82be7d358', time: '2018-11-14T08:17:03'
System info: host: 'NIT-LPT-R117', ip: '192.168.137.1', os.name: 'Windows 10', os.arch: 'amd64', os.version: '10.0', java.version: '1.8.0_172'
Driver info: driver.version: ChromeDriver
remote stacktrace: Backtrace:
Ordinal0 [0x00AEEB13+1501971]
Ordinal0 [0x00A6F6D1+980689]
Ordinal0 [0x009F7508+488712]
Ordinal0 [0x009F031A+459546]
Ordinal0 [0x009EFEA4+458404]
Ordinal0 [0x009EFA1D+457245]
Ordinal0 [0x009EF21D+455197]
Ordinal0 [0x009EEDE4+454116]
Ordinal0 [0x009EEDA5+454053]
Ordinal0 [0x009F6525+484645]
Ordinal0 [0x009EED5C+453980]
Ordinal0 [0x009EF6D1+456401]
Ordinal0 [0x009EF21D+455197]
Ordinal0 [0x009EEDE4+454116]
Ordinal0 [0x009EEDA5+454053]
Ordinal0 [0x009F4ECE+478926]
Ordinal0 [0x009EED5C+453980]
Ordinal0 [0x009EF6D1+456401]
Ordinal0 [0x009EF21D+455197]
Ordinal0 [0x009EEDE4+454116]
Ordinal0 [0x009EEDA5+454053]
Ordinal0 [0x009F365B+472667]
Ordinal0 [0x009EED5C+453980]
Ordinal0 [0x009EF6D1+456401]
Ordinal0 [0x009EF21D+455197]
Ordinal0 [0x009EEDE4+454116]
Ordinal0 [0x009EEDA5+454053]
Ordinal0 [0x009F2C67+470119]
Ordinal0 [0x009EED5C+453980]
Ordinal0 [0x009EF6D1+456401]
Ordinal0 [0x009EF21D+455197]
Ordinal0 [0x009EEDE4+454116]
Ordinal0 [0x009EEDA5+454053]
Ordinal0 [0x009EBA0C+440844]
Ordinal0 [0x009EED5C+453980]
Ordinal0 [0x009EEC44+453700]
Ordinal0 [0x009F8330+492336]
Ordinal0 [0x009AA108+172296]
Ordinal0 [0x009A942D+169005]
Ordinal0 [0x009A78EB+162027]
Ordinal0 [0x00990AC7+68295]
Ordinal0 [0x00991B40+72512]
Ordinal0 [0x00991AD9+72409]
Ordinal0 [0x00A88F37+1085239]
GetHandleVerifier [0x00B8D7ED+503293]
GetHandleVerifier [0x00B8D580+502672]
GetHandleVerifier [0x00B946AC+531644]
GetHandleVerifier [0x00B8DFFA+505354]
Ordinal0 [0x00A80606+1050118]
Ordinal0 [0x00A8047F+1049727]
Ordinal0 [0x00A8AF9B+1093531]
Ordinal0 [0x00A8B103+1093891]
Ordinal0 [0x00A8A095+1089685]
BaseThreadInitThunk [0x76206359+25]
RtlGetAppContainerNamedObjectPath [0x76F77B74+228]
RtlGetAppContainerNamedObjectPath [0x76F77B44+180]
]]>
            </message>
            <full-stacktrace>
              <![CDATA[org.openqa.selenium.SessionNotCreatedException: session not created
from tab crashed
  (Session info: chrome=78.0.3904.70)
Build info: version: '3.141.59', revision: 'e82be7d358', time: '2018-11-14T08:17:03'
System info: host: 'NIT-LPT-R117', ip: '192.168.137.1', os.name: 'Windows 10', os.arch: 'amd64', os.version: '10.0', java.version: '1.8.0_172'
Driver info: driver.version: ChromeDriver
remote stacktrace: Backtrace:
Ordinal0 [0x00AEEB13+1501971]
Ordinal0 [0x00A6F6D1+980689]
Ordinal0 [0x009F7508+488712]
Ordinal0 [0x009F031A+459546]
Ordinal0 [0x009EFEA4+458404]
Ordinal0 [0x009EFA1D+457245]
Ordinal0 [0x009EF21D+455197]
Ordinal0 [0x009EEDE4+454116]
Ordinal0 [0x009EEDA5+454053]
Ordinal0 [0x009F6525+484645]
Ordinal0 [0x009EED5C+453980]
Ordinal0 [0x009EF6D1+456401]
Ordinal0 [0x009EF21D+455197]
Ordinal0 [0x009EEDE4+454116]
Ordinal0 [0x009EEDA5+454053]
Ordinal0 [0x009F4ECE+478926]
Ordinal0 [0x009EED5C+453980]
Ordinal0 [0x009EF6D1+456401]
Ordinal0 [0x009EF21D+455197]
Ordinal0 [0x009EEDE4+454116]
Ordinal0 [0x009EEDA5+454053]
Ordinal0 [0x009F365B+472667]
Ordinal0 [0x009EED5C+453980]
Ordinal0 [0x009EF6D1+456401]
Ordinal0 [0x009EF21D+455197]
Ordinal0 [0x009EEDE4+454116]
Ordinal0 [0x009EEDA5+454053]
Ordinal0 [0x009F2C67+470119]
Ordinal0 [0x009EED5C+453980]
Ordinal0 [0x009EF6D1+456401]
Ordinal0 [0x009EF21D+455197]
Ordinal0 [0x009EEDE4+454116]
Ordinal0 [0x009EEDA5+454053]
Ordinal0 [0x009EBA0C+440844]
Ordinal0 [0x009EED5C+453980]
Ordinal0 [0x009EEC44+453700]
Ordinal0 [0x009F8330+492336]
Ordinal0 [0x009AA108+172296]
Ordinal0 [0x009A942D+169005]
Ordinal0 [0x009A78EB+162027]
Ordinal0 [0x00990AC7+68295]
Ordinal0 [0x00991B40+72512]
Ordinal0 [0x00991AD9+72409]
Ordinal0 [0x00A88F37+1085239]
GetHandleVerifier [0x00B8D7ED+503293]
GetHandleVerifier [0x00B8D580+502672]
GetHandleVerifier [0x00B946AC+531644]
GetHandleVerifier [0x00B8DFFA+505354]
Ordinal0 [0x00A80606+1050118]
Ordinal0 [0x00A8047F+1049727]
Ordinal0 [0x00A8AF9B+1093531]
Ordinal0 [0x00A8B103+1093891]
Ordinal0 [0x00A8A095+1089685]
BaseThreadInitThunk [0x76206359+25]
RtlGetAppContainerNamedObjectPath [0x76F77B74+228]
RtlGetAppContainerNamedObjectPath [0x76F77B44+180]

at sun.reflect.NativeConstructorAccessorImpl.newInstance0(Native Method)
at sun.reflect.NativeConstructorAccessorImpl.newInstance(NativeConstructorAccessorImpl.java:62)
at sun.reflect.DelegatingConstructorAccessorImpl.newInstance(DelegatingConstructorAccessorImpl.java:45)
at java.lang.reflect.Constructor.newInstance(Constructor.java:423)
at org.openqa.selenium.remote.W3CHandshakeResponse.lambda$errorHandler$0(W3CHandshakeResponse.java:62)
at org.openqa.selenium.remote.HandshakeResponse.lambda$getResponseFunction$0(HandshakeResponse.java:30)
at org.openqa.selenium.remote.ProtocolHandshake.lambda$createSession$0(ProtocolHandshake.java:126)
at java.util.stream.ReferencePipeline$3$1.accept(ReferencePipeline.java:193)
at java.util.Spliterators$ArraySpliterator.tryAdvance(Spliterators.java:958)
at java.util.stream.ReferencePipeline.forEachWithCancel(ReferencePipeline.java:126)
at java.util.stream.AbstractPipeline.copyIntoWithCancel(AbstractPipeline.java:498)
at java.util.stream.AbstractPipeline.copyInto(AbstractPipeline.java:485)
at java.util.stream.AbstractPipeline.wrapAndCopyInto(AbstractPipeline.java:471)
at java.util.stream.FindOps$FindOp.evaluateSequential(FindOps.java:152)
at java.util.stream.AbstractPipeline.evaluate(AbstractPipeline.java:234)
at java.util.stream.ReferencePipeline.findFirst(ReferencePipeline.java:464)
at org.openqa.selenium.remote.ProtocolHandshake.createSession(ProtocolHandshake.java:128)
at org.openqa.selenium.remote.ProtocolHandshake.createSession(ProtocolHandshake.java:74)
at org.openqa.selenium.remote.HttpCommandExecutor.execute(HttpCommandExecutor.java:136)
at org.openqa.selenium.remote.service.DriverCommandExecutor.execute(DriverCommandExecutor.java:83)
at org.openqa.selenium.remote.RemoteWebDriver.execute(RemoteWebDriver.java:552)
at org.openqa.selenium.remote.RemoteWebDriver.startSession(RemoteWebDriver.java:213)
at org.openqa.selenium.remote.RemoteWebDriver.<init>(RemoteWebDriver.java:131)
at org.openqa.selenium.chrome.ChromeDriver.<init>(ChromeDriver.java:181)
at org.openqa.selenium.chrome.ChromeDriver.<init>(ChromeDriver.java:168)
at org.openqa.selenium.chrome.ChromeDriver.<init>(ChromeDriver.java:123)
at com.qaTest.gmailapp.TestBase.initalization(TestBase.java:47)
at com.qaTest.Logintestcases.GmailTestCase.setUp(GmailTestCase.java:32)
at sun.reflect.NativeMethodAccessorImpl.invoke0(Native Method)
at sun.reflect.NativeMethodAccessorImpl.invoke(NativeMethodAccessorImpl.java:62)
at sun.reflect.DelegatingMethodAccessorImpl.invoke(DelegatingMethodAccessorImpl.java:43)
at java.lang.reflect.Method.invoke(Method.java:498)
at org.testng.internal.MethodInvocationHelper.invokeMethod(MethodInvocationHelper.java:124)
at org.testng.internal.MethodInvocationHelper.invokeMethodConsideringTimeout(MethodInvocationHelper.java:59)
at org.testng.internal.Invoker.invokeConfigurationMethod(Invoker.java:458)
at org.testng.internal.Invoker.invokeConfigurations(Invoker.java:222)
at org.testng.internal.Invoker.invokeConfigurations(Invoker.java:142)
at org.testng.TestRunner.beforeRun(TestRunner.java:529)
at org.testng.TestRunner.run(TestRunner.java:497)
at org.testng.SuiteRunner.runTest(SuiteRunner.java:455)
at org.testng.SuiteRunner.runSequentially(SuiteRunner.java:450)
at org.testng.SuiteRunner.privateRun(SuiteRunner.java:415)
at org.testng.SuiteRunner.run(SuiteRunner.java:364)
at org.testng.SuiteRunnerWorker.runSuite(SuiteRunnerWorker.java:52)
at org.testng.SuiteRunnerWorker.run(SuiteRunnerWorker.java:84)
at org.testng.TestNG.runSuitesSequentially(TestNG.java:1208)
at org.testng.TestNG.runSuitesLocally(TestNG.java:1137)
at org.testng.TestNG.runSuites(TestNG.java:1049)
at org.testng.TestNG.run(TestNG.java:1017)
at org.testng.remote.AbstractRemoteTestNG.run(AbstractRemoteTestNG.java:132)
at org.testng.remote.RemoteTestNG.initAndRun(RemoteTestNG.java:230)
at org.testng.remote.RemoteTestNG.main(RemoteTestNG.java:76)
]]>
            </full-stacktrace>
          </exception> <!-- org.openqa.selenium.SessionNotCreatedException -->
          <reporter-output>
          </reporter-output>
        </test-method> <!-- VerifyEmailcontents -->
        <test-method status="SKIP" signature="tearDown()[pri:0, instance:com.qaTest.Logintestcases.GmailTestCase@5c3bd550]" name="tearDown" is-config="true" duration-ms="0" started-at="2019-11-05T11:00:47Z" finished-at="2019-11-05T11:00:47Z">
          <reporter-output>
          </reporter-output>
        </test-method> <!-- tearDown -->
      </class> <!-- com.qaTest.Logintestcases.GmailTestCase -->
    </test> <!-- Test -->
  </suite> <!-- Suite -->
</testng-results>
